{"/home/behar/dating-app/backend/config/redis.js": {"path":"/home/behar/dating-app/backend/config/redis.js","statementMap":{"0":{"start":{"line":6,"column":14},"end":{"line":6,"column":32}},"1":{"start":{"line":8,"column":18},"end":{"line":8,"column":22}},"2":{"start":{"line":9,"column":18},"end":{"line":9,"column":23}},"3":{"start":{"line":12,"column":20},"end":{"line":25,"column":1}},"4":{"start":{"line":28,"column":18},"end":{"line":38,"column":1}},"5":{"start":{"line":41,"column":19},"end":{"line":54,"column":1}},"6":{"start":{"line":59,"column":18},"end":{"line":115,"column":1}},"7":{"start":{"line":60,"column":2},"end":{"line":62,"column":3}},"8":{"start":{"line":61,"column":4},"end":{"line":61,"column":23}},"9":{"start":{"line":65,"column":19},"end":{"line":65,"column":40}},"10":{"start":{"line":67,"column":2},"end":{"line":114,"column":3}},"11":{"start":{"line":68,"column":4},"end":{"line":79,"column":5}},"12":{"start":{"line":70,"column":6},"end":{"line":75,"column":9}},"13":{"start":{"line":78,"column":6},"end":{"line":78,"column":43}},"14":{"start":{"line":82,"column":4},"end":{"line":84,"column":7}},"15":{"start":{"line":83,"column":6},"end":{"line":83,"column":41}},"16":{"start":{"line":86,"column":4},"end":{"line":89,"column":7}},"17":{"start":{"line":87,"column":6},"end":{"line":87,"column":47}},"18":{"start":{"line":88,"column":6},"end":{"line":88,"column":25}},"19":{"start":{"line":91,"column":4},"end":{"line":94,"column":7}},"20":{"start":{"line":92,"column":6},"end":{"line":92,"column":51}},"21":{"start":{"line":93,"column":6},"end":{"line":93,"column":26}},"22":{"start":{"line":96,"column":4},"end":{"line":99,"column":7}},"23":{"start":{"line":97,"column":6},"end":{"line":97,"column":45}},"24":{"start":{"line":98,"column":6},"end":{"line":98,"column":26}},"25":{"start":{"line":101,"column":4},"end":{"line":103,"column":7}},"26":{"start":{"line":102,"column":6},"end":{"line":102,"column":43}},"27":{"start":{"line":106,"column":4},"end":{"line":106,"column":32}},"28":{"start":{"line":108,"column":4},"end":{"line":108,"column":23}},"29":{"start":{"line":110,"column":25},"end":{"line":110,"column":79}},"30":{"start":{"line":111,"column":4},"end":{"line":111,"column":63}},"31":{"start":{"line":112,"column":4},"end":{"line":112,"column":24}},"32":{"start":{"line":113,"column":4},"end":{"line":113,"column":16}},"33":{"start":{"line":120,"column":17},"end":{"line":125,"column":1}},"34":{"start":{"line":121,"column":2},"end":{"line":123,"column":3}},"35":{"start":{"line":122,"column":4},"end":{"line":122,"column":22}},"36":{"start":{"line":124,"column":2},"end":{"line":124,"column":21}},"37":{"start":{"line":130,"column":14},"end":{"line":369,"column":1}},"38":{"start":{"line":135,"column":4},"end":{"line":145,"column":5}},"39":{"start":{"line":136,"column":21},"end":{"line":136,"column":37}},"40":{"start":{"line":137,"column":6},"end":{"line":137,"column":31}},"41":{"start":{"line":137,"column":19},"end":{"line":137,"column":31}},"42":{"start":{"line":139,"column":19},"end":{"line":139,"column":40}},"43":{"start":{"line":140,"column":6},"end":{"line":140,"column":44}},"44":{"start":{"line":142,"column":27},"end":{"line":142,"column":81}},"45":{"start":{"line":143,"column":6},"end":{"line":143,"column":54}},"46":{"start":{"line":144,"column":6},"end":{"line":144,"column":18}},"47":{"start":{"line":152,"column":4},"end":{"line":162,"column":5}},"48":{"start":{"line":153,"column":21},"end":{"line":153,"column":37}},"49":{"start":{"line":154,"column":6},"end":{"line":154,"column":32}},"50":{"start":{"line":154,"column":19},"end":{"line":154,"column":32}},"51":{"start":{"line":156,"column":6},"end":{"line":156,"column":58}},"52":{"start":{"line":157,"column":6},"end":{"line":157,"column":18}},"53":{"start":{"line":159,"column":27},"end":{"line":159,"column":81}},"54":{"start":{"line":160,"column":6},"end":{"line":160,"column":54}},"55":{"start":{"line":161,"column":6},"end":{"line":161,"column":19}},"56":{"start":{"line":169,"column":4},"end":{"line":179,"column":5}},"57":{"start":{"line":170,"column":21},"end":{"line":170,"column":37}},"58":{"start":{"line":171,"column":6},"end":{"line":171,"column":32}},"59":{"start":{"line":171,"column":19},"end":{"line":171,"column":32}},"60":{"start":{"line":173,"column":6},"end":{"line":173,"column":28}},"61":{"start":{"line":174,"column":6},"end":{"line":174,"column":18}},"62":{"start":{"line":176,"column":27},"end":{"line":176,"column":81}},"63":{"start":{"line":177,"column":6},"end":{"line":177,"column":57}},"64":{"start":{"line":178,"column":6},"end":{"line":178,"column":19}},"65":{"start":{"line":186,"column":4},"end":{"line":199,"column":5}},"66":{"start":{"line":187,"column":21},"end":{"line":187,"column":37}},"67":{"start":{"line":188,"column":6},"end":{"line":188,"column":32}},"68":{"start":{"line":188,"column":19},"end":{"line":188,"column":32}},"69":{"start":{"line":190,"column":19},"end":{"line":190,"column":45}},"70":{"start":{"line":191,"column":6},"end":{"line":193,"column":7}},"71":{"start":{"line":192,"column":8},"end":{"line":192,"column":34}},"72":{"start":{"line":194,"column":6},"end":{"line":194,"column":18}},"73":{"start":{"line":196,"column":27},"end":{"line":196,"column":81}},"74":{"start":{"line":197,"column":6},"end":{"line":197,"column":65}},"75":{"start":{"line":198,"column":6},"end":{"line":198,"column":19}},"76":{"start":{"line":206,"column":4},"end":{"line":215,"column":5}},"77":{"start":{"line":207,"column":21},"end":{"line":207,"column":37}},"78":{"start":{"line":208,"column":6},"end":{"line":208,"column":32}},"79":{"start":{"line":208,"column":19},"end":{"line":208,"column":32}},"80":{"start":{"line":210,"column":6},"end":{"line":210,"column":38}},"81":{"start":{"line":212,"column":27},"end":{"line":212,"column":81}},"82":{"start":{"line":213,"column":6},"end":{"line":213,"column":57}},"83":{"start":{"line":214,"column":6},"end":{"line":214,"column":19}},"84":{"start":{"line":222,"column":4},"end":{"line":235,"column":5}},"85":{"start":{"line":223,"column":21},"end":{"line":223,"column":37}},"86":{"start":{"line":224,"column":6},"end":{"line":224,"column":31}},"87":{"start":{"line":224,"column":19},"end":{"line":224,"column":31}},"88":{"start":{"line":226,"column":20},"end":{"line":226,"column":42}},"89":{"start":{"line":227,"column":6},"end":{"line":229,"column":7}},"90":{"start":{"line":228,"column":8},"end":{"line":228,"column":38}},"91":{"start":{"line":230,"column":6},"end":{"line":230,"column":19}},"92":{"start":{"line":232,"column":27},"end":{"line":232,"column":81}},"93":{"start":{"line":233,"column":6},"end":{"line":233,"column":55}},"94":{"start":{"line":234,"column":6},"end":{"line":234,"column":18}},"95":{"start":{"line":242,"column":4},"end":{"line":252,"column":5}},"96":{"start":{"line":243,"column":21},"end":{"line":243,"column":37}},"97":{"start":{"line":244,"column":6},"end":{"line":244,"column":28}},"98":{"start":{"line":244,"column":19},"end":{"line":244,"column":28}},"99":{"start":{"line":246,"column":20},"end":{"line":246,"column":41}},"100":{"start":{"line":247,"column":6},"end":{"line":247,"column":34}},"101":{"start":{"line":249,"column":27},"end":{"line":249,"column":81}},"102":{"start":{"line":250,"column":6},"end":{"line":250,"column":61}},"103":{"start":{"line":251,"column":6},"end":{"line":251,"column":15}},"104":{"start":{"line":259,"column":4},"end":{"line":269,"column":5}},"105":{"start":{"line":260,"column":21},"end":{"line":260,"column":37}},"106":{"start":{"line":261,"column":6},"end":{"line":261,"column":32}},"107":{"start":{"line":261,"column":19},"end":{"line":261,"column":32}},"108":{"start":{"line":263,"column":6},"end":{"line":263,"column":44}},"109":{"start":{"line":264,"column":6},"end":{"line":264,"column":18}},"110":{"start":{"line":266,"column":27},"end":{"line":266,"column":81}},"111":{"start":{"line":267,"column":6},"end":{"line":267,"column":55}},"112":{"start":{"line":268,"column":6},"end":{"line":268,"column":19}},"113":{"start":{"line":276,"column":4},"end":{"line":288,"column":5}},"114":{"start":{"line":277,"column":21},"end":{"line":277,"column":37}},"115":{"start":{"line":278,"column":6},"end":{"line":278,"column":29}},"116":{"start":{"line":278,"column":19},"end":{"line":278,"column":29}},"117":{"start":{"line":280,"column":6},"end":{"line":282,"column":7}},"118":{"start":{"line":281,"column":8},"end":{"line":281,"column":70}},"119":{"start":{"line":283,"column":6},"end":{"line":283,"column":54}},"120":{"start":{"line":285,"column":27},"end":{"line":285,"column":81}},"121":{"start":{"line":286,"column":6},"end":{"line":286,"column":60}},"122":{"start":{"line":287,"column":6},"end":{"line":287,"column":16}},"123":{"start":{"line":295,"column":4},"end":{"line":305,"column":5}},"124":{"start":{"line":296,"column":21},"end":{"line":296,"column":37}},"125":{"start":{"line":297,"column":6},"end":{"line":297,"column":32}},"126":{"start":{"line":297,"column":19},"end":{"line":297,"column":32}},"127":{"start":{"line":299,"column":6},"end":{"line":299,"column":59}},"128":{"start":{"line":300,"column":6},"end":{"line":300,"column":18}},"129":{"start":{"line":302,"column":27},"end":{"line":302,"column":81}},"130":{"start":{"line":303,"column":6},"end":{"line":303,"column":55}},"131":{"start":{"line":304,"column":6},"end":{"line":304,"column":19}},"132":{"start":{"line":312,"column":4},"end":{"line":322,"column":5}},"133":{"start":{"line":313,"column":21},"end":{"line":313,"column":37}},"134":{"start":{"line":314,"column":6},"end":{"line":314,"column":31}},"135":{"start":{"line":314,"column":19},"end":{"line":314,"column":31}},"136":{"start":{"line":316,"column":19},"end":{"line":316,"column":48}},"137":{"start":{"line":317,"column":6},"end":{"line":317,"column":44}},"138":{"start":{"line":319,"column":27},"end":{"line":319,"column":81}},"139":{"start":{"line":320,"column":6},"end":{"line":320,"column":55}},"140":{"start":{"line":321,"column":6},"end":{"line":321,"column":18}},"141":{"start":{"line":329,"column":4},"end":{"line":350,"column":5}},"142":{"start":{"line":330,"column":21},"end":{"line":330,"column":37}},"143":{"start":{"line":331,"column":6},"end":{"line":331,"column":31}},"144":{"start":{"line":331,"column":19},"end":{"line":331,"column":31}},"145":{"start":{"line":333,"column":19},"end":{"line":333,"column":44}},"146":{"start":{"line":334,"column":6},"end":{"line":334,"column":29}},"147":{"start":{"line":334,"column":17},"end":{"line":334,"column":29}},"148":{"start":{"line":337,"column":21},"end":{"line":337,"column":23}},"149":{"start":{"line":338,"column":6},"end":{"line":344,"column":7}},"150":{"start":{"line":339,"column":8},"end":{"line":343,"column":9}},"151":{"start":{"line":340,"column":10},"end":{"line":340,"column":44}},"152":{"start":{"line":342,"column":10},"end":{"line":342,"column":32}},"153":{"start":{"line":345,"column":6},"end":{"line":345,"column":20}},"154":{"start":{"line":347,"column":27},"end":{"line":347,"column":81}},"155":{"start":{"line":348,"column":6},"end":{"line":348,"column":58}},"156":{"start":{"line":349,"column":6},"end":{"line":349,"column":18}},"157":{"start":{"line":357,"column":4},"end":{"line":367,"column":5}},"158":{"start":{"line":358,"column":21},"end":{"line":358,"column":37}},"159":{"start":{"line":359,"column":6},"end":{"line":359,"column":32}},"160":{"start":{"line":359,"column":19},"end":{"line":359,"column":32}},"161":{"start":{"line":361,"column":6},"end":{"line":361,"column":40}},"162":{"start":{"line":362,"column":6},"end":{"line":362,"column":18}},"163":{"start":{"line":364,"column":27},"end":{"line":364,"column":81}},"164":{"start":{"line":365,"column":6},"end":{"line":365,"column":57}},"165":{"start":{"line":366,"column":6},"end":{"line":366,"column":19}},"166":{"start":{"line":374,"column":21},"end":{"line":408,"column":1}},"167":{"start":{"line":376,"column":4},"end":{"line":380,"column":6}},"168":{"start":{"line":384,"column":4},"end":{"line":388,"column":6}},"169":{"start":{"line":392,"column":19},"end":{"line":392,"column":67}},"170":{"start":{"line":393,"column":4},"end":{"line":393,"column":35}},"171":{"start":{"line":397,"column":19},"end":{"line":397,"column":67}},"172":{"start":{"line":398,"column":4},"end":{"line":398,"column":36}},"173":{"start":{"line":402,"column":19},"end":{"line":402,"column":21}},"174":{"start":{"line":403,"column":4},"end":{"line":405,"column":5}},"175":{"start":{"line":404,"column":6},"end":{"line":404,"column":51}},"176":{"start":{"line":406,"column":4},"end":{"line":406,"column":18}},"177":{"start":{"line":413,"column":20},"end":{"line":424,"column":1}},"178":{"start":{"line":415,"column":20},"end":{"line":415,"column":52}},"179":{"start":{"line":416,"column":18},"end":{"line":416,"column":58}},"180":{"start":{"line":418,"column":4},"end":{"line":422,"column":6}},"181":{"start":{"line":429,"column":19},"end":{"line":434,"column":1}},"182":{"start":{"line":430,"column":2},"end":{"line":433,"column":3}},"183":{"start":{"line":431,"column":4},"end":{"line":431,"column":29}},"184":{"start":{"line":432,"column":4},"end":{"line":432,"column":43}},"185":{"start":{"line":436,"column":0},"end":{"line":445,"column":2}}},"fnMap":{"0":{"name":"(anonymous_0)","decl":{"start":{"line":59,"column":18},"end":{"line":59,"column":19}},"loc":{"start":{"line":59,"column":30},"end":{"line":115,"column":1}},"line":59},"1":{"name":"(anonymous_1)","decl":{"start":{"line":82,"column":30},"end":{"line":82,"column":31}},"loc":{"start":{"line":82,"column":36},"end":{"line":84,"column":5}},"line":82},"2":{"name":"(anonymous_2)","decl":{"start":{"line":86,"column":28},"end":{"line":86,"column":29}},"loc":{"start":{"line":86,"column":34},"end":{"line":89,"column":5}},"line":86},"3":{"name":"(anonymous_3)","decl":{"start":{"line":91,"column":28},"end":{"line":91,"column":29}},"loc":{"start":{"line":91,"column":39},"end":{"line":94,"column":5}},"line":91},"4":{"name":"(anonymous_4)","decl":{"start":{"line":96,"column":28},"end":{"line":96,"column":29}},"loc":{"start":{"line":96,"column":34},"end":{"line":99,"column":5}},"line":96},"5":{"name":"(anonymous_5)","decl":{"start":{"line":101,"column":35},"end":{"line":101,"column":36}},"loc":{"start":{"line":101,"column":41},"end":{"line":103,"column":5}},"line":101},"6":{"name":"(anonymous_6)","decl":{"start":{"line":120,"column":17},"end":{"line":120,"column":18}},"loc":{"start":{"line":120,"column":29},"end":{"line":125,"column":1}},"line":120},"7":{"name":"(anonymous_7)","decl":{"start":{"line":134,"column":2},"end":{"line":134,"column":3}},"loc":{"start":{"line":134,"column":17},"end":{"line":146,"column":3}},"line":134},"8":{"name":"(anonymous_8)","decl":{"start":{"line":151,"column":2},"end":{"line":151,"column":3}},"loc":{"start":{"line":151,"column":35},"end":{"line":163,"column":3}},"line":151},"9":{"name":"(anonymous_9)","decl":{"start":{"line":168,"column":2},"end":{"line":168,"column":3}},"loc":{"start":{"line":168,"column":17},"end":{"line":180,"column":3}},"line":168},"10":{"name":"(anonymous_10)","decl":{"start":{"line":185,"column":2},"end":{"line":185,"column":3}},"loc":{"start":{"line":185,"column":30},"end":{"line":200,"column":3}},"line":185},"11":{"name":"(anonymous_11)","decl":{"start":{"line":205,"column":2},"end":{"line":205,"column":3}},"loc":{"start":{"line":205,"column":20},"end":{"line":216,"column":3}},"line":205},"12":{"name":"(anonymous_12)","decl":{"start":{"line":221,"column":2},"end":{"line":221,"column":3}},"loc":{"start":{"line":221,"column":30},"end":{"line":236,"column":3}},"line":221},"13":{"name":"(anonymous_13)","decl":{"start":{"line":241,"column":2},"end":{"line":241,"column":3}},"loc":{"start":{"line":241,"column":24},"end":{"line":253,"column":3}},"line":241},"14":{"name":"(anonymous_14)","decl":{"start":{"line":258,"column":2},"end":{"line":258,"column":3}},"loc":{"start":{"line":258,"column":33},"end":{"line":270,"column":3}},"line":258},"15":{"name":"(anonymous_15)","decl":{"start":{"line":275,"column":2},"end":{"line":275,"column":3}},"loc":{"start":{"line":275,"column":64},"end":{"line":289,"column":3}},"line":275},"16":{"name":"(anonymous_16)","decl":{"start":{"line":294,"column":2},"end":{"line":294,"column":3}},"loc":{"start":{"line":294,"column":32},"end":{"line":306,"column":3}},"line":294},"17":{"name":"(anonymous_17)","decl":{"start":{"line":311,"column":2},"end":{"line":311,"column":3}},"loc":{"start":{"line":311,"column":25},"end":{"line":323,"column":3}},"line":311},"18":{"name":"(anonymous_18)","decl":{"start":{"line":328,"column":2},"end":{"line":328,"column":3}},"loc":{"start":{"line":328,"column":21},"end":{"line":351,"column":3}},"line":328},"19":{"name":"(anonymous_19)","decl":{"start":{"line":356,"column":2},"end":{"line":356,"column":3}},"loc":{"start":{"line":356,"column":29},"end":{"line":368,"column":3}},"line":356},"20":{"name":"(anonymous_20)","decl":{"start":{"line":375,"column":2},"end":{"line":375,"column":3}},"loc":{"start":{"line":375,"column":26},"end":{"line":381,"column":3}},"line":375},"21":{"name":"(anonymous_21)","decl":{"start":{"line":383,"column":2},"end":{"line":383,"column":3}},"loc":{"start":{"line":383,"column":27},"end":{"line":389,"column":3}},"line":383},"22":{"name":"(anonymous_22)","decl":{"start":{"line":391,"column":2},"end":{"line":391,"column":3}},"loc":{"start":{"line":391,"column":25},"end":{"line":394,"column":3}},"line":391},"23":{"name":"(anonymous_23)","decl":{"start":{"line":396,"column":2},"end":{"line":396,"column":3}},"loc":{"start":{"line":396,"column":28},"end":{"line":399,"column":3}},"line":396},"24":{"name":"(anonymous_24)","decl":{"start":{"line":401,"column":2},"end":{"line":401,"column":3}},"loc":{"start":{"line":401,"column":37},"end":{"line":407,"column":3}},"line":401},"25":{"name":"(anonymous_25)","decl":{"start":{"line":414,"column":2},"end":{"line":414,"column":3}},"loc":{"start":{"line":414,"column":52},"end":{"line":423,"column":3}},"line":414},"26":{"name":"(anonymous_26)","decl":{"start":{"line":429,"column":19},"end":{"line":429,"column":20}},"loc":{"start":{"line":429,"column":31},"end":{"line":434,"column":1}},"line":429}},"branchMap":{"0":{"loc":{"start":{"line":13,"column":8},"end":{"line":13,"column":45}},"type":"binary-expr","locations":[{"start":{"line":13,"column":8},"end":{"line":13,"column":30}},{"start":{"line":13,"column":34},"end":{"line":13,"column":45}}],"line":13},"1":{"loc":{"start":{"line":14,"column":8},"end":{"line":14,"column":76}},"type":"cond-expr","locations":[{"start":{"line":14,"column":33},"end":{"line":14,"column":69}},{"start":{"line":14,"column":72},"end":{"line":14,"column":76}}],"line":14},"2":{"loc":{"start":{"line":15,"column":12},"end":{"line":15,"column":51}},"type":"binary-expr","locations":[{"start":{"line":15,"column":12},"end":{"line":15,"column":38}},{"start":{"line":15,"column":42},"end":{"line":15,"column":51}}],"line":15},"3":{"loc":{"start":{"line":16,"column":6},"end":{"line":16,"column":67}},"type":"cond-expr","locations":[{"start":{"line":16,"column":29},"end":{"line":16,"column":63}},{"start":{"line":16,"column":66},"end":{"line":16,"column":67}}],"line":16},"4":{"loc":{"start":{"line":60,"column":2},"end":{"line":62,"column":3}},"type":"if","locations":[{"start":{"line":60,"column":2},"end":{"line":62,"column":3}},{"start":{},"end":{}}],"line":60},"5":{"loc":{"start":{"line":60,"column":6},"end":{"line":60,"column":32}},"type":"binary-expr","locations":[{"start":{"line":60,"column":6},"end":{"line":60,"column":17}},{"start":{"line":60,"column":21},"end":{"line":60,"column":32}}],"line":60},"6":{"loc":{"start":{"line":68,"column":4},"end":{"line":79,"column":5}},"type":"if","locations":[{"start":{"line":68,"column":4},"end":{"line":79,"column":5}},{"start":{"line":76,"column":11},"end":{"line":79,"column":5}}],"line":68},"7":{"loc":{"start":{"line":74,"column":13},"end":{"line":74,"column":62}},"type":"cond-expr","locations":[{"start":{"line":74,"column":48},"end":{"line":74,"column":50}},{"start":{"line":74,"column":53},"end":{"line":74,"column":62}}],"line":74},"8":{"loc":{"start":{"line":110,"column":25},"end":{"line":110,"column":79}},"type":"cond-expr","locations":[{"start":{"line":110,"column":50},"end":{"line":110,"column":63}},{"start":{"line":110,"column":66},"end":{"line":110,"column":79}}],"line":110},"9":{"loc":{"start":{"line":121,"column":2},"end":{"line":123,"column":3}},"type":"if","locations":[{"start":{"line":121,"column":2},"end":{"line":123,"column":3}},{"start":{},"end":{}}],"line":121},"10":{"loc":{"start":{"line":121,"column":6},"end":{"line":121,"column":34}},"type":"binary-expr","locations":[{"start":{"line":121,"column":6},"end":{"line":121,"column":18}},{"start":{"line":121,"column":22},"end":{"line":121,"column":34}}],"line":121},"11":{"loc":{"start":{"line":137,"column":6},"end":{"line":137,"column":31}},"type":"if","locations":[{"start":{"line":137,"column":6},"end":{"line":137,"column":31}},{"start":{},"end":{}}],"line":137},"12":{"loc":{"start":{"line":140,"column":13},"end":{"line":140,"column":43}},"type":"cond-expr","locations":[{"start":{"line":140,"column":20},"end":{"line":140,"column":36}},{"start":{"line":140,"column":39},"end":{"line":140,"column":43}}],"line":140},"13":{"loc":{"start":{"line":142,"column":27},"end":{"line":142,"column":81}},"type":"cond-expr","locations":[{"start":{"line":142,"column":52},"end":{"line":142,"column":65}},{"start":{"line":142,"column":68},"end":{"line":142,"column":81}}],"line":142},"14":{"loc":{"start":{"line":151,"column":24},"end":{"line":151,"column":33}},"type":"default-arg","locations":[{"start":{"line":151,"column":30},"end":{"line":151,"column":33}}],"line":151},"15":{"loc":{"start":{"line":154,"column":6},"end":{"line":154,"column":32}},"type":"if","locations":[{"start":{"line":154,"column":6},"end":{"line":154,"column":32}},{"start":{},"end":{}}],"line":154},"16":{"loc":{"start":{"line":159,"column":27},"end":{"line":159,"column":81}},"type":"cond-expr","locations":[{"start":{"line":159,"column":52},"end":{"line":159,"column":65}},{"start":{"line":159,"column":68},"end":{"line":159,"column":81}}],"line":159},"17":{"loc":{"start":{"line":171,"column":6},"end":{"line":171,"column":32}},"type":"if","locations":[{"start":{"line":171,"column":6},"end":{"line":171,"column":32}},{"start":{},"end":{}}],"line":171},"18":{"loc":{"start":{"line":176,"column":27},"end":{"line":176,"column":81}},"type":"cond-expr","locations":[{"start":{"line":176,"column":52},"end":{"line":176,"column":65}},{"start":{"line":176,"column":68},"end":{"line":176,"column":81}}],"line":176},"19":{"loc":{"start":{"line":188,"column":6},"end":{"line":188,"column":32}},"type":"if","locations":[{"start":{"line":188,"column":6},"end":{"line":188,"column":32}},{"start":{},"end":{}}],"line":188},"20":{"loc":{"start":{"line":191,"column":6},"end":{"line":193,"column":7}},"type":"if","locations":[{"start":{"line":191,"column":6},"end":{"line":193,"column":7}},{"start":{},"end":{}}],"line":191},"21":{"loc":{"start":{"line":196,"column":27},"end":{"line":196,"column":81}},"type":"cond-expr","locations":[{"start":{"line":196,"column":52},"end":{"line":196,"column":65}},{"start":{"line":196,"column":68},"end":{"line":196,"column":81}}],"line":196},"22":{"loc":{"start":{"line":208,"column":6},"end":{"line":208,"column":32}},"type":"if","locations":[{"start":{"line":208,"column":6},"end":{"line":208,"column":32}},{"start":{},"end":{}}],"line":208},"23":{"loc":{"start":{"line":212,"column":27},"end":{"line":212,"column":81}},"type":"cond-expr","locations":[{"start":{"line":212,"column":52},"end":{"line":212,"column":65}},{"start":{"line":212,"column":68},"end":{"line":212,"column":81}}],"line":212},"24":{"loc":{"start":{"line":221,"column":18},"end":{"line":221,"column":28}},"type":"default-arg","locations":[{"start":{"line":221,"column":24},"end":{"line":221,"column":28}}],"line":221},"25":{"loc":{"start":{"line":224,"column":6},"end":{"line":224,"column":31}},"type":"if","locations":[{"start":{"line":224,"column":6},"end":{"line":224,"column":31}},{"start":{},"end":{}}],"line":224},"26":{"loc":{"start":{"line":227,"column":6},"end":{"line":229,"column":7}},"type":"if","locations":[{"start":{"line":227,"column":6},"end":{"line":229,"column":7}},{"start":{},"end":{}}],"line":227},"27":{"loc":{"start":{"line":232,"column":27},"end":{"line":232,"column":81}},"type":"cond-expr","locations":[{"start":{"line":232,"column":52},"end":{"line":232,"column":65}},{"start":{"line":232,"column":68},"end":{"line":232,"column":81}}],"line":232},"28":{"loc":{"start":{"line":244,"column":6},"end":{"line":244,"column":28}},"type":"if","locations":[{"start":{"line":244,"column":6},"end":{"line":244,"column":28}},{"start":{},"end":{}}],"line":244},"29":{"loc":{"start":{"line":247,"column":13},"end":{"line":247,"column":33}},"type":"binary-expr","locations":[{"start":{"line":247,"column":13},"end":{"line":247,"column":28}},{"start":{"line":247,"column":32},"end":{"line":247,"column":33}}],"line":247},"30":{"loc":{"start":{"line":249,"column":27},"end":{"line":249,"column":81}},"type":"cond-expr","locations":[{"start":{"line":249,"column":52},"end":{"line":249,"column":65}},{"start":{"line":249,"column":68},"end":{"line":249,"column":81}}],"line":249},"31":{"loc":{"start":{"line":261,"column":6},"end":{"line":261,"column":32}},"type":"if","locations":[{"start":{"line":261,"column":6},"end":{"line":261,"column":32}},{"start":{},"end":{}}],"line":261},"32":{"loc":{"start":{"line":266,"column":27},"end":{"line":266,"column":81}},"type":"cond-expr","locations":[{"start":{"line":266,"column":52},"end":{"line":266,"column":65}},{"start":{"line":266,"column":68},"end":{"line":266,"column":81}}],"line":266},"33":{"loc":{"start":{"line":275,"column":23},"end":{"line":275,"column":32}},"type":"default-arg","locations":[{"start":{"line":275,"column":31},"end":{"line":275,"column":32}}],"line":275},"34":{"loc":{"start":{"line":275,"column":34},"end":{"line":275,"column":42}},"type":"default-arg","locations":[{"start":{"line":275,"column":41},"end":{"line":275,"column":42}}],"line":275},"35":{"loc":{"start":{"line":275,"column":44},"end":{"line":275,"column":62}},"type":"default-arg","locations":[{"start":{"line":275,"column":57},"end":{"line":275,"column":62}}],"line":275},"36":{"loc":{"start":{"line":278,"column":6},"end":{"line":278,"column":29}},"type":"if","locations":[{"start":{"line":278,"column":6},"end":{"line":278,"column":29}},{"start":{},"end":{}}],"line":278},"37":{"loc":{"start":{"line":280,"column":6},"end":{"line":282,"column":7}},"type":"if","locations":[{"start":{"line":280,"column":6},"end":{"line":282,"column":7}},{"start":{},"end":{}}],"line":280},"38":{"loc":{"start":{"line":285,"column":27},"end":{"line":285,"column":81}},"type":"cond-expr","locations":[{"start":{"line":285,"column":52},"end":{"line":285,"column":65}},{"start":{"line":285,"column":68},"end":{"line":285,"column":81}}],"line":285},"39":{"loc":{"start":{"line":297,"column":6},"end":{"line":297,"column":32}},"type":"if","locations":[{"start":{"line":297,"column":6},"end":{"line":297,"column":32}},{"start":{},"end":{}}],"line":297},"40":{"loc":{"start":{"line":302,"column":27},"end":{"line":302,"column":81}},"type":"cond-expr","locations":[{"start":{"line":302,"column":52},"end":{"line":302,"column":65}},{"start":{"line":302,"column":68},"end":{"line":302,"column":81}}],"line":302},"41":{"loc":{"start":{"line":314,"column":6},"end":{"line":314,"column":31}},"type":"if","locations":[{"start":{"line":314,"column":6},"end":{"line":314,"column":31}},{"start":{},"end":{}}],"line":314},"42":{"loc":{"start":{"line":317,"column":13},"end":{"line":317,"column":43}},"type":"cond-expr","locations":[{"start":{"line":317,"column":20},"end":{"line":317,"column":36}},{"start":{"line":317,"column":39},"end":{"line":317,"column":43}}],"line":317},"43":{"loc":{"start":{"line":319,"column":27},"end":{"line":319,"column":81}},"type":"cond-expr","locations":[{"start":{"line":319,"column":52},"end":{"line":319,"column":65}},{"start":{"line":319,"column":68},"end":{"line":319,"column":81}}],"line":319},"44":{"loc":{"start":{"line":331,"column":6},"end":{"line":331,"column":31}},"type":"if","locations":[{"start":{"line":331,"column":6},"end":{"line":331,"column":31}},{"start":{},"end":{}}],"line":331},"45":{"loc":{"start":{"line":334,"column":6},"end":{"line":334,"column":29}},"type":"if","locations":[{"start":{"line":334,"column":6},"end":{"line":334,"column":29}},{"start":{},"end":{}}],"line":334},"46":{"loc":{"start":{"line":347,"column":27},"end":{"line":347,"column":81}},"type":"cond-expr","locations":[{"start":{"line":347,"column":52},"end":{"line":347,"column":65}},{"start":{"line":347,"column":68},"end":{"line":347,"column":81}}],"line":347},"47":{"loc":{"start":{"line":359,"column":6},"end":{"line":359,"column":32}},"type":"if","locations":[{"start":{"line":359,"column":6},"end":{"line":359,"column":32}},{"start":{},"end":{}}],"line":359},"48":{"loc":{"start":{"line":364,"column":27},"end":{"line":364,"column":81}},"type":"cond-expr","locations":[{"start":{"line":364,"column":52},"end":{"line":364,"column":65}},{"start":{"line":364,"column":68},"end":{"line":364,"column":81}}],"line":364},"49":{"loc":{"start":{"line":393,"column":11},"end":{"line":393,"column":34}},"type":"binary-expr","locations":[{"start":{"line":393,"column":11},"end":{"line":393,"column":25}},{"start":{"line":393,"column":29},"end":{"line":393,"column":34}}],"line":393},"50":{"loc":{"start":{"line":398,"column":11},"end":{"line":398,"column":35}},"type":"binary-expr","locations":[{"start":{"line":398,"column":11},"end":{"line":398,"column":27}},{"start":{"line":398,"column":31},"end":{"line":398,"column":35}}],"line":398},"51":{"loc":{"start":{"line":430,"column":2},"end":{"line":433,"column":3}},"type":"if","locations":[{"start":{"line":430,"column":2},"end":{"line":433,"column":3}},{"start":{},"end":{}}],"line":430}},"s":{"0":2,"1":2,"2":2,"3":2,"4":2,"5":2,"6":2,"7":99,"8":0,"9":99,"10":99,"11":99,"12":0,"13":99,"14":99,"15":99,"16":99,"17":99,"18":99,"19":99,"20":0,"21":0,"22":99,"23":0,"24":0,"25":99,"26":0,"27":99,"28":99,"29":0,"30":0,"31":0,"32":0,"33":2,"34":103,"35":99,"36":103,"37":2,"38":61,"39":61,"40":61,"41":0,"42":61,"43":61,"44":0,"45":0,"46":0,"47":42,"48":42,"49":42,"50":0,"51":42,"52":42,"53":0,"54":0,"55":0,"56":0,"57":0,"58":0,"59":0,"60":0,"61":0,"62":0,"63":0,"64":0,"65":0,"66":0,"67":0,"68":0,"69":0,"70":0,"71":0,"72":0,"73":0,"74":0,"75":0,"76":0,"77":0,"78":0,"79":0,"80":0,"81":0,"82":0,"83":0,"84":0,"85":0,"86":0,"87":0,"88":0,"89":0,"90":0,"91":0,"92":0,"93":0,"94":0,"95":0,"96":0,"97":0,"98":0,"99":0,"100":0,"101":0,"102":0,"103":0,"104":0,"105":0,"106":0,"107":0,"108":0,"109":0,"110":0,"111":0,"112":0,"113":0,"114":0,"115":0,"116":0,"117":0,"118":0,"119":0,"120":0,"121":0,"122":0,"123":0,"124":0,"125":0,"126":0,"127":0,"128":0,"129":0,"130":0,"131":0,"132":0,"133":0,"134":0,"135":0,"136":0,"137":0,"138":0,"139":0,"140":0,"141":0,"142":0,"143":0,"144":0,"145":0,"146":0,"147":0,"148":0,"149":0,"150":0,"151":0,"152":0,"153":0,"154":0,"155":0,"156":0,"157":0,"158":0,"159":0,"160":0,"161":0,"162":0,"163":0,"164":0,"165":0,"166":2,"167":0,"168":0,"169":0,"170":0,"171":0,"172":0,"173":0,"174":0,"175":0,"176":0,"177":2,"178":0,"179":0,"180":0,"181":2,"182":1,"183":0,"184":0,"185":2},"f":{"0":99,"1":99,"2":99,"3":0,"4":0,"5":0,"6":103,"7":61,"8":42,"9":0,"10":0,"11":0,"12":0,"13":0,"14":0,"15":0,"16":0,"17":0,"18":0,"19":0,"20":0,"21":0,"22":0,"23":0,"24":0,"25":0,"26":1},"b":{"0":[2,2],"1":[0,2],"2":[2,2],"3":[0,2],"4":[0,99],"5":[99,98],"6":[0,99],"7":[0,0],"8":[0,0],"9":[99,4],"10":[103,102],"11":[0,61],"12":[15,46],"13":[0,0],"14":[0],"15":[0,42],"16":[0,0],"17":[0,0],"18":[0,0],"19":[0,0],"20":[0,0],"21":[0,0],"22":[0,0],"23":[0,0],"24":[0],"25":[0,0],"26":[0,0],"27":[0,0],"28":[0,0],"29":[0,0],"30":[0,0],"31":[0,0],"32":[0,0],"33":[0],"34":[0],"35":[0],"36":[0,0],"37":[0,0],"38":[0,0],"39":[0,0],"40":[0,0],"41":[0,0],"42":[0,0],"43":[0,0],"44":[0,0],"45":[0,0],"46":[0,0],"47":[0,0],"48":[0,0],"49":[0,0],"50":[0,0],"51":[0,1]},"inputSourceMap":null,"_coverageSchema":"1a1c01bbd47fc00a2c39e90264f33305004495a9","hash":"91b11e66f785fc5f4100806070880604c13c9a46"}
,"/home/behar/dating-app/backend/controllers/authController.js": {"path":"/home/behar/dating-app/backend/controllers/authController.js","statementMap":{"0":{"start":{"line":7,"column":15},"end":{"line":7,"column":32}},"1":{"start":{"line":8,"column":19},"end":{"line":8,"column":40}},"2":{"start":{"line":9,"column":13},"end":{"line":9,"column":38}},"3":{"start":{"line":15,"column":4},"end":{"line":15,"column":37}},"4":{"start":{"line":22,"column":4},"end":{"line":22,"column":39}},"5":{"start":{"line":28,"column":21},"end":{"line":84,"column":1}},"6":{"start":{"line":37,"column":4},"end":{"line":52,"column":5}},"7":{"start":{"line":39,"column":6},"end":{"line":43,"column":7}},"8":{"start":{"line":40,"column":8},"end":{"line":40,"column":87}},"9":{"start":{"line":41,"column":8},"end":{"line":41,"column":32}},"10":{"start":{"line":42,"column":8},"end":{"line":42,"column":15}},"11":{"start":{"line":45,"column":6},"end":{"line":51,"column":9}},"12":{"start":{"line":64,"column":4},"end":{"line":64,"column":16}},"13":{"start":{"line":66,"column":4},"end":{"line":69,"column":5}},"14":{"start":{"line":67,"column":6},"end":{"line":67,"column":71}},"15":{"start":{"line":68,"column":6},"end":{"line":68,"column":19}},"16":{"start":{"line":71,"column":4},"end":{"line":82,"column":5}},"17":{"start":{"line":72,"column":6},"end":{"line":77,"column":9}},"18":{"start":{"line":78,"column":6},"end":{"line":78,"column":18}},"19":{"start":{"line":80,"column":6},"end":{"line":80,"column":52}},"20":{"start":{"line":81,"column":6},"end":{"line":81,"column":19}},"21":{"start":{"line":102,"column":0},"end":{"line":197,"column":2}},"22":{"start":{"line":103,"column":2},"end":{"line":196,"column":3}},"23":{"start":{"line":104,"column":51},"end":{"line":104,"column":59}},"24":{"start":{"line":107,"column":4},"end":{"line":112,"column":5}},"25":{"start":{"line":108,"column":6},"end":{"line":111,"column":9}},"26":{"start":{"line":115,"column":4},"end":{"line":120,"column":5}},"27":{"start":{"line":116,"column":6},"end":{"line":119,"column":9}},"28":{"start":{"line":123,"column":15},"end":{"line":123,"column":65}},"29":{"start":{"line":124,"column":4},"end":{"line":129,"column":5}},"30":{"start":{"line":125,"column":6},"end":{"line":128,"column":9}},"31":{"start":{"line":133,"column":25},"end":{"line":136,"column":5}},"32":{"start":{"line":138,"column":4},"end":{"line":150,"column":7}},"33":{"start":{"line":152,"column":4},"end":{"line":152,"column":22}},"34":{"start":{"line":155,"column":30},"end":{"line":155,"column":68}},"35":{"start":{"line":156,"column":4},"end":{"line":159,"column":21}},"36":{"start":{"line":160,"column":4},"end":{"line":160,"column":83}},"37":{"start":{"line":161,"column":4},"end":{"line":161,"column":22}},"38":{"start":{"line":164,"column":28},"end":{"line":164,"column":97}},"39":{"start":{"line":165,"column":4},"end":{"line":169,"column":6}},"40":{"start":{"line":172,"column":22},"end":{"line":172,"column":46}},"41":{"start":{"line":173,"column":25},"end":{"line":173,"column":52}},"42":{"start":{"line":175,"column":4},"end":{"line":188,"column":7}},"43":{"start":{"line":190,"column":4},"end":{"line":190,"column":48}},"44":{"start":{"line":191,"column":4},"end":{"line":195,"column":7}},"45":{"start":{"line":202,"column":0},"end":{"line":265,"column":2}},"46":{"start":{"line":203,"column":2},"end":{"line":264,"column":3}},"47":{"start":{"line":204,"column":32},"end":{"line":204,"column":40}},"48":{"start":{"line":207,"column":4},"end":{"line":212,"column":5}},"49":{"start":{"line":208,"column":6},"end":{"line":211,"column":9}},"50":{"start":{"line":215,"column":17},"end":{"line":215,"column":67}},"51":{"start":{"line":216,"column":4},"end":{"line":218,"column":5}},"52":{"start":{"line":217,"column":6},"end":{"line":217,"column":64}},"53":{"start":{"line":221,"column":4},"end":{"line":226,"column":5}},"54":{"start":{"line":222,"column":6},"end":{"line":225,"column":9}},"55":{"start":{"line":229,"column":28},"end":{"line":229,"column":62}},"56":{"start":{"line":230,"column":4},"end":{"line":232,"column":5}},"57":{"start":{"line":231,"column":6},"end":{"line":231,"column":64}},"58":{"start":{"line":235,"column":22},"end":{"line":235,"column":46}},"59":{"start":{"line":236,"column":25},"end":{"line":236,"column":52}},"60":{"start":{"line":239,"column":4},"end":{"line":239,"column":33}},"61":{"start":{"line":240,"column":4},"end":{"line":240,"column":22}},"62":{"start":{"line":242,"column":4},"end":{"line":256,"column":7}},"63":{"start":{"line":258,"column":4},"end":{"line":258,"column":41}},"64":{"start":{"line":259,"column":4},"end":{"line":263,"column":7}},"65":{"start":{"line":270,"column":0},"end":{"line":314,"column":2}},"66":{"start":{"line":271,"column":2},"end":{"line":313,"column":3}},"67":{"start":{"line":272,"column":22},"end":{"line":272,"column":30}},"68":{"start":{"line":274,"column":4},"end":{"line":279,"column":5}},"69":{"start":{"line":275,"column":6},"end":{"line":278,"column":9}},"70":{"start":{"line":282,"column":24},"end":{"line":282,"column":79}},"71":{"start":{"line":284,"column":17},"end":{"line":287,"column":6}},"72":{"start":{"line":289,"column":4},"end":{"line":294,"column":5}},"73":{"start":{"line":290,"column":6},"end":{"line":293,"column":9}},"74":{"start":{"line":297,"column":4},"end":{"line":297,"column":32}},"75":{"start":{"line":298,"column":4},"end":{"line":298,"column":44}},"76":{"start":{"line":299,"column":4},"end":{"line":299,"column":50}},"77":{"start":{"line":300,"column":4},"end":{"line":300,"column":22}},"78":{"start":{"line":302,"column":4},"end":{"line":305,"column":7}},"79":{"start":{"line":307,"column":4},"end":{"line":307,"column":54}},"80":{"start":{"line":308,"column":4},"end":{"line":312,"column":7}},"81":{"start":{"line":319,"column":0},"end":{"line":365,"column":2}},"82":{"start":{"line":320,"column":2},"end":{"line":364,"column":3}},"83":{"start":{"line":321,"column":22},"end":{"line":321,"column":30}},"84":{"start":{"line":323,"column":4},"end":{"line":328,"column":5}},"85":{"start":{"line":324,"column":6},"end":{"line":327,"column":9}},"86":{"start":{"line":330,"column":17},"end":{"line":330,"column":67}},"87":{"start":{"line":331,"column":4},"end":{"line":337,"column":5}},"88":{"start":{"line":333,"column":6},"end":{"line":336,"column":9}},"89":{"start":{"line":340,"column":23},"end":{"line":340,"column":61}},"90":{"start":{"line":341,"column":4},"end":{"line":341,"column":91}},"91":{"start":{"line":342,"column":4},"end":{"line":342,"column":78}},"92":{"start":{"line":343,"column":4},"end":{"line":343,"column":22}},"93":{"start":{"line":346,"column":21},"end":{"line":346,"column":85}},"94":{"start":{"line":347,"column":4},"end":{"line":351,"column":6}},"95":{"start":{"line":353,"column":4},"end":{"line":356,"column":7}},"96":{"start":{"line":358,"column":4},"end":{"line":358,"column":51}},"97":{"start":{"line":359,"column":4},"end":{"line":363,"column":7}},"98":{"start":{"line":370,"column":0},"end":{"line":421,"column":2}},"99":{"start":{"line":371,"column":2},"end":{"line":420,"column":3}},"100":{"start":{"line":372,"column":35},"end":{"line":372,"column":43}},"101":{"start":{"line":374,"column":4},"end":{"line":379,"column":5}},"102":{"start":{"line":375,"column":6},"end":{"line":378,"column":9}},"103":{"start":{"line":381,"column":4},"end":{"line":386,"column":5}},"104":{"start":{"line":382,"column":6},"end":{"line":385,"column":9}},"105":{"start":{"line":389,"column":24},"end":{"line":389,"column":79}},"106":{"start":{"line":391,"column":17},"end":{"line":394,"column":6}},"107":{"start":{"line":396,"column":4},"end":{"line":401,"column":5}},"108":{"start":{"line":397,"column":6},"end":{"line":400,"column":9}},"109":{"start":{"line":404,"column":4},"end":{"line":404,"column":32}},"110":{"start":{"line":405,"column":4},"end":{"line":405,"column":40}},"111":{"start":{"line":406,"column":4},"end":{"line":406,"column":46}},"112":{"start":{"line":407,"column":4},"end":{"line":407,"column":22}},"113":{"start":{"line":409,"column":4},"end":{"line":412,"column":7}},"114":{"start":{"line":414,"column":4},"end":{"line":414,"column":50}},"115":{"start":{"line":415,"column":4},"end":{"line":419,"column":7}},"116":{"start":{"line":426,"column":0},"end":{"line":474,"column":2}},"117":{"start":{"line":427,"column":2},"end":{"line":473,"column":3}},"118":{"start":{"line":428,"column":19},"end":{"line":428,"column":30}},"119":{"start":{"line":429,"column":25},"end":{"line":429,"column":33}},"120":{"start":{"line":431,"column":17},"end":{"line":431,"column":44}},"121":{"start":{"line":432,"column":4},"end":{"line":437,"column":5}},"122":{"start":{"line":433,"column":6},"end":{"line":436,"column":9}},"123":{"start":{"line":440,"column":4},"end":{"line":455,"column":5}},"124":{"start":{"line":441,"column":6},"end":{"line":446,"column":7}},"125":{"start":{"line":442,"column":8},"end":{"line":445,"column":11}},"126":{"start":{"line":448,"column":30},"end":{"line":448,"column":64}},"127":{"start":{"line":449,"column":6},"end":{"line":454,"column":7}},"128":{"start":{"line":450,"column":8},"end":{"line":453,"column":11}},"129":{"start":{"line":458,"column":4},"end":{"line":458,"column":41}},"130":{"start":{"line":462,"column":4},"end":{"line":465,"column":7}},"131":{"start":{"line":467,"column":4},"end":{"line":467,"column":50}},"132":{"start":{"line":468,"column":4},"end":{"line":472,"column":7}},"133":{"start":{"line":479,"column":0},"end":{"line":527,"column":2}},"134":{"start":{"line":480,"column":2},"end":{"line":526,"column":3}},"135":{"start":{"line":481,"column":29},"end":{"line":481,"column":37}},"136":{"start":{"line":483,"column":4},"end":{"line":488,"column":5}},"137":{"start":{"line":484,"column":6},"end":{"line":487,"column":9}},"138":{"start":{"line":491,"column":4},"end":{"line":497,"column":5}},"139":{"start":{"line":492,"column":6},"end":{"line":492,"column":60}},"140":{"start":{"line":493,"column":6},"end":{"line":496,"column":9}},"141":{"start":{"line":499,"column":16},"end":{"line":499,"column":39}},"142":{"start":{"line":501,"column":20},"end":{"line":501,"column":76}},"143":{"start":{"line":503,"column":17},"end":{"line":503,"column":52}},"144":{"start":{"line":504,"column":4},"end":{"line":509,"column":5}},"145":{"start":{"line":505,"column":6},"end":{"line":508,"column":9}},"146":{"start":{"line":511,"column":25},"end":{"line":511,"column":49}},"147":{"start":{"line":513,"column":4},"end":{"line":518,"column":7}},"148":{"start":{"line":520,"column":4},"end":{"line":520,"column":49}},"149":{"start":{"line":521,"column":4},"end":{"line":525,"column":7}},"150":{"start":{"line":532,"column":0},"end":{"line":670,"column":2}},"151":{"start":{"line":533,"column":2},"end":{"line":669,"column":3}},"152":{"start":{"line":534,"column":57},"end":{"line":534,"column":65}},"153":{"start":{"line":537,"column":25},"end":{"line":537,"column":51}},"154":{"start":{"line":539,"column":23},"end":{"line":539,"column":27}},"155":{"start":{"line":542,"column":4},"end":{"line":589,"column":5}},"156":{"start":{"line":543,"column":6},"end":{"line":588,"column":7}},"157":{"start":{"line":544,"column":8},"end":{"line":544,"column":56}},"158":{"start":{"line":546,"column":8},"end":{"line":548,"column":9}},"159":{"start":{"line":547,"column":10},"end":{"line":547,"column":86}},"160":{"start":{"line":551,"column":10},"end":{"line":551,"column":82}},"161":{"start":{"line":552,"column":8},"end":{"line":552,"column":73}},"162":{"start":{"line":555,"column":8},"end":{"line":561,"column":9}},"163":{"start":{"line":556,"column":10},"end":{"line":560,"column":13}},"164":{"start":{"line":562,"column":8},"end":{"line":568,"column":9}},"165":{"start":{"line":563,"column":10},"end":{"line":567,"column":13}},"166":{"start":{"line":569,"column":8},"end":{"line":575,"column":9}},"167":{"start":{"line":570,"column":10},"end":{"line":574,"column":13}},"168":{"start":{"line":579,"column":8},"end":{"line":587,"column":9}},"169":{"start":{"line":580,"column":10},"end":{"line":580,"column":99}},"170":{"start":{"line":582,"column":10},"end":{"line":586,"column":13}},"171":{"start":{"line":592,"column":26},"end":{"line":592,"column":60}},"172":{"start":{"line":593,"column":23},"end":{"line":593,"column":51}},"173":{"start":{"line":594,"column":22},"end":{"line":594,"column":48}},"174":{"start":{"line":595,"column":26},"end":{"line":595,"column":60}},"175":{"start":{"line":597,"column":4},"end":{"line":602,"column":5}},"176":{"start":{"line":598,"column":6},"end":{"line":601,"column":9}},"177":{"start":{"line":604,"column":15},"end":{"line":604,"column":96}},"178":{"start":{"line":606,"column":4},"end":{"line":637,"column":5}},"179":{"start":{"line":608,"column":6},"end":{"line":627,"column":9}},"180":{"start":{"line":628,"column":6},"end":{"line":628,"column":24}},"181":{"start":{"line":629,"column":11},"end":{"line":637,"column":5}},"182":{"start":{"line":631,"column":6},"end":{"line":631,"column":36}},"183":{"start":{"line":632,"column":6},"end":{"line":632,"column":57}},"184":{"start":{"line":632,"column":32},"end":{"line":632,"column":57}},"185":{"start":{"line":633,"column":6},"end":{"line":635,"column":7}},"186":{"start":{"line":634,"column":8},"end":{"line":634,"column":43}},"187":{"start":{"line":636,"column":6},"end":{"line":636,"column":24}},"188":{"start":{"line":639,"column":22},"end":{"line":639,"column":46}},"189":{"start":{"line":640,"column":25},"end":{"line":640,"column":52}},"190":{"start":{"line":642,"column":4},"end":{"line":642,"column":33}},"191":{"start":{"line":643,"column":4},"end":{"line":643,"column":22}},"192":{"start":{"line":645,"column":4},"end":{"line":661,"column":7}},"193":{"start":{"line":663,"column":4},"end":{"line":663,"column":47}},"194":{"start":{"line":664,"column":4},"end":{"line":668,"column":7}},"195":{"start":{"line":675,"column":0},"end":{"line":781,"column":2}},"196":{"start":{"line":676,"column":2},"end":{"line":780,"column":3}},"197":{"start":{"line":677,"column":63},"end":{"line":677,"column":71}},"198":{"start":{"line":680,"column":27},"end":{"line":680,"column":55}},"199":{"start":{"line":683,"column":4},"end":{"line":708,"column":5}},"200":{"start":{"line":684,"column":6},"end":{"line":707,"column":7}},"201":{"start":{"line":685,"column":35},"end":{"line":685,"column":85}},"202":{"start":{"line":686,"column":8},"end":{"line":688,"column":9}},"203":{"start":{"line":687,"column":10},"end":{"line":687,"column":91}},"204":{"start":{"line":691,"column":10},"end":{"line":691,"column":82}},"205":{"start":{"line":692,"column":8},"end":{"line":692,"column":75}},"206":{"start":{"line":694,"column":8},"end":{"line":700,"column":9}},"207":{"start":{"line":695,"column":10},"end":{"line":699,"column":13}},"208":{"start":{"line":702,"column":8},"end":{"line":706,"column":11}},"209":{"start":{"line":710,"column":4},"end":{"line":715,"column":5}},"210":{"start":{"line":711,"column":6},"end":{"line":714,"column":9}},"211":{"start":{"line":717,"column":15},"end":{"line":717,"column":71}},"212":{"start":{"line":719,"column":4},"end":{"line":749,"column":5}},"213":{"start":{"line":721,"column":6},"end":{"line":740,"column":9}},"214":{"start":{"line":741,"column":6},"end":{"line":741,"column":24}},"215":{"start":{"line":742,"column":11},"end":{"line":749,"column":5}},"216":{"start":{"line":743,"column":6},"end":{"line":743,"column":35}},"217":{"start":{"line":744,"column":6},"end":{"line":744,"column":57}},"218":{"start":{"line":744,"column":32},"end":{"line":744,"column":57}},"219":{"start":{"line":745,"column":6},"end":{"line":747,"column":7}},"220":{"start":{"line":746,"column":8},"end":{"line":746,"column":45}},"221":{"start":{"line":748,"column":6},"end":{"line":748,"column":24}},"222":{"start":{"line":751,"column":22},"end":{"line":751,"column":46}},"223":{"start":{"line":752,"column":25},"end":{"line":752,"column":52}},"224":{"start":{"line":754,"column":4},"end":{"line":754,"column":33}},"225":{"start":{"line":755,"column":4},"end":{"line":755,"column":22}},"226":{"start":{"line":757,"column":4},"end":{"line":772,"column":7}},"227":{"start":{"line":774,"column":4},"end":{"line":774,"column":49}},"228":{"start":{"line":775,"column":4},"end":{"line":779,"column":7}},"229":{"start":{"line":786,"column":0},"end":{"line":877,"column":2}},"230":{"start":{"line":787,"column":2},"end":{"line":876,"column":3}},"231":{"start":{"line":788,"column":52},"end":{"line":788,"column":60}},"232":{"start":{"line":790,"column":4},"end":{"line":795,"column":5}},"233":{"start":{"line":791,"column":6},"end":{"line":794,"column":9}},"234":{"start":{"line":798,"column":23},"end":{"line":798,"column":27}},"235":{"start":{"line":799,"column":4},"end":{"line":821,"column":5}},"236":{"start":{"line":800,"column":6},"end":{"line":820,"column":7}},"237":{"start":{"line":801,"column":8},"end":{"line":801,"column":70}},"238":{"start":{"line":802,"column":8},"end":{"line":804,"column":9}},"239":{"start":{"line":803,"column":10},"end":{"line":803,"column":82}},"240":{"start":{"line":807,"column":10},"end":{"line":807,"column":82}},"241":{"start":{"line":808,"column":8},"end":{"line":808,"column":72}},"242":{"start":{"line":810,"column":8},"end":{"line":816,"column":9}},"243":{"start":{"line":811,"column":10},"end":{"line":815,"column":13}},"244":{"start":{"line":819,"column":8},"end":{"line":819,"column":90}},"245":{"start":{"line":824,"column":25},"end":{"line":824,"column":57}},"246":{"start":{"line":825,"column":23},"end":{"line":825,"column":51}},"247":{"start":{"line":826,"column":28},"end":{"line":826,"column":66}},"248":{"start":{"line":828,"column":15},"end":{"line":828,"column":60}},"249":{"start":{"line":830,"column":4},"end":{"line":844,"column":5}},"250":{"start":{"line":832,"column":6},"end":{"line":842,"column":9}},"251":{"start":{"line":843,"column":6},"end":{"line":843,"column":24}},"252":{"start":{"line":846,"column":22},"end":{"line":846,"column":46}},"253":{"start":{"line":847,"column":25},"end":{"line":847,"column":52}},"254":{"start":{"line":849,"column":4},"end":{"line":849,"column":33}},"255":{"start":{"line":850,"column":4},"end":{"line":850,"column":22}},"256":{"start":{"line":852,"column":4},"end":{"line":868,"column":7}},"257":{"start":{"line":870,"column":4},"end":{"line":870,"column":46}},"258":{"start":{"line":871,"column":4},"end":{"line":875,"column":7}}},"fnMap":{"0":{"name":"(anonymous_0)","decl":{"start":{"line":36,"column":8},"end":{"line":36,"column":9}},"loc":{"start":{"line":36,"column":20},"end":{"line":53,"column":3}},"line":36},"1":{"name":"(anonymous_1)","decl":{"start":{"line":63,"column":13},"end":{"line":63,"column":14}},"loc":{"start":{"line":63,"column":48},"end":{"line":83,"column":3}},"line":63},"2":{"name":"(anonymous_2)","decl":{"start":{"line":102,"column":19},"end":{"line":102,"column":20}},"loc":{"start":{"line":102,"column":39},"end":{"line":197,"column":1}},"line":102},"3":{"name":"(anonymous_3)","decl":{"start":{"line":202,"column":16},"end":{"line":202,"column":17}},"loc":{"start":{"line":202,"column":36},"end":{"line":265,"column":1}},"line":202},"4":{"name":"(anonymous_4)","decl":{"start":{"line":270,"column":22},"end":{"line":270,"column":23}},"loc":{"start":{"line":270,"column":42},"end":{"line":314,"column":1}},"line":270},"5":{"name":"(anonymous_5)","decl":{"start":{"line":319,"column":25},"end":{"line":319,"column":26}},"loc":{"start":{"line":319,"column":45},"end":{"line":365,"column":1}},"line":319},"6":{"name":"(anonymous_6)","decl":{"start":{"line":370,"column":24},"end":{"line":370,"column":25}},"loc":{"start":{"line":370,"column":44},"end":{"line":421,"column":1}},"line":370},"7":{"name":"(anonymous_7)","decl":{"start":{"line":426,"column":24},"end":{"line":426,"column":25}},"loc":{"start":{"line":426,"column":44},"end":{"line":474,"column":1}},"line":426},"8":{"name":"(anonymous_8)","decl":{"start":{"line":479,"column":23},"end":{"line":479,"column":24}},"loc":{"start":{"line":479,"column":43},"end":{"line":527,"column":1}},"line":479},"9":{"name":"(anonymous_9)","decl":{"start":{"line":532,"column":21},"end":{"line":532,"column":22}},"loc":{"start":{"line":532,"column":41},"end":{"line":670,"column":1}},"line":532},"10":{"name":"(anonymous_10)","decl":{"start":{"line":675,"column":23},"end":{"line":675,"column":24}},"loc":{"start":{"line":675,"column":43},"end":{"line":781,"column":1}},"line":675},"11":{"name":"(anonymous_11)","decl":{"start":{"line":786,"column":20},"end":{"line":786,"column":21}},"loc":{"start":{"line":786,"column":40},"end":{"line":877,"column":1}},"line":786}},"branchMap":{"0":{"loc":{"start":{"line":37,"column":4},"end":{"line":52,"column":5}},"type":"if","locations":[{"start":{"line":37,"column":4},"end":{"line":52,"column":5}},{"start":{},"end":{}}],"line":37},"1":{"loc":{"start":{"line":39,"column":6},"end":{"line":43,"column":7}},"type":"if","locations":[{"start":{"line":39,"column":6},"end":{"line":43,"column":7}},{"start":{},"end":{}}],"line":39},"2":{"loc":{"start":{"line":39,"column":10},"end":{"line":39,"column":64}},"type":"binary-expr","locations":[{"start":{"line":39,"column":10},"end":{"line":39,"column":33}},{"start":{"line":39,"column":37},"end":{"line":39,"column":64}}],"line":39},"3":{"loc":{"start":{"line":46,"column":17},"end":{"line":46,"column":53}},"type":"binary-expr","locations":[{"start":{"line":46,"column":17},"end":{"line":46,"column":42}},{"start":{"line":46,"column":46},"end":{"line":46,"column":53}}],"line":46},"4":{"loc":{"start":{"line":66,"column":4},"end":{"line":69,"column":5}},"type":"if","locations":[{"start":{"line":66,"column":4},"end":{"line":69,"column":5}},{"start":{},"end":{}}],"line":66},"5":{"loc":{"start":{"line":107,"column":4},"end":{"line":112,"column":5}},"type":"if","locations":[{"start":{"line":107,"column":4},"end":{"line":112,"column":5}},{"start":{},"end":{}}],"line":107},"6":{"loc":{"start":{"line":107,"column":8},"end":{"line":107,"column":36}},"type":"binary-expr","locations":[{"start":{"line":107,"column":8},"end":{"line":107,"column":14}},{"start":{"line":107,"column":18},"end":{"line":107,"column":27}},{"start":{"line":107,"column":31},"end":{"line":107,"column":36}}],"line":107},"7":{"loc":{"start":{"line":115,"column":4},"end":{"line":120,"column":5}},"type":"if","locations":[{"start":{"line":115,"column":4},"end":{"line":120,"column":5}},{"start":{},"end":{}}],"line":115},"8":{"loc":{"start":{"line":124,"column":4},"end":{"line":129,"column":5}},"type":"if","locations":[{"start":{"line":124,"column":4},"end":{"line":129,"column":5}},{"start":{},"end":{}}],"line":124},"9":{"loc":{"start":{"line":133,"column":25},"end":{"line":136,"column":5}},"type":"binary-expr","locations":[{"start":{"line":133,"column":25},"end":{"line":133,"column":42}},{"start":{"line":133,"column":46},"end":{"line":136,"column":5}}],"line":133},"10":{"loc":{"start":{"line":145,"column":14},"end":{"line":145,"column":42}},"type":"binary-expr","locations":[{"start":{"line":145,"column":14},"end":{"line":145,"column":31}},{"start":{"line":145,"column":35},"end":{"line":145,"column":42}}],"line":145},"11":{"loc":{"start":{"line":146,"column":21},"end":{"line":146,"column":69}},"type":"binary-expr","locations":[{"start":{"line":146,"column":21},"end":{"line":146,"column":45}},{"start":{"line":146,"column":49},"end":{"line":146,"column":69}}],"line":146},"12":{"loc":{"start":{"line":194,"column":15},"end":{"line":194,"column":75}},"type":"cond-expr","locations":[{"start":{"line":194,"column":55},"end":{"line":194,"column":59}},{"start":{"line":194,"column":62},"end":{"line":194,"column":75}}],"line":194},"13":{"loc":{"start":{"line":207,"column":4},"end":{"line":212,"column":5}},"type":"if","locations":[{"start":{"line":207,"column":4},"end":{"line":212,"column":5}},{"start":{},"end":{}}],"line":207},"14":{"loc":{"start":{"line":207,"column":8},"end":{"line":207,"column":27}},"type":"binary-expr","locations":[{"start":{"line":207,"column":8},"end":{"line":207,"column":14}},{"start":{"line":207,"column":18},"end":{"line":207,"column":27}}],"line":207},"15":{"loc":{"start":{"line":216,"column":4},"end":{"line":218,"column":5}},"type":"if","locations":[{"start":{"line":216,"column":4},"end":{"line":218,"column":5}},{"start":{},"end":{}}],"line":216},"16":{"loc":{"start":{"line":221,"column":4},"end":{"line":226,"column":5}},"type":"if","locations":[{"start":{"line":221,"column":4},"end":{"line":226,"column":5}},{"start":{},"end":{}}],"line":221},"17":{"loc":{"start":{"line":230,"column":4},"end":{"line":232,"column":5}},"type":"if","locations":[{"start":{"line":230,"column":4},"end":{"line":232,"column":5}},{"start":{},"end":{}}],"line":230},"18":{"loc":{"start":{"line":262,"column":13},"end":{"line":262,"column":67}},"type":"cond-expr","locations":[{"start":{"line":262,"column":38},"end":{"line":262,"column":51}},{"start":{"line":262,"column":54},"end":{"line":262,"column":67}}],"line":262},"19":{"loc":{"start":{"line":274,"column":4},"end":{"line":279,"column":5}},"type":"if","locations":[{"start":{"line":274,"column":4},"end":{"line":279,"column":5}},{"start":{},"end":{}}],"line":274},"20":{"loc":{"start":{"line":289,"column":4},"end":{"line":294,"column":5}},"type":"if","locations":[{"start":{"line":289,"column":4},"end":{"line":294,"column":5}},{"start":{},"end":{}}],"line":289},"21":{"loc":{"start":{"line":311,"column":13},"end":{"line":311,"column":67}},"type":"cond-expr","locations":[{"start":{"line":311,"column":38},"end":{"line":311,"column":51}},{"start":{"line":311,"column":54},"end":{"line":311,"column":67}}],"line":311},"22":{"loc":{"start":{"line":323,"column":4},"end":{"line":328,"column":5}},"type":"if","locations":[{"start":{"line":323,"column":4},"end":{"line":328,"column":5}},{"start":{},"end":{}}],"line":323},"23":{"loc":{"start":{"line":331,"column":4},"end":{"line":337,"column":5}},"type":"if","locations":[{"start":{"line":331,"column":4},"end":{"line":337,"column":5}},{"start":{},"end":{}}],"line":331},"24":{"loc":{"start":{"line":362,"column":13},"end":{"line":362,"column":67}},"type":"cond-expr","locations":[{"start":{"line":362,"column":38},"end":{"line":362,"column":51}},{"start":{"line":362,"column":54},"end":{"line":362,"column":67}}],"line":362},"25":{"loc":{"start":{"line":374,"column":4},"end":{"line":379,"column":5}},"type":"if","locations":[{"start":{"line":374,"column":4},"end":{"line":379,"column":5}},{"start":{},"end":{}}],"line":374},"26":{"loc":{"start":{"line":374,"column":8},"end":{"line":374,"column":30}},"type":"binary-expr","locations":[{"start":{"line":374,"column":8},"end":{"line":374,"column":14}},{"start":{"line":374,"column":18},"end":{"line":374,"column":30}}],"line":374},"27":{"loc":{"start":{"line":381,"column":4},"end":{"line":386,"column":5}},"type":"if","locations":[{"start":{"line":381,"column":4},"end":{"line":386,"column":5}},{"start":{},"end":{}}],"line":381},"28":{"loc":{"start":{"line":396,"column":4},"end":{"line":401,"column":5}},"type":"if","locations":[{"start":{"line":396,"column":4},"end":{"line":401,"column":5}},{"start":{},"end":{}}],"line":396},"29":{"loc":{"start":{"line":418,"column":13},"end":{"line":418,"column":67}},"type":"cond-expr","locations":[{"start":{"line":418,"column":38},"end":{"line":418,"column":51}},{"start":{"line":418,"column":54},"end":{"line":418,"column":67}}],"line":418},"30":{"loc":{"start":{"line":432,"column":4},"end":{"line":437,"column":5}},"type":"if","locations":[{"start":{"line":432,"column":4},"end":{"line":437,"column":5}},{"start":{},"end":{}}],"line":432},"31":{"loc":{"start":{"line":440,"column":4},"end":{"line":455,"column":5}},"type":"if","locations":[{"start":{"line":440,"column":4},"end":{"line":455,"column":5}},{"start":{},"end":{}}],"line":440},"32":{"loc":{"start":{"line":441,"column":6},"end":{"line":446,"column":7}},"type":"if","locations":[{"start":{"line":441,"column":6},"end":{"line":446,"column":7}},{"start":{},"end":{}}],"line":441},"33":{"loc":{"start":{"line":449,"column":6},"end":{"line":454,"column":7}},"type":"if","locations":[{"start":{"line":449,"column":6},"end":{"line":454,"column":7}},{"start":{},"end":{}}],"line":449},"34":{"loc":{"start":{"line":471,"column":13},"end":{"line":471,"column":67}},"type":"cond-expr","locations":[{"start":{"line":471,"column":38},"end":{"line":471,"column":51}},{"start":{"line":471,"column":54},"end":{"line":471,"column":67}}],"line":471},"35":{"loc":{"start":{"line":483,"column":4},"end":{"line":488,"column":5}},"type":"if","locations":[{"start":{"line":483,"column":4},"end":{"line":488,"column":5}},{"start":{},"end":{}}],"line":483},"36":{"loc":{"start":{"line":491,"column":4},"end":{"line":497,"column":5}},"type":"if","locations":[{"start":{"line":491,"column":4},"end":{"line":497,"column":5}},{"start":{},"end":{}}],"line":491},"37":{"loc":{"start":{"line":504,"column":4},"end":{"line":509,"column":5}},"type":"if","locations":[{"start":{"line":504,"column":4},"end":{"line":509,"column":5}},{"start":{},"end":{}}],"line":504},"38":{"loc":{"start":{"line":524,"column":13},"end":{"line":524,"column":67}},"type":"cond-expr","locations":[{"start":{"line":524,"column":38},"end":{"line":524,"column":51}},{"start":{"line":524,"column":54},"end":{"line":524,"column":67}}],"line":524},"39":{"loc":{"start":{"line":542,"column":4},"end":{"line":589,"column":5}},"type":"if","locations":[{"start":{"line":542,"column":4},"end":{"line":589,"column":5}},{"start":{},"end":{}}],"line":542},"40":{"loc":{"start":{"line":546,"column":8},"end":{"line":548,"column":9}},"type":"if","locations":[{"start":{"line":546,"column":8},"end":{"line":548,"column":9}},{"start":{},"end":{}}],"line":546},"41":{"loc":{"start":{"line":551,"column":10},"end":{"line":551,"column":82}},"type":"cond-expr","locations":[{"start":{"line":551,"column":41},"end":{"line":551,"column":60}},{"start":{"line":551,"column":63},"end":{"line":551,"column":82}}],"line":551},"42":{"loc":{"start":{"line":555,"column":8},"end":{"line":561,"column":9}},"type":"if","locations":[{"start":{"line":555,"column":8},"end":{"line":561,"column":9}},{"start":{},"end":{}}],"line":555},"43":{"loc":{"start":{"line":562,"column":8},"end":{"line":568,"column":9}},"type":"if","locations":[{"start":{"line":562,"column":8},"end":{"line":568,"column":9}},{"start":{},"end":{}}],"line":562},"44":{"loc":{"start":{"line":569,"column":8},"end":{"line":575,"column":9}},"type":"if","locations":[{"start":{"line":569,"column":8},"end":{"line":575,"column":9}},{"start":{},"end":{}}],"line":569},"45":{"loc":{"start":{"line":579,"column":8},"end":{"line":587,"column":9}},"type":"if","locations":[{"start":{"line":579,"column":8},"end":{"line":587,"column":9}},{"start":{"line":581,"column":15},"end":{"line":587,"column":9}}],"line":579},"46":{"loc":{"start":{"line":585,"column":19},"end":{"line":585,"column":91}},"type":"cond-expr","locations":[{"start":{"line":585,"column":50},"end":{"line":585,"column":69}},{"start":{"line":585,"column":72},"end":{"line":585,"column":91}}],"line":585},"47":{"loc":{"start":{"line":592,"column":26},"end":{"line":592,"column":60}},"type":"binary-expr","locations":[{"start":{"line":592,"column":26},"end":{"line":592,"column":48}},{"start":{"line":592,"column":52},"end":{"line":592,"column":60}}],"line":592},"48":{"loc":{"start":{"line":593,"column":23},"end":{"line":593,"column":51}},"type":"binary-expr","locations":[{"start":{"line":593,"column":23},"end":{"line":593,"column":42}},{"start":{"line":593,"column":46},"end":{"line":593,"column":51}}],"line":593},"49":{"loc":{"start":{"line":594,"column":22},"end":{"line":594,"column":48}},"type":"binary-expr","locations":[{"start":{"line":594,"column":22},"end":{"line":594,"column":40}},{"start":{"line":594,"column":44},"end":{"line":594,"column":48}}],"line":594},"50":{"loc":{"start":{"line":595,"column":26},"end":{"line":595,"column":60}},"type":"binary-expr","locations":[{"start":{"line":595,"column":26},"end":{"line":595,"column":48}},{"start":{"line":595,"column":52},"end":{"line":595,"column":60}}],"line":595},"51":{"loc":{"start":{"line":597,"column":4},"end":{"line":602,"column":5}},"type":"if","locations":[{"start":{"line":597,"column":4},"end":{"line":602,"column":5}},{"start":{},"end":{}}],"line":597},"52":{"loc":{"start":{"line":597,"column":8},"end":{"line":597,"column":37}},"type":"binary-expr","locations":[{"start":{"line":597,"column":8},"end":{"line":597,"column":22}},{"start":{"line":597,"column":26},"end":{"line":597,"column":37}}],"line":597},"53":{"loc":{"start":{"line":606,"column":4},"end":{"line":637,"column":5}},"type":"if","locations":[{"start":{"line":606,"column":4},"end":{"line":637,"column":5}},{"start":{"line":629,"column":11},"end":{"line":637,"column":5}}],"line":606},"54":{"loc":{"start":{"line":611,"column":14},"end":{"line":611,"column":93}},"type":"binary-expr","locations":[{"start":{"line":611,"column":14},"end":{"line":611,"column":23}},{"start":{"line":611,"column":28},"end":{"line":611,"column":92}}],"line":611},"55":{"loc":{"start":{"line":611,"column":28},"end":{"line":611,"column":92}},"type":"cond-expr","locations":[{"start":{"line":611,"column":55},"end":{"line":611,"column":79}},{"start":{"line":611,"column":82},"end":{"line":611,"column":92}}],"line":611},"56":{"loc":{"start":{"line":613,"column":25},"end":{"line":613,"column":60}},"type":"binary-expr","locations":[{"start":{"line":613,"column":25},"end":{"line":613,"column":52}},{"start":{"line":613,"column":56},"end":{"line":613,"column":60}}],"line":613},"57":{"loc":{"start":{"line":618,"column":16},"end":{"line":626,"column":14}},"type":"cond-expr","locations":[{"start":{"line":619,"column":12},"end":{"line":625,"column":13}},{"start":{"line":626,"column":12},"end":{"line":626,"column":14}}],"line":618},"58":{"loc":{"start":{"line":629,"column":11},"end":{"line":637,"column":5}},"type":"if","locations":[{"start":{"line":629,"column":11},"end":{"line":637,"column":5}},{"start":{},"end":{}}],"line":629},"59":{"loc":{"start":{"line":632,"column":6},"end":{"line":632,"column":57}},"type":"if","locations":[{"start":{"line":632,"column":6},"end":{"line":632,"column":57}},{"start":{},"end":{}}],"line":632},"60":{"loc":{"start":{"line":633,"column":6},"end":{"line":635,"column":7}},"type":"if","locations":[{"start":{"line":633,"column":6},"end":{"line":635,"column":7}},{"start":{},"end":{}}],"line":633},"61":{"loc":{"start":{"line":667,"column":13},"end":{"line":667,"column":67}},"type":"cond-expr","locations":[{"start":{"line":667,"column":38},"end":{"line":667,"column":51}},{"start":{"line":667,"column":54},"end":{"line":667,"column":67}}],"line":667},"62":{"loc":{"start":{"line":683,"column":4},"end":{"line":708,"column":5}},"type":"if","locations":[{"start":{"line":683,"column":4},"end":{"line":708,"column":5}},{"start":{},"end":{}}],"line":683},"63":{"loc":{"start":{"line":683,"column":8},"end":{"line":683,"column":48}},"type":"binary-expr","locations":[{"start":{"line":683,"column":8},"end":{"line":683,"column":19}},{"start":{"line":683,"column":23},"end":{"line":683,"column":48}}],"line":683},"64":{"loc":{"start":{"line":686,"column":8},"end":{"line":688,"column":9}},"type":"if","locations":[{"start":{"line":686,"column":8},"end":{"line":688,"column":9}},{"start":{},"end":{}}],"line":686},"65":{"loc":{"start":{"line":691,"column":10},"end":{"line":691,"column":82}},"type":"cond-expr","locations":[{"start":{"line":691,"column":41},"end":{"line":691,"column":60}},{"start":{"line":691,"column":63},"end":{"line":691,"column":82}}],"line":691},"66":{"loc":{"start":{"line":694,"column":8},"end":{"line":700,"column":9}},"type":"if","locations":[{"start":{"line":694,"column":8},"end":{"line":700,"column":9}},{"start":{},"end":{}}],"line":694},"67":{"loc":{"start":{"line":705,"column":17},"end":{"line":705,"column":89}},"type":"cond-expr","locations":[{"start":{"line":705,"column":48},"end":{"line":705,"column":67}},{"start":{"line":705,"column":70},"end":{"line":705,"column":89}}],"line":705},"68":{"loc":{"start":{"line":710,"column":4},"end":{"line":715,"column":5}},"type":"if","locations":[{"start":{"line":710,"column":4},"end":{"line":715,"column":5}},{"start":{},"end":{}}],"line":710},"69":{"loc":{"start":{"line":710,"column":8},"end":{"line":710,"column":29}},"type":"binary-expr","locations":[{"start":{"line":710,"column":8},"end":{"line":710,"column":19}},{"start":{"line":710,"column":23},"end":{"line":710,"column":29}}],"line":710},"70":{"loc":{"start":{"line":719,"column":4},"end":{"line":749,"column":5}},"type":"if","locations":[{"start":{"line":719,"column":4},"end":{"line":749,"column":5}},{"start":{"line":742,"column":11},"end":{"line":749,"column":5}}],"line":719},"71":{"loc":{"start":{"line":724,"column":14},"end":{"line":724,"column":73}},"type":"binary-expr","locations":[{"start":{"line":724,"column":14},"end":{"line":724,"column":18}},{"start":{"line":724,"column":23},"end":{"line":724,"column":72}}],"line":724},"72":{"loc":{"start":{"line":724,"column":23},"end":{"line":724,"column":72}},"type":"cond-expr","locations":[{"start":{"line":724,"column":45},"end":{"line":724,"column":64}},{"start":{"line":724,"column":67},"end":{"line":724,"column":72}}],"line":724},"73":{"loc":{"start":{"line":731,"column":16},"end":{"line":739,"column":14}},"type":"cond-expr","locations":[{"start":{"line":732,"column":12},"end":{"line":738,"column":13}},{"start":{"line":739,"column":12},"end":{"line":739,"column":14}}],"line":731},"74":{"loc":{"start":{"line":742,"column":11},"end":{"line":749,"column":5}},"type":"if","locations":[{"start":{"line":742,"column":11},"end":{"line":749,"column":5}},{"start":{},"end":{}}],"line":742},"75":{"loc":{"start":{"line":744,"column":6},"end":{"line":744,"column":57}},"type":"if","locations":[{"start":{"line":744,"column":6},"end":{"line":744,"column":57}},{"start":{},"end":{}}],"line":744},"76":{"loc":{"start":{"line":745,"column":6},"end":{"line":747,"column":7}},"type":"if","locations":[{"start":{"line":745,"column":6},"end":{"line":747,"column":7}},{"start":{},"end":{}}],"line":745},"77":{"loc":{"start":{"line":778,"column":13},"end":{"line":778,"column":67}},"type":"cond-expr","locations":[{"start":{"line":778,"column":38},"end":{"line":778,"column":51}},{"start":{"line":778,"column":54},"end":{"line":778,"column":67}}],"line":778},"78":{"loc":{"start":{"line":790,"column":4},"end":{"line":795,"column":5}},"type":"if","locations":[{"start":{"line":790,"column":4},"end":{"line":795,"column":5}},{"start":{},"end":{}}],"line":790},"79":{"loc":{"start":{"line":799,"column":4},"end":{"line":821,"column":5}},"type":"if","locations":[{"start":{"line":799,"column":4},"end":{"line":821,"column":5}},{"start":{},"end":{}}],"line":799},"80":{"loc":{"start":{"line":802,"column":8},"end":{"line":804,"column":9}},"type":"if","locations":[{"start":{"line":802,"column":8},"end":{"line":804,"column":9}},{"start":{},"end":{}}],"line":802},"81":{"loc":{"start":{"line":807,"column":10},"end":{"line":807,"column":82}},"type":"cond-expr","locations":[{"start":{"line":807,"column":41},"end":{"line":807,"column":60}},{"start":{"line":807,"column":63},"end":{"line":807,"column":82}}],"line":807},"82":{"loc":{"start":{"line":810,"column":8},"end":{"line":816,"column":9}},"type":"if","locations":[{"start":{"line":810,"column":8},"end":{"line":816,"column":9}},{"start":{},"end":{}}],"line":810},"83":{"loc":{"start":{"line":824,"column":25},"end":{"line":824,"column":57}},"type":"binary-expr","locations":[{"start":{"line":824,"column":25},"end":{"line":824,"column":46}},{"start":{"line":824,"column":50},"end":{"line":824,"column":57}}],"line":824},"84":{"loc":{"start":{"line":825,"column":23},"end":{"line":825,"column":51}},"type":"binary-expr","locations":[{"start":{"line":825,"column":23},"end":{"line":825,"column":42}},{"start":{"line":825,"column":46},"end":{"line":825,"column":51}}],"line":825},"85":{"loc":{"start":{"line":826,"column":28},"end":{"line":826,"column":66}},"type":"binary-expr","locations":[{"start":{"line":826,"column":28},"end":{"line":826,"column":55}},{"start":{"line":826,"column":59},"end":{"line":826,"column":66}}],"line":826},"86":{"loc":{"start":{"line":830,"column":4},"end":{"line":844,"column":5}},"type":"if","locations":[{"start":{"line":830,"column":4},"end":{"line":844,"column":5}},{"start":{},"end":{}}],"line":830},"87":{"loc":{"start":{"line":834,"column":15},"end":{"line":834,"column":79}},"type":"binary-expr","locations":[{"start":{"line":834,"column":15},"end":{"line":834,"column":40}},{"start":{"line":834,"column":44},"end":{"line":834,"column":79}}],"line":834},"88":{"loc":{"start":{"line":835,"column":14},"end":{"line":835,"column":34}},"type":"binary-expr","locations":[{"start":{"line":835,"column":14},"end":{"line":835,"column":18}},{"start":{"line":835,"column":22},"end":{"line":835,"column":34}}],"line":835},"89":{"loc":{"start":{"line":866,"column":23},"end":{"line":866,"column":59}},"type":"binary-expr","locations":[{"start":{"line":866,"column":23},"end":{"line":866,"column":50}},{"start":{"line":866,"column":54},"end":{"line":866,"column":59}}],"line":866},"90":{"loc":{"start":{"line":874,"column":13},"end":{"line":874,"column":67}},"type":"cond-expr","locations":[{"start":{"line":874,"column":38},"end":{"line":874,"column":51}},{"start":{"line":874,"column":54},"end":{"line":874,"column":67}}],"line":874}},"s":{"0":2,"1":2,"2":2,"3":2,"4":2,"5":2,"6":0,"7":0,"8":0,"9":0,"10":0,"11":0,"12":0,"13":0,"14":0,"15":0,"16":0,"17":0,"18":0,"19":0,"20":0,"21":2,"22":8,"23":8,"24":8,"25":2,"26":6,"27":2,"28":4,"29":0,"30":0,"31":0,"32":0,"33":0,"34":0,"35":0,"36":0,"37":0,"38":0,"39":0,"40":0,"41":0,"42":0,"43":4,"44":4,"45":2,"46":9,"47":9,"48":9,"49":2,"50":7,"51":0,"52":0,"53":0,"54":0,"55":0,"56":0,"57":0,"58":0,"59":0,"60":0,"61":0,"62":0,"63":7,"64":7,"65":2,"66":2,"67":2,"68":2,"69":1,"70":1,"71":1,"72":0,"73":0,"74":0,"75":0,"76":0,"77":0,"78":0,"79":0,"80":0,"81":2,"82":1,"83":1,"84":1,"85":0,"86":1,"87":0,"88":0,"89":0,"90":0,"91":0,"92":0,"93":0,"94":0,"95":0,"96":1,"97":1,"98":2,"99":2,"100":2,"101":2,"102":1,"103":1,"104":0,"105":1,"106":1,"107":0,"108":0,"109":0,"110":0,"111":0,"112":0,"113":0,"114":0,"115":0,"116":2,"117":0,"118":0,"119":0,"120":0,"121":0,"122":0,"123":0,"124":0,"125":0,"126":0,"127":0,"128":0,"129":0,"130":0,"131":0,"132":0,"133":2,"134":7,"135":7,"136":7,"137":2,"138":5,"139":2,"140":2,"141":3,"142":3,"143":2,"144":0,"145":0,"146":0,"147":0,"148":3,"149":3,"150":2,"151":0,"152":0,"153":0,"154":0,"155":0,"156":0,"157":0,"158":0,"159":0,"160":0,"161":0,"162":0,"163":0,"164":0,"165":0,"166":0,"167":0,"168":0,"169":0,"170":0,"171":0,"172":0,"173":0,"174":0,"175":0,"176":0,"177":0,"178":0,"179":0,"180":0,"181":0,"182":0,"183":0,"184":0,"185":0,"186":0,"187":0,"188":0,"189":0,"190":0,"191":0,"192":0,"193":0,"194":0,"195":2,"196":0,"197":0,"198":0,"199":0,"200":0,"201":0,"202":0,"203":0,"204":0,"205":0,"206":0,"207":0,"208":0,"209":0,"210":0,"211":0,"212":0,"213":0,"214":0,"215":0,"216":0,"217":0,"218":0,"219":0,"220":0,"221":0,"222":0,"223":0,"224":0,"225":0,"226":0,"227":0,"228":0,"229":2,"230":0,"231":0,"232":0,"233":0,"234":0,"235":0,"236":0,"237":0,"238":0,"239":0,"240":0,"241":0,"242":0,"243":0,"244":0,"245":0,"246":0,"247":0,"248":0,"249":0,"250":0,"251":0,"252":0,"253":0,"254":0,"255":0,"256":0,"257":0,"258":0},"f":{"0":0,"1":0,"2":8,"3":9,"4":2,"5":1,"6":2,"7":0,"8":7,"9":0,"10":0,"11":0},"b":{"0":[0,0],"1":[0,0],"2":[0,0],"3":[0,0],"4":[0,0],"5":[2,6],"6":[8,6,6],"7":[2,4],"8":[0,0],"9":[0,0],"10":[0,0],"11":[0,0],"12":[0,4],"13":[2,7],"14":[9,7],"15":[0,0],"16":[0,0],"17":[0,0],"18":[7,0],"19":[1,1],"20":[0,0],"21":[0,0],"22":[0,1],"23":[0,0],"24":[1,0],"25":[1,1],"26":[2,1],"27":[0,1],"28":[0,0],"29":[0,0],"30":[0,0],"31":[0,0],"32":[0,0],"33":[0,0],"34":[0,0],"35":[2,5],"36":[2,3],"37":[0,0],"38":[3,0],"39":[0,0],"40":[0,0],"41":[0,0],"42":[0,0],"43":[0,0],"44":[0,0],"45":[0,0],"46":[0,0],"47":[0,0],"48":[0,0],"49":[0,0],"50":[0,0],"51":[0,0],"52":[0,0],"53":[0,0],"54":[0,0],"55":[0,0],"56":[0,0],"57":[0,0],"58":[0,0],"59":[0,0],"60":[0,0],"61":[0,0],"62":[0,0],"63":[0,0],"64":[0,0],"65":[0,0],"66":[0,0],"67":[0,0],"68":[0,0],"69":[0,0],"70":[0,0],"71":[0,0],"72":[0,0],"73":[0,0],"74":[0,0],"75":[0,0],"76":[0,0],"77":[0,0],"78":[0,0],"79":[0,0],"80":[0,0],"81":[0,0],"82":[0,0],"83":[0,0],"84":[0,0],"85":[0,0],"86":[0,0],"87":[0,0],"88":[0,0],"89":[0,0],"90":[0,0]},"inputSourceMap":null,"_coverageSchema":"1a1c01bbd47fc00a2c39e90264f33305004495a9","hash":"b71e0f9b941064bb3a2d5b3c78d5e3069e5b76a6"}
,"/home/behar/dating-app/backend/models/User.js": {"path":"/home/behar/dating-app/backend/models/User.js","statementMap":{"0":{"start":{"line":1,"column":17},"end":{"line":1,"column":36}},"1":{"start":{"line":2,"column":15},"end":{"line":2,"column":34}},"2":{"start":{"line":4,"column":19},"end":{"line":612,"column":1}},"3":{"start":{"line":177,"column":12},"end":{"line":183,"column":14}},"4":{"start":{"line":615,"column":0},"end":{"line":625,"column":3}},"5":{"start":{"line":616,"column":2},"end":{"line":616,"column":50}},"6":{"start":{"line":616,"column":36},"end":{"line":616,"column":50}},"7":{"start":{"line":618,"column":2},"end":{"line":624,"column":3}},"8":{"start":{"line":619,"column":17},"end":{"line":619,"column":41}},"9":{"start":{"line":620,"column":4},"end":{"line":620,"column":59}},"10":{"start":{"line":621,"column":4},"end":{"line":621,"column":11}},"11":{"start":{"line":623,"column":4},"end":{"line":623,"column":16}},"12":{"start":{"line":628,"column":0},"end":{"line":630,"column":2}},"13":{"start":{"line":629,"column":2},"end":{"line":629,"column":56}},"14":{"start":{"line":633,"column":0},"end":{"line":646,"column":2}},"15":{"start":{"line":634,"column":14},"end":{"line":634,"column":37}},"16":{"start":{"line":637,"column":2},"end":{"line":641,"column":3}},"17":{"start":{"line":638,"column":4},"end":{"line":640,"column":6}},"18":{"start":{"line":643,"column":2},"end":{"line":645,"column":5}},"19":{"start":{"line":649,"column":0},"end":{"line":662,"column":2}},"20":{"start":{"line":650,"column":14},"end":{"line":650,"column":37}},"21":{"start":{"line":653,"column":2},"end":{"line":657,"column":3}},"22":{"start":{"line":654,"column":4},"end":{"line":656,"column":6}},"23":{"start":{"line":659,"column":2},"end":{"line":661,"column":5}},"24":{"start":{"line":665,"column":0},"end":{"line":665,"column":43}},"25":{"start":{"line":668,"column":0},"end":{"line":674,"column":3}},"26":{"start":{"line":678,"column":0},"end":{"line":678,"column":36}},"27":{"start":{"line":681,"column":0},"end":{"line":681,"column":79}},"28":{"start":{"line":684,"column":0},"end":{"line":697,"column":3}},"29":{"start":{"line":685,"column":14},"end":{"line":685,"column":15}},"30":{"start":{"line":688,"column":2},"end":{"line":688,"column":28}},"31":{"start":{"line":688,"column":17},"end":{"line":688,"column":28}},"32":{"start":{"line":689,"column":2},"end":{"line":689,"column":27}},"33":{"start":{"line":689,"column":16},"end":{"line":689,"column":27}},"34":{"start":{"line":690,"column":2},"end":{"line":690,"column":30}},"35":{"start":{"line":690,"column":19},"end":{"line":690,"column":30}},"36":{"start":{"line":691,"column":2},"end":{"line":691,"column":27}},"37":{"start":{"line":691,"column":16},"end":{"line":691,"column":27}},"38":{"start":{"line":692,"column":2},"end":{"line":692,"column":86}},"39":{"start":{"line":692,"column":75},"end":{"line":692,"column":86}},"40":{"start":{"line":693,"column":2},"end":{"line":693,"column":95}},"41":{"start":{"line":693,"column":84},"end":{"line":693,"column":95}},"42":{"start":{"line":694,"column":2},"end":{"line":694,"column":32}},"43":{"start":{"line":694,"column":21},"end":{"line":694,"column":32}},"44":{"start":{"line":696,"column":2},"end":
[...]
,"/home/behar/dating-app/backend/utils/responseHelpers.js": {"path":"/home/behar/dating-app/backend/utils/responseHelpers.js","statementMap":{"0":{"start":{"line":18,"column":20},"end":{"line":45,"column":1}},"1":{"start":{"line":19,"column":19},"end":{"line":23,"column":3}},"2":{"start":{"line":26,"column":2},"end":{"line":37,"column":3}},"3":{"start":{"line":27,"column":4},"end":{"line":36,"column":6}},"4":{"start":{"line":40,"column":2},"end":{"line":42,"column":3}},"5":{"start":{"line":41,"column":4},"end":{"line":41,"column":33}},"6":{"start":{"line":44,"column":2},"end":{"line":44,"column":47}},"7":{"start":{"line":58,"column":18},"end":{"line":80,"column":1}},"8":{"start":{"line":59,"column":19},"end":{"line":62,"column":3}},"9":{"start":{"line":65,"column":2},"end":{"line":67,"column":3}},"10":{"start":{"line":66,"column":4},"end":{"line":66,"column":35}},"11":{"start":{"line":70,"column":2},"end":{"line":72,"column":3}},"12":{"start":{"line":71,"column":4},"end":{"line":71,"column":37}},"13":{"start":{"line":75,"column":2},"end":{"line":77,"column":3}},"14":{"start":{"line":76,"column":4},"end":{"line":76,"column":39}},"15":{"start":{"line":79,"column":2},"end":{"line":79,"column":47}},"16":{"start":{"line":89,"column":28},"end":{"line":116,"column":1}},"17":{"start":{"line":90,"column":24},"end":{"line":90,"column":26}},"18":{"start":{"line":92,"column":2},"end":{"line":108,"column":3}},"19":{"start":{"line":93,"column":4},"end":{"line":93,"column":29}},"20":{"start":{"line":94,"column":9},"end":{"line":108,"column":3}},"21":{"start":{"line":96,"column":4},"end":{"line":100,"column":8}},"22":{"start":{"line":96,"column":65},"end":{"line":100,"column":5}},"23":{"start":{"line":101,"column":9},"end":{"line":108,"column":3}},"24":{"start":{"line":103,"column":4},"end":{"line":107,"column":8}},"25":{"start":{"line":103,"column":70},"end":{"line":107,"column":5}},"26":{"start":{"line":110,"column":2},"end":{"line":115,"column":5}},"27":{"start":{"line":125,"column":21},"end":{"line":136,"column":1}},"28":{"start":{"line":126,"column":18},"end":{"line":128,"column":29}},"29":{"start":{"line":130,"column":2},"end":{"line":135,"column":5}},"30":{"start":{"line":144,"column":25},"end":{"line":151,"column":1}},"31":{"start":{"line":145,"column":2},"end":{"line":150,"column":5}},"32":{"start":{"line":159,"column":22},"end":{"line":166,"column":1}},"33":{"start":{"line":160,"column":2},"end":{"line":165,"column":5}},"34":{"start":{"line":178,"column":22},"end":{"line":189,"column":1}},"35":{"start":{"line":179,"column":2},"end":{"line":188,"column":5}},"36":{"start":{"line":202,"column":32},"end":{"line":221,"column":1}},"37":{"start":{"line":203,"column":15},"end":{"line":203,"column":55}},"38":{"start":{"line":204,"column":16},"end":{"line":204,"column":59}},"39":{"start":{"line":205,"column":16},"end":{"line":205,"column":77}},"40":{"start":{"line":206,"column":16},"end":{"line":206,"column":40}},"41":{"start":{"line":208,"column":2},"end":{"line":220,"column":4}},"42":{"start":{"line":228,"column":21},"end":{"line":263,"column":1}},"43":{"start":{"line":228,"column":29},"end":{"line":263,"column":1}},"44":{"start":{"line":229,"column":2},"end":{"line":262,"column":5}},"45":{"start":{"line":230,"column":4},"end":{"line":230,"column":46}},"46":{"start":{"line":233,"column":4},"end":{"line":235,"column":5}},"47":{"start":{"line":234,"column":6},"end":{"line":234,"column":45}},"48":{"start":{"line":237,"column":4},"end":{"line":244,"column":5}},"49":{"start":{"line":238,"column":6},"end":{"line":243,"column":9}},"50":{"start":{"line":246,"column":4},"end":{"line":253,"column":5}},"51":{"start":{"line":247,"column":6},"end":{"line":252,"column":9}},"52":{"start":{"line":256,"column":4},"end":{"line":261,"column":7}},"53":{"start":{"line":265,"column":0},"end":{"line":275,"column":2}}},"fnMap":{"0":{"name":"(anonymous_0)","decl":{"start":{"line":18,"column":20},"end":{"line":18,"column":21}},"loc":{"start":{"line":18,"column":61},"end":{"line":45,"column":1}},"line":18},"1":{"name":"(anonymous_1)","decl":{"start":{"line":58,"column":18},"end":{"line":58,"column":19}},"loc":{"start":{"line":58,"column":59},"end":{"line":80,"column":1}},"line":58},"2":{"name":"(anonymous_2)","decl":{"start":{"line":89,"column":28},"end":{"line":89,"column":29}},"loc":{"start":{"line":89,"column":76},"end":{"line":116,"column":1}},"line":89},"3":{"name":"(anonymous_3)","decl":{"start":{"line":96,"column":55},"end":{"line":96,"column":56}},"loc":{"start":{"line":96,"column":65},"end":{"line":100,"column":5}},"line":96},"4":{"name":"(anonymous_4)","decl":{"start":{"line":103,"column":49},"end":{"line":103,"column":50}},"loc":{"start":{"line":103,"column":70},"end":{"line":107,"column":5}},"line":103},"5":{"name":"(anonymous_5)","decl":{"start":{"line":125,"column":21},"end":{"line":125,"column":22}},"loc":{"start":{"line":125,"column":70},"end":{"line":136,"column":1}},"line":125},"6":{"name":"(anonymous_6)","decl":{"start":{"line":144,"column":25},"end":{"line":144,"column":26}},"loc":{"start":{"line":144,"column":71},"end":{"line":151,"column":1}},"line":144},"7":{"name":"(anonymous_7)","decl":{"start":{"line":159,"column":22},"end":{"line":159,"column":23}},"loc":{"start":{"line":159,"column":61},"end":{"line":166,"column":1}},"line":159},"8":{"name":"(anonymous_8)","decl":{"start":{"line":178,"column":22},"end":{"line":178,"column":23}},"loc":{"start":{"line":178,"column":45},"end":{"line":189,"column":1}},"line":178},"9":{"name":"(anonymous_9)","decl":{"start":{"line":202,"column":32},"end":{"line":202,"column":33}},"loc":{"start":{"line":202,"column":56},"end":{"line":221,"column":1}},"line":202},"10":{"name":"(anonymous_10)","decl":{"start":{"line":228,"column":21},"end":{"line":228,"column":22}},"loc":{"start":{"line":228,"column":29},"end":{"line":263,"column":1}},"line":228},"11":{"name":"(anonymous_11)","decl":{"start":{"line":228,"column":29},"end":{"line":228,"column":30}},"loc":{"start":{"line":228,"column":49},"end":{"line":263,"column":1}},"line":228},"12":{"name":"(anonymous_12)","decl":{"start":{"line":229,"column":44},"end":{"line":229,"column":45}},"loc":{"start":{"line":229,"column":55},"end":{"line":262,"column":3}},"line":229}},"branchMap":{"0":{"loc":{"start":{"line":18,"column":26},"end":{"line":18,"column":42}},"type":"default-arg","locations":[{"start":{"line":18,"column":39},"end":{"line":18,"column":42}}],"line":18},"1":{"loc":{"start":{"line":18,"column":44},"end":{"line":18,"column":56}},"type":"default-arg","locations":[{"start":{"line":18,"column":54},"end":{"line":18,"column":56}}],"line":18},"2":{"loc":{"start":{"line":21,"column":13},"end":{"line":21,"column":66}},"type":"binary-expr","locations":[{"start":{"line":21,"column":13},"end":{"line":21,"column":28}},{"start":{"line":21,"column":32},"end":{"line":21,"column":66}}],"line":21},"3":{"loc":{"start":{"line":22,"column":10},"end":{"line":22,"column":30}},"type":"binary-expr","locations":[{"start":{"line":22,"column":10},"end":{"line":22,"column":22}},{"start":{"line":22,"column":26},"end":{"line":22,"column":30}}],"line":22},"4":{"loc":{"start":{"line":26,"column":2},"end":{"line":37,"column":3}},"type":"if","locations":[{"start":{"line":26,"column":2},"end":{"line":37,"column":3}},{"start":{},"end":{}}],"line":26},"5":{"loc":{"start":{"line":28,"column":12},"end":{"line":28,"column":40}},"type":"binary-expr","locations":[{"start":{"line":28,"column":12},"end":{"line":28,"column":35}},{"start":{"line":28,"column":39},"end":{"line":28,"column":40}}],"line":28},"6":{"loc":{"start":{"line":29,"column":13},"end":{"line":29,"column":43}},"type":"binary-expr","locations":[{"start":{"line":29,"column":13},"end":{"line":29,"column":37}},{"start":{"line":29,"column":41},"end":{"line":29,"column":43}}],"line":29},"7":{"loc":{"start":{"line":30,"column":13},"end":{"line":30,"column":42}},"type":"binary-expr","locations":[{"start":{"line":30,"column":13},"end":{"line":30,"column":37}},{"start":{"line":30,"column":41},"end":{"line":30,"column":42}}],"line":30},"8":{"loc":{"start":{"line":32,"column":8},"end":{"line":33,"column":85}},"type":"binary-expr","locations":[{"start":{"line":32,"column":8},"end":{"line":32,"column":32}},{"start":{"line":33,"column":8},"end":{"line":33,"column":85}}],"line":32},"9":{"loc":{"start":{"line":33,"column":19},"end":{"line":33,"column":48}},"type":"binary-expr","locations":[{"start":{"line":33,"column":19},"end":{"line":33,"column":43}},{"start":{"line":33,"column":47},"end":{"line":33,"column":48}}],"line":33},"10":{"loc":{"start":{"line":33,"column":53},"end":{"line":33,"column":83}},"type":"binary-expr","locations":[{"start":{"line":33,"column":53},"end":{"line":33,"column":77}},{"start":{"line":33,"column":81},"end":{"line":33,"column":83}}],"line":33},"11":{"loc":{"start":{"line":34,"column":15},"end":{"line":34,"column":50}},"type":"binary-expr","locations":[{"start":{"line":34,"column":15},"end":{"line":34,"column":41}},{"start":{"line":34,"column":45},"end":{"line":34,"column":50}}],"line":34},"12":{"loc":{"start":{"line":35,"column":15},"end":{"line":35,"column":50}},"type":"binary-expr","locations":[{"start":{"line":35,"column":15},"end":{"line":35,"column":41}},{"start":{"line":35,"column":45},"end":{"line":35,"column":50}}],"line":35},"13":{"loc":{"start":{"line":40,"column":2},"end":{"line":42,"column":3}},"type":"if","locations":[{"start":{"line":40,"column":2},"end":{"line":42,"column":3}},{"start":{},"end":{}}],"line":40},"14":{"loc":{"start":{"line":58,"column":24},"end":{"line":58,"column":40}},"type":"default-arg","locations":[{"start":{"line":58,"column":37},"end":{"line":58,"column":40}}],"line":58},"15":{"loc":{"start":{"line":58,"column":42},"end":{"line":58,"column":54}},"type":"default-arg","locations":[{"start":{"line":58,"column":52},"end":{"line":58,"column":54}}],"line":58},"16":{"loc":{"start":{"line":61,"column":13},"end":{"line":61,"column":51}},"type":"binary-expr","locations":[{"start":{"line":61,"column":13},"end":{"line":61,"column":28}},{"start":{"line":61,"column":32},"end":{"line":61,"column":51}}],"line":61},"17":{"loc":{"start":{"line":65,"column":2},"end":{"line":67,"column":3}},"type":"if","locations":[{"start":{"line":65,"column":2},"end":{"line":67,"column":3}},{"start":{},"end":{}}],"line":65},"18":{"loc":{"start":{"line":70,"column":2},"end":{"line":72,"column":3}},"type":"if","locations":[{"start":{"line":70,"column":2},"end":{"line":72,"column":3}},{"start":{},"end":{}}],"line":70},"19":{"loc":{"start":{"line":70,"column":6},"end":{"line":70,"column":53}},"type":"binary-expr","locations":[{"start":{"line":70,"column":6},"end":{"line":70,"column":20}},{"start":{"line":70,"column":24},"end":{"line":70,"column":53}}],"line":70},"20":{"loc":{"start":{"line":75,"column":2},"end":{"line":77,"column":3}},"type":"if","locations":[{"start":{"line":75,"column":2},"end":{"line":77,"column":3}},{"start":{},"end":{}}],"line":75},"21":{"loc":{"start":{"line":89,"column":42},"end":{"line":89,"column":71}},"type":"default-arg","locations":[{"start":{"line":89,"column":52},"end":{"line":89,"column":71}}],"line":89},"22":{"loc":{"start":{"line":92,"column":2},"end":{"line":108,"column":3}},"type":"if","locations":[{"start":{"line":92,"column":2},"end":{"line":108,"column":3}},{"start":{"line":94,"column":9},"end":{"line":108,"column":3}}],"line":92},"23":{"loc":{"start":{"line":94,"column":9},"end":{"line":108,"column":3}},"type":"if","locations":[{"start":{"line":94,"column":9},"end":{"line":108,"column":3}},{"start":{"line":101,"column":9},"end":{"line":108,"column":3}}],"line":94},"24":{"loc":{"start":{"line":94,"column":13},"end":{"line":94,"column":56}},"type":"binary-expr","locations":[{"start":{"line":94,"column":13},"end":{"line":94,"column":39}},{"start":{"line":94,"column":43},"end":{"line":94,"column":56}}],"line":94},"25":{"loc":{"start":{"line":101,"column":9},"end":{"line":108,"column":3}},"type":"if","locations":[{"start":{"line":101,"column":9},"end":{"line":108,"column":3}},{"start":{},"end":{}}],"line":101},"26":{"loc":{"start":{"line":105,"column":15},"end":{"line":105,"column":64}},"type":"cond-expr","locations":[{"start":{"line":105,"column":43},"end":{"line":105,"column":48}},{"start":{"line":105,"column":51},"end":{"line":105,"column":64}}],"line":105},"27":{"loc":{"start":{"line":106,"column":13},"end":{"line":106,"column":32}},"type":"binary-expr","locations":[{"start":{"line":106,"column":13},"end":{"line":106,"column":24}},{"start":{"line":106,"column":28},"end":{"line":106,"column":32}}],"line":106},"28":{"loc":{"start":{"line":125,"column":27},"end":{"line":125,"column":48}},"type":"default-arg","locations":[{"start":{"line":125,"column":38},"end":{"line":125,"column":48}}],"line":125},"29":{"loc":{"start":{"line":125,"column":50},"end":{"line":125,"column":65}},"type":"default-arg","locations":[{"start":{"line":125,"column":63},"end":{"line":125,"column":65}}],"line":125},"30":{"loc":{"start":{"line":126,"column":18},"end":{"line":128,"column":29}},"type":"cond-expr","locations":[{"start":{"line":127,"column":6},"end":{"line":127,"column":53}},{"start":{"line":128,"column":6},"end":{"line":128,"column":29}}],"line":126},"31":{"loc":{"start":{"line":144,"column":31},"end":{"line":144,"column":66}},"type":"default-arg","locations":[{"start":{"line":144,"column":41},"end":{"line":144,"column":66}}],"line":144},"32":{"loc":{"start":{"line":159,"column":28},"end":{"line":159,"column":56}},"type":"default-arg","locations":[{"start":{"line":159,"column":38},"end":{"line":159,"column":56}}],"line":159},"33":{"loc":{"start":{"line":178,"column":28},"end":{"line":178,"column":40}},"type":"default-arg","locations":[{"start":{"line":178,"column":38},"end":{"line":178,"column":40}}],"line":178},"34":{"loc":{"start":{"line":180,"column":13},"end":{"line":180,"column":53}},"type":"binary-expr","locations":[{"start":{"line":180,"column":13},"end":{"line":180,"column":28}},{"start":{"line":180,"column":32},"end":{"line":180,"column":53}}],"line":180},"35":{"loc":{"start":{"line":185,"column":17},"end":{"line":185,"column":39}},"type":"binary-expr","locations":[{"start":{"line":185,"column":17},"end":{"line":185,"column":34}},{"start":{"line":185,"column":38},"end":{"line":185,"column":39}}],"line":185},"36":{"loc":{"start":{"line":202,"column":39},"end":{"line":202,"column":51}},"type":"default-arg","locations":[{"start":{"line":202,"column":49},"end":{"line":202,"column":51}}],"line":202},"37":{"loc":{"start":{"line":203,"column":15},"end":{"line":203,"column":55}},"type":"binary-expr","locations":[{"start":{"line":203,"column":15},"end":{"line":203,"column":50}},{"start":{"line":203,"column":54},"end":{"line":203,"column":55}}],"line":203},"38":{"loc":{"start":{"line":203,"column":31},"end":{"line":203,"column":48}},"type":"binary-expr","locations":[{"start":{"line":203,"column":31},"end":{"line":203,"column":43}},{"start":{"line":203,"column":47},"end":{"line":203,"column":48}}],"line":203},"39":{"loc":{"start":{"line":204,"column":16},"end":{"line":204,"column":59}},"type":"binary-expr","locations":[{"start":{"line":204,"column":16},"end":{"line":204,"column":53}},{"start":{"line":204,"column":57},"end":{"line":204,"column":59}}],"line":204},"40":{"loc":{"start":{"line":204,"column":32},"end":{"line":204,"column":51}},"type":"binary-expr","locations":[{"start":{"line":204,"column":32},"end":{"line":204,"column":45}},{"start":{"line":204,"column":49},"end":{"line":204,"column":51}}],"line":204},"41":{"loc":{"start":{"line":205,"column":16},"end":{"line":205,"column":77}},"type":"binary-expr","locations":[{"start":{"line":205,"column":16},"end":{"line":205,"column":62}},{"start":{"line":205,"column":66},"end":{"line":205,"column":77}}],"line":205},"42":{"loc":{"start":{"line":205,"column":32},"end":{"line":205,"column":60}},"type":"binary-expr","locations":[{"start":{"line":205,"column":32},"end":{"line":205,"column":45}},{"start":{"line":205,"column":49},"end":{"line":205,"column":60}}],"line":205},"43":{"loc":{"start":{"line":209,"column":13},"end":{"line":209,"column":61}},"type":"binary-expr","locations":[{"start":{"line":209,"column":13},"end":{"line":209,"column":28}},{"start":{"line":209,"column":32},"end":{"line":209,"column":61}}],"line":209},"44":{"loc":{"start":{"line":233,"column":4},"end":{"line":235,"column":5}},"type":"if","locations":[{"start":{"line":233,"column":4},"end":{"line":235,"column":5}},{"start":{},"end":{}}],"line":233},"45":{"loc":{"start":{"line":237,"column":4},"end":{"line":244,"column":5}},"type":"if","locations":[{"start":{"line":237,"column":4},"end":{"line":244,"column":5}},{"start":{},"end":{}}],"line":237},"46":{"loc":{"start":{"line":246,"column":4},"end":{"line":253,"column":5}},"type":"if","locations":[{"start":{"line":246,"column":4},"end":{"line":253,"column":5}},{"start":{},"end":{}}],"line":246},"47":{"loc":{"start":{"line":257,"column":15},"end":{"line":257,"column":94}},"type":"cond-expr","locations":[{"start":{"line":257,"column":55},"end":{"line":257,"column":78}},{"start":{"line":257,"column":81},"end":{"line":257,"column":94}}],"line":257},"48":{"loc":{"start":{"line":260,"column":15},"end":{"line":260,"column":73}},"type":"cond-expr","locations":[{"start":{"line":260,"column":55},"end":{"line":260,"column":59}},{"start":{"line":260,"column":62},"end":{"line":260,"column":73}}],"line":260}},"s":{"0":2,"1":0,"2":0,"3":0,"4":0,"5":0,"6":0,"7":2,"8":10,"9":10,"10":10,"11":10,"12":2,"13":10,"14":4,"15":10,"16":2,"17":2,"18":2,"19":2,"20":0,"21":0,"22":0,"23":0,"24":0,"25":0,"26":2,"27":2,"28":0,"29":0,"30":2,"31":0,"32":2,"33":0,"34":2,"35":0,"36":2,"37":0,"38":0,"39":0,"40":0,"41":0,"42":2,"43":0,"44":0,"45":0,"46":0,"47":0,"48":0,"49":0,"50":0,"51":0,"52":0,"53":2},"f":{"0":0,"1":10,"2":2,"3":0,"4":0,"5":0,"6":0,"7":0,"8":0,"9":0,"10":0,"11":0,"12":0},"b":{"0":[0],"1":[0],"2":[0,0],"3":[0,0],"4":[0,0],"5":[0,0],"6":[0,0],"7":[0,0],"8":[0,0],"9":[0,0],"10":[0,0],"11":[0,0],"12":[0,0],"13":[0,0],"14":[0],"15":[0],"16":[10,0],"17":[10,0],"18":[2,8],"19":[10,2],"20":[4,6],"21":[2],"22":[2,0],"23":[0,0],"24":[0,0],"25":[0,0],"26":[0,0],"27":[0,0],"28":[0],"29":[0],"30":[0,0],"31":[0],"32":[0],"33":[0],"34":[0,0],"35":[0,0],"36":[0],"37":[0,0],"38":[0,0],"39":[0,0],"40":[0,0],"41":[0,0],"42":[0,0],"43":[0,0],"44":[0,0],"45":[0,0],"46":[0,0],"47":[0,0],"48":[0,0]},"inputSourceMap":null,"_coverageSchema":"1a1c01bbd47fc00a2c39e90264f33305004495a9","hash":"aeb29180563a1d3d0838b8ab4f949e88aed04351"}
}
