{"/home/behar/dating-app/backend/controllers/authController.js": {"path":"/home/behar/dating-app/backend/controllers/authController.js","statementMap":{"0":{"start":{"line":7,"column":15},"end":{"line":7,"column":32}},"1":{"start":{"line":8,"column":19},"end":{"line":8,"column":40}},"2":{"start":{"line":9,"column":13},"end":{"line":9,"column":38}},"3":{"start":{"line":10,"column":87},"end":{"line":10,"column":120}},"4":{"start":{"line":16,"column":21},"end":{"line":72,"column":1}},"5":{"start":{"line":25,"column":4},"end":{"line":40,"column":5}},"6":{"start":{"line":27,"column":6},"end":{"line":31,"column":7}},"7":{"start":{"line":28,"column":8},"end":{"line":28,"column":87}},"8":{"start":{"line":29,"column":8},"end":{"line":29,"column":32}},"9":{"start":{"line":30,"column":8},"end":{"line":30,"column":15}},"10":{"start":{"line":33,"column":6},"end":{"line":39,"column":9}},"11":{"start":{"line":52,"column":4},"end":{"line":52,"column":16}},"12":{"start":{"line":54,"column":4},"end":{"line":57,"column":5}},"13":{"start":{"line":55,"column":6},"end":{"line":55,"column":71}},"14":{"start":{"line":56,"column":6},"end":{"line":56,"column":19}},"15":{"start":{"line":59,"column":4},"end":{"line":70,"column":5}},"16":{"start":{"line":60,"column":6},"end":{"line":65,"column":9}},"17":{"start":{"line":66,"column":6},"end":{"line":66,"column":18}},"18":{"start":{"line":68,"column":6},"end":{"line":68,"column":52}},"19":{"start":{"line":69,"column":6},"end":{"line":69,"column":19}},"20":{"start":{"line":87,"column":0},"end":{"line":183,"column":2}},"21":{"start":{"line":88,"column":2},"end":{"line":182,"column":3}},"22":{"start":{"line":89,"column":51},"end":{"line":89,"column":59}},"23":{"start":{"line":92,"column":4},"end":{"line":97,"column":5}},"24":{"start":{"line":93,"column":6},"end":{"line":96,"column":9}},"25":{"start":{"line":100,"column":4},"end":{"line":105,"column":5}},"26":{"start":{"line":101,"column":6},"end":{"line":104,"column":9}},"27":{"start":{"line":108,"column":15},"end":{"line":108,"column":65}},"28":{"start":{"line":109,"column":4},"end":{"line":114,"column":5}},"29":{"start":{"line":110,"column":6},"end":{"line":113,"column":9}},"30":{"start":{"line":118,"column":25},"end":{"line":121,"column":5}},"31":{"start":{"line":123,"column":4},"end":{"line":135,"column":7}},"32":{"start":{"line":137,"column":4},"end":{"line":137,"column":22}},"33":{"start":{"line":140,"column":30},"end":{"line":140,"column":68}},"34":{"start":{"line":141,"column":4},"end":{"line":144,"column":21}},"35":{"start":{"line":145,"column":4},"end":{"line":145,"column":83}},"36":{"start":{"line":146,"column":4},"end":{"line":146,"column":22}},"37":{"start":{"line":149,"column":28},"end":{"line":149,"column":97}},"38":{"start":{"line":150,"column":4},"end":{"line":154,"column":6}},"39":{"start":{"line":157,"column":22},"end":{"line":157,"column":46}},"40":{"start":{"line":158,"column":25},"end":{"line":158,"column":52}},"41":{"start":{"line":160,"column":4},"end":{"line":174,"column":7}},"42":{"start":{"line":176,"column":4},"end":{"line":176,"column":48}},"43":{"start":{"line":177,"column":4},"end":{"line":181,"column":7}},"44":{"start":{"line":188,"column":0},"end":{"line":258,"column":2}},"45":{"start":{"line":189,"column":2},"end":{"line":257,"column":3}},"46":{"start":{"line":190,"column":32},"end":{"line":190,"column":40}},"47":{"start":{"line":193,"column":4},"end":{"line":198,"column":5}},"48":{"start":{"line":194,"column":6},"end":{"line":197,"column":9}},"49":{"start":{"line":201,"column":17},"end":{"line":201,"column":67}},"50":{"start":{"line":202,"column":4},"end":{"line":207,"column":5}},"51":{"start":{"line":203,"column":6},"end":{"line":206,"column":9}},"52":{"start":{"line":210,"column":4},"end":{"line":215,"column":5}},"53":{"start":{"line":211,"column":6},"end":{"line":214,"column":9}},"54":{"start":{"line":218,"column":28},"end":{"line":218,"column":62}},"55":{"start":{"line":219,"column":4},"end":{"line":224,"column":5}},"56":{"start":{"line":220,"column":6},"end":{"line":223,"column":9}},"57":{"start":{"line":227,"column":22},"end":{"line":227,"column":46}},"58":{"start":{"line":228,"column":25},"end":{"line":228,"column":52}},"59":{"start":{"line":231,"column":4},"end":{"line":231,"column":33}},"60":{"start":{"line":232,"column":4},"end":{"line":232,"column":22}},"61":{"start":{"line":234,"column":4},"end":{"line":249,"column":7}},"62":{"start":{"line":251,"column":4},"end":{"line":251,"column":41}},"63":{"start":{"line":252,"column":4},"end":{"line":256,"column":7}},"64":{"start":{"line":263,"column":0},"end":{"line":307,"column":2}},"65":{"start":{"line":264,"column":2},"end":{"line":306,"column":3}},"66":{"start":{"line":265,"column":22},"end":{"line":265,"column":30}},"67":{"start":{"line":267,"column":4},"end":{"line":272,"column":5}},"68":{"start":{"line":268,"column":6},"end":{"line":271,"column":9}},"69":{"start":{"line":275,"column":24},"end":{"line":275,"column":79}},"70":{"start":{"line":277,"column":17},"end":{"line":280,"column":6}},"71":{"start":{"line":282,"column":4},"end":{"line":287,"column":5}},"72":{"start":{"line":283,"column":6},"end":{"line":286,"column":9}},"73":{"start":{"line":290,"column":4},"end":{"line":290,"column":32}},"74":{"start":{"line":291,"column":4},"end":{"line":291,"column":44}},"75":{"start":{"line":292,"column":4},"end":{"line":292,"column":50}},"76":{"start":{"line":293,"column":4},"end":{"line":293,"column":22}},"77":{"start":{"line":295,"column":4},"end":{"line":298,"column":7}},"78":{"start":{"line":300,"column":4},"end":{"line":300,"column":54}},"79":{"start":{"line":301,"column":4},"end":{"line":305,"column":7}},"80":{"start":{"line":312,"column":0},"end":{"line":358,"column":2}},"81":{"start":{"line":313,"column":2},"end":{"line":357,"column":3}},"82":{"start":{"line":314,"column":22},"end":{"line":314,"column":30}},"83":{"start":{"line":316,"column":4},"end":{"line":321,"column":5}},"84":{"start":{"line":317,"column":6},"end":{"line":320,"column":9}},"85":{"start":{"line":323,"column":17},"end":{"line":323,"column":67}},"86":{"start":{"line":324,"column":4},"end":{"line":330,"column":5}},"87":{"start":{"line":326,"column":6},"end":{"line":329,"column":9}},"88":{"start":{"line":333,"column":23},"end":{"line":333,"column":61}},"89":{"start":{"line":334,"column":4},"end":{"line":334,"column":91}},"90":{"start":{"line":335,"column":4},"end":{"line":335,"column":78}},"91":{"start":{"line":336,"column":4},"end":{"line":336,"column":22}},"92":{"start":{"line":339,"column":21},"end":{"line":339,"column":85}},"93":{"start":{"line":340,"column":4},"end":{"line":344,"column":6}},"94":{"start":{"line":346,"column":4},"end":{"line":349,"column":7}},"95":{"start":{"line":351,"column":4},"end":{"line":351,"column":51}},"96":{"start":{"line":352,"column":4},"end":{"line":356,"column":7}},"97":{"start":{"line":363,"column":0},"end":{"line":414,"column":2}},"98":{"start":{"line":364,"column":2},"end":{"line":413,"column":3}},"99":{"start":{"line":365,"column":35},"end":{"line":365,"column":43}},"100":{"start":{"line":367,"column":4},"end":{"line":372,"column":5}},"101":{"start":{"line":368,"column":6},"end":{"line":371,"column":9}},"102":{"start":{"line":374,"column":4},"end":{"line":379,"column":5}},"103":{"start":{"line":375,"column":6},"end":{"line":378,"column":9}},"104":{"start":{"line":382,"column":24},"end":{"line":382,"column":79}},"105":{"start":{"line":384,"column":17},"end":{"line":387,"column":6}},"106":{"start":{"line":389,"column":4},"end":{"line":394,"column":5}},"107":{"start":{"line":390,"column":6},"end":{"line":393,"column":9}},"108":{"start":{"line":397,"column":4},"end":{"line":397,"column":32}},"109":{"start":{"line":398,"column":4},"end":{"line":398,"column":40}},"110":{"start":{"line":399,"column":4},"end":{"line":399,"column":46}},"111":{"start":{"line":400,"column":4},"end":{"line":400,"column":22}},"112":{"start":{"line":402,"column":4},"end":{"line":405,"column":7}},"113":{"start":{"line":407,"column":4},"end":{"line":407,"column":50}},"114":{"start":{"line":408,"column":4},"end":{"line":412,"column":7}},"115":{"start":{"line":419,"column":0},"end":{"line":467,"column":2}},"116":{"start":{"line":420,"column":2},"end":{"line":466,"column":3}},"117":{"start":{"line":421,"column":19},"end":{"line":421,"column":30}},"118":{"start":{"line":422,"column":25},"end":{"line":422,"column":33}},"119":{"start":{"line":424,"column":17},"end":{"line":424,"column":44}},"120":{"start":{"line":425,"column":4},"end":{"line":430,"column":5}},"121":{"start":{"line":426,"column":6},"end":{"line":429,"column":9}},"122":{"start":{"line":433,"column":4},"end":{"line":448,"column":5}},"123":{"start":{"line":434,"column":6},"end":{"line":439,"column":7}},"124":{"start":{"line":435,"column":8},"end":{"line":438,"column":11}},"125":{"start":{"line":441,"column":30},"end":{"line":441,"column":64}},"126":{"start":{"line":442,"column":6},"end":{"line":447,"column":7}},"127":{"start":{"line":443,"column":8},"end":{"line":446,"column":11}},"128":{"start":{"line":451,"column":4},"end":{"line":451,"column":41}},"129":{"start":{"line":455,"column":4},"end":{"line":458,"column":7}},"130":{"start":{"line":460,"column":4},"end":{"line":460,"column":50}},"131":{"start":{"line":461,"column":4},"end":{"line":465,"column":7}},"132":{"start":{"line":472,"column":0},"end":{"line":519,"column":2}},"133":{"start":{"line":473,"column":2},"end":{"line":518,"column":3}},"134":{"start":{"line":474,"column":29},"end":{"line":474,"column":37}},"135":{"start":{"line":476,"column":4},"end":{"line":481,"column":5}},"136":{"start":{"line":477,"column":6},"end":{"line":480,"column":9}},"137":{"start":{"line":484,"column":4},"end":{"line":490,"column":5}},"138":{"start":{"line":485,"column":6},"end":{"line":485,"column":60}},"139":{"start":{"line":486,"column":6},"end":{"line":489,"column":9}},"140":{"start":{"line":492,"column":16},"end":{"line":492,"column":39}},"141":{"start":{"line":493,"column":20},"end":{"line":493,"column":76}},"142":{"start":{"line":495,"column":17},"end":{"line":495,"column":52}},"143":{"start":{"line":496,"column":4},"end":{"line":501,"column":5}},"144":{"start":{"line":497,"column":6},"end":{"line":500,"column":9}},"145":{"start":{"line":503,"column":25},"end":{"line":503,"column":49}},"146":{"start":{"line":505,"column":4},"end":{"line":510,"column":7}},"147":{"start":{"line":512,"column":4},"end":{"line":512,"column":49}},"148":{"start":{"line":513,"column":4},"end":{"line":517,"column":7}},"149":{"start":{"line":524,"column":0},"end":{"line":660,"column":2}},"150":{"start":{"line":525,"column":2},"end":{"line":659,"column":3}},"151":{"start":{"line":526,"column":57},"end":{"line":526,"column":65}},"152":{"start":{"line":529,"column":25},"end":{"line":529,"column":51}},"153":{"start":{"line":531,"column":23},"end":{"line":531,"column":27}},"154":{"start":{"line":534,"column":4},"end":{"line":579,"column":5}},"155":{"start":{"line":535,"column":6},"end":{"line":578,"column":7}},"156":{"start":{"line":536,"column":8},"end":{"line":536,"column":56}},"157":{"start":{"line":538,"column":8},"end":{"line":540,"column":9}},"158":{"start":{"line":539,"column":10},"end":{"line":539,"column":86}},"159":{"start":{"line":542,"column":8},"end":{"line":542,"column":80}},"160":{"start":{"line":545,"column":8},"end":{"line":551,"column":9}},"161":{"start":{"line":546,"column":10},"end":{"line":550,"column":13}},"162":{"start":{"line":552,"column":8},"end":{"line":558,"column":9}},"163":{"start":{"line":553,"column":10},"end":{"line":557,"column":13}},"164":{"start":{"line":559,"column":8},"end":{"line":565,"column":9}},"165":{"start":{"line":560,"column":10},"end":{"line":564,"column":13}},"166":{"start":{"line":569,"column":8},"end":{"line":577,"column":9}},"167":{"start":{"line":570,"column":10},"end":{"line":570,"column":99}},"168":{"start":{"line":572,"column":10},"end":{"line":576,"column":13}},"169":{"start":{"line":582,"column":26},"end":{"line":582,"column":60}},"170":{"start":{"line":583,"column":23},"end":{"line":583,"column":51}},"171":{"start":{"line":584,"column":22},"end":{"line":584,"column":48}},"172":{"start":{"line":585,"column":26},"end":{"line":585,"column":60}},"173":{"start":{"line":587,"column":4},"end":{"line":592,"column":5}},"174":{"start":{"line":588,"column":6},"end":{"line":591,"column":9}},"175":{"start":{"line":594,"column":15},"end":{"line":594,"column":96}},"176":{"start":{"line":596,"column":4},"end":{"line":627,"column":5}},"177":{"start":{"line":598,"column":6},"end":{"line":617,"column":9}},"178":{"start":{"line":618,"column":6},"end":{"line":618,"column":24}},"179":{"start":{"line":619,"column":11},"end":{"line":627,"column":5}},"180":{"start":{"line":621,"column":6},"end":{"line":621,"column":36}},"181":{"start":{"line":622,"column":6},"end":{"line":622,"column":57}},"182":{"start":{"line":622,"column":32},"end":{"line":622,"column":57}},"183":{"start":{"line":623,"column":6},"end":{"line":625,"column":7}},"184":{"start":{"line":624,"column":8},"end":{"line":624,"column":43}},"185":{"start":{"line":626,"column":6},"end":{"line":626,"column":24}},"186":{"start":{"line":629,"column":22},"end":{"line":629,"column":46}},"187":{"start":{"line":630,"column":25},"end":{"line":630,"column":52}},"188":{"start":{"line":632,"column":4},"end":{"line":632,"column":33}},"189":{"start":{"line":633,"column":4},"end":{"line":633,"column":22}},"190":{"start":{"line":635,"column":4},"end":{"line":651,"column":7}},"191":{"start":{"line":653,"column":4},"end":{"line":653,"column":47}},"192":{"start":{"line":654,"column":4},"end":{"line":658,"column":7}},"193":{"start":{"line":665,"column":0},"end":{"line":769,"column":2}},"194":{"start":{"line":666,"column":2},"end":{"line":768,"column":3}},"195":{"start":{"line":667,"column":63},"end":{"line":667,"column":71}},"196":{"start":{"line":670,"column":27},"end":{"line":670,"column":55}},"197":{"start":{"line":673,"column":4},"end":{"line":696,"column":5}},"198":{"start":{"line":674,"column":6},"end":{"line":695,"column":7}},"199":{"start":{"line":675,"column":35},"end":{"line":675,"column":85}},"200":{"start":{"line":676,"column":8},"end":{"line":678,"column":9}},"201":{"start":{"line":677,"column":10},"end":{"line":677,"column":91}},"202":{"start":{"line":680,"column":8},"end":{"line":680,"column":82}},"203":{"start":{"line":682,"column":8},"end":{"line":688,"column":9}},"204":{"start":{"line":683,"column":10},"end":{"line":687,"column":13}},"205":{"start":{"line":690,"column":8},"end":{"line":694,"column":11}},"206":{"start":{"line":698,"column":4},"end":{"line":703,"column":5}},"207":{"start":{"line":699,"column":6},"end":{"line":702,"column":9}},"208":{"start":{"line":705,"column":15},"end":{"line":705,"column":71}},"209":{"start":{"line":707,"column":4},"end":{"line":737,"column":5}},"210":{"start":{"line":709,"column":6},"end":{"line":728,"column":9}},"211":{"start":{"line":729,"column":6},"end":{"line":729,"column":24}},"212":{"start":{"line":730,"column":11},"end":{"line":737,"column":5}},"213":{"start":{"line":731,"column":6},"end":{"line":731,"column":35}},"214":{"start":{"line":732,"column":6},"end":{"line":732,"column":57}},"215":{"start":{"line":732,"column":32},"end":{"line":732,"column":57}},"216":{"start":{"line":733,"column":6},"end":{"line":735,"column":7}},"217":{"start":{"line":734,"column":8},"end":{"line":734,"column":45}},"218":{"start":{"line":736,"column":6},"end":{"line":736,"column":24}},"219":{"start":{"line":739,"column":22},"end":{"line":739,"column":46}},"220":{"start":{"line":740,"column":25},"end":{"line":740,"column":52}},"221":{"start":{"line":742,"column":4},"end":{"line":742,"column":33}},"222":{"start":{"line":743,"column":4},"end":{"line":743,"column":22}},"223":{"start":{"line":745,"column":4},"end":{"line":760,"column":7}},"224":{"start":{"line":762,"column":4},"end":{"line":762,"column":49}},"225":{"start":{"line":763,"column":4},"end":{"line":767,"column":7}},"226":{"start":{"line":774,"column":0},"end":{"line":863,"column":2}},"227":{"start":{"line":775,"column":2},"end":{"line":862,"column":3}},"228":{"start":{"line":776,"column":52},"end":{"line":776,"column":60}},"229":{"start":{"line":778,"column":4},"end":{"line":783,"column":5}},"230":{"start":{"line":779,"column":6},"end":{"line":782,"column":9}},"231":{"start":{"line":786,"column":23},"end":{"line":786,"column":27}},"232":{"start":{"line":787,"column":4},"end":{"line":807,"column":5}},"233":{"start":{"line":788,"column":6},"end":{"line":806,"column":7}},"234":{"start":{"line":789,"column":8},"end":{"line":789,"column":70}},"235":{"start":{"line":790,"column":8},"end":{"line":792,"column":9}},"236":{"start":{"line":791,"column":10},"end":{"line":791,"column":82}},"237":{"start":{"line":794,"column":8},"end":{"line":794,"column":79}},"238":{"start":{"line":796,"column":8},"end":{"line":802,"column":9}},"239":{"start":{"line":797,"column":10},"end":{"line":801,"column":13}},"240":{"start":{"line":805,"column":8},"end":{"line":805,"column":90}},"241":{"start":{"line":810,"column":25},"end":{"line":810,"column":57}},"242":{"start":{"line":811,"column":23},"end":{"line":811,"column":51}},"243":{"start":{"line":812,"column":28},"end":{"line":812,"column":66}},"244":{"start":{"line":814,"column":15},"end":{"line":814,"column":60}},"245":{"start":{"line":816,"column":4},"end":{"line":830,"column":5}},"246":{"start":{"line":818,"column":6},"end":{"line":828,"column":9}},"247":{"start":{"line":829,"column":6},"end":{"line":829,"column":24}},"248":{"start":{"line":832,"column":22},"end":{"line":832,"column":46}},"249":{"start":{"line":833,"column":25},"end":{"line":833,"column":52}},"250":{"start":{"line":835,"column":4},"end":{"line":835,"column":33}},"251":{"start":{"line":836,"column":4},"end":{"line":836,"column":22}},"252":{"start":{"line":838,"column":4},"end":{"line":854,"column":7}},"253":{"start":{"line":856,"column":4},"end":{"line":856,"column":46}},"254":{"start":{"line":857,"column":4},"end":{"line":861,"column":7}}},"fnMap":{"0":{"name":"(anonymous_0)","decl":{"start":{"line":24,"column":8},"end":{"line":24,"column":9}},"loc":{"start":{"line":24,"column":20},"end":{"line":41,"column":3}},"line":24},"1":{"name":"(anonymous_1)","decl":{"start":{"line":51,"column":13},"end":{"line":51,"column":14}},"loc":{"start":{"line":51,"column":48},"end":{"line":71,"column":3}},"line":51},"2":{"name":"(anonymous_2)","decl":{"start":{"line":87,"column":19},"end":{"line":87,"column":20}},"loc":{"start":{"line":87,"column":39},"end":{"line":183,"column":1}},"line":87},"3":{"name":"(anonymous_3)","decl":{"start":{"line":188,"column":16},"end":{"line":188,"column":17}},"loc":{"start":{"line":188,"column":36},"end":{"line":258,"column":1}},"line":188},"4":{"name":"(anonymous_4)","decl":{"start":{"line":263,"column":22},"end":{"line":263,"column":23}},"loc":{"start":{"line":263,"column":42},"end":{"line":307,"column":1}},"line":263},"5":{"name":"(anonymous_5)","decl":{"start":{"line":312,"column":25},"end":{"line":312,"column":26}},"loc":{"start":{"line":312,"column":45},"end":{"line":358,"column":1}},"line":312},"6":{"name":"(anonymous_6)","decl":{"start":{"line":363,"column":24},"end":{"line":363,"column":25}},"loc":{"start":{"line":363,"column":44},"end":{"line":414,"column":1}},"line":363},"7":{"name":"(anonymous_7)","decl":{"start":{"line":419,"column":24},"end":{"line":419,"column":25}},"loc":{"start":{"line":419,"column":44},"end":{"line":467,"column":1}},"line":419},"8":{"name":"(anonymous_8)","decl":{"start":{"line":472,"column":23},"end":{"line":472,"column":24}},"loc":{"start":{"line":472,"column":43},"end":{"line":519,"column":1}},"line":472},"9":{"name":"(anonymous_9)","decl":{"start":{"line":524,"column":21},"end":{"line":524,"column":22}},"loc":{"start":{"line":524,"column":41},"end":{"line":660,"column":1}},"line":524},"10":{"name":"(anonymous_10)","decl":{"start":{"line":665,"column":23},"end":{"line":665,"column":24}},"loc":{"start":{"line":665,"column":43},"end":{"line":769,"column":1}},"line":665},"11":{"name":"(anonymous_11)","decl":{"start":{"line":774,"column":20},"end":{"line":774,"column":21}},"loc":{"start":{"line":774,"column":40},"end":{"line":863,"column":1}},"line":774}},"branchMap":{"0":{"loc":{"start":{"line":25,"column":4},"end":{"line":40,"column":5}},"type":"if","locations":[{"start":{"line":25,"column":4},"end":{"line":40,"column":5}},{"start":{},"end":{}}],"line":25},"1":{"loc":{"start":{"line":27,"column":6},"end":{"line":31,"column":7}},"type":"if","locations":[{"start":{"line":27,"column":6},"end":{"line":31,"column":7}},{"start":{},"end":{}}],"line":27},"2":{"loc":{"start":{"line":27,"column":10},"end":{"line":27,"column":64}},"type":"binary-expr","locations":[{"start":{"line":27,"column":10},"end":{"line":27,"column":33}},{"start":{"line":27,"column":37},"end":{"line":27,"column":64}}],"line":27},"3":{"loc":{"start":{"line":34,"column":17},"end":{"line":34,"column":53}},"type":"binary-expr","locations":[{"start":{"line":34,"column":17},"end":{"line":34,"column":42}},{"start":{"line":34,"column":46},"end":{"line":34,"column":53}}],"line":34},"4":{"loc":{"start":{"line":54,"column":4},"end":{"line":57,"column":5}},"type":"if","locations":[{"start":{"line":54,"column":4},"end":{"line":57,"column":5}},{"start":{},"end":{}}],"line":54},"5":{"loc":{"start":{"line":92,"column":4},"end":{"line":97,"column":5}},"type":"if","locations":[{"start":{"line":92,"column":4},"end":{"line":97,"column":5}},{"start":{},"end":{}}],"line":92},"6":{"loc":{"start":{"line":92,"column":8},"end":{"line":92,"column":36}},"type":"binary-expr","locations":[{"start":{"line":92,"column":8},"end":{"line":92,"column":14}},{"start":{"line":92,"column":18},"end":{"line":92,"column":27}},{"start":{"line":92,"column":31},"end":{"line":92,"column":36}}],"line":92},"7":{"loc":{"start":{"line":100,"column":4},"end":{"line":105,"column":5}},"type":"if","locations":[{"start":{"line":100,"column":4},"end":{"line":105,"column":5}},{"start":{},"end":{}}],"line":100},"8":{"loc":{"start":{"line":109,"column":4},"end":{"line":114,"column":5}},"type":"if","locations":[{"start":{"line":109,"column":4},"end":{"line":114,"column":5}},{"start":{},"end":{}}],"line":109},"9":{"loc":{"start":{"line":118,"column":25},"end":{"line":121,"column":5}},"type":"binary-expr","locations":[{"start":{"line":118,"column":25},"end":{"line":118,"column":42}},{"start":{"line":118,"column":46},"end":{"line":121,"column":5}}],"line":118},"10":{"loc":{"start":{"line":130,"column":14},"end":{"line":130,"column":42}},"type":"binary-expr","locations":[{"start":{"line":130,"column":14},"end":{"line":130,"column":31}},{"start":{"line":130,"column":35},"end":{"line":130,"column":42}}],"line":130},"11":{"loc":{"start":{"line":131,"column":21},"end":{"line":131,"column":69}},"type":"binary-expr","locations":[{"start":{"line":131,"column":21},"end":{"line":131,"column":45}},{"start":{"line":131,"column":49},"end":{"line":131,"column":69}}],"line":131},"12":{"loc":{"start":{"line":193,"column":4},"end":{"line":198,"column":5}},"type":"if","locations":[{"start":{"line":193,"column":4},"end":{"line":198,"column":5}},{"start":{},"end":{}}],"line":193},"13":{"loc":{"start":{"line":193,"column":8},"end":{"line":193,"column":27}},"type":"binary-expr","locations":[{"start":{"line":193,"column":8},"end":{"line":193,"column":14}},{"start":{"line":193,"column":18},"end":{"line":193,"column":27}}],"line":193},"14":{"loc":{"start":{"line":202,"column":4},"end":{"line":207,"column":5}},"type":"if","locations":[{"start":{"line":202,"column":4},"end":{"line":207,"column":5}},{"start":{},"end":{}}],"line":202},"15":{"loc":{"start":{"line":210,"column":4},"end":{"line":215,"column":5}},"type":"if","locations":[{"start":{"line":210,"column":4},"end":{"line":215,"column":5}},{"start":{},"end":{}}],"line":210},"16":{"loc":{"start":{"line":219,"column":4},"end":{"line":224,"column":5}},"type":"if","locations":[{"start":{"line":219,"column":4},"end":{"line":224,"column":5}},{"start":{},"end":{}}],"line":219},"17":{"loc":{"start":{"line":267,"column":4},"end":{"line":272,"column":5}},"type":"if","locations":[{"start":{"line":267,"column":4},"end":{"line":272,"column":5}},{"start":{},"end":{}}],"line":267},"18":{"loc":{"start":{"line":282,"column":4},"end":{"line":287,"column":5}},"type":"if","locations":[{"start":{"line":282,"column":4},"end":{"line":287,"column":5}},{"start":{},"end":{}}],"line":282},"19":{"loc":{"start":{"line":316,"column":4},"end":{"line":321,"column":5}},"type":"if","locations":[{"start":{"line":316,"column":4},"end":{"line":321,"column":5}},{"start":{},"end":{}}],"line":316},"20":{"loc":{"start":{"line":324,"column":4},"end":{"line":330,"column":5}},"type":"if","locations":[{"start":{"line":324,"column":4},"end":{"line":330,"column":5}},{"start":{},"end":{}}],"line":324},"21":{"loc":{"start":{"line":367,"column":4},"end":{"line":372,"column":5}},"type":"if","locations":[{"start":{"line":367,"column":4},"end":{"line":372,"column":5}},{"start":{},"end":{}}],"line":367},"22":{"loc":{"start":{"line":367,"column":8},"end":{"line":367,"column":30}},"type":"binary-expr","locations":[{"start":{"line":367,"column":8},"end":{"line":367,"column":14}},{"start":{"line":367,"column":18},"end":{"line":367,"column":30}}],"line":367},"23":{"loc":{"start":{"line":374,"column":4},"end":{"line":379,"column":5}},"type":"if","locations":[{"start":{"line":374,"column":4},"end":{"line":379,"column":5}},{"start":{},"end":{}}],"line":374},"24":{"loc":{"start":{"line":389,"column":4},"end":{"line":394,"column":5}},"type":"if","locations":[{"start":{"line":389,"column":4},"end":{"line":394,"column":5}},{"start":{},"end":{}}],"line":389},"25":{"loc":{"start":{"line":425,"column":4},"end":{"line":430,"column":5}},"type":"if","locations":[{"start":{"line":425,"column":4},"end":{"line":430,"column":5}},{"start":{},"end":{}}],"line":425},"26":{"loc":{"start":{"line":433,"column":4},"end":{"line":448,"column":5}},"type":"if","locations":[{"start":{"line":433,"column":4},"end":{"line":448,"column":5}},{"start":{},"end":{}}],"line":433},"27":{"loc":{"start":{"line":434,"column":6},"end":{"line":439,"column":7}},"type":"if","locations":[{"start":{"line":434,"column":6},"end":{"line":439,"column":7}},{"start":{},"end":{}}],"line":434},"28":{"loc":{"start":{"line":442,"column":6},"end":{"line":447,"column":7}},"type":"if","locations":[{"start":{"line":442,"column":6},"end":{"line":447,"column":7}},{"start":{},"end":{}}],"line":442},"29":{"loc":{"start":{"line":476,"column":4},"end":{"line":481,"column":5}},"type":"if","locations":[{"start":{"line":476,"column":4},"end":{"line":481,"column":5}},{"start":{},"end":{}}],"line":476},"30":{"loc":{"start":{"line":484,"column":4},"end":{"line":490,"column":5}},"type":"if","locations":[{"start":{"line":484,"column":4},"end":{"line":490,"column":5}},{"start":{},"end":{}}],"line":484},"31":{"loc":{"start":{"line":496,"column":4},"end":{"line":501,"column":5}},"type":"if","locations":[{"start":{"line":496,"column":4},"end":{"line":501,"column":5}},{"start":{},"end":{}}],"line":496},"32":{"loc":{"start":{"line":534,"column":4},"end":{"line":579,"column":5}},"type":"if","locations":[{"start":{"line":534,"column":4},"end":{"line":579,"column":5}},{"start":{},"end":{}}],"line":534},"33":{"loc":{"start":{"line":538,"column":8},"end":{"line":540,"column":9}},"type":"if","locations":[{"start":{"line":538,"column":8},"end":{"line":540,"column":9}},{"start":{},"end":{}}],"line":538},"34":{"loc":{"start":{"line":545,"column":8},"end":{"line":551,"column":9}},"type":"if","locations":[{"start":{"line":545,"column":8},"end":{"line":551,"column":9}},{"start":{},"end":{}}],"line":545},"35":{"loc":{"start":{"line":552,"column":8},"end":{"line":558,"column":9}},"type":"if","locations":[{"start":{"line":552,"column":8},"end":{"line":558,"column":9}},{"start":{},"end":{}}],"line":552},"36":{"loc":{"start":{"line":559,"column":8},"end":{"line":565,"column":9}},"type":"if","locations":[{"start":{"line":559,"column":8},"end":{"line":565,"column":9}},{"start":{},"end":{}}],"line":559},"37":{"loc":{"start":{"line":569,"column":8},"end":{"line":577,"column":9}},"type":"if","locations":[{"start":{"line":569,"column":8},"end":{"line":577,"column":9}},{"start":{"line":571,"column":15},"end":{"line":577,"column":9}}],"line":569},"38":{"loc":{"start":{"line":582,"column":26},"end":{"line":582,"column":60}},"type":"binary-expr","locations":[{"start":{"line":582,"column":26},"end":{"line":582,"column":48}},{"start":{"line":582,"column":52},"end":{"line":582,"column":60}}],"line":582},"39":{"loc":{"start":{"line":583,"column":23},"end":{"line":583,"column":51}},"type":"binary-expr","locations":[{"start":{"line":583,"column":23},"end":{"line":583,"column":42}},{"start":{"line":583,"column":46},"end":{"line":583,"column":51}}],"line":583},"40":{"loc":{"start":{"line":584,"column":22},"end":{"line":584,"column":48}},"type":"binary-expr","locations":[{"start":{"line":584,"column":22},"end":{"line":584,"column":40}},{"start":{"line":584,"column":44},"end":{"line":584,"column":48}}],"line":584},"41":{"loc":{"start":{"line":585,"column":26},"end":{"line":585,"column":60}},"type":"binary-expr","locations":[{"start":{"line":585,"column":26},"end":{"line":585,"column":48}},{"start":{"line":585,"column":52},"end":{"line":585,"column":60}}],"line":585},"42":{"loc":{"start":{"line":587,"column":4},"end":{"line":592,"column":5}},"type":"if","locations":[{"start":{"line":587,"column":4},"end":{"line":592,"column":5}},{"start":{},"end":{}}],"line":587},"43":{"loc":{"start":{"line":587,"column":8},"end":{"line":587,"column":37}},"type":"binary-expr","locations":[{"start":{"line":587,"column":8},"end":{"line":587,"column":22}},{"start":{"line":587,"column":26},"end":{"line":587,"column":37}}],"line":587},"44":{"loc":{"start":{"line":596,"column":4},"end":{"line":627,"column":5}},"type":"if","locations":[{"start":{"line":596,"column":4},"end":{"line":627,"column":5}},{"start":{"line":619,"column":11},"end":{"line":627,"column":5}}],"line":596},"45":{"loc":{"start":{"line":601,"column":14},"end":{"line":601,"column":51}},"type":"binary-expr","locations":[{"start":{"line":601,"column":14},"end":{"line":601,"column":23}},{"start":{"line":601,"column":27},"end":{"line":601,"column":51}}],"line":601},"46":{"loc":{"start":{"line":603,"column":25},"end":{"line":603,"column":60}},"type":"binary-expr","locations":[{"start":{"line":603,"column":25},"end":{"line":603,"column":52}},{"start":{"line":603,"column":56},"end":{"line":603,"column":60}}],"line":603},"47":{"loc":{"start":{"line":608,"column":16},"end":{"line":616,"column":14}},"type":"cond-expr","locations":[{"start":{"line":609,"column":12},"end":{"line":615,"column":13}},{"start":{"line":616,"column":12},"end":{"line":616,"column":14}}],"line":608},"48":{"loc":{"start":{"line":619,"column":11},"end":{"line":627,"column":5}},"type":"if","locations":[{"start":{"line":619,"column":11},"end":{"line":627,"column":5}},{"start":{},"end":{}}],"line":619},"49":{"loc":{"start":{"line":622,"column":6},"end":{"line":622,"column":57}},"type":"if","locations":[{"start":{"line":622,"column":6},"end":{"line":622,"column":57}},{"start":{},"end":{}}],"line":622},"50":{"loc":{"start":{"line":623,"column":6},"end":{"line":625,"column":7}},"type":"if","locations":[{"start":{"line":623,"column":6},"end":{"line":625,"column":7}},{"start":{},"end":{}}],"line":623},"51":{"loc":{"start":{"line":673,"column":4},"end":{"line":696,"column":5}},"type":"if","locations":[{"start":{"line":673,"column":4},"end":{"line":696,"column":5}},{"start":{},"end":{}}],"line":673},"52":{"loc":{"start":{"line":673,"column":8},"end":{"line":673,"column":48}},"type":"binary-expr","locations":[{"start":{"line":673,"column":8},"end":{"line":673,"column":19}},{"start":{"line":673,"column":23},"end":{"line":673,"column":48}}],"line":673},"53":{"loc":{"start":{"line":676,"column":8},"end":{"line":678,"column":9}},"type":"if","locations":[{"start":{"line":676,"column":8},"end":{"line":678,"column":9}},{"start":{},"end":{}}],"line":676},"54":{"loc":{"start":{"line":682,"column":8},"end":{"line":688,"column":9}},"type":"if","locations":[{"start":{"line":682,"column":8},"end":{"line":688,"column":9}},{"start":{},"end":{}}],"line":682},"55":{"loc":{"start":{"line":698,"column":4},"end":{"line":703,"column":5}},"type":"if","locations":[{"start":{"line":698,"column":4},"end":{"line":703,"column":5}},{"start":{},"end":{}}],"line":698},"56":{"loc":{"start":{"line":698,"column":8},"end":{"line":698,"column":29}},"type":"binary-expr","locations":[{"start":{"line":698,"column":8},"end":{"line":698,"column":19}},{"start":{"line":698,"column":23},"end":{"line":698,"column":29}}],"line":698},"57":{"loc":{"start":{"line":707,"column":4},"end":{"line":737,"column":5}},"type":"if","locations":[{"start":{"line":707,"column":4},"end":{"line":737,"column":5}},{"start":{"line":730,"column":11},"end":{"line":737,"column":5}}],"line":707},"58":{"loc":{"start":{"line":712,"column":14},"end":{"line":712,"column":41}},"type":"binary-expr","locations":[{"start":{"line":712,"column":14},"end":{"line":712,"column":18}},{"start":{"line":712,"column":22},"end":{"line":712,"column":41}}],"line":712},"59":{"loc":{"start":{"line":719,"column":16},"end":{"line":727,"column":14}},"type":"cond-expr","locations":[{"start":{"line":720,"column":12},"end":{"line":726,"column":13}},{"start":{"line":727,"column":12},"end":{"line":727,"column":14}}],"line":719},"60":{"loc":{"start":{"line":730,"column":11},"end":{"line":737,"column":5}},"type":"if","locations":[{"start":{"line":730,"column":11},"end":{"line":737,"column":5}},{"start":{},"end":{}}],"line":730},"61":{"loc":{"start":{"line":732,"column":6},"end":{"line":732,"column":57}},"type":"if","locations":[{"start":{"line":732,"column":6},"end":{"line":732,"column":57}},{"start":{},"end":{}}],"line":732},"62":{"loc":{"start":{"line":733,"column":6},"end":{"line":735,"column":7}},"type":"if","locations":[{"start":{"line":733,"column":6},"end":{"line":735,"column":7}},{"start":{},"end":{}}],"line":733},"63":{"loc":{"start":{"line":778,"column":4},"end":{"line":783,"column":5}},"type":"if","locations":[{"start":{"line":778,"column":4},"end":{"line":783,"column":5}},{"start":{},"end":{}}],"line":778},"64":{"loc":{"start":{"line":787,"column":4},"end":{"line":807,"column":5}},"type":"if","locations":[{"start":{"line":787,"column":4},"end":{"line":807,"column":5}},{"start":{},"end":{}}],"line":787},"65":{"loc":{"start":{"line":790,"column":8},"end":{"line":792,"column":9}},"type":"if","locations":[{"start":{"line":790,"column":8},"end":{"line":792,"column":9}},{"start":{},"end":{}}],"line":790},"66":{"loc":{"start":{"line":796,"column":8},"end":{"line":802,"column":9}},"type":"if","locations":[{"start":{"line":796,"column":8},"end":{"line":802,"column":9}},{"start":{},"end":{}}],"line":796},"67":{"loc":{"start":{"line":810,"column":25},"end":{"line":810,"column":57}},"type":"binary-expr","locations":[{"start":{"line":810,"column":25},"end":{"line":810,"column":46}},{"start":{"line":810,"column":50},"end":{"line":810,"column":57}}],"line":810},"68":{"loc":{"start":{"line":811,"column":23},"end":{"line":811,"column":51}},"type":"binary-expr","locations":[{"start":{"line":811,"column":23},"end":{"line":811,"column":42}},{"start":{"line":811,"column":46},"end":{"line":811,"column":51}}],"line":811},"69":{"loc":{"start":{"line":812,"column":28},"end":{"line":812,"column":66}},"type":"binary-expr","locations":[{"start":{"line":812,"column":28},"end":{"line":812,"column":55}},{"start":{"line":812,"column":59},"end":{"line":812,"column":66}}],"line":812},"70":{"loc":{"start":{"line":816,"column":4},"end":{"line":830,"column":5}},"type":"if","locations":[{"start":{"line":816,"column":4},"end":{"line":830,"column":5}},{"start":{},"end":{}}],"line":816},"71":{"loc":{"start":{"line":820,"column":15},"end":{"line":820,"column":79}},"type":"binary-expr","locations":[{"start":{"line":820,"column":15},"end":{"line":820,"column":40}},{"start":{"line":820,"column":44},"end":{"line":820,"column":79}}],"line":820},"72":{"loc":{"start":{"line":821,"column":14},"end":{"line":821,"column":34}},"type":"binary-expr","locations":[{"start":{"line":821,"column":14},"end":{"line":821,"column":18}},{"start":{"line":821,"column":22},"end":{"line":821,"column":34}}],"line":821},"73":{"loc":{"start":{"line":852,"column":23},"end":{"line":852,"column":59}},"type":"binary-expr","locations":[{"start":{"line":852,"column":23},"end":{"line":852,"column":50}},{"start":{"line":852,"column":54},"end":{"line":852,"column":59}}],"line":852}},"s":{"0":1,"1":1,"2":1,"3":1,"4":1,"5":0,"6":0,"7":0,"8":0,"9":0,"10":0,"11":0,"12":0,"13":0,"14":0,"15":0,"16":0,"17":0,"18":0,"19":0,"20":1,"21":4,"22":4,"23":4,"24":1,"25":3,"26":1,"27":2,"28":0,"29":0,"30":0,"31":0,"32":0,"33":0,"34":0,"35":0,"36":0,"37":0,"38":0,"39":0,"40":0,"41":0,"42":2,"43":2,"44":1,"45":4,"46":4,"47":4,"48":1,"49":3,"50":0,"51":0,"52":0,"53":0,"54":0,"55":0,"56":0,"57":0,"58":0,"59":0,"60":0,"61":0,"62":3,"63":3,"64":1,"65":2,"66":2,"67":2,"68":1,"69":1,"70":1,"71":0,"72":0,"73":0,"74":0,"75":0,"76":0,"77":0,"78":0,"79":0,"80":1,"81":0,"82":0,"83":0,"84":0,"85":0,"86":0,"87":0,"88":0,"89":0,"90":0,"91":0,"92":0,"93":0,"94":0,"95":0,"96":0,"97":1,"98":0,"99":0,"100":0,"101":0,"102":0,"103":0,"104":0,"105":0,"106":0,"107":0,"108":0,"109":0,"110":0,"111":0,"112":0,"113":0,"114":0,"115":1,"116":0,"117":0,"118":0,"119":0,"120":0,"121":0,"122":0,"123":0,"124":0,"125":0,"126":0,"127":0,"128":0,"129":0,"130":0,"131":0,"132":1,"133":3,"134":3,"135":3,"136":1,"137":2,"138":1,"139":1,"140":1,"141":1,"142":1,"143":0,"144":0,"145":0,"146":0,"147":1,"148":1,"149":1,"150":0,"151":0,"152":0,"153":0,"154":0,"155":0,"156":0,"157":0,"158":0,"159":0,"160":0,"161":0,"162":0,"163":0,"164":0,"165":0,"166":0,"167":0,"168":0,"169":0,"170":0,"171":0,"172":0,"173":0,"174":0,"175":0,"176":0,"177":0,"178":0,"179":0,"180":0,"181":0,"182":0,"183":0,"184":0,"185":0,"186":0,"187":0,"188":0,"189":0,"190":0,"191":0,"192":0,"193":1,"194":0,"195":0,"196":0,"197":0,"198":0,"199":0,"200":0,"201":0,"202":0,"203":0,"204":0,"205":0,"206":0,"207":0,"208":0,"209":0,"210":0,"211":0,"212":0,"213":0,"214":0,"215":0,"216":0,"217":0,"218":0,"219":0,"220":0,"221":0,"222":0,"223":0,"224":0,"225":0,"226":1,"227":0,"228":0,"229":0,"230":0,"231":0,"232":0,"233":0,"234":0,"235":0,"236":0,"237":0,"238":0,"239":0,"240":0,"241":0,"242":0,"243":0,"244":0,"245":0,"246":0,"247":0,"248":0,"249":0,"250":0,"251":0,"252":0,"253":0,"254":0},"f":{"0":0,"1":0,"2":4,"3":4,"4":2,"5":0,"6":0,"7":0,"8":3,"9":0,"10":0,"11":0},"b":{"0":[0,0],"1":[0,0],"2":[0,0],"3":[0,0],"4":[0,0],"5":[1,3],"6":[4,3,3],"7":[1,2],"8":[0,0],"9":[0,0],"10":[0,0],"11":[0,0],"12":[1,3],"13":[4,3],"14":[0,0],"15":[0,0],"16":[0,0],"17":[1,1],"18":[0,0],"19":[0,0],"20":[0,0],"21":[0,0],"22":[0,0],"23":[0,0],"24":[0,0],"25":[0,0],"26":[0,0],"27":[0,0],"28":[0,0],"29":[1,2],"30":[1,1],"31":[0,0],"32":[0,0],"33":[0,0],"34":[0,0],"35":[0,0],"36":[0,0],"37":[0,0],"38":[0,0],"39":[0,0],"40":[0,0],"41":[0,0],"42":[0,0],"43":[0,0],"44":[0,0],"45":[0,0],"46":[0,0],"47":[0,0],"48":[0,0],"49":[0,0],"50":[0,0],"51":[0,0],"52":[0,0],"53":[0,0],"54":[0,0],"55":[0,0],"56":[0,0],"57":[0,0],"58":[0,0],"59":[0,0],"60":[0,0],"61":[0,0],"62":[0,0],"63":[0,0],"64":[0,0],"65":[0,0],"66":[0,0],"67":[0,0],"68":[0,0],"69":[0,0],"70":[0,0],"71":[0,0],"72":[0,0],"73":[0,0]},"inputSourceMap":null,"_coverageSchema":"1a1c01bbd47fc00a2c39e90264f33305004495a9","hash":"59b3a08c632e8e05d558abd5432b6b5f31017272"}
,"/home/behar/dating-app/backend/models/User.js": {"path":"/home/behar/dating-app/backend/models/User.js","statementMap":{"0":{"start":{"line":1,"column":17},"end":{"line":1,"column":36}},"1":{"start":{"line":2,"column":15},"end":{"line":2,"column":34}},"2":{"start":{"line":4,"column":19},"end":{"line":570,"column":1}},"3":{"start":{"line":177,"column":12},"end":{"line":183,"column":14}},"4":{"start":{"line":573,"column":0},"end":{"line":583,"column":3}},"5":{"start":{"line":574,"column":2},"end":{"line":574,"column":50}},"6":{"start":{"line":574,"column":36},"end":{"line":574,"column":50}},"7":{"start":{"line":576,"column":2},"end":{"line":582,"column":3}},"8":{"start":{"line":577,"column":17},"end":{"line":577,"column":41}},"9":{"start":{"line":578,"column":4},"end":{"line":578,"column":59}},"10":{"start":{"line":579,"column":4},"end":{"line":579,"column":11}},"11":{"start":{"line":581,"column":4},"end":{"line":581,"column":16}},"12":{"start":{"line":586,"column":0},"end":{"line":588,"column":2}},"13":{"start":{"line":587,"column":2},"end":{"line":587,"column":62}},"14":{"start":{"line":591,"column":0},"end":{"line":604,"column":2}},"15":{"start":{"line":592,"column":14},"end":{"line":592,"column":37}},"16":{"start":{"line":595,"column":2},"end":{"line":599,"column":3}},"17":{"start":{"line":596,"column":4},"end":{"line":598,"column":6}},"18":{"start":{"line":601,"column":2},"end":{"line":603,"column":5}},"19":{"start":{"line":607,"column":0},"end":{"line":620,"column":2}},"20":{"start":{"line":608,"column":14},"end":{"line":608,"column":37}},"21":{"start":{"line":611,"column":2},"end":{"line":615,"column":3}},"22":{"start":{"line":612,"column":4},"end":{"line":614,"column":6}},"23":{"start":{"line":617,"column":2},"end":{"line":619,"column":5}},"24":{"start":{"line":623,"column":0},"end":{"line":623,"column":43}},"25":{"start":{"line":626,"column":0},"end":{"line":632,"column":3}},"26":{"start":{"line":636,"column":0},"end":{"line":636,"column":64}},"27":{"start":{"line":638,"column":0},"end":{"line":638,"column":79}},"28":{"start":{"line":641,"column":0},"end":{"line":652,"column":3}},"29":{"start":{"line":642,"column":14},"end":{"line":642,"column":15}},"30":{"start":{"line":643,"column":17},"end":{"line":643,"column":84}},"31":{"start":{"line":645,"column":2},"end":{"line":649,"column":5}},"32":{"start":{"line":646,"column":4},"end":{"line":648,"column":5}},"33":{"start":{"line":647,"column":6},"end":{"line":647,"column":17}},"34":{"start":{"line":651,"column":2},"end":{"line":651,"column":51}},"35":{"start":{"line":655,"column":0},"end":{"line":662,"column":2}},"36":{"start":{"line":656,"column":2},"end":{"line":659,"column":4}},"37":{"start":{"line":660,"column":2},"end":{"line":660,"column":31}},"38":{"start":{"line":661,"column":2},"end":{"line":661,"column":21}},"39":{"start":{"line":665,"column":0},"end":{"line":695,"column":2}},"40":{"start":{"line":666,"column":16},"end":{"line":677,"column":3}},"41":{"start":{"line":680,"column":2},"end":{"line":682,"column":3}},"42":{"start":{"line":681,"column":4},"end":{"line":681,"column":43}},"43":{"start":{"line":684,"column":2},"end":{"line":688,"column":3}},"44":{"start":{"line":685,"column":4},"end":{"line":685,"column":19}},"45":{"start":{"line":686,"column":4},"end":{"line":686,"column":56}},"46":{"start":{"line":686,"column":24},"end":{"line":686,"column":56}},"47":{"start":{"line":687,"column":4},"end":{"line":687,"column":56}},"48":{"start":{"line":687,"column":24},"end":{"line":687,"column":56}},"49":{"start":{"line":690,"column":2},"end":{"line":692,"column":3}},"50":{"start":{"line":691,"column":4},"end":{"line":691,"column":45}},"51":{"start":{"line":694,"column":2},"end":{"line":694,"column":26}},"52":{"start":{"line":697,"column":0},"end":{"line":697,"column":52}}},"fnMap":{"0":{"name":"(anonymous_0)","decl":{"start":{"line":176,"column":21},"end":{"line":176,"column":22}},"loc":{"start":{"line":176,"column":34},"end":{"line":184,"column":11}},"line":176},"1":{"name":"(anonymous_1)","decl":{"start":{"line":573,"column":23},"end":{"line":573,"column":24}},"loc":{"start":{"line":573,"column":45},"end":{"line":583,"column":1}},"line":573},"2":{"name":"(anonymous_2)","decl":{"start":{"line":586,"column":35},"end":{"line":586,"column":36}},"loc":{"start":{"line":586,"column":68},"end":{"line":588,"column":1}},"line":586},"3":{"name":"(anonymous_3)","decl":{"start":{"line":591,"column":39},"end":{"line":591,"column":40}},"loc":{"start":{"line":591,"column":51},"end":{"line":604,"column":1}},"line":591},"4":{"name":"(anonymous_4)","decl":{"start":{"line":607,"column":42},"end":{"line":607,"column":43}},"loc":{"start":{"line":607,"column":54},"end":{"line":620,"column":1}},"line":607},"5":{"name":"(anonymous_5)","decl":{"start":{"line":641,"column":46},"end":{"line":641,"column":47}},"loc":{"start":{"line":641,"column":58},"end":{"line":652,"column":1}},"line":641},"6":{"name":"(anonymous_6)","decl":{"start":{"line":645,"column":17},"end":{"line":645,"column":18}},"loc":{"start":{"line":645,"column":28},"end":{"line":649,"column":3}},"line":645},"7":{"name":"(anonymous_7)","decl":{"start":{"line":655,"column":36},"end":{"line":655,"column":37}},"loc":{"start":{"line":655,"column":67},"end":{"line":662,"column":1}},"line":655},"8":{"name":"(anonymous_8)","decl":{"start":{"line":665,"column":32},"end":{"line":665,"column":33}},"loc":{"start":{"line":665,"column":90},"end":{"line":695,"column":1}},"line":665}},"branchMap":{"0":{"loc":{"start":{"line":178,"column":14},"end":{"line":182,"column":24}},"type":"binary-expr","locations":[{"start":{"line":178,"column":14},"end":{"line":178,"column":28}},{"start":{"line":179,"column":14},"end":{"line":179,"column":26}},{"start":{"line":180,"column":14},"end":{"line":180,"column":25}},{"start":{"line":181,"column":14},"end":{"line":181,"column":25}},{"start":{"line":182,"column":14},"end":{"line":182,"column":24}}],"line":178},"1":{"loc":{"start":{"line":574,"column":2},"end":{"line":574,"column":50}},"type":"if","locations":[{"start":{"line":574,"column":2},"end":{"line":574,"column":50}},{"start":{},"end":{}}],"line":574},"2":{"loc":{"start":{"line":595,"column":2},"end":{"line":599,"column":3}},"type":"if","locations":[{"start":{"line":595,"column":2},"end":{"line":599,"column":3}},{"start":{},"end":{}}],"line":595},"3":{"loc":{"start":{"line":611,"column":2},"end":{"line":615,"column":3}},"type":"if","locations":[{"start":{"line":611,"column":2},"end":{"line":615,"column":3}},{"start":{},"end":{}}],"line":611},"4":{"loc":{"start":{"line":646,"column":4},"end":{"line":648,"column":5}},"type":"if","locations":[{"start":{"line":646,"column":4},"end":{"line":648,"column":5}},{"start":{},"end":{}}],"line":646},"5":{"loc":{"start":{"line":646,"column":8},"end":{"line":646,"column":83}},"type":"binary-expr","locations":[{"start":{"line":646,"column":8},"end":{"line":646,"column":19}},{"start":{"line":646,"column":24},"end":{"line":646,"column":82}}],"line":646},"6":{"loc":{"start":{"line":646,"column":24},"end":{"line":646,"column":82}},"type":"cond-expr","locations":[{"start":{"line":646,"column":53},"end":{"line":646,"column":75}},{"start":{"line":646,"column":78},"end":{"line":646,"column":82}}],"line":646},"7":{"loc":{"start":{"line":665,"column":76},"end":{"line":665,"column":88}},"type":"default-arg","locations":[{"start":{"line":665,"column":86},"end":{"line":665,"column":88}}],"line":665},"8":{"loc":{"start":{"line":680,"column":2},"end":{"line":682,"column":3}},"type":"if","locations":[{"start":{"line":680,"column":2},"end":{"line":682,"column":3}},{"start":{},"end":{}}],"line":680},"9":{"loc":{"start":{"line":680,"column":6},"end":{"line":680,"column":66}},"type":"binary-expr","locations":[{"start":{"line":680,"column":6},"end":{"line":680,"column":29}},{"start":{"line":680,"column":33},"end":{"line":680,"column":66}}],"line":680},"10":{"loc":{"start":{"line":684,"column":2},"end":{"line":688,"column":3}},"type":"if","locations":[{"start":{"line":684,"column":2},"end":{"line":688,"column":3}},{"start":{},"end":{}}],"line":684},"11":{"loc":{"start":{"line":684,"column":6},"end":{"line":684,"column":38}},"type":"binary-expr","locations":[{"start":{"line":684,"column":6},"end":{"line":684,"column":20}},{"start":{"line":684,"column":24},"end":{"line":684,"column":38}}],"line":684},"12":{"loc":{"start":{"line":686,"column":4},"end":{"line":686,"column":56}},"type":"if","locations":[{"start":{"line":686,"column":4},"end":{"line":686,"column":56}},{"start":{},"end":{}}],"line":686},"13":{"loc":{"start":{"line":687,"column":4},"end":{"line":687,"column":56}},"type":"if","locations":[{"start":{"line":687,"column":4},"end":{"line":687,"column":56}},{"start":{},"end":{}}],"line":687},"14":{"loc":{"start":{"line":690,"column":2},"end":{"line":692,"column":3}},"type":"if","locations":[{"start":{"line":690,"column":2},"end":{"line":692,"column":3}},{"start":{},"end":{}}],"line":690},"15":{"loc":{"start":{"line":690,"column":6},"end":{"line":690,"column":57}},"type":"binary-expr","locations":[{"start":{"line":690,"column":6},"end":{"line":690,"column":24}},{"start":{"line":690,"column":28},"end":{"line":690,"column":57}}],"line":690}},"s":{"0":2,"1":2,"2":2,"3":0,"4":2,"5":0,"6":0,"7":0,"8":0,"9":0,"10":0,"11":0,"12":2,"13":0,"14":2,"15":0,"16":0,"17":0,"18":0,"19":2,"20":0,"21":0,"22":0,"23":0,"24":2,"25":2,"26":2,"27":2,"28":2,"29":0,"30":0,"31":0,"32":0,"33":0,"34":0,"35":2,"36":0,"37":0,"38":0,"39":2,"40":0,"41":0,"42":0,"43":0,"44":0,"45":0,"46":0,"47":0,"48":0,"49":0,"50":0,"51":0,"52":2},"f":{"0":0,"1":0,"2":0,"3":0,"4":0,"5":0,"6":0,"7":0,"8":0},"b":{"0":[0,0,0,0,0],"1":[0,0],"2":[0,0],"3":[0,0],"4":[0,0],"5":[0,0],"6":[0,0],"7":[0],"8":[0,0],"9":[0,0],"10":[0,0],"11":[0,0],"12":[0,0],"13":[0,0],"14":[0,0],"15":[0,0]},"inputSourceMap":null,"_coverageSchema":"1a1c01bbd47fc00a2c39e90264f33305004495a9","hash":"650ab9584d7618dd15be720c3c76103dbac8b0a1"}
,"/home/behar/dating-app/backend/utils/oauthVerifier.js": {"path":"/home/behar/dating-app/backend/utils/oauthVerifier.js","statementMap":{"0":{"start":{"line":8,"column":15},"end":{"line":8,"column":32}},"1":{"start":{"line":9,"column":25},"end":{"line":9,"column":55}},"2":{"start":{"line":10,"column":14},"end":{"line":10,"column":38}},"3":{"start":{"line":13,"column":21},"end":{"line":13,"column":39}},"4":{"start":{"line":22,"column":26},"end":{"line":86,"column":1}},"5":{"start":{"line":23,"column":2},"end":{"line":25,"column":3}},"6":{"start":{"line":24,"column":4},"end":{"line":24,"column":51}},"7":{"start":{"line":28,"column":27},"end":{"line":28,"column":67}},"8":{"start":{"line":32,"column":24},"end":{"line":34,"column":17}},"9":{"start":{"line":36,"column":2},"end":{"line":85,"column":3}},"10":{"start":{"line":37,"column":19},"end":{"line":37,"column":66}},"11":{"start":{"line":38,"column":20},"end":{"line":38,"column":39}},"12":{"start":{"line":40,"column":4},"end":{"line":42,"column":5}},"13":{"start":{"line":41,"column":6},"end":{"line":41,"column":58}},"14":{"start":{"line":45,"column":16},"end":{"line":45,"column":45}},"15":{"start":{"line":46,"column":4},"end":{"line":48,"column":5}},"16":{"start":{"line":47,"column":6},"end":{"line":47,"column":50}},"17":{"start":{"line":51,"column":25},"end":{"line":51,"column":79}},"18":{"start":{"line":52,"column":4},"end":{"line":54,"column":5}},"19":{"start":{"line":53,"column":6},"end":{"line":53,"column":53}},"20":{"start":{"line":56,"column":4},"end":{"line":64,"column":6}},"21":{"start":{"line":67,"column":18},"end":{"line":67,"column":69}},"22":{"start":{"line":68,"column":25},"end":{"line":68,"column":44}},"23":{"start":{"line":70,"column":4},"end":{"line":72,"column":5}},"24":{"start":{"line":71,"column":6},"end":{"line":71,"column":79}},"25":{"start":{"line":73,"column":4},"end":{"line":75,"column":5}},"26":{"start":{"line":74,"column":6},"end":{"line":74,"column":85}},"27":{"start":{"line":76,"column":4},"end":{"line":78,"column":5}},"28":{"start":{"line":77,"column":6},"end":{"line":77,"column":108}},"29":{"start":{"line":79,"column":4},"end":{"line":81,"column":5}},"30":{"start":{"line":80,"column":6},"end":{"line":80,"column":115}},"31":{"start":{"line":83,"column":4},"end":{"line":83,"column":61}},"32":{"start":{"line":84,"column":4},"end":{"line":84,"column":73}},"33":{"start":{"line":95,"column":28},"end":{"line":161,"column":1}},"34":{"start":{"line":96,"column":2},"end":{"line":98,"column":3}},"35":{"start":{"line":97,"column":4},"end":{"line":97,"column":70}},"36":{"start":{"line":100,"column":16},"end":{"line":100,"column":43}},"37":{"start":{"line":101,"column":20},"end":{"line":101,"column":51}},"38":{"start":{"line":105,"column":2},"end":{"line":112,"column":3}},"39":{"start":{"line":106,"column":4},"end":{"line":106,"column":95}},"40":{"start":{"line":107,"column":4},"end":{"line":111,"column":6}},"41":{"start":{"line":114,"column":2},"end":{"line":160,"column":3}},"42":{"start":{"line":116,"column":30},"end":{"line":116,"column":153}},"43":{"start":{"line":117,"column":29},"end":{"line":117,"column":63}},"44":{"start":{"line":118,"column":27},"end":{"line":118,"column":61}},"45":{"start":{"line":121,"column":26},"end":{"line":121,"column":124}},"46":{"start":{"line":122,"column":26},"end":{"line":122,"column":56}},"47":{"start":{"line":123,"column":22},"end":{"line":123,"column":45}},"48":{"start":{"line":125,"column":4},"end":{"line":127,"column":5}},"49":{"start":{"line":126,"column":6},"end":{"line":126,"column":69}},"50":{"start":{"line":130,"column":4},"end":{"line":132,"column":5}},"51":{"start":{"line":131,"column":6},"end":{"line":131,"column":51}},"52":{"start":{"line":135,"column":4},"end":{"line":137,"column":5}},"53":{"start":{"line":136,"column":6},"end":{"line":136,"column":79}},"54":{"start":{"line":140,"column":4},"end":{"line":142,"column":5}},"55":{"start":{"line":141,"column":6},"end":{"line":141,"column":59}},"56":{"start":{"line":144,"column":4},"end":{"line":149,"column":6}},"57":{"start":{"line":151,"column":18},"end":{"line":151,"column":21}},"58":{"start":{"line":152,"column":4},"end":{"line":158,"column":5}},"59":{"start":{"line":153,"column":22},"end":{"line":153,"column":47}},"60":{"start":{"line":154,"column":6},"end":{"line":156,"column":7}},"61":{"start":{"line":155,"column":8},"end":{"line":155,"column":97}},"62":{"start":{"line":157,"column":6},"end":{"line":157,"column":66}},"63":{"start":{"line":159,"column":4},"end":{"line":159,"column":16}},"64":{"start":{"line":171,"column":25},"end":{"line":247,"column":1}},"65":{"start":{"line":172,"column":2},"end":{"line":174,"column":3}},"66":{"start":{"line":173,"column":4},"end":{"line":173,"column":68}},"67":{"start":{"line":177,"column":2},"end":{"line":184,"column":3}},"68":{"start":{"line":178,"column":4},"end":{"line":178,"column":88}},"69":{"start":{"line":179,"column":4},"end":{"line":183,"column":6}},"70":{"start":{"line":186,"column":2},"end":{"line":246,"column":3}},"71":{"start":{"line":187,"column":16},"end":{"line":187,"column":39}},"72":{"start":{"line":190,"column":23},"end":{"line":190,"column":47}},"73":{"start":{"line":191,"column":4},"end":{"line":193,"column":5}},"74":{"start":{"line":192,"column":6},"end":{"line":192,"column":61}},"75":{"start":{"line":195,"column":19},"end":{"line":195,"column":78}},"76":{"start":{"line":196,"column":16},"end":{"line":196,"column":26}},"77":{"start":{"line":198,"column":4},"end":{"line":200,"column":5}},"78":{"start":{"line":199,"column":6},"end":{"line":199,"column":52}},"79":{"start":{"line":203,"column":25},"end":{"line":203,"column":79}},"80":{"start":{"line":204,"column":17},"end":{"line":204,"column":39}},"81":{"start":{"line":207,"column":16},"end":{"line":207,"column":45}},"82":{"start":{"line":207,"column":31},"end":{"line":207,"column":44}},"83":{"start":{"line":208,"column":4},"end":{"line":210,"column":5}},"84":{"start":{"line":209,"column":6},"end":{"line":209,"column":75}},"85":{"start":{"line":213,"column":22},"end":{"line":213,"column":43}},"86":{"start":{"line":216,"column":20},"end":{"line":219,"column":6}},"87":{"start":{"line":222,"column":20},"end":{"line":222,"column":79}},"88":{"start":{"line":225,"column":4},"end":{"line":227,"column":5}},"89":{"start":{"line":226,"column":6},"end":{"line":226,"column":48}},"90":{"start":{"line":229,"column":4},"end":{"line":236,"column":6}},"91":{"start":{"line":238,"column":18},"end":{"line":238,"column":69}},"92":{"start":{"line":239,"column":4},"end":{"line":241,"column":5}},"93":{"start":{"line":240,"column":6},"end":{"line":240,"column":81}},"94":{"start":{"line":242,"column":4},"end":{"line":244,"column":5}},"95":{"start":{"line":243,"column":6},"end":{"line":243,"column":77}},"96":{"start":{"line":245,"column":4},"end":{"line":245,"column":16}},"97":{"start":{"line":254,"column":2},"end":{"line":274,"column":4}},"98":{"start":{"line":257,"column":21},"end":{"line":257,"column":24}},"99":{"start":{"line":260,"column":20},"end":{"line":260,"column":82}},"100":{"start":{"line":261,"column":20},"end":{"line":261,"column":82}},"101":{"start":{"line":264,"column":22},"end":{"line":271,"column":6}},"102":{"start":{"line":273,"column":4},"end":{"line":273,"column":61}},"103":{"start":{"line":282,"column":25},"end":{"line":303,"column":1}},"104":{"start":{"line":283,"column":18},"end":{"line":300,"column":3}},"105":{"start":{"line":302,"column":2},"end":{"line":302,"column":93}},"106":{"start":{"line":305,"column":0},"end":{"line":310,"column":2}}},"fnMap":{"0":{"name":"(anonymous_0)","decl":{"start":{"line":22,"column":26},"end":{"line":22,"column":27}},"loc":{"start":{"line":22,"column":67},"end":{"line":86,"column":1}},"line":22},"1":{"name":"(anonymous_1)","decl":{"start":{"line":95,"column":28},"end":{"line":95,"column":29}},"loc":{"start":{"line":95,"column":63},"end":{"line":161,"column":1}},"line":95},"2":{"name":"(anonymous_2)","decl":{"start":{"line":171,"column":25},"end":{"line":171,"column":26}},"loc":{"start":{"line":171,"column":59},"end":{"line":247,"column":1}},"line":171},"3":{"name":"(anonymous_3)","decl":{"start":{"line":207,"column":26},"end":{"line":207,"column":27}},"loc":{"start":{"line":207,"column":31},"end":{"line":207,"column":44}},"line":207},"4":{"name":"createJwkToPem","decl":{"start":{"line":253,"column":9},"end":{"line":253,"column":23}},"loc":{"start":{"line":253,"column":26},"end":{"line":275,"column":1}},"line":253},"5":{"name":"(anonymous_5)","decl":{"start":{"line":254,"column":9},"end":{"line":254,"column":10}},"loc":{"start":{"line":254,"column":23},"end":{"line":274,"column":3}},"line":254},"6":{"name":"(anonymous_6)","decl":{"start":{"line":282,"column":25},"end":{"line":282,"column":26}},"loc":{"start":{"line":282,"column":39},"end":{"line":303,"column":1}},"line":282}},"branchMap":{"0":{"loc":{"start":{"line":22,"column":42},"end":{"line":22,"column":62}},"type":"default-arg","locations":[{"start":{"line":22,"column":53},"end":{"line":22,"column":62}}],"line":22},"1":{"loc":{"start":{"line":23,"column":2},"end":{"line":25,"column":3}},"type":"if","locations":[{"start":{"line":23,"column":2},"end":{"line":25,"column":3}},{"start":{},"end":{}}],"line":23},"2":{"loc":{"start":{"line":28,"column":27},"end":{"line":28,"column":67}},"type":"binary-expr","locations":[{"start":{"line":28,"column":27},"end":{"line":28,"column":35}},{"start":{"line":28,"column":39},"end":{"line":28,"column":67}}],"line":28},"3":{"loc":{"start":{"line":32,"column":24},"end":{"line":34,"column":17}},"type":"cond-expr","locations":[{"start":{"line":33,"column":6},"end":{"line":33,"column":45}},{"start":{"line":34,"column":6},"end":{"line":34,"column":17}}],"line":32},"4":{"loc":{"start":{"line":40,"column":4},"end":{"line":42,"column":5}},"type":"if","locations":[{"start":{"line":40,"column":4},"end":{"line":42,"column":5}},{"start":{},"end":{}}],"line":40},"5":{"loc":{"start":{"line":46,"column":4},"end":{"line":48,"column":5}},"type":"if","locations":[{"start":{"line":46,"column":4},"end":{"line":48,"column":5}},{"start":{},"end":{}}],"line":46},"6":{"loc":{"start":{"line":46,"column":8},"end":{"line":46,"column":40}},"type":"binary-expr","locations":[{"start":{"line":46,"column":8},"end":{"line":46,"column":19}},{"start":{"line":46,"column":23},"end":{"line":46,"column":40}}],"line":46},"7":{"loc":{"start":{"line":52,"column":4},"end":{"line":54,"column":5}},"type":"if","locations":[{"start":{"line":52,"column":4},"end":{"line":54,"column":5}},{"start":{},"end":{}}],"line":52},"8":{"loc":{"start":{"line":59,"column":12},"end":{"line":59,"column":95}},"type":"binary-expr","locations":[{"start":{"line":59,"column":12},"end":{"line":59,"column":24}},{"start":{"line":59,"column":28},"end":{"line":59,"column":46}},{"start":{"line":59,"column":50},"end":{"line":59,"column":78}},{"start":{"line":59,"column":82},"end":{"line":59,"column":95}}],"line":59},"9":{"loc":{"start":{"line":61,"column":21},"end":{"line":61,"column":52}},"type":"binary-expr","locations":[{"start":{"line":61,"column":21},"end":{"line":61,"column":43}},{"start":{"line":61,"column":47},"end":{"line":61,"column":52}}],"line":61},"10":{"loc":{"start":{"line":67,"column":18},"end":{"line":67,"column":69}},"type":"cond-expr","locations":[{"start":{"line":67,"column":41},"end":{"line":67,"column":44}},{"start":{"line":67,"column":47},"end":{"line":67,"column":69}}],"line":67},"11":{"loc":{"start":{"line":68,"column":25},"end":{"line":68,"column":44}},"type":"binary-expr","locations":[{"start":{"line":68,"column":25},"end":{"line":68,"column":38}},{"start":{"line":68,"column":42},"end":{"line":68,"column":44}}],"line":68},"12":{"loc":{"start":{"line":70,"column":4},"end":{"line":72,"column":5}},"type":"if","locations":[{"start":{"line":70,"column":4},"end":{"line":72,"column":5}},{"start":{},"end":{}}],"line":70},"13":{"loc":{"start":{"line":73,"column":4},"end":{"line":75,"column":5}},"type":"if","locations":[{"start":{"line":73,"column":4},"end":{"line":75,"column":5}},{"start":{},"end":{}}],"line":73},"14":{"loc":{"start":{"line":76,"column":4},"end":{"line":78,"column":5}},"type":"if","locations":[{"start":{"line":76,"column":4},"end":{"line":78,"column":5}},{"start":{},"end":{}}],"line":76},"15":{"loc":{"start":{"line":79,"column":4},"end":{"line":81,"column":5}},"type":"if","locations":[{"start":{"line":79,"column":4},"end":{"line":81,"column":5}},{"start":{},"end":{}}],"line":79},"16":{"loc":{"start":{"line":96,"column":2},"end":{"line":98,"column":3}},"type":"if","locations":[{"start":{"line":96,"column":2},"end":{"line":98,"column":3}},{"start":{},"end":{}}],"line":96},"17":{"loc":{"start":{"line":96,"column":6},"end":{"line":96,"column":33}},"type":"binary-expr","locations":[{"start":{"line":96,"column":6},"end":{"line":96,"column":18}},{"start":{"line":96,"column":22},"end":{"line":96,"column":33}}],"line":96},"18":{"loc":{"start":{"line":105,"column":2},"end":{"line":112,"column":3}},"type":"if","locations":[{"start":{"line":105,"column":2},"end":{"line":112,"column":3}},{"start":{},"end":{}}],"line":105},"19":{"loc":{"start":{"line":105,"column":6},"end":{"line":105,"column":26}},"type":"binary-expr","locations":[{"start":{"line":105,"column":6},"end":{"line":105,"column":12}},{"start":{"line":105,"column":16},"end":{"line":105,"column":26}}],"line":105},"20":{"loc":{"start":{"line":125,"column":4},"end":{"line":127,"column":5}},"type":"if","locations":[{"start":{"line":125,"column":4},"end":{"line":127,"column":5}},{"start":{},"end":{}}],"line":125},"21":{"loc":{"start":{"line":130,"column":4},"end":{"line":132,"column":5}},"type":"if","locations":[{"start":{"line":130,"column":4},"end":{"line":132,"column":5}},{"start":{},"end":{}}],"line":130},"22":{"loc":{"start":{"line":135,"column":4},"end":{"line":137,"column":5}},"type":"if","locations":[{"start":{"line":135,"column":4},"end":{"line":137,"column":5}},{"start":{},"end":{}}],"line":135},"23":{"loc":{"start":{"line":140,"column":4},"end":{"line":142,"column":5}},"type":"if","locations":[{"start":{"line":140,"column":4},"end":{"line":142,"column":5}},{"start":{},"end":{}}],"line":140},"24":{"loc":{"start":{"line":140,"column":8},"end":{"line":140,"column":84}},"type":"binary-expr","locations":[{"start":{"line":140,"column":8},"end":{"line":140,"column":28}},{"start":{"line":140,"column":32},"end":{"line":140,"column":84}}],"line":140},"25":{"loc":{"start":{"line":147,"column":14},"end":{"line":147,"column":36}},"type":"binary-expr","locations":[{"start":{"line":147,"column":14},"end":{"line":147,"column":30}},{"start":{"line":147,"column":34},"end":{"line":147,"column":36}}],"line":147},"26":{"loc":{"start":{"line":152,"column":4},"end":{"line":158,"column":5}},"type":"if","locations":[{"start":{"line":152,"column":4},"end":{"line":158,"column":5}},{"start":{},"end":{}}],"line":152},"27":{"loc":{"start":{"line":154,"column":6},"end":{"line":156,"column":7}},"type":"if","locations":[{"start":{"line":154,"column":6},"end":{"line":156,"column":7}},{"start":{},"end":{}}],"line":154},"28":{"loc":{"start":{"line":172,"column":2},"end":{"line":174,"column":3}},"type":"if","locations":[{"start":{"line":172,"column":2},"end":{"line":174,"column":3}},{"start":{},"end":{}}],"line":172},"29":{"loc":{"start":{"line":172,"column":6},"end":{"line":172,"column":32}},"type":"binary-expr","locations":[{"start":{"line":172,"column":6},"end":{"line":172,"column":20}},{"start":{"line":172,"column":24},"end":{"line":172,"column":32}}],"line":172},"30":{"loc":{"start":{"line":177,"column":2},"end":{"line":184,"column":3}},"type":"if","locations":[{"start":{"line":177,"column":2},"end":{"line":184,"column":3}},{"start":{},"end":{}}],"line":177},"31":{"loc":{"start":{"line":191,"column":4},"end":{"line":193,"column":5}},"type":"if","locations":[{"start":{"line":191,"column":4},"end":{"line":193,"column":5}},{"start":{},"end":{}}],"line":191},"32":{"loc":{"start":{"line":198,"column":4},"end":{"line":200,"column":5}},"type":"if","locations":[{"start":{"line":198,"column":4},"end":{"line":200,"column":5}},{"start":{},"end":{}}],"line":198},"33":{"loc":{"start":{"line":208,"column":4},"end":{"line":210,"column":5}},"type":"if","locations":[{"start":{"line":208,"column":4},"end":{"line":210,"column":5}},{"start":{},"end":{}}],"line":208},"34":{"loc":{"start":{"line":222,"column":20},"end":{"line":222,"column":79}},"type":"cond-expr","locations":[{"start":{"line":222,"column":50},"end":{"line":222,"column":69}},{"start":{"line":222,"column":72},"end":{"line":222,"column":79}}],"line":222},"35":{"loc":{"start":{"line":225,"column":4},"end":{"line":227,"column":5}},"type":"if","locations":[{"start":{"line":225,"column":4},"end":{"line":227,"column":5}},{"start":{},"end":{}}],"line":225},"36":{"loc":{"start":{"line":225,"column":8},"end":{"line":225,"column":42}},"type":"binary-expr","locations":[{"start":{"line":225,"column":8},"end":{"line":225,"column":15}},{"start":{"line":225,"column":19},"end":{"line":225,"column":42}}],"line":225},"37":{"loc":{"start":{"line":232,"column":21},"end":{"line":232,"column":89}},"type":"binary-expr","locations":[{"start":{"line":232,"column":21},"end":{"line":232,"column":54}},{"start":{"line":232,"column":58},"end":{"line":232,"column":89}}],"line":232},"38":{"loc":{"start":{"line":238,"column":18},"end":{"line":238,"column":69}},"type":"cond-expr","locations":[{"start":{"line":238,"column":41},"end":{"line":238,"column":44}},{"start":{"line":238,"column":47},"end":{"line":238,"column":69}}],"line":238},"39":{"loc":{"start":{"line":239,"column":4},"end":{"line":241,"column":5}},"type":"if","locations":[{"start":{"line":239,"column":4},"end":{"line":241,"column":5}},{"start":{},"end":{}}],"line":239},"40":{"loc":{"start":{"line":242,"column":4},"end":{"line":244,"column":5}},"type":"if","locations":[{"start":{"line":242,"column":4},"end":{"line":244,"column":5}},{"start":{},"end":{}}],"line":242},"41":{"loc":{"start":{"line":287,"column":21},"end":{"line":287,"column":85}},"type":"binary-expr","locations":[{"start":{"line":287,"column":21},"end":{"line":287,"column":49}},{"start":{"line":287,"column":53},"end":{"line":287,"column":85}}],"line":287},"42":{"loc":{"start":{"line":292,"column":21},"end":{"line":292,"column":83}},"type":"binary-expr","locations":[{"start":{"line":292,"column":21},"end":{"line":292,"column":48}},{"start":{"line":292,"column":52},"end":{"line":292,"column":83}}],"line":292},"43":{"loc":{"start":{"line":298,"column":21},"end":{"line":298,"column":77}},"type":"binary-expr","locations":[{"start":{"line":298,"column":21},"end":{"line":298,"column":48}},{"start":{"line":298,"column":52},"end":{"line":298,"column":77}}],"line":298},"44":{"loc":{"start":{"line":302,"column":9},"end":{"line":302,"column":92}},"type":"binary-expr","locations":[{"start":{"line":302,"column":9},"end":{"line":302,"column":40}},{"start":{"line":302,"column":44},"end":{"line":302,"column":92}}],"line":302}},"s":{"0":1,"1":1,"2":1,"3":1,"4":1,"5":0,"6":0,"7":0,"8":0,"9":0,"10":0,"11":0,"12":0,"13":0,"14":0,"15":0,"16":0,"17":0,"18":0,"19":0,"20":0,"21":0,"22":0,"23":0,"24":0,"25":0,"26":0,"27":0,"28":0,"29":0,"30":0,"31":0,"32":0,"33":1,"34":0,"35":0,"36":0,"37":0,"38":0,"39":0,"40":0,"41":0,"42":0,"43":0,"44":0,"45":0,"46":0,"47":0,"48":0,"49":0,"50":0,"51":0,"52":0,"53":0,"54":0,"55":0,"56":0,"57":0,"58":0,"59":0,"60":0,"61":0,"62":0,"63":0,"64":1,"65":0,"66":0,"67":0,"68":0,"69":0,"70":0,"71":0,"72":0,"73":0,"74":0,"75":0,"76":0,"77":0,"78":0,"79":0,"80":0,"81":0,"82":0,"83":0,"84":0,"85":0,"86":0,"87":0,"88":0,"89":0,"90":0,"91":0,"92":0,"93":0,"94":0,"95":0,"96":0,"97":0,"98":0,"99":0,"100":0,"101":0,"102":0,"103":1,"104":0,"105":0,"106":1},"f":{"0":0,"1":0,"2":0,"3":0,"4":0,"5":0,"6":0},"b":{"0":[0],"1":[0,0],"2":[0,0],"3":[0,0],"4":[0,0],"5":[0,0],"6":[0,0],"7":[0,0],"8":[0,0,0,0],"9":[0,0],"10":[0,0],"11":[0,0],"12":[0,0],"13":[0,0],"14":[0,0],"15":[0,0],"16":[0,0],"17":[0,0],"18":[0,0],"19":[0,0],"20":[0,0],"21":[0,0],"22":[0,0],"23":[0,0],"24":[0,0],"25":[0,0],"26":[0,0],"27":[0,0],"28":[0,0],"29":[0,0],"30":[0,0],"31":[0,0],"32":[0,0],"33":[0,0],"34":[0,0],"35":[0,0],"36":[0,0],"37":[0,0],"38":[0,0],"39":[0,0],"40":[0,0],"41":[0,0],"42":[0,0],"43":[0,0],"44":[0,0]},"inputSourceMap":null,"_coverageSchema":"1a1c01bbd47fc00a2c39e90264f33305004495a9","hash":"d26062acdeaa4902a7eaf4b090bd70d036ac050d"}
}
