TN:
SF:dev-server.js
FN:8,startDevServer
FN:32,(anonymous_1)
FN:39,(anonymous_2)
FN:47,(anonymous_3)
FNF:4
FNH:0
FNDA:0,startDevServer
FNDA:0,(anonymous_1)
FNDA:0,(anonymous_2)
FNDA:0,(anonymous_3)
DA:6,0
DA:9,0
DA:12,0
DA:13,0
DA:20,0
DA:21,0
DA:24,0
DA:25,0
DA:28,0
DA:29,0
DA:32,0
DA:33,0
DA:34,0
DA:35,0
DA:36,0
DA:39,0
DA:40,0
DA:41,0
DA:42,0
DA:43,0
DA:47,0
DA:48,0
DA:49,0
LF:23
LH:0
BRF:0
BRH:0
end_of_record
TN:
SF:jest.config.js
FNF:0
FNH:0
DA:1,0
LF:1
LH:0
BRF:0
BRH:0
end_of_record
TN:
SF:server.js
FN:84,(anonymous_0)
FN:90,(anonymous_1)
FN:120,(anonymous_2)
FN:124,(anonymous_3)
FN:146,(anonymous_4)
FN:151,(anonymous_5)
FN:201,(anonymous_6)
FN:239,(anonymous_7)
FN:257,(anonymous_8)
FN:264,(anonymous_9)
FN:275,(anonymous_10)
FN:322,(anonymous_11)
FN:332,(anonymous_12)
FN:360,(anonymous_13)
FN:366,(anonymous_14)
FN:373,(anonymous_15)
FN:406,(anonymous_16)
FN:419,(anonymous_17)
FN:423,(anonymous_18)
FN:439,(anonymous_19)
FN:457,(anonymous_20)
FN:544,(anonymous_21)
FN:551,(anonymous_22)
FN:559,(anonymous_23)
FN:592,(anonymous_24)
FN:598,(anonymous_25)
FN:612,(anonymous_26)
FN:620,(anonymous_27)
FN:632,(anonymous_28)
FN:635,(anonymous_29)
FN:642,(anonymous_30)
FNF:31
FNH:0
FNDA:0,(anonymous_0)
FNDA:0,(anonymous_1)
FNDA:0,(anonymous_2)
FNDA:0,(anonymous_3)
FNDA:0,(anonymous_4)
FNDA:0,(anonymous_5)
FNDA:0,(anonymous_6)
FNDA:0,(anonymous_7)
FNDA:0,(anonymous_8)
FNDA:0,(anonymous_9)
FNDA:0,(anonymous_10)
FNDA:0,(anonymous_11)
FNDA:0,(anonymous_12)
FNDA:0,(anonymous_13)
FNDA:0,(anonymous_14)
FNDA:0,(anonymous_15)
FNDA:0,(anonymous_16)
FNDA:0,(anonymous_17)
FNDA:0,(anonymous_18)
FNDA:0,(anonymous_19)
FNDA:0,(anonymous_20)
FNDA:0,(anonymous_21)
FNDA:0,(anonymous_22)
FNDA:0,(anonymous_23)
FNDA:0,(anonymous_24)
FNDA:0,(anonymous_25)
FNDA:0,(anonymous_26)
FNDA:0,(anonymous_27)
FNDA:0,(anonymous_28)
FNDA:0,(anonymous_29)
FNDA:0,(anonymous_30)
DA:1,0
DA:2,0
DA:3,0
DA:4,0
DA:5,0
DA:6,0
DA:7,0
DA:8,0
DA:9,0
DA:10,0
DA:13,0
DA:14,0
DA:17,0
DA:27,0
DA:28,0
DA:36,0
DA:37,0
DA:40,0
DA:41,0
DA:42,0
DA:45,0
DA:46,0
DA:47,0
DA:48,0
DA:49,0
DA:50,0
DA:51,0
DA:52,0
DA:53,0
DA:54,0
DA:55,0
DA:56,0
DA:57,0
DA:58,0
DA:59,0
DA:60,0
DA:61,0
DA:62,0
DA:63,0
DA:64,0
DA:65,0
DA:74,0
DA:76,0
DA:77,0
DA:80,0
DA:81,0
DA:84,0
DA:85,0
DA:86,0
DA:87,0
DA:90,0
DA:92,0
DA:96,0
DA:97,0
DA:98,0
DA:102,0
DA:105,0
DA:106,0
DA:107,0
DA:108,0
DA:111,0
DA:113,0
DA:114,0
DA:115,0
DA:122,0
DA:123,0
DA:124,0
DA:125,0
DA:128,0
DA:132,0
DA:133,0
DA:134,0
DA:137,0
DA:145,0
DA:148,0
DA:151,0
DA:152,0
DA:153,0
DA:155,0
DA:158,0
DA:159,0
DA:162,0
DA:163,0
DA:164,0
DA:167,0
DA:168,0
DA:176,0
DA:179,0
DA:180,0
DA:183,0
DA:187,0
DA:195,0
DA:198,0
DA:201,0
DA:203,0
DA:204,0
DA:207,0
DA:216,0
DA:217,0
DA:218,0
DA:219,0
DA:220,0
DA:221,0
DA:222,0
DA:223,0
DA:224,0
DA:225,0
DA:226,0
DA:227,0
DA:228,0
DA:229,0
DA:230,0
DA:231,0
DA:232,0
DA:233,0
DA:234,0
DA:235,0
DA:236,0
DA:239,0
DA:241,0
DA:242,0
DA:245,0
DA:252,0
DA:253,0
DA:257,0
DA:259,0
DA:260,0
DA:264,0
DA:266,0
DA:274,0
DA:275,0
DA:276,0
DA:277,0
DA:283,0
DA:287,0
DA:288,0
DA:289,0
DA:294,0
DA:298,0
DA:299,0
DA:300,0
DA:305,0
DA:309,0
DA:310,0
DA:319,0
DA:320,0
DA:322,0
DA:323,0
DA:324,0
DA:328,0
DA:329,0
DA:332,0
DA:333,0
DA:335,0
DA:337,0
DA:338,0
DA:339,0
DA:342,0
DA:345,0
DA:356,0
DA:357,0
DA:360,0
DA:361,0
DA:362,0
DA:363,0
DA:366,0
DA:367,0
DA:368,0
DA:369,0
DA:373,0
DA:374,0
DA:375,0
DA:376,0
DA:379,0
DA:381,0
DA:382,0
DA:383,0
DA:385,0
DA:386,0
DA:388,0
DA:392,0
DA:396,0
DA:397,0
DA:406,0
DA:408,0
DA:410,0
DA:411,0
DA:412,0
DA:414,0
DA:419,0
DA:420,0
DA:423,0
DA:424,0
DA:426,0
DA:427,0
DA:428,0
DA:432,0
DA:433,0
DA:434,0
DA:435,0
DA:439,0
DA:440,0
DA:441,0
DA:446,0
DA:447,0
DA:449,0
DA:451,0
DA:452,0
DA:457,0
DA:458,0
DA:459,0
DA:460,0
DA:463,0
DA:464,0
DA:465,0
DA:468,0
DA:469,0
DA:470,0
DA:474,0
DA:480,0
DA:481,0
DA:482,0
DA:486,0
DA:489,0
DA:497,0
DA:500,0
DA:501,0
DA:504,0
DA:505,0
DA:506,0
DA:507,0
DA:508,0
DA:509,0
DA:515,0
DA:519,0
DA:533,0
DA:538,0
DA:539,0
DA:544,0
DA:545,0
DA:551,0
DA:552,0
DA:559,0
DA:560,0
DA:561,0
DA:562,0
DA:565,0
DA:577,0
DA:579,0
DA:586,0
DA:587,0
DA:592,0
DA:593,0
DA:598,0
DA:599,0
DA:600,0
DA:602,0
DA:603,0
DA:604,0
DA:606,0
DA:610,0
DA:612,0
DA:613,0
DA:614,0
DA:615,0
DA:616,0
DA:620,0
DA:621,0
DA:622,0
DA:623,0
DA:626,0
DA:627,0
DA:632,0
DA:633,0
DA:634,0
DA:635,0
DA:636,0
DA:642,0
DA:643,0
DA:644,0
DA:645,0
DA:650,0
DA:652,0
DA:655,0
DA:658,0
LF:285
LH:0
BRDA:77,0,0,0
BRDA:77,0,1,0
BRDA:86,1,0,0
BRDA:86,1,1,0
BRDA:96,2,0,0
BRDA:96,2,1,0
BRDA:123,3,0,0
BRDA:123,3,1,0
BRDA:124,4,0,0
BRDA:124,4,1,0
BRDA:148,5,0,0
BRDA:148,5,1,0
BRDA:152,6,0,0
BRDA:152,6,1,0
BRDA:158,7,0,0
BRDA:158,7,1,0
BRDA:162,8,0,0
BRDA:162,8,1,0
BRDA:203,9,0,0
BRDA:203,9,1,0
BRDA:241,10,0,0
BRDA:241,10,1,0
BRDA:252,11,0,0
BRDA:252,11,1,0
BRDA:259,12,0,0
BRDA:259,12,1,0
BRDA:274,13,0,0
BRDA:274,13,1,0
BRDA:276,14,0,0
BRDA:276,14,1,0
BRDA:287,15,0,0
BRDA:287,15,1,0
BRDA:288,16,0,0
BRDA:288,16,1,0
BRDA:298,17,0,0
BRDA:298,17,1,0
BRDA:299,18,0,0
BRDA:299,18,1,0
BRDA:309,19,0,0
BRDA:309,19,1,0
BRDA:323,20,0,0
BRDA:323,20,1,0
BRDA:323,21,0,0
BRDA:323,21,1,0
BRDA:328,22,0,0
BRDA:328,22,1,0
BRDA:335,23,0,0
BRDA:335,23,1,0
BRDA:337,24,0,0
BRDA:337,24,1,0
BRDA:385,25,0,0
BRDA:385,25,1,0
BRDA:399,26,0,0
BRDA:399,26,1,0
BRDA:408,27,0,0
BRDA:408,27,1,0
BRDA:410,28,0,0
BRDA:410,28,1,0
BRDA:426,29,0,0
BRDA:426,29,1,0
BRDA:433,30,0,0
BRDA:433,30,1,0
BRDA:440,31,0,0
BRDA:440,31,1,0
BRDA:459,32,0,0
BRDA:463,33,0,0
BRDA:463,33,1,0
BRDA:463,34,0,0
BRDA:463,34,1,0
BRDA:463,34,2,0
BRDA:468,35,0,0
BRDA:468,35,1,0
BRDA:468,36,0,0
BRDA:468,36,1,0
BRDA:480,37,0,0
BRDA:480,37,1,0
BRDA:486,38,0,0
BRDA:486,38,1,0
BRDA:506,39,0,0
BRDA:506,39,1,0
BRDA:507,40,0,0
BRDA:507,40,1,0
BRDA:508,41,0,0
BRDA:508,41,1,0
BRDA:577,42,0,0
BRDA:577,42,1,0
BRDA:602,43,0,0
BRDA:602,43,1,0
BRDA:614,44,0,0
BRDA:614,44,1,0
BRDA:634,45,0,0
BRDA:634,45,1,0
BRDA:644,46,0,0
BRDA:644,46,1,0
BRDA:650,47,0,0
BRDA:650,47,1,0
BRF:96
BRH:0
end_of_record
TN:
SF:test-socket.js
FN:11,(anonymous_0)
FN:19,(anonymous_1)
FN:29,(anonymous_2)
FN:35,(anonymous_3)
FN:41,(anonymous_4)
FN:45,(anonymous_5)
FN:49,(anonymous_6)
FN:53,(anonymous_7)
FN:57,(anonymous_8)
FN:61,(anonymous_9)
FN:66,(anonymous_10)
FNF:11
FNH:0
FNDA:0,(anonymous_0)
FNDA:0,(anonymous_1)
FNDA:0,(anonymous_2)
FNDA:0,(anonymous_3)
FNDA:0,(anonymous_4)
FNDA:0,(anonymous_5)
FNDA:0,(anonymous_6)
FNDA:0,(anonymous_7)
FNDA:0,(anonymous_8)
FNDA:0,(anonymous_9)
FNDA:0,(anonymous_10)
DA:2,0
DA:5,0
DA:11,0
DA:12,0
DA:15,0
DA:16,0
DA:19,0
DA:20,0
DA:25,0
DA:29,0
DA:30,0
DA:31,0
DA:35,0
DA:36,0
DA:37,0
DA:41,0
DA:42,0
DA:45,0
DA:46,0
DA:49,0
DA:50,0
DA:53,0
DA:54,0
DA:57,0
DA:58,0
DA:61,0
DA:62,0
DA:66,0
DA:67,0
DA:68,0
DA:69,0
LF:31
LH:0
BRF:0
BRH:0
end_of_record
TN:
SF:worker.js
FN:17,(anonymous_0)
FN:36,(anonymous_1)
FN:67,(anonymous_2)
FN:94,(anonymous_3)
FN:95,(anonymous_4)
FN:98,(anonymous_5)
FN:103,(anonymous_6)
FNF:7
FNH:0
FNDA:0,(anonymous_0)
FNDA:0,(anonymous_1)
FNDA:0,(anonymous_2)
FNDA:0,(anonymous_3)
FNDA:0,(anonymous_4)
FNDA:0,(anonymous_5)
FNDA:0,(anonymous_6)
DA:6,0
DA:7,0
DA:8,0
DA:9,0
DA:12,0
DA:17,0
DA:19,0
DA:21,0
DA:22,0
DA:25,0
DA:30,0
DA:36,0
DA:37,0
DA:38,0
DA:39,0
DA:40,0
DA:41,0
DA:43,0
DA:45,0
DA:46,0
DA:48,0
DA:51,0
DA:54,0
DA:56,0
DA:57,0
DA:59,0
DA:60,0
DA:67,0
DA:68,0
DA:69,0
DA:71,0
DA:73,0
DA:75,0
DA:76,0
DA:79,0
DA:80,0
DA:83,0
DA:85,0
DA:86,0
DA:88,0
DA:89,0
DA:94,0
DA:95,0
DA:98,0
DA:99,0
DA:100,0
DA:103,0
DA:104,0
DA:108,0
LF:49
LH:0
BRDA:19,0,0,0
BRDA:19,0,1,0
BRDA:21,1,0,0
BRDA:21,1,1,0
BRDA:39,2,0,0
BRDA:39,2,1,0
BRDA:68,3,0,0
BRDA:68,3,1,0
BRF:8
BRH:0
end_of_record
TN:
SF:config/database.js
FN:33,(anonymous_0)
FN:71,(anonymous_1)
FN:72,(anonymous_2)
FN:85,(anonymous_3)
FN:86,(anonymous_4)
FN:91,(anonymous_5)
FN:101,(anonymous_6)
FN:110,(anonymous_7)
FN:123,(anonymous_8)
FN:139,(anonymous_9)
FN:157,(anonymous_10)
FN:168,(anonymous_11)
FN:190,(anonymous_12)
FNF:13
FNH:0
FNDA:0,(anonymous_0)
FNDA:0,(anonymous_1)
FNDA:0,(anonymous_2)
FNDA:0,(anonymous_3)
FNDA:0,(anonymous_4)
FNDA:0,(anonymous_5)
FNDA:0,(anonymous_6)
FNDA:0,(anonymous_7)
FNDA:0,(anonymous_8)
FNDA:0,(anonymous_9)
FNDA:0,(anonymous_10)
FNDA:0,(anonymous_11)
FNDA:0,(anonymous_12)
DA:6,0
DA:9,0
DA:10,0
DA:13,0
DA:14,0
DA:15,0
DA:18,0
DA:33,0
DA:34,0
DA:35,0
DA:36,0
DA:40,0
DA:42,0
DA:43,0
DA:44,0
DA:47,0
DA:48,0
DA:50,0
DA:51,0
DA:52,0
DA:53,0
DA:56,0
DA:58,0
DA:60,0
DA:61,0
DA:64,0
DA:65,0
DA:66,0
DA:67,0
DA:71,0
DA:72,0
DA:73,0
DA:78,0
DA:85,0
DA:86,0
DA:87,0
DA:88,0
DA:91,0
DA:92,0
DA:93,0
DA:96,0
DA:97,0
DA:101,0
DA:102,0
DA:103,0
DA:110,0
DA:111,0
DA:112,0
DA:113,0
DA:114,0
DA:116,0
DA:123,0
DA:139,0
DA:140,0
DA:141,0
DA:142,0
DA:143,0
DA:148,0
DA:153,0
DA:156,0
DA:157,0
DA:158,0
DA:159,0
DA:166,0
DA:167,0
DA:168,0
DA:169,0
DA:181,0
DA:190,0
DA:191,0
DA:193,0
DA:208,0
DA:222,0
DA:231,0
DA:238,0
DA:244,0
DA:252,0
DA:255,0
DA:257,0
DA:261,0
LF:80
LH:0
BRDA:34,0,0,0
BRDA:34,0,1,0
BRDA:34,1,0,0
BRDA:34,1,1,0
BRDA:40,2,0,0
BRDA:40,2,1,0
BRDA:42,3,0,0
BRDA:42,3,1,0
BRDA:64,4,0,0
BRDA:64,4,1,0
BRDA:96,5,0,0
BRDA:96,5,1,0
BRDA:139,6,0,0
BRDA:141,7,0,0
BRDA:141,7,1,0
BRDA:156,8,0,0
BRDA:156,8,1,0
BRDA:166,9,0,0
BRDA:166,9,1,0
BRDA:171,10,0,0
BRDA:171,10,1,0
BRF:21
BRH:0
end_of_record
TN:
SF:config/firebase.js
FN:35,(anonymous_0)
FN:36,(anonymous_1)
FN:37,(anonymous_2)
FN:41,(anonymous_3)
FN:43,(anonymous_4)
FN:45,(anonymous_5)
FN:49,(anonymous_6)
FN:54,(anonymous_7)
FN:59,(anonymous_8)
FN:60,(anonymous_9)
FN:63,(anonymous_10)
FN:65,(anonymous_11)
FN:66,(anonymous_12)
FN:67,(anonymous_13)
FN:72,(anonymous_14)
FN:78,(anonymous_15)
FN:79,(anonymous_16)
FN:80,(anonymous_17)
FNF:18
FNH:0
FNDA:0,(anonymous_0)
FNDA:0,(anonymous_1)
FNDA:0,(anonymous_2)
FNDA:0,(anonymous_3)
FNDA:0,(anonymous_4)
FNDA:0,(anonymous_5)
FNDA:0,(anonymous_6)
FNDA:0,(anonymous_7)
FNDA:0,(anonymous_8)
FNDA:0,(anonymous_9)
FNDA:0,(anonymous_10)
FNDA:0,(anonymous_11)
FNDA:0,(anonymous_12)
FNDA:0,(anonymous_13)
FNDA:0,(anonymous_14)
FNDA:0,(anonymous_15)
FNDA:0,(anonymous_16)
FNDA:0,(anonymous_17)
DA:4,0
DA:5,0
DA:8,0
DA:9,0
DA:10,0
DA:13,0
DA:14,0
DA:23,0
DA:24,0
DA:25,0
DA:27,0
DA:30,0
DA:34,0
DA:35,0
DA:36,0
DA:38,0
DA:39,0
DA:41,0
DA:43,0
DA:46,0
DA:47,0
DA:50,0
DA:51,0
DA:55,0
DA:56,0
DA:57,0
DA:59,0
DA:60,0
DA:65,0
DA:66,0
DA:67,0
DA:72,0
DA:78,0
DA:79,0
DA:80,0
DA:89,0
LF:36
LH:0
BRDA:8,0,0,0
BRDA:8,0,1,0
BRDA:8,1,0,0
BRDA:8,1,1,0
BRDA:13,2,0,0
BRDA:13,2,1,0
BRDA:90,3,0,0
BRDA:90,3,1,0
BRF:8
BRH:0
end_of_record
TN:
SF:config/payment.js
FNF:0
FNH:0
DA:11,0
LF:1
LH:0
BRDA:20,0,0,0
BRDA:20,0,1,0
BRDA:21,1,0,0
BRDA:21,1,1,0
BRDA:25,2,0,0
BRDA:25,2,1,0
BRDA:26,3,0,0
BRDA:26,3,1,0
BRDA:27,4,0,0
BRDA:27,4,1,0
BRDA:28,5,0,0
BRDA:28,5,1,0
BRDA:36,6,0,0
BRDA:36,6,1,0
BRDA:40,7,0,0
BRDA:40,7,1,0
BRDA:41,8,0,0
BRDA:41,8,1,0
BRDA:47,9,0,0
BRDA:47,9,1,0
BRDA:49,10,0,0
BRDA:49,10,1,0
BRDA:72,11,0,0
BRDA:72,11,1,0
BRF:24
BRH:0
end_of_record
TN:
SF:config/performance.js
FN:13,(anonymous_0)
FN:17,(anonymous_1)
FNF:2
FNH:0
FNDA:0,(anonymous_0)
FNDA:0,(anonymous_1)
DA:7,0
DA:14,0
DA:15,0
DA:17,0
DA:18,0
DA:23,0
DA:52,0
DA:68,0
DA:96,0
DA:125,0
DA:159,0
DA:185,0
DA:209,0
DA:226,0
DA:232,0
LF:15
LH:0
BRDA:15,0,0,0
BRDA:15,0,1,0
BRDA:161,1,0,0
BRDA:161,1,1,0
BRDA:161,1,2,0
BRDA:163,2,0,0
BRDA:163,2,1,0
BRF:7
BRH:0
end_of_record
TN:
SF:config/redis.js
FN:59,(anonymous_0)
FN:80,(anonymous_1)
FN:84,(anonymous_2)
FN:89,(anonymous_3)
FN:94,(anonymous_4)
FN:99,(anonymous_5)
FN:117,(anonymous_6)
FN:131,(anonymous_7)
FN:147,(anonymous_8)
FN:163,(anonymous_9)
FN:179,(anonymous_10)
FN:198,(anonymous_11)
FN:213,(anonymous_12)
FN:232,(anonymous_13)
FN:248,(anonymous_14)
FN:264,(anonymous_15)
FN:282,(anonymous_16)
FN:298,(anonymous_17)
FN:314,(anonymous_18)
FN:341,(anonymous_19)
FN:359,(anonymous_20)
FN:367,(anonymous_21)
FN:375,(anonymous_22)
FN:380,(anonymous_23)
FN:385,(anonymous_24)
FN:398,(anonymous_25)
FN:413,(anonymous_26)
FNF:27
FNH:7
FNDA:116,(anonymous_0)
FNDA:0,(anonymous_1)
FNDA:0,(anonymous_2)
FNDA:2090,(anonymous_3)
FNDA:2090,(anonymous_4)
FNDA:2090,(anonymous_5)
FNDA:116,(anonymous_6)
FNDA:61,(anonymous_7)
FNDA:55,(anonymous_8)
FNDA:0,(anonymous_9)
FNDA:0,(anonymous_10)
FNDA:0,(anonymous_11)
FNDA:0,(anonymous_12)
FNDA:0,(anonymous_13)
FNDA:0,(anonymous_14)
FNDA:0,(anonymous_15)
FNDA:0,(anonymous_16)
FNDA:0,(anonymous_17)
FNDA:0,(anonymous_18)
FNDA:0,(anonymous_19)
FNDA:0,(anonymous_20)
FNDA:0,(anonymous_21)
FNDA:0,(anonymous_22)
FNDA:0,(anonymous_23)
FNDA:0,(anonymous_24)
FNDA:0,(anonymous_25)
FNDA:0,(anonymous_26)
DA:6,1
DA:8,1
DA:9,1
DA:12,1
DA:28,1
DA:41,1
DA:59,1
DA:60,116
DA:61,0
DA:65,116
DA:67,116
DA:68,116
DA:69,0
DA:76,116
DA:80,116
DA:81,0
DA:84,116
DA:85,0
DA:86,0
DA:89,116
DA:90,2090
DA:91,2090
DA:94,116
DA:95,2090
DA:96,2090
DA:99,116
DA:100,2090
DA:104,116
DA:106,0
DA:108,116
DA:109,116
DA:110,116
DA:117,1
DA:118,116
DA:119,116
DA:121,116
DA:127,1
DA:132,61
DA:133,61
DA:134,61
DA:136,61
DA:137,0
DA:139,61
DA:140,61
DA:148,55
DA:149,55
DA:150,55
DA:152,55
DA:153,0
DA:155,55
DA:156,55
DA:164,0
DA:165,0
DA:166,0
DA:168,0
DA:169,0
DA:171,0
DA:172,0
DA:180,0
DA:181,0
DA:182,0
DA:184,0
DA:185,0
DA:186,0
DA:188,0
DA:190,0
DA:191,0
DA:199,0
DA:200,0
DA:201,0
DA:203,0
DA:205,0
DA:206,0
DA:214,0
DA:215,0
DA:216,0
DA:218,0
DA:219,0
DA:220,0
DA:222,0
DA:224,0
DA:225,0
DA:233,0
DA:234,0
DA:235,0
DA:237,0
DA:238,0
DA:240,0
DA:241,0
DA:249,0
DA:250,0
DA:251,0
DA:253,0
DA:254,0
DA:256,0
DA:257,0
DA:265,0
DA:266,0
DA:267,0
DA:269,0
DA:270,0
DA:272,0
DA:274,0
DA:275,0
DA:283,0
DA:284,0
DA:285,0
DA:287,0
DA:288,0
DA:290,0
DA:291,0
DA:299,0
DA:300,0
DA:301,0
DA:303,0
DA:304,0
DA:306,0
DA:307,0
DA:315,0
DA:316,0
DA:317,0
DA:319,0
DA:320,0
DA:323,0
DA:324,0
DA:325,0
DA:326,0
DA:328,0
DA:331,0
DA:333,0
DA:334,0
DA:342,0
DA:343,0
DA:344,0
DA:346,0
DA:347,0
DA:349,0
DA:350,0
DA:358,1
DA:360,0
DA:368,0
DA:376,0
DA:377,0
DA:381,0
DA:382,0
DA:386,0
DA:387,0
DA:388,0
DA:390,0
DA:397,1
DA:399,0
DA:400,0
DA:402,0
DA:413,1
DA:414,0
DA:415,0
DA:416,0
DA:420,1
LF:158
LH:47
BRDA:13,0,0,1
BRDA:13,0,1,1
BRDA:14,1,0,1
BRDA:14,1,1,1
BRDA:15,2,0,1
BRDA:15,2,1,1
BRDA:16,3,0,1
BRDA:16,3,1,1
BRDA:60,4,0,0
BRDA:60,4,1,116
BRDA:60,5,0,116
BRDA:60,5,1,115
BRDA:68,6,0,0
BRDA:68,6,1,116
BRDA:73,7,0,0
BRDA:73,7,1,0
BRDA:118,8,0,116
BRDA:118,8,1,0
BRDA:118,9,0,116
BRDA:118,9,1,115
BRDA:134,10,0,0
BRDA:134,10,1,61
BRDA:137,11,0,0
BRDA:137,11,1,0
BRDA:147,12,0,0
BRDA:150,13,0,0
BRDA:150,13,1,55
BRDA:166,14,0,0
BRDA:166,14,1,0
BRDA:182,15,0,0
BRDA:182,15,1,0
BRDA:185,16,0,0
BRDA:185,16,1,0
BRDA:201,17,0,0
BRDA:201,17,1,0
BRDA:213,18,0,0
BRDA:216,19,0,0
BRDA:216,19,1,0
BRDA:219,20,0,0
BRDA:219,20,1,0
BRDA:235,21,0,0
BRDA:235,21,1,0
BRDA:238,22,0,0
BRDA:238,22,1,0
BRDA:251,23,0,0
BRDA:251,23,1,0
BRDA:264,24,0,0
BRDA:264,25,0,0
BRDA:264,26,0,0
BRDA:267,27,0,0
BRDA:267,27,1,0
BRDA:269,28,0,0
BRDA:269,28,1,0
BRDA:285,29,0,0
BRDA:285,29,1,0
BRDA:301,30,0,0
BRDA:301,30,1,0
BRDA:304,31,0,0
BRDA:304,31,1,0
BRDA:317,32,0,0
BRDA:317,32,1,0
BRDA:320,33,0,0
BRDA:320,33,1,0
BRDA:344,34,0,0
BRDA:344,34,1,0
BRDA:377,35,0,0
BRDA:377,35,1,0
BRDA:382,36,0,0
BRDA:382,36,1,0
BRDA:414,37,0,0
BRDA:414,37,1,0
BRF:71
BRH:17
end_of_record
TN:
SF:controllers/activityController.js
FN:6,(anonymous_0)
FN:60,(anonymous_1)
FN:111,(anonymous_2)
FN:133,(anonymous_3)
FN:171,(anonymous_4)
FN:199,(anonymous_5)
FN:201,(anonymous_6)
FN:228,(anonymous_7)
FN:242,(anonymous_8)
FN:274,(anonymous_9)
FNF:10
FNH:0
FNDA:0,(anonymous_0)
FNDA:0,(anonymous_1)
FNDA:0,(anonymous_2)
FNDA:0,(anonymous_3)
FNDA:0,(anonymous_4)
FNDA:0,(anonymous_5)
FNDA:0,(anonymous_6)
FNDA:0,(anonymous_7)
FNDA:0,(anonymous_8)
FNDA:0,(anonymous_9)
DA:1,0
DA:6,0
DA:7,0
DA:8,0
DA:9,0
DA:11,0
DA:12,0
DA:18,0
DA:23,0
DA:24,0
DA:27,0
DA:31,0
DA:32,0
DA:38,0
DA:48,0
DA:49,0
DA:60,0
DA:61,0
DA:62,0
DA:65,0
DA:67,0
DA:68,0
DA:75,0
DA:76,0
DA:77,0
DA:78,0
DA:79,0
DA:80,0
DA:81,0
DA:82,0
DA:83,0
DA:85,0
DA:89,0
DA:99,0
DA:100,0
DA:111,0
DA:112,0
DA:113,0
DA:114,0
DA:116,0
DA:117,0
DA:124,0
DA:125,0
DA:126,0
DA:132,0
DA:133,0
DA:136,0
DA:137,0
DA:138,0
DA:140,0
DA:143,0
DA:144,0
DA:148,0
DA:149,0
DA:152,0
DA:154,0
DA:159,0
DA:160,0
DA:171,0
DA:172,0
DA:173,0
DA:175,0
DA:179,0
DA:180,0
DA:187,0
DA:188,0
DA:198,0
DA:199,0
DA:201,0
DA:208,0
DA:216,0
DA:217,0
DA:228,0
DA:229,0
DA:230,0
DA:232,0
DA:233,0
DA:239,0
DA:241,0
DA:242,0
DA:243,0
DA:244,0
DA:245,0
DA:246,0
DA:247,0
DA:248,0
DA:249,0
DA:252,0
DA:255,0
DA:262,0
DA:263,0
DA:274,0
DA:275,0
DA:276,0
DA:278,0
DA:280,0
DA:285,0
DA:286,0
LF:98
LH:0
BRDA:11,0,0,0
BRDA:11,0,1,0
BRDA:23,1,0,0
BRDA:23,1,1,0
BRDA:31,2,0,0
BRDA:31,2,1,0
BRDA:67,3,0,0
BRDA:67,3,1,0
BRDA:76,4,0,0
BRDA:76,4,1,0
BRDA:78,5,0,0
BRDA:78,5,1,0
BRDA:80,6,0,0
BRDA:80,6,1,0
BRDA:82,7,0,0
BRDA:82,7,1,0
BRDA:116,8,0,0
BRDA:116,8,1,0
BRDA:125,9,0,0
BRDA:125,9,1,0
BRDA:136,10,0,0
BRDA:136,10,1,0
BRDA:138,11,0,0
BRDA:138,11,1,0
BRDA:179,12,0,0
BRDA:179,12,1,0
BRDA:187,13,0,0
BRDA:187,13,1,0
BRDA:232,14,0,0
BRDA:232,14,1,0
BRDA:232,15,0,0
BRDA:232,15,1,0
BRDA:244,16,0,0
BRDA:244,16,1,0
BRDA:246,17,0,0
BRDA:246,17,1,0
BRDA:248,18,0,0
BRDA:248,18,1,0
BRF:38
BRH:0
end_of_record
TN:
SF:controllers/advancedInteractionsController.js
FN:13,(anonymous_0)
FN:146,(anonymous_1)
FN:195,(anonymous_2)
FN:282,(anonymous_3)
FN:331,(anonymous_4)
FN:420,(anonymous_5)
FNF:6
FNH:0
FNDA:0,(anonymous_0)
FNDA:0,(anonymous_1)
FNDA:0,(anonymous_2)
FNDA:0,(anonymous_3)
FNDA:0,(anonymous_4)
FNDA:0,(anonymous_5)
DA:1,0
DA:2,0
DA:3,0
DA:4,0
DA:5,0
DA:6,0
DA:13,0
DA:14,0
DA:15,0
DA:16,0
DA:19,0
DA:20,0
DA:27,0
DA:28,0
DA:29,0
DA:36,0
DA:37,0
DA:44,0
DA:47,0
DA:52,0
DA:53,0
DA:60,0
DA:61,0
DA:63,0
DA:65,0
DA:66,0
DA:69,0
DA:70,0
DA:72,0
DA:73,0
DA:81,0
DA:85,0
DA:91,0
DA:94,0
DA:100,0
DA:103,0
DA:109,0
DA:115,0
DA:116,0
DA:117,0
DA:122,0
DA:124,0
DA:135,0
DA:136,0
DA:146,0
DA:147,0
DA:148,0
DA:149,0
DA:151,0
DA:152,0
DA:158,0
DA:159,0
DA:169,0
DA:170,0
DA:172,0
DA:182,0
DA:183,0
DA:195,0
DA:196,0
DA:197,0
DA:198,0
DA:200,0
DA:201,0
DA:208,0
DA:210,0
DA:212,0
DA:215,0
DA:216,0
DA:217,0
DA:219,0
DA:223,0
DA:224,0
DA:231,0
DA:235,0
DA:236,0
DA:243,0
DA:251,0
DA:254,0
DA:257,0
DA:261,0
DA:271,0
DA:272,0
DA:282,0
DA:283,0
DA:284,0
DA:285,0
DA:287,0
DA:288,0
DA:294,0
DA:295,0
DA:305,0
DA:306,0
DA:308,0
DA:318,0
DA:319,0
DA:331,0
DA:332,0
DA:333,0
DA:334,0
DA:336,0
DA:338,0
DA:339,0
DA:346,0
DA:348,0
DA:350,0
DA:353,0
DA:354,0
DA:355,0
DA:357,0
DA:361,0
DA:362,0
DA:369,0
DA:370,0
DA:371,0
DA:379,0
DA:386,0
DA:389,0
DA:390,0
DA:393,0
DA:398,0
DA:409,0
DA:410,0
DA:420,0
DA:421,0
DA:422,0
DA:423,0
DA:425,0
DA:426,0
DA:432,0
DA:434,0
DA:435,0
DA:448,0
DA:449,0
DA:460,0
DA:461,0
DA:463,0
DA:474,0
DA:475,0
DA:482,0
LF:139
LH:0
BRDA:19,0,0,0
BRDA:19,0,1,0
BRDA:28,1,0,0
BRDA:28,1,1,0
BRDA:36,2,0,0
BRDA:36,2,1,0
BRDA:52,3,0,0
BRDA:52,3,1,0
BRDA:63,4,0,0
BRDA:63,4,1,0
BRDA:72,5,0,0
BRDA:72,5,1,0
BRDA:88,6,0,0
BRDA:88,6,1,0
BRDA:116,7,0,0
BRDA:116,7,1,0
BRDA:131,8,0,0
BRDA:131,8,1,0
BRDA:151,9,0,0
BRDA:151,9,1,0
BRDA:158,10,0,0
BRDA:158,10,1,0
BRDA:200,11,0,0
BRDA:200,11,1,0
BRDA:210,12,0,0
BRDA:210,12,1,0
BRDA:216,13,0,0
BRDA:216,13,1,0
BRDA:223,14,0,0
BRDA:223,14,1,0
BRDA:223,15,0,0
BRDA:223,15,1,0
BRDA:235,16,0,0
BRDA:235,16,1,0
BRDA:287,17,0,0
BRDA:287,17,1,0
BRDA:294,18,0,0
BRDA:294,18,1,0
BRDA:334,19,0,0
BRDA:338,20,0,0
BRDA:338,20,1,0
BRDA:348,21,0,0
BRDA:348,21,1,0
BRDA:354,22,0,0
BRDA:354,22,1,0
BRDA:361,23,0,0
BRDA:361,23,1,0
BRDA:361,24,0,0
BRDA:361,24,1,0
BRDA:370,25,0,0
BRDA:370,25,1,0
BRDA:382,26,0,0
BRDA:382,26,1,0
BRDA:383,27,0,0
BRDA:383,27,1,0
BRDA:425,28,0,0
BRDA:425,28,1,0
BRDA:434,29,0,0
BRDA:434,29,1,0
BRDA:448,30,0,0
BRDA:448,30,1,0
BRF:61
BRH:0
end_of_record
TN:
SF:controllers/aiController.js
FN:7,(anonymous_0)
FN:54,(anonymous_1)
FN:146,(anonymous_2)
FN:223,(anonymous_3)
FN:243,(anonymous_4)
FN:253,(anonymous_5)
FN:262,(anonymous_6)
FN:286,(anonymous_7)
FN:376,(anonymous_8)
FN:413,(anonymous_9)
FN:429,(anonymous_10)
FN:474,(anonymous_11)
FN:557,(anonymous_12)
FN:582,(anonymous_13)
FN:624,(anonymous_14)
FN:688,(anonymous_15)
FN:749,(anonymous_16)
FN:749,(anonymous_17)
FN:770,(anonymous_18)
FN:840,(anonymous_19)
FN:860,(anonymous_20)
FN:868,(anonymous_21)
FN:869,(anonymous_22)
FN:883,(anonymous_23)
FN:883,(anonymous_24)
FN:932,(anonymous_25)
FN:959,(anonymous_26)
FN:960,(anonymous_27)
FN:1047,(anonymous_28)
FN:1086,(anonymous_29)
FN:1137,(anonymous_30)
FN:1138,(anonymous_31)
FNF:32
FNH:0
FNDA:0,(anonymous_0)
FNDA:0,(anonymous_1)
FNDA:0,(anonymous_2)
FNDA:0,(anonymous_3)
FNDA:0,(anonymous_4)
FNDA:0,(anonymous_5)
FNDA:0,(anonymous_6)
FNDA:0,(anonymous_7)
FNDA:0,(anonymous_8)
FNDA:0,(anonymous_9)
FNDA:0,(anonymous_10)
FNDA:0,(anonymous_11)
FNDA:0,(anonymous_12)
FNDA:0,(anonymous_13)
FNDA:0,(anonymous_14)
FNDA:0,(anonymous_15)
FNDA:0,(anonymous_16)
FNDA:0,(anonymous_17)
FNDA:0,(anonymous_18)
FNDA:0,(anonymous_19)
FNDA:0,(anonymous_20)
FNDA:0,(anonymous_21)
FNDA:0,(anonymous_22)
FNDA:0,(anonymous_23)
FNDA:0,(anonymous_24)
FNDA:0,(anonymous_25)
FNDA:0,(anonymous_26)
FNDA:0,(anonymous_27)
FNDA:0,(anonymous_28)
FNDA:0,(anonymous_29)
FNDA:0,(anonymous_30)
FNDA:0,(anonymous_31)
DA:1,0
DA:7,0
DA:8,0
DA:11,0
DA:12,0
DA:14,0
DA:22,0
DA:23,0
DA:30,0
DA:31,0
DA:32,0
DA:33,0
DA:39,0
DA:40,0
DA:41,0
DA:42,0
DA:43,0
DA:47,0
DA:54,0
DA:56,0
DA:57,0
DA:59,0
DA:60,0
DA:63,0
DA:68,0
DA:72,0
DA:74,0
DA:91,0
DA:92,0
DA:110,0
DA:113,0
DA:114,0
DA:115,0
DA:116,0
DA:118,0
DA:119,0
DA:123,0
DA:124,0
DA:125,0
DA:126,0
DA:134,0
DA:136,0
DA:138,0
DA:146,0
DA:147,0
DA:148,0
DA:151,0
DA:152,0
DA:159,0
DA:160,0
DA:167,0
DA:169,0
DA:170,0
DA:177,0
DA:178,0
DA:184,0
DA:185,0
DA:186,0
DA:188,0
DA:189,0
DA:193,0
DA:197,0
DA:198,0
DA:204,0
DA:209,0
DA:210,0
DA:223,0
DA:224,0
DA:225,0
DA:227,0
DA:228,0
DA:234,0
DA:235,0
DA:236,0
DA:243,0
DA:253,0
DA:255,0
DA:262,0
DA:273,0
DA:274,0
DA:286,0
DA:287,0
DA:288,0
DA:290,0
DA:291,0
DA:298,0
DA:311,0
DA:314,0
DA:315,0
DA:316,0
DA:318,0
DA:324,0
DA:330,0
DA:338,0
DA:339,0
DA:346,0
DA:363,0
DA:364,0
DA:376,0
DA:377,0
DA:378,0
DA:380,0
DA:384,0
DA:390,0
DA:391,0
DA:395,0
DA:396,0
DA:403,0
DA:404,0
DA:413,0
DA:414,0
DA:416,0
DA:422,0
DA:423,0
DA:426,0
DA:429,0
DA:430,0
DA:436,0
DA:439,0
DA:446,0
DA:461,0
DA:462,0
DA:474,0
DA:475,0
DA:476,0
DA:478,0
DA:479,0
DA:485,0
DA:486,0
DA:487,0
DA:493,0
DA:494,0
DA:497,0
DA:500,0
DA:501,0
DA:502,0
DA:510,0
DA:511,0
DA:512,0
DA:513,0
DA:514,0
DA:523,0
DA:530,0
DA:531,0
DA:533,0
DA:545,0
DA:546,0
DA:557,0
DA:558,0
DA:560,0
DA:561,0
DA:562,0
DA:563,0
DA:564,0
DA:565,0
DA:567,0
DA:571,0
DA:572,0
DA:575,0
DA:582,0
DA:583,0
DA:584,0
DA:585,0
DA:592,0
DA:606,0
DA:611,0
DA:612,0
DA:624,0
DA:625,0
DA:626,0
DA:627,0
DA:629,0
DA:630,0
DA:636,0
DA:639,0
DA:640,0
DA:647,0
DA:648,0
DA:649,0
DA:660,0
DA:675,0
DA:676,0
DA:688,0
DA:689,0
DA:690,0
DA:692,0
DA:693,0
DA:699,0
DA:700,0
DA:701,0
DA:708,0
DA:710,0
DA:711,0
DA:719,0
DA:720,0
DA:728,0
DA:729,0
DA:738,0
DA:745,0
DA:749,0
DA:757,0
DA:758,0
DA:770,0
DA:771,0
DA:772,0
DA:774,0
DA:775,0
DA:782,0
DA:803,0
DA:812,0
DA:819,0
DA:828,0
DA:829,0
DA:840,0
DA:841,0
DA:842,0
DA:844,0
DA:845,0
DA:846,0
DA:847,0
DA:848,0
DA:849,0
DA:850,0
DA:851,0
DA:853,0
DA:860,0
DA:861,0
DA:862,0
DA:863,0
DA:864,0
DA:865,0
DA:868,0
DA:869,0
DA:873,0
DA:874,0
DA:875,0
DA:882,0
DA:883,0
DA:885,0
DA:886,0
DA:887,0
DA:893,0
DA:894,0
DA:895,0
DA:901,0
DA:902,0
DA:903,0
DA:904,0
DA:905,0
DA:912,0
DA:918,0
DA:919,0
DA:920,0
DA:921,0
DA:925,0
DA:932,0
DA:934,0
DA:935,0
DA:937,0
DA:938,0
DA:941,0
DA:942,0
DA:945,0
DA:951,0
DA:953,0
DA:955,0
DA:956,0
DA:959,0
DA:960,0
DA:963,0
DA:989,0
DA:990,0
DA:1008,0
DA:1010,0
DA:1011,0
DA:1012,0
DA:1013,0
DA:1015,0
DA:1016,0
DA:1020,0
DA:1021,0
DA:1022,0
DA:1023,0
DA:1030,0
DA:1032,0
DA:1033,0
DA:1047,0
DA:1048,0
DA:1049,0
DA:1050,0
DA:1053,0
DA:1054,0
DA:1061,0
DA:1062,0
DA:1069,0
DA:1070,0
DA:1071,0
DA:1075,0
DA:1077,0
DA:1078,0
DA:1085,0
DA:1086,0
DA:1087,0
DA:1088,0
DA:1099,0
DA:1100,0
DA:1101,0
DA:1103,0
DA:1106,0
DA:1112,0
DA:1113,0
DA:1114,0
DA:1116,0
DA:1121,0
DA:1122,0
DA:1124,0
DA:1129,0
DA:1130,0
DA:1137,0
DA:1138,0
DA:1141,0
DA:1152,0
DA:1153,0
DA:1161,0
LF:324
LH:0
BRDA:11,0,0,0
BRDA:11,0,1,0
BRDA:11,1,0,0
BRDA:11,1,1,0
BRDA:22,2,0,0
BRDA:22,2,1,0
BRDA:32,3,0,0
BRDA:32,3,1,0
BRDA:39,4,0,0
BRDA:39,4,1,0
BRDA:39,5,0,0
BRDA:39,5,1,0
BRDA:40,6,0,0
BRDA:40,6,1,0
BRDA:41,7,0,0
BRDA:41,7,1,0
BRDA:68,8,0,0
BRDA:68,8,1,0
BRDA:68,9,0,0
BRDA:68,9,1,0
BRDA:72,10,0,0
BRDA:72,10,1,0
BRDA:72,11,0,0
BRDA:72,11,1,0
BRDA:93,12,0,0
BRDA:93,12,1,0
BRDA:115,13,0,0
BRDA:115,13,1,0
BRDA:115,14,0,0
BRDA:115,14,1,0
BRDA:118,15,0,0
BRDA:118,15,1,0
BRDA:124,16,0,0
BRDA:124,16,1,0
BRDA:151,17,0,0
BRDA:151,17,1,0
BRDA:159,18,0,0
BRDA:159,18,1,0
BRDA:169,19,0,0
BRDA:169,19,1,0
BRDA:177,20,0,0
BRDA:177,20,1,0
BRDA:178,21,0,0
BRDA:178,21,1,0
BRDA:184,22,0,0
BRDA:184,22,1,0
BRDA:184,23,0,0
BRDA:184,23,1,0
BRDA:213,24,0,0
BRDA:213,24,1,0
BRDA:227,25,0,0
BRDA:227,25,1,0
BRDA:235,26,0,0
BRDA:235,26,1,0
BRDA:235,27,0,0
BRDA:235,27,1,0
BRDA:235,27,2,0
BRDA:248,28,0,0
BRDA:248,28,1,0
BRDA:248,29,0,0
BRDA:248,29,1,0
BRDA:277,30,0,0
BRDA:277,30,1,0
BRDA:288,31,0,0
BRDA:288,32,0,0
BRDA:290,33,0,0
BRDA:290,33,1,0
BRDA:314,34,0,0
BRDA:314,34,1,0
BRDA:316,35,0,0
BRDA:316,35,1,0
BRDA:338,36,0,0
BRDA:338,36,1,0
BRDA:367,37,0,0
BRDA:367,37,1,0
BRDA:380,38,0,0
BRDA:380,38,1,0
BRDA:381,39,0,0
BRDA:381,39,1,0
BRDA:395,40,0,0
BRDA:395,40,1,0
BRDA:395,41,0,0
BRDA:395,41,1,0
BRDA:413,42,0,0
BRDA:413,42,1,0
BRDA:414,43,0,0
BRDA:414,43,1,0
BRDA:418,44,0,0
BRDA:418,44,1,0
BRDA:422,45,0,0
BRDA:422,45,1,0
BRDA:422,46,0,0
BRDA:422,46,1,0
BRDA:429,47,0,0
BRDA:429,47,1,0
BRDA:429,48,0,0
BRDA:429,48,1,0
BRDA:432,49,0,0
BRDA:432,49,1,0
BRDA:465,50,0,0
BRDA:465,50,1,0
BRDA:476,51,0,0
BRDA:478,52,0,0
BRDA:478,52,1,0
BRDA:478,53,0,0
BRDA:478,53,1,0
BRDA:486,54,0,0
BRDA:486,54,1,0
BRDA:493,55,0,0
BRDA:493,55,1,0
BRDA:493,55,2,0
BRDA:494,56,0,0
BRDA:494,56,1,0
BRDA:494,56,2,0
BRDA:500,57,0,0
BRDA:500,57,1,0
BRDA:510,58,0,0
BRDA:510,58,1,0
BRDA:510,59,0,0
BRDA:510,59,1,0
BRDA:511,60,0,0
BRDA:511,60,1,0
BRDA:512,61,0,0
BRDA:512,61,1,0
BRDA:538,62,0,0
BRDA:538,62,1,0
BRDA:539,63,0,0
BRDA:539,63,1,0
BRDA:549,64,0,0
BRDA:549,64,1,0
BRDA:560,65,0,0
BRDA:560,65,1,0
BRDA:562,66,0,0
BRDA:562,66,1,0
BRDA:564,67,0,0
BRDA:564,67,1,0
BRDA:571,68,0,0
BRDA:571,68,1,0
BRDA:584,69,0,0
BRDA:584,69,1,0
BRDA:615,70,0,0
BRDA:615,70,1,0
BRDA:627,71,0,0
BRDA:627,72,0,0
BRDA:627,73,0,0
BRDA:627,74,0,0
BRDA:629,75,0,0
BRDA:629,75,1,0
BRDA:639,76,0,0
BRDA:639,76,1,0
BRDA:654,77,0,0
BRDA:654,77,1,0
BRDA:679,78,0,0
BRDA:679,78,1,0
BRDA:692,79,0,0
BRDA:692,79,1,0
BRDA:700,80,0,0
BRDA:700,80,1,0
BRDA:710,81,0,0
BRDA:710,81,1,0
BRDA:710,82,0,0
BRDA:710,82,1,0
BRDA:719,83,0,0
BRDA:719,83,1,0
BRDA:719,84,0,0
BRDA:719,84,1,0
BRDA:728,85,0,0
BRDA:728,85,1,0
BRDA:728,86,0,0
BRDA:728,86,1,0
BRDA:761,87,0,0
BRDA:761,87,1,0
BRDA:774,88,0,0
BRDA:774,88,1,0
BRDA:832,89,0,0
BRDA:832,89,1,0
BRDA:844,90,0,0
BRDA:844,90,1,0
BRDA:844,91,0,0
BRDA:844,91,1,0
BRDA:845,92,0,0
BRDA:845,92,1,0
BRDA:845,93,0,0
BRDA:845,93,1,0
BRDA:846,94,0,0
BRDA:846,94,1,0
BRDA:846,95,0,0
BRDA:846,95,1,0
BRDA:847,96,0,0
BRDA:847,96,1,0
BRDA:847,97,0,0
BRDA:847,97,1,0
BRDA:848,98,0,0
BRDA:848,98,1,0
BRDA:848,99,0,0
BRDA:848,99,1,0
BRDA:849,100,0,0
BRDA:849,100,1,0
BRDA:850,101,0,0
BRDA:850,101,1,0
BRDA:851,102,0,0
BRDA:851,102,1,0
BRDA:862,103,0,0
BRDA:862,103,1,0
BRDA:863,104,0,0
BRDA:863,104,1,0
BRDA:864,105,0,0
BRDA:864,105,1,0
BRDA:865,106,0,0
BRDA:865,106,1,0
BRDA:873,107,0,0
BRDA:873,107,1,0
BRDA:885,108,0,0
BRDA:885,108,1,0
BRDA:893,109,0,0
BRDA:893,109,1,0
BRDA:893,110,0,0
BRDA:893,110,1,0
BRDA:901,111,0,0
BRDA:901,111,1,0
BRDA:901,112,0,0
BRDA:901,112,1,0
BRDA:901,112,2,0
BRDA:902,113,0,0
BRDA:902,113,1,0
BRDA:903,114,0,0
BRDA:903,114,1,0
BRDA:913,115,0,0
BRDA:913,115,1,0
BRDA:920,116,0,0
BRDA:920,116,1,0
BRDA:920,117,0,0
BRDA:920,117,1,0
BRDA:941,118,0,0
BRDA:941,118,1,0
BRDA:951,119,0,0
BRDA:951,119,1,0
BRDA:953,120,0,0
BRDA:953,120,1,0
BRDA:955,121,0,0
BRDA:955,121,1,0
BRDA:956,122,0,0
BRDA:956,122,1,0
BRDA:959,123,0,0
BRDA:959,123,1,0
BRDA:960,124,0,0
BRDA:960,124,1,0
BRDA:966,125,0,0
BRDA:966,125,1,0
BRDA:971,126,0,0
BRDA:971,126,1,0
BRDA:975,127,0,0
BRDA:975,127,1,0
BRDA:991,128,0,0
BRDA:991,128,1,0
BRDA:1012,129,0,0
BRDA:1012,129,1,0
BRDA:1012,130,0,0
BRDA:1012,130,1,0
BRDA:1015,131,0,0
BRDA:1015,131,1,0
BRDA:1021,132,0,0
BRDA:1021,132,1,0
BRDA:1053,133,0,0
BRDA:1053,133,1,0
BRDA:1061,134,0,0
BRDA:1061,134,1,0
BRDA:1070,135,0,0
BRDA:1070,135,1,0
BRDA:1070,136,0,0
BRDA:1070,136,1,0
BRDA:1077,137,0,0
BRDA:1077,137,1,0
BRDA:1085,138,0,0
BRDA:1085,138,1,0
BRDA:1085,139,0,0
BRDA:1085,139,1,0
BRDA:1087,140,0,0
BRDA:1087,140,1,0
BRDA:1099,141,0,0
BRDA:1099,141,1,0
BRDA:1099,142,0,0
BRDA:1099,142,1,0
BRDA:1101,143,0,0
BRDA:1101,143,1,0
BRDA:1107,144,0,0
BRDA:1107,144,1,0
BRDA:1108,145,0,0
BRDA:1108,145,1,0
BRDA:1113,146,0,0
BRDA:1113,146,1,0
BRDA:1116,147,0,0
BRDA:1116,147,1,0
BRDA:1116,148,0,0
BRDA:1116,148,1,0
BRDA:1121,149,0,0
BRDA:1121,149,1,0
BRDA:1124,150,0,0
BRDA:1124,150,1,0
BRDA:1124,151,0,0
BRDA:1124,151,1,0
BRDA:1131,152,0,0
BRDA:1131,152,1,0
BRDA:1137,153,0,0
BRDA:1137,153,1,0
BRDA:1156,154,0,0
BRDA:1156,154,1,0
BRF:307
BRH:0
end_of_record
TN:
SF:controllers/authController.js
FN:23,(anonymous_0)
FN:50,(anonymous_1)
FN:86,(anonymous_2)
FN:187,(anonymous_3)
FN:262,(anonymous_4)
FN:311,(anonymous_5)
FN:362,(anonymous_6)
FN:418,(anonymous_7)
FN:471,(anonymous_8)
FN:523,(anonymous_9)
FN:604,(anonymous_10)
FN:684,(anonymous_11)
FNF:12
FNH:5
FNDA:0,(anonymous_0)
FNDA:0,(anonymous_1)
FNDA:4,(anonymous_2)
FNDA:5,(anonymous_3)
FNDA:0,(anonymous_4)
FNDA:1,(anonymous_5)
FNDA:1,(anonymous_6)
FNDA:0,(anonymous_7)
FNDA:3,(anonymous_8)
FNDA:0,(anonymous_9)
FNDA:0,(anonymous_10)
FNDA:0,(anonymous_11)
DA:7,1
DA:8,1
DA:9,1
DA:15,1
DA:24,0
DA:26,0
DA:27,0
DA:28,0
DA:29,0
DA:32,0
DA:51,0
DA:53,0
DA:54,0
DA:55,0
DA:58,0
DA:59,0
DA:65,0
DA:67,0
DA:68,0
DA:86,1
DA:87,4
DA:88,4
DA:91,4
DA:92,1
DA:99,3
DA:100,1
DA:107,2
DA:108,0
DA:109,0
DA:117,0
DA:122,0
DA:136,0
DA:139,0
DA:140,0
DA:144,0
DA:145,0
DA:148,0
DA:149,0
DA:156,0
DA:157,0
DA:159,0
DA:175,2
DA:176,2
DA:187,1
DA:188,5
DA:189,5
DA:192,5
DA:193,1
DA:200,4
DA:201,0
DA:202,0
DA:209,0
DA:210,0
DA:217,0
DA:218,0
DA:219,0
DA:226,0
DA:227,0
DA:230,0
DA:231,0
DA:233,0
DA:250,4
DA:251,4
DA:262,1
DA:263,0
DA:264,0
DA:266,0
DA:267,0
DA:274,0
DA:276,0
DA:281,0
DA:282,0
DA:289,0
DA:290,0
DA:291,0
DA:292,0
DA:294,0
DA:299,0
DA:300,0
DA:311,1
DA:312,1
DA:313,1
DA:315,1
DA:316,0
DA:322,1
DA:323,0
DA:325,0
DA:332,0
DA:333,0
DA:334,0
DA:335,0
DA:338,0
DA:339,0
DA:345,0
DA:350,0
DA:351,0
DA:362,1
DA:363,1
DA:364,1
DA:366,1
DA:367,1
DA:373,0
DA:374,0
DA:381,0
DA:383,0
DA:388,0
DA:389,0
DA:396,0
DA:397,0
DA:398,0
DA:399,0
DA:401,0
DA:406,0
DA:407,0
DA:418,1
DA:419,0
DA:420,0
DA:421,0
DA:423,0
DA:424,0
DA:425,0
DA:432,0
DA:433,0
DA:434,0
DA:440,0
DA:441,0
DA:442,0
DA:450,0
DA:454,0
DA:459,0
DA:460,0
DA:471,1
DA:472,3
DA:473,3
DA:475,3
DA:476,1
DA:483,2
DA:484,0
DA:485,0
DA:491,2
DA:492,2
DA:494,2
DA:495,0
DA:496,0
DA:502,0
DA:504,0
DA:511,2
DA:512,2
DA:523,1
DA:524,0
DA:525,0
DA:527,0
DA:528,0
DA:534,0
DA:536,0
DA:538,0
DA:558,0
DA:559,0
DA:561,0
DA:562,0
DA:563,0
DA:564,0
DA:566,0
DA:569,0
DA:570,0
DA:572,0
DA:573,0
DA:575,0
DA:592,0
DA:593,0
DA:604,1
DA:605,0
DA:606,0
DA:608,0
DA:609,0
DA:615,0
DA:617,0
DA:619,0
DA:639,0
DA:640,0
DA:641,0
DA:642,0
DA:643,0
DA:644,0
DA:646,0
DA:649,0
DA:650,0
DA:652,0
DA:653,0
DA:655,0
DA:672,0
DA:673,0
DA:684,1
DA:685,0
DA:686,0
DA:688,0
DA:689,0
DA:695,0
DA:697,0
DA:699,0
DA:710,0
DA:713,0
DA:714,0
DA:716,0
DA:717,0
DA:719,0
DA:736,0
DA:737,0
LF:208
LH:48
BRDA:24,0,0,0
BRDA:24,0,1,0
BRDA:26,1,0,0
BRDA:26,1,1,0
BRDA:26,2,0,0
BRDA:26,2,1,0
BRDA:33,3,0,0
BRDA:33,3,1,0
BRDA:53,4,0,0
BRDA:53,4,1,0
BRDA:91,5,0,1
BRDA:91,5,1,3
BRDA:91,6,0,4
BRDA:91,6,1,3
BRDA:91,6,2,3
BRDA:99,7,0,1
BRDA:99,7,1,2
BRDA:108,8,0,0
BRDA:108,8,1,0
BRDA:117,9,0,0
BRDA:117,9,1,0
BRDA:129,10,0,0
BRDA:129,10,1,0
BRDA:130,11,0,0
BRDA:130,11,1,0
BRDA:192,12,0,1
BRDA:192,12,1,4
BRDA:192,13,0,5
BRDA:192,13,1,4
BRDA:201,14,0,0
BRDA:201,14,1,0
BRDA:209,15,0,0
BRDA:209,15,1,0
BRDA:218,16,0,0
BRDA:218,16,1,0
BRDA:266,17,0,0
BRDA:266,17,1,0
BRDA:281,18,0,0
BRDA:281,18,1,0
BRDA:315,19,0,0
BRDA:315,19,1,1
BRDA:323,20,0,0
BRDA:323,20,1,0
BRDA:366,21,0,1
BRDA:366,21,1,0
BRDA:366,22,0,1
BRDA:366,22,1,0
BRDA:373,23,0,0
BRDA:373,23,1,0
BRDA:388,24,0,0
BRDA:388,24,1,0
BRDA:424,25,0,0
BRDA:424,25,1,0
BRDA:432,26,0,0
BRDA:432,26,1,0
BRDA:433,27,0,0
BRDA:433,27,1,0
BRDA:441,28,0,0
BRDA:441,28,1,0
BRDA:475,29,0,1
BRDA:475,29,1,2
BRDA:483,30,0,0
BRDA:483,30,1,2
BRDA:495,31,0,0
BRDA:495,31,1,0
BRDA:527,32,0,0
BRDA:527,32,1,0
BRDA:527,33,0,0
BRDA:527,33,1,0
BRDA:536,34,0,0
BRDA:536,34,1,0
BRDA:541,35,0,0
BRDA:541,35,1,0
BRDA:548,36,0,0
BRDA:548,36,1,0
BRDA:559,37,0,0
BRDA:559,37,1,0
BRDA:562,38,0,0
BRDA:562,38,1,0
BRDA:563,39,0,0
BRDA:563,39,1,0
BRDA:608,40,0,0
BRDA:608,40,1,0
BRDA:608,41,0,0
BRDA:608,41,1,0
BRDA:617,42,0,0
BRDA:617,42,1,0
BRDA:622,43,0,0
BRDA:622,43,1,0
BRDA:629,44,0,0
BRDA:629,44,1,0
BRDA:640,45,0,0
BRDA:640,45,1,0
BRDA:642,46,0,0
BRDA:642,46,1,0
BRDA:643,47,0,0
BRDA:643,47,1,0
BRDA:688,48,0,0
BRDA:688,48,1,0
BRDA:697,49,0,0
BRDA:697,49,1,0
BRDA:701,50,0,0
BRDA:701,50,1,0
BRDA:702,51,0,0
BRDA:702,51,1,0
BRF:105
BRH:17
end_of_record
TN:
SF:controllers/chatController.js
FN:6,(anonymous_0)
FN:60,(anonymous_1)
FN:100,(anonymous_2)
FN:226,(anonymous_3)
FN:279,(anonymous_4)
FN:308,(anonymous_5)
FN:351,(anonymous_6)
FN:404,(anonymous_7)
FN:445,(anonymous_8)
FNF:9
FNH:0
FNDA:0,(anonymous_0)
FNDA:0,(anonymous_1)
FNDA:0,(anonymous_2)
FNDA:0,(anonymous_3)
FNDA:0,(anonymous_4)
FNDA:0,(anonymous_5)
FNDA:0,(anonymous_6)
FNDA:0,(anonymous_7)
FNDA:0,(anonymous_8)
DA:1,0
DA:2,0
DA:3,0
DA:6,0
DA:7,0
DA:8,0
DA:9,0
DA:10,0
DA:13,0
DA:14,0
DA:21,0
DA:22,0
DA:28,0
DA:29,0
DA:37,0
DA:40,0
DA:43,0
DA:46,0
DA:47,0
DA:51,0
DA:52,0
DA:53,0
DA:55,0
DA:58,0
DA:60,0
DA:61,0
DA:62,0
DA:63,0
DA:69,0
DA:72,0
DA:77,0
DA:90,0
DA:91,0
DA:100,0
DA:101,0
DA:102,0
DA:103,0
DA:105,0
DA:106,0
DA:113,0
DA:209,0
DA:217,0
DA:218,0
DA:226,0
DA:227,0
DA:228,0
DA:229,0
DA:231,0
DA:232,0
DA:239,0
DA:240,0
DA:247,0
DA:253,0
DA:254,0
DA:261,0
DA:263,0
DA:270,0
DA:271,0
DA:279,0
DA:280,0
DA:281,0
DA:283,0
DA:284,0
DA:290,0
DA:292,0
DA:299,0
DA:300,0
DA:308,0
DA:309,0
DA:310,0
DA:311,0
DA:313,0
DA:314,0
DA:321,0
DA:326,0
DA:327,0
DA:335,0
DA:337,0
DA:342,0
DA:343,0
DA:351,0
DA:352,0
DA:353,0
DA:354,0
DA:356,0
DA:357,0
DA:363,0
DA:364,0
DA:370,0
DA:375,0
DA:376,0
DA:383,0
DA:384,0
DA:386,0
DA:395,0
DA:396,0
DA:404,0
DA:405,0
DA:406,0
DA:407,0
DA:409,0
DA:410,0
DA:416,0
DA:417,0
DA:424,0
DA:429,0
DA:436,0
DA:437,0
DA:445,0
DA:446,0
DA:447,0
DA:448,0
DA:450,0
DA:451,0
DA:457,0
DA:458,0
DA:465,0
DA:471,0
DA:472,0
DA:479,0
DA:482,0
DA:483,0
DA:486,0
DA:499,0
DA:501,0
DA:517,0
DA:518,0
DA:525,0
LF:128
LH:0
BRDA:10,0,0,0
BRDA:10,1,0,0
BRDA:10,2,0,0
BRDA:13,3,0,0
BRDA:13,3,1,0
BRDA:13,4,0,0
BRDA:13,4,1,0
BRDA:21,5,0,0
BRDA:21,5,1,0
BRDA:28,6,0,0
BRDA:28,6,1,0
BRDA:46,7,0,0
BRDA:46,7,1,0
BRDA:51,8,0,0
BRDA:51,8,1,0
BRDA:51,9,0,0
BRDA:51,9,1,0
BRDA:53,10,0,0
BRDA:53,10,1,0
BRDA:55,11,0,0
BRDA:55,11,1,0
BRDA:61,12,0,0
BRDA:61,12,1,0
BRDA:61,13,0,0
BRDA:61,13,1,0
BRDA:105,14,0,0
BRDA:105,14,1,0
BRDA:231,15,0,0
BRDA:231,15,1,0
BRDA:239,16,0,0
BRDA:239,16,1,0
BRDA:239,17,0,0
BRDA:239,17,1,0
BRDA:253,18,0,0
BRDA:253,18,1,0
BRDA:283,19,0,0
BRDA:283,19,1,0
BRDA:313,20,0,0
BRDA:313,20,1,0
BRDA:326,21,0,0
BRDA:326,21,1,0
BRDA:356,22,0,0
BRDA:356,22,1,0
BRDA:363,23,0,0
BRDA:363,23,1,0
BRDA:363,24,0,0
BRDA:363,24,1,0
BRDA:375,25,0,0
BRDA:375,25,1,0
BRDA:409,26,0,0
BRDA:409,26,1,0
BRDA:416,27,0,0
BRDA:416,27,1,0
BRDA:416,28,0,0
BRDA:416,28,1,0
BRDA:447,29,0,0
BRDA:450,30,0,0
BRDA:450,30,1,0
BRDA:457,31,0,0
BRDA:457,31,1,0
BRDA:457,32,0,0
BRDA:457,32,1,0
BRDA:471,33,0,0
BRDA:471,33,1,0
BRDA:479,34,0,0
BRDA:479,34,1,0
BRF:66
BRH:0
end_of_record
TN:
SF:controllers/discoveryController.js
FN:6,(anonymous_0)
FN:83,(anonymous_1)
FN:136,(anonymous_2)
FN:174,(anonymous_3)
FN:217,(anonymous_4)
FN:261,(anonymous_5)
FN:291,(anonymous_6)
FNF:7
FNH:0
FNDA:0,(anonymous_0)
FNDA:0,(anonymous_1)
FNDA:0,(anonymous_2)
FNDA:0,(anonymous_3)
FNDA:0,(anonymous_4)
FNDA:0,(anonymous_5)
FNDA:0,(anonymous_6)
DA:1,0
DA:2,0
DA:3,0
DA:6,0
DA:7,0
DA:8,0
DA:9,0
DA:12,0
DA:13,0
DA:20,0
DA:21,0
DA:22,0
DA:24,0
DA:25,0
DA:31,0
DA:32,0
DA:38,0
DA:39,0
DA:46,0
DA:47,0
DA:48,0
DA:49,0
DA:50,0
DA:58,0
DA:59,0
DA:60,0
DA:62,0
DA:66,0
DA:75,0
DA:83,0
DA:84,0
DA:87,0
DA:95,0
DA:96,0
DA:97,0
DA:98,0
DA:101,0
DA:104,0
DA:112,0
DA:125,0
DA:126,0
DA:136,0
DA:137,0
DA:138,0
DA:140,0
DA:141,0
DA:147,0
DA:149,0
DA:150,0
DA:156,0
DA:165,0
DA:166,0
DA:174,0
DA:175,0
DA:176,0
DA:177,0
DA:179,0
DA:180,0
DA:186,0
DA:187,0
DA:193,0
DA:194,0
DA:195,0
DA:201,0
DA:203,0
DA:208,0
DA:209,0
DA:217,0
DA:218,0
DA:219,0
DA:220,0
DA:222,0
DA:223,0
DA:230,0
DA:231,0
DA:232,0
DA:238,0
DA:244,0
DA:252,0
DA:253,0
DA:261,0
DA:262,0
DA:263,0
DA:265,0
DA:266,0
DA:272,0
DA:274,0
DA:282,0
DA:283,0
DA:291,0
DA:292,0
DA:293,0
DA:294,0
DA:296,0
DA:297,0
DA:303,0
DA:308,0
DA:314,0
DA:318,0
DA:326,0
DA:327,0
DA:334,0
LF:102
LH:0
BRDA:12,0,0,0
BRDA:12,0,1,0
BRDA:12,1,0,0
BRDA:12,1,1,0
BRDA:12,1,2,0
BRDA:24,2,0,0
BRDA:24,2,1,0
BRDA:24,3,0,0
BRDA:24,3,1,0
BRDA:24,3,2,0
BRDA:31,4,0,0
BRDA:31,4,1,0
BRDA:31,5,0,0
BRDA:31,5,1,0
BRDA:31,5,2,0
BRDA:38,6,0,0
BRDA:38,6,1,0
BRDA:38,7,0,0
BRDA:38,7,1,0
BRDA:38,7,2,0
BRDA:47,8,0,0
BRDA:47,8,1,0
BRDA:49,9,0,0
BRDA:49,9,1,0
BRDA:59,10,0,0
BRDA:59,10,1,0
BRDA:68,11,0,0
BRDA:68,11,1,0
BRDA:69,12,0,0
BRDA:69,12,1,0
BRDA:70,13,0,0
BRDA:70,13,1,0
BRDA:71,14,0,0
BRDA:71,14,1,0
BRDA:96,15,0,0
BRDA:96,15,1,0
BRDA:98,16,0,0
BRDA:98,16,1,0
BRDA:108,17,0,0
BRDA:108,17,1,0
BRDA:140,18,0,0
BRDA:140,18,1,0
BRDA:149,19,0,0
BRDA:149,19,1,0
BRDA:179,20,0,0
BRDA:179,20,1,0
BRDA:186,21,0,0
BRDA:186,21,1,0
BRDA:186,22,0,0
BRDA:186,22,1,0
BRDA:194,23,0,0
BRDA:194,23,1,0
BRDA:222,24,0,0
BRDA:222,24,1,0
BRDA:231,25,0,0
BRDA:231,25,1,0
BRDA:231,26,0,0
BRDA:231,26,1,0
BRDA:265,27,0,0
BRDA:265,27,1,0
BRDA:277,28,0,0
BRDA:277,28,1,0
BRDA:278,29,0,0
BRDA:278,29,1,0
BRDA:296,30,0,0
BRDA:296,30,1,0
BRDA:303,31,0,0
BRDA:303,31,1,0
BRDA:304,32,0,0
BRDA:304,32,1,0
BRDA:304,32,2,0
BRF:71
BRH:0
end_of_record
TN:
SF:controllers/discoveryEnhancementsController.js
FN:11,(anonymous_0)
FN:120,(anonymous_1)
FN:153,(anonymous_2)
FN:188,(anonymous_3)
FN:214,(anonymous_4)
FN:245,(anonymous_5)
FN:262,(anonymous_6)
FN:292,(anonymous_7)
FN:349,(anonymous_8)
FN:391,(anonymous_9)
FN:437,(anonymous_10)
FNF:11
FNH:0
FNDA:0,(anonymous_0)
FNDA:0,(anonymous_1)
FNDA:0,(anonymous_2)
FNDA:0,(anonymous_3)
FNDA:0,(anonymous_4)
FNDA:0,(anonymous_5)
FNDA:0,(anonymous_6)
FNDA:0,(anonymous_7)
FNDA:0,(anonymous_8)
FNDA:0,(anonymous_9)
FNDA:0,(anonymous_10)
DA:1,0
DA:2,0
DA:3,0
DA:4,0
DA:5,0
DA:6,0
DA:11,0
DA:12,0
DA:13,0
DA:24,0
DA:27,0
DA:28,0
DA:29,0
DA:31,0
DA:32,0
DA:38,0
DA:39,0
DA:47,0
DA:48,0
DA:49,0
DA:56,0
DA:57,0
DA:60,0
DA:66,0
DA:67,0
DA:71,0
DA:72,0
DA:73,0
DA:75,0
DA:87,0
DA:89,0
DA:91,0
DA:92,0
DA:94,0
DA:95,0
DA:97,0
DA:98,0
DA:99,0
DA:102,0
DA:103,0
DA:105,0
DA:109,0
DA:119,0
DA:122,0
DA:129,0
DA:130,0
DA:131,0
DA:132,0
DA:133,0
DA:141,0
DA:152,0
DA:153,0
DA:154,0
DA:155,0
DA:157,0
DA:162,0
DA:167,0
DA:177,0
DA:178,0
DA:188,0
DA:189,0
DA:190,0
DA:191,0
DA:194,0
DA:204,0
DA:206,0
DA:210,0
DA:213,0
DA:215,0
DA:220,0
DA:225,0
DA:234,0
DA:235,0
DA:245,0
DA:246,0
DA:247,0
DA:248,0
DA:251,0
DA:252,0
DA:255,0
DA:261,0
DA:262,0
DA:266,0
DA:272,0
DA:281,0
DA:282,0
DA:292,0
DA:293,0
DA:294,0
DA:304,0
DA:307,0
DA:308,0
DA:311,0
DA:318,0
DA:319,0
DA:322,0
DA:323,0
DA:324,0
DA:326,0
DA:338,0
DA:348,0
DA:350,0
DA:356,0
DA:365,0
DA:370,0
DA:380,0
DA:381,0
DA:391,0
DA:392,0
DA:393,0
DA:394,0
DA:396,0
DA:397,0
DA:403,0
DA:405,0
DA:406,0
DA:413,0
DA:414,0
DA:415,0
DA:417,0
DA:426,0
DA:427,0
DA:437,0
DA:438,0
DA:439,0
DA:441,0
DA:443,0
DA:444,0
DA:450,0
DA:451,0
DA:452,0
DA:453,0
DA:456,0
DA:460,0
DA:470,0
DA:471,0
DA:480,0
LF:137
LH:0
BRDA:17,0,0,0
BRDA:18,1,0,0
BRDA:19,2,0,0
BRDA:20,3,0,0
BRDA:21,4,0,0
BRDA:22,5,0,0
BRDA:23,6,0,0
BRDA:27,7,0,0
BRDA:27,7,1,0
BRDA:27,8,0,0
BRDA:27,8,1,0
BRDA:31,9,0,0
BRDA:31,9,1,0
BRDA:31,10,0,0
BRDA:31,10,1,0
BRDA:31,10,2,0
BRDA:38,11,0,0
BRDA:38,11,1,0
BRDA:38,12,0,0
BRDA:38,12,1,0
BRDA:38,12,2,0
BRDA:48,13,0,0
BRDA:48,13,1,0
BRDA:66,14,0,0
BRDA:66,14,1,0
BRDA:71,15,0,0
BRDA:71,15,1,0
BRDA:71,16,0,0
BRDA:71,16,1,0
BRDA:89,17,0,0
BRDA:89,17,1,0
BRDA:89,17,2,0
BRDA:89,17,3,0
BRDA:89,17,4,0
BRDA:130,18,0,0
BRDA:130,18,1,0
BRDA:130,19,0,0
BRDA:130,19,1,0
BRDA:146,20,0,0
BRDA:146,20,1,0
BRDA:152,21,0,0
BRDA:152,21,1,0
BRDA:154,22,0,0
BRDA:154,22,1,0
BRDA:157,23,0,0
BRDA:157,23,1,0
BRDA:191,24,0,0
BRDA:204,25,0,0
BRDA:204,25,1,0
BRDA:230,26,0,0
BRDA:230,26,1,0
BRDA:248,27,0,0
BRDA:248,28,0,0
BRDA:296,29,0,0
BRDA:297,30,0,0
BRDA:298,31,0,0
BRDA:299,32,0,0
BRDA:300,33,0,0
BRDA:303,34,0,0
BRDA:318,35,0,0
BRDA:318,35,1,0
BRDA:322,36,0,0
BRDA:322,36,1,0
BRDA:322,37,0,0
BRDA:322,37,1,0
BRDA:394,38,0,0
BRDA:396,39,0,0
BRDA:396,39,1,0
BRDA:405,40,0,0
BRDA:405,40,1,0
BRDA:443,41,0,0
BRDA:443,41,1,0
BRF:72
BRH:0
end_of_record
TN:
SF:controllers/enhancedProfileController.js
FN:22,(anonymous_0)
FN:43,(anonymous_1)
FN:64,(anonymous_2)
FN:116,(anonymous_3)
FN:160,(anonymous_4)
FN:203,(anonymous_5)
FN:251,(anonymous_6)
FN:272,(anonymous_7)
FNF:8
FNH:0
FNDA:0,(anonymous_0)
FNDA:0,(anonymous_1)
FNDA:0,(anonymous_2)
FNDA:0,(anonymous_3)
FNDA:0,(anonymous_4)
FNDA:0,(anonymous_5)
FNDA:0,(anonymous_6)
FNDA:0,(anonymous_7)
DA:1,0
DA:4,0
DA:22,0
DA:23,0
DA:24,0
DA:31,0
DA:32,0
DA:43,0
DA:44,0
DA:45,0
DA:46,0
DA:48,0
DA:49,0
DA:55,0
DA:56,0
DA:63,0
DA:64,0
DA:65,0
DA:66,0
DA:72,0
DA:73,0
DA:79,0
DA:80,0
DA:87,0
DA:89,0
DA:90,0
DA:96,0
DA:104,0
DA:105,0
DA:116,0
DA:117,0
DA:118,0
DA:119,0
DA:121,0
DA:122,0
DA:123,0
DA:131,0
DA:133,0
DA:134,0
DA:140,0
DA:148,0
DA:149,0
DA:160,0
DA:161,0
DA:162,0
DA:163,0
DA:165,0
DA:166,0
DA:167,0
DA:174,0
DA:176,0
DA:177,0
DA:183,0
DA:191,0
DA:192,0
DA:203,0
DA:204,0
DA:205,0
DA:206,0
DA:208,0
DA:209,0
DA:215,0
DA:216,0
DA:222,0
DA:224,0
DA:225,0
DA:231,0
DA:239,0
DA:240,0
DA:251,0
DA:252,0
DA:253,0
DA:254,0
DA:256,0
DA:257,0
DA:263,0
DA:264,0
DA:270,0
DA:272,0
DA:276,0
DA:277,0
DA:283,0
DA:291,0
DA:292,0
LF:84
LH:0
BRDA:48,0,0,0
BRDA:48,0,1,0
BRDA:55,1,0,0
BRDA:55,1,1,0
BRDA:65,2,0,0
BRDA:65,2,1,0
BRDA:72,3,0,0
BRDA:72,3,1,0
BRDA:72,4,0,0
BRDA:72,4,1,0
BRDA:79,5,0,0
BRDA:79,5,1,0
BRDA:89,6,0,0
BRDA:89,6,1,0
BRDA:122,7,0,0
BRDA:122,7,1,0
BRDA:122,8,0,0
BRDA:122,8,1,0
BRDA:122,8,2,0
BRDA:122,8,3,0
BRDA:133,9,0,0
BRDA:133,9,1,0
BRDA:166,10,0,0
BRDA:166,10,1,0
BRDA:166,11,0,0
BRDA:166,11,1,0
BRDA:166,11,2,0
BRDA:176,12,0,0
BRDA:176,12,1,0
BRDA:208,13,0,0
BRDA:208,13,1,0
BRDA:208,14,0,0
BRDA:208,14,1,0
BRDA:215,15,0,0
BRDA:215,15,1,0
BRDA:215,16,0,0
BRDA:215,16,1,0
BRDA:224,17,0,0
BRDA:224,17,1,0
BRDA:256,18,0,0
BRDA:256,18,1,0
BRDA:263,19,0,0
BRDA:263,19,1,0
BRDA:276,20,0,0
BRDA:276,20,1,0
BRF:45
BRH:0
end_of_record
TN:
SF:controllers/gamificationController.js
FN:10,(anonymous_0)
FN:37,(anonymous_1)
FN:63,(anonymous_2)
FN:90,(anonymous_3)
FN:99,(anonymous_4)
FN:112,(anonymous_5)
FN:121,(anonymous_6)
FN:134,(anonymous_7)
FN:155,(anonymous_8)
FN:173,(anonymous_9)
FN:194,(anonymous_10)
FN:215,(anonymous_11)
FNF:12
FNH:0
FNDA:0,(anonymous_0)
FNDA:0,(anonymous_1)
FNDA:0,(anonymous_2)
FNDA:0,(anonymous_3)
FNDA:0,(anonymous_4)
FNDA:0,(anonymous_5)
FNDA:0,(anonymous_6)
FNDA:0,(anonymous_7)
FNDA:0,(anonymous_8)
FNDA:0,(anonymous_9)
FNDA:0,(anonymous_10)
FNDA:0,(anonymous_11)
DA:1,0
DA:2,0
DA:3,0
DA:4,0
DA:11,0
DA:12,0
DA:14,0
DA:15,0
DA:18,0
DA:19,0
DA:21,0
DA:27,0
DA:38,0
DA:39,0
DA:41,0
DA:43,0
DA:44,0
DA:51,0
DA:53,0
DA:64,0
DA:65,0
DA:67,0
DA:75,0
DA:80,0
DA:91,0
DA:92,0
DA:94,0
DA:96,0
DA:99,0
DA:102,0
DA:113,0
DA:114,0
DA:116,0
DA:118,0
DA:121,0
DA:124,0
DA:135,0
DA:136,0
DA:138,0
DA:140,0
DA:145,0
DA:156,0
DA:157,0
DA:159,0
DA:161,0
DA:163,0
DA:174,0
DA:175,0
DA:177,0
DA:179,0
DA:184,0
DA:195,0
DA:196,0
DA:198,0
DA:200,0
DA:205,0
DA:216,0
DA:217,0
DA:219,0
DA:221,0
DA:223,0
DA:229,0
DA:237,0
LF:63
LH:0
BRDA:14,0,0,0
BRDA:14,0,1,0
BRDA:43,1,0,0
BRDA:43,1,1,0
BRDA:175,2,0,0
BRDA:196,3,0,0
BRF:6
BRH:0
end_of_record
TN:
SF:controllers/mediaMessagesController.js
FN:8,(anonymous_0)
FN:59,(anonymous_1)
FN:110,(anonymous_2)
FN:170,(anonymous_3)
FN:215,(anonymous_4)
FN:271,(anonymous_5)
FN:330,(anonymous_6)
FN:370,(anonymous_7)
FN:412,(anonymous_8)
FNF:9
FNH:0
FNDA:0,(anonymous_0)
FNDA:0,(anonymous_1)
FNDA:0,(anonymous_2)
FNDA:0,(anonymous_3)
FNDA:0,(anonymous_4)
FNDA:0,(anonymous_5)
FNDA:0,(anonymous_6)
FNDA:0,(anonymous_7)
FNDA:0,(anonymous_8)
DA:1,0
DA:2,0
DA:3,0
DA:8,0
DA:9,0
DA:10,0
DA:11,0
DA:13,0
DA:14,0
DA:21,0
DA:34,0
DA:37,0
DA:42,0
DA:48,0
DA:49,0
DA:59,0
DA:60,0
DA:61,0
DA:62,0
DA:64,0
DA:65,0
DA:72,0
DA:85,0
DA:88,0
DA:93,0
DA:99,0
DA:100,0
DA:110,0
DA:111,0
DA:112,0
DA:113,0
DA:115,0
DA:116,0
DA:122,0
DA:123,0
DA:130,0
DA:144,0
DA:147,0
DA:153,0
DA:159,0
DA:160,0
DA:170,0
DA:171,0
DA:172,0
DA:174,0
DA:176,0
DA:177,0
DA:183,0
DA:184,0
DA:189,0
DA:191,0
DA:192,0
DA:193,0
DA:195,0
DA:204,0
DA:205,0
DA:215,0
DA:216,0
DA:217,0
DA:218,0
DA:220,0
DA:221,0
DA:228,0
DA:241,0
DA:244,0
DA:250,0
DA:260,0
DA:261,0
DA:271,0
DA:272,0
DA:273,0
DA:275,0
DA:276,0
DA:282,0
DA:283,0
DA:289,0
DA:291,0
DA:292,0
DA:298,0
DA:299,0
DA:300,0
DA:301,0
DA:304,0
DA:307,0
DA:313,0
DA:319,0
DA:320,0
DA:330,0
DA:331,0
DA:332,0
DA:336,0
DA:350,0
DA:359,0
DA:360,0
DA:370,0
DA:371,0
DA:372,0
DA:374,0
DA:375,0
DA:383,0
DA:391,0
DA:401,0
DA:402,0
DA:412,0
DA:413,0
DA:415,0
DA:434,0
DA:441,0
DA:442,0
DA:449,0
LF:110
LH:0
BRDA:13,0,0,0
BRDA:13,0,1,0
BRDA:13,1,0,0
BRDA:13,1,1,0
BRDA:64,2,0,0
BRDA:64,2,1,0
BRDA:64,3,0,0
BRDA:64,3,1,0
BRDA:112,4,0,0
BRDA:115,5,0,0
BRDA:115,5,1,0
BRDA:115,6,0,0
BRDA:115,6,1,0
BRDA:115,6,2,0
BRDA:122,7,0,0
BRDA:122,7,1,0
BRDA:122,8,0,0
BRDA:122,8,1,0
BRDA:176,9,0,0
BRDA:176,9,1,0
BRDA:176,10,0,0
BRDA:176,10,1,0
BRDA:183,11,0,0
BRDA:183,11,1,0
BRDA:220,12,0,0
BRDA:220,12,1,0
BRDA:220,13,0,0
BRDA:220,13,1,0
BRDA:275,14,0,0
BRDA:275,14,1,0
BRDA:275,15,0,0
BRDA:275,15,1,0
BRDA:282,16,0,0
BRDA:282,16,1,0
BRDA:291,17,0,0
BRDA:291,17,1,0
BRDA:291,18,0,0
BRDA:291,18,1,0
BRDA:299,19,0,0
BRDA:299,19,1,0
BRDA:299,20,0,0
BRDA:299,20,1,0
BRDA:310,21,0,0
BRDA:310,21,1,0
BRDA:332,22,0,0
BRDA:332,23,0,0
BRDA:372,24,0,0
BRDA:372,25,0,0
BRDA:374,26,0,0
BRDA:374,26,1,0
BRF:50
BRH:0
end_of_record
TN:
SF:controllers/notificationController.js
FN:7,(anonymous_0)
FN:69,(anonymous_1)
FN:108,(anonymous_2)
FN:228,(anonymous_3)
FN:314,(anonymous_4)
FN:359,(anonymous_5)
FNF:6
FNH:0
FNDA:0,(anonymous_0)
FNDA:0,(anonymous_1)
FNDA:0,(anonymous_2)
FNDA:0,(anonymous_3)
FNDA:0,(anonymous_4)
FNDA:0,(anonymous_5)
DA:1,0
DA:2,0
DA:7,0
DA:8,0
DA:9,0
DA:17,0
DA:20,0
DA:21,0
DA:28,0
DA:40,0
DA:42,0
DA:43,0
DA:49,0
DA:57,0
DA:58,0
DA:69,0
DA:70,0
DA:71,0
DA:73,0
DA:75,0
DA:76,0
DA:82,0
DA:91,0
DA:96,0
DA:97,0
DA:108,0
DA:109,0
DA:110,0
DA:113,0
DA:114,0
DA:121,0
DA:122,0
DA:123,0
DA:129,0
DA:130,0
DA:131,0
DA:138,0
DA:139,0
DA:141,0
DA:143,0
DA:144,0
DA:146,0
DA:147,0
DA:149,0
DA:150,0
DA:152,0
DA:153,0
DA:156,0
DA:157,0
DA:165,0
DA:166,0
DA:167,0
DA:169,0
DA:170,0
DA:171,0
DA:173,0
DA:174,0
DA:175,0
DA:177,0
DA:178,0
DA:179,0
DA:181,0
DA:184,0
DA:185,0
DA:195,0
DA:210,0
DA:216,0
DA:217,0
DA:228,0
DA:229,0
DA:230,0
DA:232,0
DA:233,0
DA:239,0
DA:240,0
DA:246,0
DA:247,0
DA:248,0
DA:250,0
DA:251,0
DA:252,0
DA:253,0
DA:254,0
DA:255,0
DA:256,0
DA:260,0
DA:261,0
DA:263,0
DA:265,0
DA:266,0
DA:268,0
DA:269,0
DA:271,0
DA:272,0
DA:274,0
DA:275,0
DA:278,0
DA:279,0
DA:280,0
DA:281,0
DA:284,0
DA:285,0
DA:287,0
DA:288,0
DA:292,0
DA:302,0
DA:303,0
DA:314,0
DA:315,0
DA:316,0
DA:318,0
DA:334,0
DA:335,0
DA:341,0
DA:347,0
DA:348,0
DA:359,0
DA:360,0
DA:361,0
DA:363,0
DA:379,0
DA:380,0
DA:386,0
DA:392,0
DA:393,0
LF:125
LH:0
BRDA:20,0,0,0
BRDA:20,0,1,0
BRDA:20,1,0,0
BRDA:20,1,1,0
BRDA:34,2,0,0
BRDA:34,2,1,0
BRDA:35,3,0,0
BRDA:35,3,1,0
BRDA:42,4,0,0
BRDA:42,4,1,0
BRDA:75,5,0,0
BRDA:75,5,1,0
BRDA:82,6,0,0
BRDA:82,6,1,0
BRDA:113,7,0,0
BRDA:113,7,1,0
BRDA:113,8,0,0
BRDA:113,8,1,0
BRDA:113,8,2,0
BRDA:113,8,3,0
BRDA:122,9,0,0
BRDA:122,9,1,0
BRDA:130,10,0,0
BRDA:130,10,1,0
BRDA:138,11,0,0
BRDA:138,11,1,0
BRDA:141,12,0,0
BRDA:141,12,1,0
BRDA:141,12,2,0
BRDA:141,12,3,0
BRDA:156,13,0,0
BRDA:156,13,1,0
BRDA:165,14,0,0
BRDA:165,14,1,0
BRDA:178,15,0,0
BRDA:178,15,1,0
BRDA:179,16,0,0
BRDA:179,16,1,0
BRDA:181,17,0,0
BRDA:181,17,1,0
BRDA:184,18,0,0
BRDA:184,18,1,0
BRDA:232,19,0,0
BRDA:232,19,1,0
BRDA:232,20,0,0
BRDA:232,20,1,0
BRDA:232,20,2,0
BRDA:239,21,0,0
BRDA:239,21,1,0
BRDA:239,22,0,0
BRDA:239,22,1,0
BRDA:239,22,2,0
BRDA:253,23,0,0
BRDA:253,23,1,0
BRDA:260,24,0,0
BRDA:260,24,1,0
BRDA:263,25,0,0
BRDA:263,25,1,0
BRDA:263,25,2,0
BRDA:263,25,3,0
BRDA:278,26,0,0
BRDA:278,26,1,0
BRDA:334,27,0,0
BRDA:334,27,1,0
BRDA:379,28,0,0
BRDA:379,28,1,0
BRF:66
BRH:0
end_of_record
TN:
SF:controllers/paymentController.js
FN:26,(anonymous_0)
FN:49,(anonymous_1)
FN:104,(anonymous_2)
FN:151,(anonymous_3)
FN:183,(anonymous_4)
FN:212,(anonymous_5)
FN:243,(anonymous_6)
FN:280,(anonymous_7)
FN:318,(anonymous_8)
FN:340,(anonymous_9)
FN:365,(anonymous_10)
FN:389,(anonymous_11)
FN:419,(anonymous_12)
FN:451,(anonymous_13)
FN:490,(anonymous_14)
FN:522,(anonymous_15)
FN:545,(anonymous_16)
FN:569,(anonymous_17)
FN:601,(anonymous_18)
FN:618,(anonymous_19)
FN:638,(anonymous_20)
FN:658,(anonymous_21)
FNF:22
FNH:0
FNDA:0,(anonymous_0)
FNDA:0,(anonymous_1)
FNDA:0,(anonymous_2)
FNDA:0,(anonymous_3)
FNDA:0,(anonymous_4)
FNDA:0,(anonymous_5)
FNDA:0,(anonymous_6)
FNDA:0,(anonymous_7)
FNDA:0,(anonymous_8)
FNDA:0,(anonymous_9)
FNDA:0,(anonymous_10)
FNDA:0,(anonymous_11)
FNDA:0,(anonymous_12)
FNDA:0,(anonymous_13)
FNDA:0,(anonymous_14)
FNDA:0,(anonymous_15)
FNDA:0,(anonymous_16)
FNDA:0,(anonymous_17)
FNDA:0,(anonymous_18)
FNDA:0,(anonymous_19)
FNDA:0,(anonymous_20)
FNDA:0,(anonymous_21)
DA:12,0
DA:13,0
DA:14,0
DA:15,0
DA:16,0
DA:17,0
DA:18,0
DA:19,0
DA:20,0
DA:21,0
DA:26,0
DA:27,0
DA:28,0
DA:30,0
DA:38,0
DA:39,0
DA:49,0
DA:50,0
DA:51,0
DA:52,0
DA:53,0
DA:56,0
DA:57,0
DA:58,0
DA:62,0
DA:63,0
DA:64,0
DA:67,0
DA:91,0
DA:92,0
DA:104,0
DA:105,0
DA:106,0
DA:107,0
DA:109,0
DA:110,0
DA:116,0
DA:117,0
DA:119,0
DA:127,0
DA:128,0
DA:129,0
DA:132,0
DA:140,0
DA:141,0
DA:151,0
DA:152,0
DA:153,0
DA:154,0
DA:156,0
DA:158,0
DA:161,0
DA:162,0
DA:163,0
DA:164,0
DA:167,0
DA:172,0
DA:173,0
DA:183,0
DA:184,0
DA:185,0
DA:186,0
DA:188,0
DA:190,0
DA:191,0
DA:192,0
DA:193,0
DA:196,0
DA:201,0
DA:202,0
DA:212,0
DA:213,0
DA:214,0
DA:215,0
DA:216,0
DA:218,0
DA:219,0
DA:225,0
DA:227,0
DA:232,0
DA:233,0
DA:243,0
DA:244,0
DA:245,0
DA:246,0
DA:249,0
DA:250,0
DA:251,0
DA:255,0
DA:259,0
DA:267,0
DA:268,0
DA:280,0
DA:281,0
DA:282,0
DA:283,0
DA:285,0
DA:286,0
DA:292,0
DA:293,0
DA:295,0
DA:302,0
DA:307,0
DA:308,0
DA:318,0
DA:319,0
DA:320,0
DA:322,0
DA:324,0
DA:329,0
DA:330,0
DA:340,0
DA:341,0
DA:342,0
DA:343,0
DA:345,0
DA:347,0
DA:349,0
DA:354,0
DA:355,0
DA:365,0
DA:366,0
DA:367,0
DA:369,0
DA:371,0
DA:376,0
DA:377,0
DA:389,0
DA:390,0
DA:391,0
DA:392,0
DA:394,0
DA:395,0
DA:401,0
DA:403,0
DA:408,0
DA:409,0
DA:419,0
DA:420,0
DA:421,0
DA:422,0
DA:424,0
DA:425,0
DA:431,0
DA:433,0
DA:438,0
DA:439,0
DA:451,0
DA:452,0
DA:453,0
DA:454,0
DA:456,0
DA:457,0
DA:464,0
DA:465,0
DA:471,0
DA:474,0
DA:479,0
DA:480,0
DA:490,0
DA:491,0
DA:492,0
DA:493,0
DA:495,0
DA:496,0
DA:502,0
DA:504,0
DA:509,0
DA:510,0
DA:522,0
DA:523,0
DA:524,0
DA:525,0
DA:527,0
DA:529,0
DA:534,0
DA:535,0
DA:545,0
DA:546,0
DA:547,0
DA:549,0
DA:551,0
DA:556,0
DA:557,0
DA:569,0
DA:570,0
DA:571,0
DA:572,0
DA:574,0
DA:575,0
DA:581,0
DA:583,0
DA:588,0
DA:589,0
DA:601,0
DA:602,0
DA:603,0
DA:604,0
DA:606,0
DA:608,0
DA:610,0
DA:611,0
DA:618,0
DA:619,0
DA:620,0
DA:622,0
DA:623,0
DA:626,0
DA:628,0
DA:630,0
DA:631,0
DA:638,0
DA:639,0
DA:640,0
DA:642,0
DA:643,0
DA:646,0
DA:648,0
DA:650,0
DA:651,0
DA:658,0
DA:659,0
DA:660,0
DA:662,0
DA:663,0
DA:666,0
DA:669,0
DA:671,0
DA:672,0
DA:676,0
LF:230
LH:0
BRDA:57,0,0,0
BRDA:57,0,1,0
BRDA:63,1,0,0
BRDA:63,1,1,0
BRDA:63,2,0,0
BRDA:63,2,1,0
BRDA:70,3,0,0
BRDA:70,3,1,0
BRDA:84,4,0,0
BRDA:84,4,1,0
BRDA:85,5,0,0
BRDA:85,5,1,0
BRDA:86,6,0,0
BRDA:86,6,1,0
BRDA:109,7,0,0
BRDA:109,7,1,0
BRDA:117,8,0,0
BRDA:117,8,1,0
BRDA:127,9,0,0
BRDA:127,9,1,0
BRDA:127,10,0,0
BRDA:127,10,1,0
BRDA:154,11,0,0
BRDA:161,12,0,0
BRDA:161,12,1,0
BRDA:190,13,0,0
BRDA:190,13,1,0
BRDA:216,14,0,0
BRDA:216,14,1,0
BRDA:218,15,0,0
BRDA:218,15,1,0
BRDA:250,16,0,0
BRDA:250,16,1,0
BRDA:285,17,0,0
BRDA:285,17,1,0
BRDA:293,18,0,0
BRDA:293,18,1,0
BRDA:343,19,0,0
BRDA:394,20,0,0
BRDA:394,20,1,0
BRDA:424,21,0,0
BRDA:424,21,1,0
BRDA:456,22,0,0
BRDA:456,22,1,0
BRDA:456,23,0,0
BRDA:456,23,1,0
BRDA:464,24,0,0
BRDA:464,24,1,0
BRDA:495,25,0,0
BRDA:495,25,1,0
BRDA:495,26,0,0
BRDA:495,26,1,0
BRDA:525,27,0,0
BRDA:574,28,0,0
BRDA:574,28,1,0
BRDA:574,29,0,0
BRDA:574,29,1,0
BRDA:622,30,0,0
BRDA:622,30,1,0
BRDA:642,31,0,0
BRDA:642,31,1,0
BRDA:662,32,0,0
BRDA:662,32,1,0
BRF:63
BRH:0
end_of_record
TN:
SF:controllers/phoneController.js
FN:6,(anonymous_0)
FN:17,(anonymous_1)
FN:85,(anonymous_2)
FN:144,(anonymous_3)
FNF:4
FNH:0
FNDA:0,(anonymous_0)
FNDA:0,(anonymous_1)
FNDA:0,(anonymous_2)
FNDA:0,(anonymous_3)
DA:1,0
DA:2,0
DA:5,0
DA:9,0
DA:10,0
DA:17,0
DA:18,0
DA:19,0
DA:20,0
DA:22,0
DA:23,0
DA:30,0
DA:31,0
DA:37,0
DA:38,0
DA:39,0
DA:46,0
DA:47,0
DA:48,0
DA:49,0
DA:57,0
DA:60,0
DA:61,0
DA:62,0
DA:63,0
DA:66,0
DA:68,0
DA:73,0
DA:74,0
DA:85,0
DA:86,0
DA:87,0
DA:88,0
DA:90,0
DA:91,0
DA:97,0
DA:98,0
DA:99,0
DA:106,0
DA:107,0
DA:114,0
DA:115,0
DA:122,0
DA:123,0
DA:124,0
DA:125,0
DA:127,0
DA:132,0
DA:133,0
DA:144,0
DA:145,0
DA:146,0
DA:148,0
DA:149,0
DA:150,0
DA:156,0
DA:157,0
DA:164,0
DA:168,0
DA:175,0
DA:176,0
DA:177,0
DA:178,0
DA:181,0
DA:183,0
DA:188,0
DA:189,0
LF:67
LH:0
BRDA:22,0,0,0
BRDA:22,0,1,0
BRDA:30,1,0,0
BRDA:30,1,1,0
BRDA:38,2,0,0
BRDA:38,2,1,0
BRDA:46,3,0,0
BRDA:46,3,1,0
BRDA:48,4,0,0
BRDA:48,4,1,0
BRDA:90,5,0,0
BRDA:90,5,1,0
BRDA:98,6,0,0
BRDA:98,6,1,0
BRDA:106,7,0,0
BRDA:106,7,1,0
BRDA:114,8,0,0
BRDA:114,8,1,0
BRDA:149,9,0,0
BRDA:149,9,1,0
BRDA:156,10,0,0
BRDA:156,10,1,0
BRDA:164,11,0,0
BRDA:164,11,1,0
BRDA:165,12,0,0
BRDA:165,12,1,0
BRF:26
BRH:0
end_of_record
TN:
SF:controllers/premiumController.js
FN:8,(anonymous_0)
FN:59,(anonymous_1)
FN:88,(anonymous_2)
FN:126,(anonymous_3)
FN:155,(anonymous_4)
FN:196,(anonymous_5)
FN:211,(anonymous_6)
FN:295,(anonymous_7)
FN:320,(anonymous_8)
FN:355,(anonymous_9)
FN:435,(anonymous_10)
FN:472,(anonymous_11)
FN:525,(anonymous_12)
FN:568,(anonymous_13)
FN:606,(anonymous_14)
FNF:15
FNH:0
FNDA:0,(anonymous_0)
FNDA:0,(anonymous_1)
FNDA:0,(anonymous_2)
FNDA:0,(anonymous_3)
FNDA:0,(anonymous_4)
FNDA:0,(anonymous_5)
FNDA:0,(anonymous_6)
FNDA:0,(anonymous_7)
FNDA:0,(anonymous_8)
FNDA:0,(anonymous_9)
FNDA:0,(anonymous_10)
FNDA:0,(anonymous_11)
FNDA:0,(anonymous_12)
FNDA:0,(anonymous_13)
FNDA:0,(anonymous_14)
DA:1,0
DA:2,0
DA:3,0
DA:8,0
DA:9,0
DA:10,0
DA:11,0
DA:13,0
DA:14,0
DA:32,0
DA:48,0
DA:49,0
DA:59,0
DA:60,0
DA:61,0
DA:62,0
DA:64,0
DA:65,0
DA:71,0
DA:77,0
DA:78,0
DA:88,0
DA:89,0
DA:90,0
DA:91,0
DA:93,0
DA:94,0
DA:100,0
DA:102,0
DA:103,0
DA:109,0
DA:115,0
DA:116,0
DA:126,0
DA:127,0
DA:128,0
DA:129,0
DA:131,0
DA:132,0
DA:138,0
DA:144,0
DA:145,0
DA:155,0
DA:156,0
DA:157,0
DA:160,0
DA:161,0
DA:162,0
DA:169,0
DA:170,0
DA:173,0
DA:174,0
DA:175,0
DA:176,0
DA:179,0
DA:180,0
DA:188,0
DA:192,0
DA:196,0
DA:200,0
DA:201,0
DA:211,0
DA:212,0
DA:213,0
DA:214,0
DA:217,0
DA:218,0
DA:219,0
DA:226,0
DA:234,0
DA:240,0
DA:242,0
DA:243,0
DA:250,0
DA:258,0
DA:259,0
DA:262,0
DA:263,0
DA:264,0
DA:265,0
DA:266,0
DA:273,0
DA:275,0
DA:284,0
DA:285,0
DA:295,0
DA:296,0
DA:297,0
DA:298,0
DA:300,0
DA:309,0
DA:310,0
DA:320,0
DA:321,0
DA:322,0
DA:323,0
DA:325,0
DA:326,0
DA:332,0
DA:333,0
DA:336,0
DA:338,0
DA:344,0
DA:345,0
DA:355,0
DA:356,0
DA:357,0
DA:360,0
DA:361,0
DA:362,0
DA:369,0
DA:424,0
DA:425,0
DA:435,0
DA:436,0
DA:437,0
DA:438,0
DA:441,0
DA:442,0
DA:443,0
DA:449,0
DA:455,0
DA:461,0
DA:462,0
DA:472,0
DA:473,0
DA:474,0
DA:475,0
DA:477,0
DA:478,0
DA:485,0
DA:486,0
DA:487,0
DA:494,0
DA:502,0
DA:505,0
DA:506,0
DA:508,0
DA:514,0
DA:515,0
DA:525,0
DA:526,0
DA:527,0
DA:528,0
DA:531,0
DA:532,0
DA:533,0
DA:534,0
DA:541,0
DA:551,0
DA:557,0
DA:558,0
DA:568,0
DA:569,0
DA:570,0
DA:573,0
DA:574,0
DA:575,0
DA:581,0
DA:583,0
DA:595,0
DA:596,0
DA:606,0
DA:607,0
DA:608,0
DA:609,0
DA:611,0
DA:612,0
DA:618,0
DA:620,0
DA:621,0
DA:632,0
DA:641,0
DA:642,0
DA:643,0
DA:645,0
DA:649,0
DA:652,0
DA:656,0
DA:658,0
DA:664,0
DA:665,0
DA:672,0
LF:183
LH:0
BRDA:13,0,0,0
BRDA:13,0,1,0
BRDA:64,1,0,0
BRDA:64,1,1,0
BRDA:93,2,0,0
BRDA:93,2,1,0
BRDA:102,3,0,0
BRDA:102,3,1,0
BRDA:131,4,0,0
BRDA:131,4,1,0
BRDA:161,5,0,0
BRDA:161,5,1,0
BRDA:170,6,0,0
BRDA:170,6,1,0
BRDA:179,7,0,0
BRDA:179,7,1,0
BRDA:218,8,0,0
BRDA:218,8,1,0
BRDA:226,9,0,0
BRDA:226,9,1,0
BRDA:227,10,0,0
BRDA:227,10,1,0
BRDA:227,10,2,0
BRDA:227,10,3,0
BRDA:227,10,4,0
BRDA:227,10,5,0
BRDA:242,11,0,0
BRDA:242,11,1,0
BRDA:253,12,0,0
BRDA:253,12,1,0
BRDA:254,13,0,0
BRDA:254,13,1,0
BRDA:258,14,0,0
BRDA:258,14,1,0
BRDA:265,15,0,0
BRDA:265,15,1,0
BRDA:303,16,0,0
BRDA:303,16,1,0
BRDA:325,17,0,0
BRDA:325,17,1,0
BRDA:332,18,0,0
BRDA:332,18,1,0
BRDA:361,19,0,0
BRDA:361,19,1,0
BRDA:442,20,0,0
BRDA:442,20,1,0
BRDA:477,21,0,0
BRDA:477,21,1,0
BRDA:486,22,0,0
BRDA:486,22,1,0
BRDA:531,23,0,0
BRDA:531,23,1,0
BRDA:533,24,0,0
BRDA:533,24,1,0
BRDA:545,25,0,0
BRDA:545,25,1,0
BRDA:574,26,0,0
BRDA:574,26,1,0
BRDA:586,27,0,0
BRDA:586,27,1,0
BRDA:587,28,0,0
BRDA:587,28,1,0
BRDA:588,29,0,0
BRDA:588,29,1,0
BRDA:589,30,0,0
BRDA:589,30,1,0
BRDA:590,31,0,0
BRDA:590,31,1,0
BRDA:591,32,0,0
BRDA:591,32,1,0
BRDA:611,33,0,0
BRDA:611,33,1,0
BRDA:620,34,0,0
BRDA:620,34,1,0
BRDA:636,35,0,0
BRDA:636,35,1,0
BRDA:637,36,0,0
BRDA:637,36,1,0
BRDA:638,37,0,0
BRDA:638,37,1,0
BRDA:642,38,0,0
BRDA:642,38,1,0
BRDA:644,39,0,0
BRDA:644,39,1,0
BRDA:644,40,0,0
BRDA:644,40,1,0
BRDA:646,41,0,0
BRDA:646,41,1,0
BRDA:646,42,0,0
BRDA:646,42,1,0
BRF:90
BRH:0
end_of_record
TN:
SF:controllers/privacyController.js
FN:17,(anonymous_0)
FN:42,(anonymous_1)
FN:49,(anonymous_2)
FN:56,(anonymous_3)
FN:57,(anonymous_4)
FN:60,(anonymous_5)
FN:61,(anonymous_6)
FN:67,(anonymous_7)
FN:96,(anonymous_8)
FN:127,(anonymous_9)
FN:184,(anonymous_10)
FN:224,(anonymous_11)
FN:280,(anonymous_12)
FN:322,(anonymous_13)
FN:354,(anonymous_14)
FN:396,(anonymous_15)
FNF:16
FNH:0
FNDA:0,(anonymous_0)
FNDA:0,(anonymous_1)
FNDA:0,(anonymous_2)
FNDA:0,(anonymous_3)
FNDA:0,(anonymous_4)
FNDA:0,(anonymous_5)
FNDA:0,(anonymous_6)
FNDA:0,(anonymous_7)
FNDA:0,(anonymous_8)
FNDA:0,(anonymous_9)
FNDA:0,(anonymous_10)
FNDA:0,(anonymous_11)
FNDA:0,(anonymous_12)
FNDA:0,(anonymous_13)
FNDA:0,(anonymous_14)
FNDA:0,(anonymous_15)
DA:6,0
DA:7,0
DA:8,0
DA:9,0
DA:10,0
DA:11,0
DA:17,0
DA:18,0
DA:19,0
DA:22,0
DA:34,0
DA:42,0
DA:49,0
DA:56,0
DA:57,0
DA:60,0
DA:61,0
DA:67,0
DA:72,0
DA:73,0
DA:78,0
DA:83,0
DA:84,0
DA:96,0
DA:97,0
DA:98,0
DA:100,0
DA:115,0
DA:116,0
DA:127,0
DA:128,0
DA:136,0
DA:138,0
DA:149,0
DA:157,0
DA:166,0
DA:172,0
DA:173,0
DA:184,0
DA:185,0
DA:186,0
DA:188,0
DA:204,0
DA:212,0
DA:213,0
DA:224,0
DA:225,0
DA:226,0
DA:227,0
DA:230,0
DA:231,0
DA:232,0
DA:239,0
DA:261,0
DA:263,0
DA:268,0
DA:269,0
DA:280,0
DA:281,0
DA:282,0
DA:283,0
DA:285,0
DA:286,0
DA:287,0
DA:291,0
DA:292,0
DA:298,0
DA:304,0
DA:310,0
DA:311,0
DA:322,0
DA:323,0
DA:324,0
DA:326,0
DA:342,0
DA:343,0
DA:354,0
DA:355,0
DA:356,0
DA:358,0
DA:379,0
DA:384,0
DA:385,0
DA:396,0
DA:397,0
DA:398,0
DA:400,0
DA:404,0
DA:405,0
DA:407,0
DA:408,0
DA:410,0
DA:411,0
DA:414,0
DA:427,0
DA:432,0
DA:433,0
LF:97
LH:0
BRDA:44,0,0,0
BRDA:44,0,1,0
BRDA:51,1,0,0
BRDA:51,1,1,0
BRDA:67,2,0,0
BRDA:67,2,1,0
BRDA:103,3,0,0
BRDA:103,3,1,0
BRDA:111,4,0,0
BRDA:111,4,1,0
BRDA:197,5,0,0
BRDA:197,5,1,0
BRDA:207,6,0,0
BRDA:207,6,1,0
BRDA:231,7,0,0
BRDA:231,7,1,0
BRDA:261,8,0,0
BRDA:261,8,1,0
BRDA:286,9,0,0
BRDA:286,9,1,0
BRDA:291,10,0,0
BRDA:291,10,1,0
BRDA:329,11,0,0
BRDA:329,11,1,0
BRDA:331,12,0,0
BRDA:331,12,1,0
BRDA:334,13,0,0
BRDA:334,13,1,0
BRDA:335,14,0,0
BRDA:335,14,1,0
BRDA:336,15,0,0
BRDA:336,15,1,0
BRDA:362,16,0,0
BRDA:362,16,1,0
BRDA:363,17,0,0
BRDA:363,17,1,0
BRDA:364,18,0,0
BRDA:364,18,1,0
BRDA:365,19,0,0
BRDA:365,19,1,0
BRDA:371,20,0,0
BRDA:371,20,1,0
BRDA:404,21,0,0
BRDA:404,21,1,0
BRDA:407,22,0,0
BRDA:407,22,1,0
BRDA:410,23,0,0
BRDA:410,23,1,0
BRF:48
BRH:0
end_of_record
TN:
SF:controllers/profileController.js
FN:7,(anonymous_0)
FN:27,(anonymous_1)
FN:69,(anonymous_2)
FN:114,(anonymous_3)
FN:151,(anonymous_4)
FN:179,(anonymous_5)
FN:193,(anonymous_6)
FN:197,(anonymous_7)
FN:223,(anonymous_8)
FN:245,(anonymous_9)
FN:250,(anonymous_10)
FN:258,(anonymous_11)
FN:282,(anonymous_12)
FN:295,(anonymous_13)
FN:319,(anonymous_14)
FN:340,(anonymous_15)
FN:368,(anonymous_16)
FN:390,(anonymous_17)
FN:419,(anonymous_18)
FN:432,(anonymous_19)
FN:433,(anonymous_20)
FNF:21
FNH:0
FNDA:0,(anonymous_0)
FNDA:0,(anonymous_1)
FNDA:0,(anonymous_2)
FNDA:0,(anonymous_3)
FNDA:0,(anonymous_4)
FNDA:0,(anonymous_5)
FNDA:0,(anonymous_6)
FNDA:0,(anonymous_7)
FNDA:0,(anonymous_8)
FNDA:0,(anonymous_9)
FNDA:0,(anonymous_10)
FNDA:0,(anonymous_11)
FNDA:0,(anonymous_12)
FNDA:0,(anonymous_13)
FNDA:0,(anonymous_14)
FNDA:0,(anonymous_15)
FNDA:0,(anonymous_16)
FNDA:0,(anonymous_17)
FNDA:0,(anonymous_18)
FNDA:0,(anonymous_19)
FNDA:0,(anonymous_20)
DA:1,0
DA:2,0
DA:7,0
DA:8,0
DA:9,0
DA:10,0
DA:13,0
DA:14,0
DA:21,0
DA:22,0
DA:23,0
DA:24,0
DA:25,0
DA:26,0
DA:27,0
DA:30,0
DA:32,0
DA:33,0
DA:39,0
DA:57,0
DA:58,0
DA:69,0
DA:70,0
DA:71,0
DA:73,0
DA:77,0
DA:78,0
DA:84,0
DA:102,0
DA:103,0
DA:114,0
DA:115,0
DA:116,0
DA:118,0
DA:139,0
DA:140,0
DA:151,0
DA:152,0
DA:153,0
DA:154,0
DA:156,0
DA:157,0
DA:163,0
DA:164,0
DA:170,0
DA:171,0
DA:172,0
DA:179,0
DA:189,0
DA:192,0
DA:193,0
DA:197,0
DA:198,0
DA:201,0
DA:203,0
DA:211,0
DA:212,0
DA:223,0
DA:224,0
DA:225,0
DA:226,0
DA:228,0
DA:229,0
DA:235,0
DA:236,0
DA:237,0
DA:244,0
DA:245,0
DA:246,0
DA:250,0
DA:251,0
DA:252,0
DA:253,0
DA:258,0
DA:260,0
DA:262,0
DA:270,0
DA:271,0
DA:282,0
DA:283,0
DA:284,0
DA:285,0
DA:287,0
DA:288,0
DA:289,0
DA:295,0
DA:297,0
DA:299,0
DA:307,0
DA:308,0
DA:319,0
DA:320,0
DA:321,0
DA:324,0
DA:325,0
DA:332,0
DA:333,0
DA:334,0
DA:340,0
DA:341,0
DA:342,0
DA:348,0
DA:349,0
DA:351,0
DA:356,0
DA:357,0
DA:368,0
DA:369,0
DA:370,0
DA:371,0
DA:374,0
DA:375,0
DA:382,0
DA:383,0
DA:384,0
DA:390,0
DA:391,0
DA:392,0
DA:398,0
DA:399,0
DA:400,0
DA:402,0
DA:407,0
DA:408,0
DA:419,0
DA:420,0
DA:422,0
DA:423,0
DA:429,0
DA:431,0
DA:432,0
DA:433,0
DA:434,0
DA:435,0
DA:446,0
DA:454,0
DA:455,0
LF:137
LH:0
BRDA:13,0,0,0
BRDA:13,0,1,0
BRDA:13,1,0,0
BRDA:13,1,1,0
BRDA:22,2,0,0
BRDA:22,2,1,0
BRDA:23,3,0,0
BRDA:23,3,1,0
BRDA:24,4,0,0
BRDA:24,4,1,0
BRDA:25,5,0,0
BRDA:25,5,1,0
BRDA:26,6,0,0
BRDA:26,6,1,0
BRDA:26,7,0,0
BRDA:26,7,1,0
BRDA:32,8,0,0
BRDA:32,8,1,0
BRDA:77,9,0,0
BRDA:77,9,1,0
BRDA:156,10,0,0
BRDA:156,10,1,0
BRDA:156,11,0,0
BRDA:156,11,1,0
BRDA:163,12,0,0
BRDA:163,12,1,0
BRDA:171,13,0,0
BRDA:171,13,1,0
BRDA:180,14,0,0
BRDA:180,14,1,0
BRDA:184,15,0,0
BRDA:184,15,1,0
BRDA:228,16,0,0
BRDA:228,16,1,0
BRDA:228,17,0,0
BRDA:228,17,1,0
BRDA:236,18,0,0
BRDA:236,18,1,0
BRDA:252,19,0,0
BRDA:252,19,1,0
BRDA:288,20,0,0
BRDA:288,20,1,0
BRDA:324,21,0,0
BRDA:324,21,1,0
BRDA:333,22,0,0
BRDA:333,22,1,0
BRDA:341,23,0,0
BRDA:341,23,1,0
BRDA:374,24,0,0
BRDA:374,24,1,0
BRDA:383,25,0,0
BRDA:383,25,1,0
BRDA:391,26,0,0
BRDA:391,26,1,0
BRDA:422,27,0,0
BRDA:422,27,1,0
BRDA:434,28,0,0
BRDA:434,28,1,0
BRF:58
BRH:0
end_of_record
TN:
SF:controllers/safetyAdvancedController.js
FN:8,(anonymous_0)
FN:80,(anonymous_1)
FN:125,(anonymous_2)
FN:156,(anonymous_3)
FN:213,(anonymous_4)
FN:238,(anonymous_5)
FN:273,(anonymous_6)
FN:302,(anonymous_7)
FN:362,(anonymous_8)
FN:399,(anonymous_9)
FN:443,(anonymous_10)
FN:468,(anonymous_11)
FN:492,(anonymous_12)
FN:551,(anonymous_13)
FNF:14
FNH:0
FNDA:0,(anonymous_0)
FNDA:0,(anonymous_1)
FNDA:0,(anonymous_2)
FNDA:0,(anonymous_3)
FNDA:0,(anonymous_4)
FNDA:0,(anonymous_5)
FNDA:0,(anonymous_6)
FNDA:0,(anonymous_7)
FNDA:0,(anonymous_8)
FNDA:0,(anonymous_9)
FNDA:0,(anonymous_10)
FNDA:0,(anonymous_11)
FNDA:0,(anonymous_12)
FNDA:0,(anonymous_13)
DA:1,0
DA:2,0
DA:8,0
DA:9,0
DA:10,0
DA:21,0
DA:24,0
DA:25,0
DA:32,0
DA:33,0
DA:34,0
DA:41,0
DA:59,0
DA:61,0
DA:67,0
DA:68,0
DA:80,0
DA:81,0
DA:82,0
DA:83,0
DA:85,0
DA:86,0
DA:92,0
DA:93,0
DA:102,0
DA:112,0
DA:113,0
DA:125,0
DA:126,0
DA:127,0
DA:128,0
DA:131,0
DA:137,0
DA:143,0
DA:144,0
DA:156,0
DA:157,0
DA:158,0
DA:159,0
DA:161,0
DA:162,0
DA:168,0
DA:186,0
DA:189,0
DA:191,0
DA:200,0
DA:201,0
DA:213,0
DA:214,0
DA:215,0
DA:218,0
DA:220,0
DA:225,0
DA:226,0
DA:238,0
DA:239,0
DA:240,0
DA:241,0
DA:242,0
DA:244,0
DA:252,0
DA:254,0
DA:260,0
DA:261,0
DA:273,0
DA:274,0
DA:275,0
DA:276,0
DA:277,0
DA:279,0
DA:289,0
DA:290,0
DA:302,0
DA:303,0
DA:304,0
DA:305,0
DA:308,0
DA:309,0
DA:310,0
DA:316,0
DA:337,0
DA:339,0
DA:349,0
DA:350,0
DA:362,0
DA:363,0
DA:364,0
DA:365,0
DA:368,0
DA:381,0
DA:386,0
DA:387,0
DA:399,0
DA:400,0
DA:401,0
DA:402,0
DA:405,0
DA:406,0
DA:412,0
DA:424,0
DA:430,0
DA:431,0
DA:443,0
DA:444,0
DA:445,0
DA:448,0
DA:450,0
DA:455,0
DA:456,0
DA:468,0
DA:469,0
DA:470,0
DA:471,0
DA:473,0
DA:479,0
DA:480,0
DA:492,0
DA:493,0
DA:494,0
DA:495,0
DA:497,0
DA:498,0
DA:504,0
DA:527,0
DA:529,0
DA:538,0
DA:539,0
DA:551,0
DA:552,0
DA:553,0
DA:556,0
DA:558,0
DA:563,0
DA:564,0
DA:572,0
LF:135
LH:0
BRDA:24,0,0,0
BRDA:24,0,1,0
BRDA:24,1,0,0
BRDA:24,1,1,0
BRDA:24,1,2,0
BRDA:33,2,0,0
BRDA:33,2,1,0
BRDA:51,3,0,0
BRDA:51,3,1,0
BRDA:71,4,0,0
BRDA:71,4,1,0
BRDA:83,5,0,0
BRDA:85,6,0,0
BRDA:85,6,1,0
BRDA:116,7,0,0
BRDA:116,7,1,0
BRDA:147,8,0,0
BRDA:147,8,1,0
BRDA:161,9,0,0
BRDA:161,9,1,0
BRDA:161,10,0,0
BRDA:161,10,1,0
BRDA:161,10,2,0
BRDA:174,11,0,0
BRDA:174,11,1,0
BRDA:177,12,0,0
BRDA:177,12,1,0
BRDA:204,13,0,0
BRDA:204,13,1,0
BRDA:229,14,0,0
BRDA:229,14,1,0
BRDA:246,15,0,0
BRDA:246,15,1,0
BRDA:247,16,0,0
BRDA:247,16,1,0
BRDA:264,17,0,0
BRDA:264,17,1,0
BRDA:277,18,0,0
BRDA:293,19,0,0
BRDA:293,19,1,0
BRDA:309,20,0,0
BRDA:309,20,1,0
BRDA:309,21,0,0
BRDA:309,21,1,0
BRDA:320,22,0,0
BRDA:320,22,1,0
BRDA:321,23,0,0
BRDA:321,23,1,0
BRDA:322,24,0,0
BRDA:322,24,1,0
BRDA:323,25,0,0
BRDA:323,25,1,0
BRDA:353,26,0,0
BRDA:353,26,1,0
BRDA:390,27,0,0
BRDA:390,27,1,0
BRDA:405,28,0,0
BRDA:405,28,1,0
BRDA:405,29,0,0
BRDA:405,29,1,0
BRDA:405,29,2,0
BRDA:434,30,0,0
BRDA:434,30,1,0
BRDA:459,31,0,0
BRDA:459,31,1,0
BRDA:483,32,0,0
BRDA:483,32,1,0
BRDA:497,33,0,0
BRDA:497,33,1,0
BRDA:509,34,0,0
BRDA:509,34,1,0
BRDA:511,35,0,0
BRDA:511,35,1,0
BRDA:512,36,0,0
BRDA:512,36,1,0
BRDA:513,37,0,0
BRDA:513,37,1,0
BRDA:514,38,0,0
BRDA:514,38,1,0
BRDA:515,39,0,0
BRDA:515,39,1,0
BRDA:520,40,0,0
BRDA:520,40,1,0
BRDA:521,41,0,0
BRDA:521,41,1,0
BRDA:522,42,0,0
BRDA:522,42,1,0
BRDA:523,43,0,0
BRDA:523,43,1,0
BRDA:542,44,0,0
BRDA:542,44,1,0
BRDA:567,45,0,0
BRDA:567,45,1,0
BRF:93
BRH:0
end_of_record
TN:
SF:controllers/safetyController.js
FN:6,(anonymous_0)
FN:78,(anonymous_1)
FN:108,(anonymous_2)
FN:165,(anonymous_3)
FN:204,(anonymous_4)
FN:235,(anonymous_5)
FN:257,(anonymous_6)
FN:285,(anonymous_7)
FN:336,(anonymous_8)
FN:382,(anonymous_9)
FN:472,(anonymous_10)
FN:517,(anonymous_11)
FNF:12
FNH:0
FNDA:0,(anonymous_0)
FNDA:0,(anonymous_1)
FNDA:0,(anonymous_2)
FNDA:0,(anonymous_3)
FNDA:0,(anonymous_4)
FNDA:0,(anonymous_5)
FNDA:0,(anonymous_6)
FNDA:0,(anonymous_7)
FNDA:0,(anonymous_8)
FNDA:0,(anonymous_9)
FNDA:0,(anonymous_10)
FNDA:0,(anonymous_11)
DA:1,0
DA:2,0
DA:3,0
DA:6,0
DA:7,0
DA:8,0
DA:9,0
DA:12,0
DA:13,0
DA:19,0
DA:20,0
DA:27,0
DA:28,0
DA:29,0
DA:36,0
DA:45,0
DA:48,0
DA:53,0
DA:54,0
DA:55,0
DA:62,0
DA:68,0
DA:69,0
DA:78,0
DA:79,0
DA:80,0
DA:81,0
DA:83,0
DA:84,0
DA:86,0
DA:92,0
DA:98,0
DA:99,0
DA:108,0
DA:109,0
DA:110,0
DA:111,0
DA:113,0
DA:114,0
DA:120,0
DA:130,0
DA:131,0
DA:138,0
DA:139,0
DA:144,0
DA:149,0
DA:155,0
DA:156,0
DA:165,0
DA:166,0
DA:167,0
DA:168,0
DA:170,0
DA:171,0
DA:177,0
DA:178,0
DA:185,0
DA:189,0
DA:194,0
DA:195,0
DA:204,0
DA:205,0
DA:206,0
DA:207,0
DA:209,0
DA:210,0
DA:216,0
DA:220,0
DA:225,0
DA:226,0
DA:235,0
DA:236,0
DA:237,0
DA:239,0
DA:241,0
DA:247,0
DA:248,0
DA:257,0
DA:258,0
DA:259,0
DA:260,0
DA:262,0
DA:263,0
DA:265,0
DA:266,0
DA:268,0
DA:275,0
DA:276,0
DA:285,0
DA:286,0
DA:287,0
DA:288,0
DA:290,0
DA:291,0
DA:298,0
DA:299,0
DA:300,0
DA:307,0
DA:320,0
DA:326,0
DA:327,0
DA:336,0
DA:337,0
DA:338,0
DA:340,0
DA:341,0
DA:342,0
DA:348,0
DA:351,0
DA:352,0
DA:353,0
DA:354,0
DA:355,0
DA:357,0
DA:359,0
DA:372,0
DA:373,0
DA:382,0
DA:383,0
DA:384,0
DA:456,0
DA:462,0
DA:463,0
DA:472,0
DA:473,0
DA:474,0
DA:475,0
DA:477,0
DA:478,0
DA:484,0
DA:494,0
DA:495,0
DA:501,0
DA:507,0
DA:508,0
DA:517,0
DA:518,0
DA:519,0
DA:521,0
DA:531,0
DA:532,0
DA:538,0
DA:544,0
DA:545,0
LF:144
LH:0
BRDA:12,0,0,0
BRDA:12,0,1,0
BRDA:12,1,0,0
BRDA:12,1,1,0
BRDA:12,1,2,0
BRDA:19,2,0,0
BRDA:19,2,1,0
BRDA:28,3,0,0
BRDA:28,3,1,0
BRDA:41,4,0,0
BRDA:41,4,1,0
BRDA:54,5,0,0
BRDA:54,5,1,0
BRDA:54,6,0,0
BRDA:54,6,1,0
BRDA:83,7,0,0
BRDA:83,7,1,0
BRDA:84,8,0,0
BRDA:84,8,1,0
BRDA:113,9,0,0
BRDA:113,9,1,0
BRDA:130,10,0,0
BRDA:130,10,1,0
BRDA:138,11,0,0
BRDA:138,11,1,0
BRDA:142,12,0,0
BRDA:142,12,1,0
BRDA:144,13,0,0
BRDA:144,13,1,0
BRDA:170,14,0,0
BRDA:170,14,1,0
BRDA:177,15,0,0
BRDA:177,15,1,0
BRDA:209,16,0,0
BRDA:209,16,1,0
BRDA:243,17,0,0
BRDA:243,17,1,0
BRDA:244,18,0,0
BRDA:244,18,1,0
BRDA:272,19,0,0
BRDA:272,19,1,0
BRDA:290,20,0,0
BRDA:290,20,1,0
BRDA:290,21,0,0
BRDA:290,21,1,0
BRDA:290,21,2,0
BRDA:299,22,0,0
BRDA:299,22,1,0
BRDA:341,23,0,0
BRDA:341,23,1,0
BRDA:351,24,0,0
BRDA:351,24,1,0
BRDA:352,25,0,0
BRDA:352,25,1,0
BRDA:353,26,0,0
BRDA:353,26,1,0
BRDA:354,27,0,0
BRDA:354,27,1,0
BRDA:355,28,0,0
BRDA:355,28,1,0
BRDA:365,29,0,0
BRDA:365,29,1,0
BRDA:368,30,0,0
BRDA:368,30,1,0
BRDA:477,31,0,0
BRDA:477,31,1,0
BRDA:494,32,0,0
BRDA:494,32,1,0
BRDA:531,33,0,0
BRDA:531,33,1,0
BRF:70
BRH:0
end_of_record
TN:
SF:controllers/socialFeaturesController.js
FN:7,(anonymous_0)
FN:26,(anonymous_1)
FN:48,(anonymous_2)
FN:70,(anonymous_3)
FN:101,(anonymous_4)
FN:120,(anonymous_5)
FN:143,(anonymous_6)
FN:162,(anonymous_7)
FN:184,(anonymous_8)
FN:216,(anonymous_9)
FN:242,(anonymous_10)
FN:264,(anonymous_11)
FN:282,(anonymous_12)
FN:303,(anonymous_13)
FNF:14
FNH:0
FNDA:0,(anonymous_0)
FNDA:0,(anonymous_1)
FNDA:0,(anonymous_2)
FNDA:0,(anonymous_3)
FNDA:0,(anonymous_4)
FNDA:0,(anonymous_5)
FNDA:0,(anonymous_6)
FNDA:0,(anonymous_7)
FNDA:0,(anonymous_8)
FNDA:0,(anonymous_9)
FNDA:0,(anonymous_10)
FNDA:0,(anonymous_11)
FNDA:0,(anonymous_12)
FNDA:0,(anonymous_13)
DA:1,0
DA:8,0
DA:9,0
DA:11,0
DA:16,0
DA:27,0
DA:28,0
DA:29,0
DA:31,0
DA:33,0
DA:38,0
DA:49,0
DA:50,0
DA:51,0
DA:53,0
DA:55,0
DA:60,0
DA:71,0
DA:72,0
DA:74,0
DA:75,0
DA:80,0
DA:86,0
DA:91,0
DA:102,0
DA:103,0
DA:105,0
DA:110,0
DA:121,0
DA:122,0
DA:124,0
DA:125,0
DA:127,0
DA:133,0
DA:144,0
DA:145,0
DA:147,0
DA:152,0
DA:163,0
DA:164,0
DA:165,0
DA:167,0
DA:169,0
DA:174,0
DA:185,0
DA:186,0
DA:188,0
DA:189,0
DA:194,0
DA:201,0
DA:206,0
DA:217,0
DA:218,0
DA:219,0
DA:221,0
DA:227,0
DA:232,0
DA:243,0
DA:244,0
DA:245,0
DA:247,0
DA:249,0
DA:254,0
DA:265,0
DA:266,0
DA:268,0
DA:270,0
DA:272,0
DA:283,0
DA:284,0
DA:286,0
DA:288,0
DA:293,0
DA:304,0
DA:305,0
DA:307,0
DA:309,0
DA:314,0
DA:322,0
LF:79
LH:0
BRDA:72,0,0,0
BRDA:74,1,0,0
BRDA:74,1,1,0
BRDA:74,2,0,0
BRDA:74,2,1,0
BRDA:186,3,0,0
BRDA:188,4,0,0
BRDA:188,4,1,0
BRDA:188,5,0,0
BRDA:188,5,1,0
BRDA:198,6,0,0
BRDA:198,6,1,0
BRDA:219,7,0,0
BRDA:219,8,0,0
BRDA:245,9,0,0
BRF:15
BRH:0
end_of_record
TN:
SF:controllers/socialMediaController.js
FN:6,(anonymous_0)
FN:58,(anonymous_1)
FN:110,(anonymous_2)
FN:151,(anonymous_3)
FN:192,(anonymous_4)
FNF:5
FNH:0
FNDA:0,(anonymous_0)
FNDA:0,(anonymous_1)
FNDA:0,(anonymous_2)
FNDA:0,(anonymous_3)
FNDA:0,(anonymous_4)
DA:1,0
DA:6,0
DA:7,0
DA:8,0
DA:9,0
DA:11,0
DA:12,0
DA:18,0
DA:31,0
DA:32,0
DA:38,0
DA:46,0
DA:47,0
DA:58,0
DA:59,0
DA:60,0
DA:61,0
DA:63,0
DA:64,0
DA:70,0
DA:83,0
DA:84,0
DA:90,0
DA:98,0
DA:99,0
DA:110,0
DA:111,0
DA:112,0
DA:114,0
DA:127,0
DA:128,0
DA:134,0
DA:139,0
DA:140,0
DA:151,0
DA:152,0
DA:153,0
DA:155,0
DA:168,0
DA:169,0
DA:175,0
DA:180,0
DA:181,0
DA:192,0
DA:193,0
DA:194,0
DA:196,0
DA:198,0
DA:199,0
DA:206,0
DA:221,0
DA:228,0
DA:229,0
LF:53
LH:0
BRDA:11,0,0,0
BRDA:11,0,1,0
BRDA:11,1,0,0
BRDA:11,1,1,0
BRDA:24,2,0,0
BRDA:24,2,1,0
BRDA:31,3,0,0
BRDA:31,3,1,0
BRDA:63,4,0,0
BRDA:63,4,1,0
BRDA:63,5,0,0
BRDA:63,5,1,0
BRDA:76,6,0,0
BRDA:76,6,1,0
BRDA:83,7,0,0
BRDA:83,7,1,0
BRDA:127,8,0,0
BRDA:127,8,1,0
BRDA:168,9,0,0
BRDA:168,9,1,0
BRDA:198,10,0,0
BRDA:198,10,1,0
BRDA:207,11,0,0
BRDA:207,11,1,0
BRDA:213,12,0,0
BRDA:213,12,1,0
BRF:26
BRH:0
end_of_record
TN:
SF:controllers/swipeController.js
FN:10,(anonymous_0)
FN:40,(anonymous_1)
FN:146,(anonymous_2)
FN:189,(anonymous_3)
FN:235,(anonymous_4)
FN:263,(anonymous_5)
FN:294,(anonymous_6)
FN:307,(anonymous_7)
FN:308,(anonymous_8)
FN:342,(anonymous_9)
FN:391,(anonymous_10)
FN:413,(anonymous_11)
FNF:12
FNH:0
FNDA:0,(anonymous_0)
FNDA:0,(anonymous_1)
FNDA:0,(anonymous_2)
FNDA:0,(anonymous_3)
FNDA:0,(anonymous_4)
FNDA:0,(anonymous_5)
FNDA:0,(anonymous_6)
FNDA:0,(anonymous_7)
FNDA:0,(anonymous_8)
FNDA:0,(anonymous_9)
FNDA:0,(anonymous_10)
FNDA:0,(anonymous_11)
DA:1,0
DA:2,0
DA:3,0
DA:4,0
DA:5,0
DA:10,0
DA:11,0
DA:12,0
DA:13,0
DA:15,0
DA:16,0
DA:18,0
DA:20,0
DA:21,0
DA:23,0
DA:24,0
DA:27,0
DA:28,0
DA:32,0
DA:40,0
DA:41,0
DA:42,0
DA:43,0
DA:46,0
DA:47,0
DA:53,0
DA:54,0
DA:61,0
DA:62,0
DA:65,0
DA:66,0
DA:67,0
DA:76,0
DA:81,0
DA:82,0
DA:85,0
DA:87,0
DA:89,0
DA:101,0
DA:112,0
DA:114,0
DA:123,0
DA:135,0
DA:136,0
DA:146,0
DA:147,0
DA:148,0
DA:151,0
DA:152,0
DA:154,0
DA:155,0
DA:166,0
DA:168,0
DA:178,0
DA:179,0
DA:189,0
DA:190,0
DA:191,0
DA:192,0
DA:194,0
DA:195,0
DA:201,0
DA:203,0
DA:209,0
DA:211,0
DA:212,0
DA:218,0
DA:219,0
DA:225,0
DA:235,0
DA:236,0
DA:237,0
DA:239,0
DA:244,0
DA:252,0
DA:253,0
DA:263,0
DA:264,0
DA:265,0
DA:267,0
DA:275,0
DA:283,0
DA:284,0
DA:294,0
DA:295,0
DA:296,0
DA:297,0
DA:299,0
DA:307,0
DA:308,0
DA:309,0
DA:320,0
DA:322,0
DA:331,0
DA:332,0
DA:342,0
DA:343,0
DA:344,0
DA:345,0
DA:347,0
DA:348,0
DA:354,0
DA:356,0
DA:365,0
DA:367,0
DA:368,0
DA:374,0
DA:375,0
DA:381,0
DA:391,0
DA:392,0
DA:393,0
DA:394,0
DA:396,0
DA:401,0
DA:402,0
DA:413,0
DA:414,0
DA:415,0
DA:416,0
DA:419,0
DA:420,0
DA:422,0
DA:424,0
DA:425,0
DA:435,0
DA:440,0
DA:449,0
DA:450,0
DA:457,0
LF:130
LH:0
BRDA:13,0,0,0
BRDA:13,0,1,0
BRDA:13,1,0,0
BRDA:13,1,1,0
BRDA:18,2,0,0
BRDA:18,2,1,0
BRDA:27,3,0,0
BRDA:27,3,1,0
BRDA:46,4,0,0
BRDA:46,4,1,0
BRDA:46,5,0,0
BRDA:46,5,1,0
BRDA:53,6,0,0
BRDA:53,6,1,0
BRDA:62,7,0,0
BRDA:62,7,1,0
BRDA:66,8,0,0
BRDA:66,8,1,0
BRDA:77,9,0,0
BRDA:77,9,1,0
BRDA:82,10,0,0
BRDA:82,10,1,0
BRDA:85,11,0,0
BRDA:85,11,1,0
BRDA:105,12,0,0
BRDA:105,12,1,0
BRDA:112,13,0,0
BRDA:112,13,1,0
BRDA:112,14,0,0
BRDA:112,14,1,0
BRDA:152,15,0,0
BRDA:152,15,1,0
BRDA:154,16,0,0
BRDA:154,16,1,0
BRDA:194,17,0,0
BRDA:194,17,1,0
BRDA:211,18,0,0
BRDA:211,18,1,0
BRDA:218,19,0,0
BRDA:218,19,1,0
BRDA:297,20,0,0
BRDA:297,21,0,0
BRDA:297,22,0,0
BRDA:297,23,0,0
BRDA:347,24,0,0
BRDA:347,24,1,0
BRDA:367,25,0,0
BRDA:367,25,1,0
BRDA:374,26,0,0
BRDA:374,26,1,0
BRDA:416,27,0,0
BRDA:416,28,0,0
BRDA:420,29,0,0
BRDA:420,29,1,0
BRDA:422,30,0,0
BRDA:422,30,1,0
BRF:56
BRH:0
end_of_record
TN:
SF:coverage/lcov-report/block-navigation.js
FN:2,init
FN:24,toggleClass
FN:31,makeCurrent
FN:41,goToPrevious
FN:52,goToNext
FN:65,jump
FNF:6
FNH:0
FNDA:0,init
FNDA:0,toggleClass
FNDA:0,makeCurrent
FNDA:0,goToPrevious
FNDA:0,goToNext
FNDA:0,jump
DA:2,0
DA:4,0
DA:7,0
DA:10,0
DA:14,0
DA:20,0
DA:25,0
DA:28,0
DA:32,0
DA:33,0
DA:34,0
DA:42,0
DA:43,0
DA:44,0
DA:45,0
DA:46,0
DA:49,0
DA:53,0
DA:55,0
DA:59,0
DA:62,0
DA:65,0
DA:66,0
DA:71,0
DA:74,0
DA:77,0
DA:78,0
DA:82,0
DA:83,0
DA:87,0
LF:30
LH:0
BRDA:43,0,0,0
BRDA:43,0,1,0
BRDA:43,1,0,0
BRDA:43,1,1,0
BRDA:45,2,0,0
BRDA:45,2,1,0
BRDA:55,3,0,0
BRDA:55,3,1,0
BRDA:56,4,0,0
BRDA:56,4,1,0
BRDA:66,5,0,0
BRDA:66,5,1,0
BRDA:67,6,0,0
BRDA:67,6,1,0
BRDA:74,7,0,0
BRDA:74,7,1,0
BRDA:74,7,2,0
BRDA:74,7,3,0
BRDA:74,7,4,0
BRF:19
BRH:0
end_of_record
TN:
SF:coverage/lcov-report/prettify.js
FN:2,(anonymous_0)
FN:2,k
FN:2,ab
FN:2,T
FN:2,X
FN:2,(anonymous_5)
FN:2,W
FN:2,(anonymous_7)
FN:2,a
FN:2,aa
FN:2,B
FN:2,o
FN:2,g
FN:2,(anonymous_13)
FN:2,(anonymous_14)
FN:2,i
FN:2,Q
FN:2,ae
FN:2,ad
FN:2,ai
FN:2,D
FN:2,c
FN:2,q
FN:2,d
FN:2,y
FN:2,b
FN:2,Y
FN:2,(anonymous_27)
FN:2,U
FNF:29
FNH:0
FNDA:0,(anonymous_0)
FNDA:0,k
FNDA:0,ab
FNDA:0,T
FNDA:0,X
FNDA:0,(anonymous_5)
FNDA:0,W
FNDA:0,(anonymous_7)
FNDA:0,a
FNDA:0,aa
FNDA:0,B
FNDA:0,o
FNDA:0,g
FNDA:0,(anonymous_13)
FNDA:0,(anonymous_14)
FNDA:0,i
FNDA:0,Q
FNDA:0,ae
FNDA:0,ad
FNDA:0,ai
FNDA:0,D
FNDA:0,c
FNDA:0,q
FNDA:0,d
FNDA:0,y
FNDA:0,b
FNDA:0,Y
FNDA:0,(anonymous_27)
FNDA:0,U
DA:2,0
LF:1
LH:0
BRDA:2,0,0,0
BRDA:2,0,1,0
BRDA:2,1,0,0
BRDA:2,1,1,0
BRDA:2,2,0,0
BRDA:2,2,1,0
BRDA:2,3,0,0
BRDA:2,3,1,0
BRDA:2,4,0,0
BRDA:2,4,1,0
BRDA:2,5,0,0
BRDA:2,5,1,0
BRDA:2,6,0,0
BRDA:2,6,1,0
BRDA:2,7,0,0
BRDA:2,7,1,0
BRDA:2,8,0,0
BRDA:2,8,1,0
BRDA:2,9,0,0
BRDA:2,9,1,0
BRDA:2,10,0,0
BRDA:2,10,1,0
BRDA:2,11,0,0
BRDA:2,11,1,0
BRDA:2,11,2,0
BRDA:2,11,3,0
BRDA:2,12,0,0
BRDA:2,12,1,0
BRDA:2,13,0,0
BRDA:2,13,1,0
BRDA:2,14,0,0
BRDA:2,14,1,0
BRDA:2,15,0,0
BRDA:2,15,1,0
BRDA:2,16,0,0
BRDA:2,16,1,0
BRDA:2,17,0,0
BRDA:2,17,1,0
BRDA:2,18,0,0
BRDA:2,18,1,0
BRDA:2,19,0,0
BRDA:2,19,1,0
BRDA:2,20,0,0
BRDA:2,20,1,0
BRDA:2,21,0,0
BRDA:2,21,1,0
BRDA:2,22,0,0
BRDA:2,22,1,0
BRDA:2,23,0,0
BRDA:2,23,1,0
BRDA:2,24,0,0
BRDA:2,24,1,0
BRDA:2,25,0,0
BRDA:2,25,1,0
BRDA:2,26,0,0
BRDA:2,26,1,0
BRDA:2,27,0,0
BRDA:2,27,1,0
BRDA:2,28,0,0
BRDA:2,28,1,0
BRDA:2,29,0,0
BRDA:2,29,1,0
BRDA:2,30,0,0
BRDA:2,30,1,0
BRDA:2,31,0,0
BRDA:2,31,1,0
BRDA:2,32,0,0
BRDA:2,32,1,0
BRDA:2,33,0,0
BRDA:2,33,1,0
BRDA:2,34,0,0
BRDA:2,34,1,0
BRDA:2,35,0,0
BRDA:2,35,1,0
BRDA:2,36,0,0
BRDA:2,36,1,0
BRDA:2,37,0,0
BRDA:2,37,1,0
BRDA:2,38,0,0
BRDA:2,38,1,0
BRDA:2,39,0,0
BRDA:2,39,1,0
BRDA:2,40,0,0
BRDA:2,40,1,0
BRDA:2,41,0,0
BRDA:2,41,1,0
BRDA:2,42,0,0
BRDA:2,42,1,0
BRDA:2,43,0,0
BRDA:2,43,1,0
BRDA:2,44,0,0
BRDA:2,44,1,0
BRDA:2,45,0,0
BRDA:2,45,1,0
BRDA:2,46,0,0
BRDA:2,46,1,0
BRDA:2,47,0,0
BRDA:2,47,1,0
BRDA:2,48,0,0
BRDA:2,48,1,0
BRDA:2,49,0,0
BRDA:2,49,1,0
BRDA:2,50,0,0
BRDA:2,50,1,0
BRDA:2,50,2,0
BRDA:2,51,0,0
BRDA:2,51,1,0
BRDA:2,52,0,0
BRDA:2,52,1,0
BRDA:2,53,0,0
BRDA:2,53,1,0
BRDA:2,54,0,0
BRDA:2,54,1,0
BRDA:2,55,0,0
BRDA:2,55,1,0
BRDA:2,56,0,0
BRDA:2,56,1,0
BRDA:2,57,0,0
BRDA:2,57,1,0
BRDA:2,58,0,0
BRDA:2,58,1,0
BRDA:2,59,0,0
BRDA:2,59,1,0
BRDA:2,60,0,0
BRDA:2,60,1,0
BRDA:2,61,0,0
BRDA:2,61,1,0
BRDA:2,62,0,0
BRDA:2,62,1,0
BRDA:2,63,0,0
BRDA:2,63,1,0
BRDA:2,64,0,0
BRDA:2,64,1,0
BRDA:2,65,0,0
BRDA:2,65,1,0
BRDA:2,66,0,0
BRDA:2,66,1,0
BRDA:2,67,0,0
BRDA:2,67,1,0
BRDA:2,68,0,0
BRDA:2,68,1,0
BRDA:2,69,0,0
BRDA:2,69,1,0
BRDA:2,70,0,0
BRDA:2,70,1,0
BRDA:2,71,0,0
BRDA:2,71,1,0
BRDA:2,72,0,0
BRDA:2,72,1,0
BRDA:2,73,0,0
BRDA:2,73,1,0
BRDA:2,74,0,0
BRDA:2,74,1,0
BRDA:2,75,0,0
BRDA:2,75,1,0
BRDA:2,76,0,0
BRDA:2,76,1,0
BRDA:2,77,0,0
BRDA:2,77,1,0
BRDA:2,78,0,0
BRDA:2,78,1,0
BRDA:2,79,0,0
BRDA:2,79,1,0
BRDA:2,80,0,0
BRDA:2,80,1,0
BRDA:2,81,0,0
BRDA:2,81,1,0
BRDA:2,82,0,0
BRDA:2,82,1,0
BRDA:2,83,0,0
BRDA:2,83,1,0
BRDA:2,84,0,0
BRDA:2,84,1,0
BRDA:2,85,0,0
BRDA:2,85,1,0
BRDA:2,86,0,0
BRDA:2,86,1,0
BRDA:2,87,0,0
BRDA:2,87,1,0
BRDA:2,88,0,0
BRDA:2,88,1,0
BRDA:2,89,0,0
BRDA:2,89,1,0
BRDA:2,89,2,0
BRDA:2,90,0,0
BRDA:2,90,1,0
BRDA:2,91,0,0
BRDA:2,91,1,0
BRDA:2,92,0,0
BRDA:2,92,1,0
BRDA:2,93,0,0
BRDA:2,93,1,0
BRDA:2,94,0,0
BRDA:2,94,1,0
BRDA:2,95,0,0
BRDA:2,95,1,0
BRDA:2,96,0,0
BRDA:2,96,1,0
BRDA:2,97,0,0
BRDA:2,97,1,0
BRDA:2,98,0,0
BRDA:2,98,1,0
BRDA:2,99,0,0
BRDA:2,99,1,0
BRDA:2,100,0,0
BRDA:2,100,1,0
BRDA:2,101,0,0
BRDA:2,101,1,0
BRDA:2,102,0,0
BRDA:2,102,1,0
BRDA:2,103,0,0
BRDA:2,103,1,0
BRDA:2,104,0,0
BRDA:2,104,1,0
BRDA:2,105,0,0
BRDA:2,105,1,0
BRDA:2,106,0,0
BRDA:2,106,1,0
BRDA:2,107,0,0
BRDA:2,107,1,0
BRDA:2,108,0,0
BRDA:2,108,1,0
BRDA:2,109,0,0
BRDA:2,109,1,0
BRDA:2,110,0,0
BRDA:2,110,1,0
BRDA:2,111,0,0
BRDA:2,111,1,0
BRDA:2,112,0,0
BRDA:2,112,1,0
BRDA:2,113,0,0
BRDA:2,113,1,0
BRDA:2,114,0,0
BRDA:2,114,1,0
BRDA:2,115,0,0
BRDA:2,115,1,0
BRDA:2,116,0,0
BRDA:2,116,1,0
BRDA:2,117,0,0
BRDA:2,117,1,0
BRDA:2,118,0,0
BRDA:2,118,1,0
BRDA:2,119,0,0
BRDA:2,119,1,0
BRDA:2,120,0,0
BRDA:2,120,1,0
BRDA:2,121,0,0
BRDA:2,121,1,0
BRDA:2,122,0,0
BRDA:2,122,1,0
BRDA:2,123,0,0
BRDA:2,123,1,0
BRDA:2,124,0,0
BRDA:2,124,1,0
BRDA:2,125,0,0
BRDA:2,125,1,0
BRDA:2,126,0,0
BRDA:2,126,1,0
BRDA:2,127,0,0
BRDA:2,127,1,0
BRDA:2,128,0,0
BRDA:2,128,1,0
BRDA:2,128,2,0
BRDA:2,129,0,0
BRDA:2,129,1,0
BRDA:2,130,0,0
BRDA:2,130,1,0
BRDA:2,131,0,0
BRDA:2,131,1,0
BRDA:2,131,2,0
BRDA:2,131,3,0
BRDA:2,131,4,0
BRDA:2,132,0,0
BRDA:2,132,1,0
BRDA:2,133,0,0
BRDA:2,133,1,0
BRDA:2,134,0,0
BRDA:2,134,1,0
BRDA:2,135,0,0
BRDA:2,135,1,0
BRDA:2,136,0,0
BRDA:2,136,1,0
BRDA:2,137,0,0
BRDA:2,137,1,0
[...]
FN:37,(anonymous_1)
FN:67,(anonymous_2)
FN:85,(anonymous_3)
FN:89,(anonymous_4)
FN:95,(anonymous_5)
FN:99,(anonymous_6)
FN:103,(anonymous_7)
FN:109,(anonymous_8)
FN:113,(anonymous_9)
FN:119,(anonymous_10)
FN:124,(anonymous_11)
FN:130,(anonymous_12)
FN:136,(anonymous_13)
FN:140,(anonymous_14)
FN:151,(anonymous_15)
FN:163,(anonymous_16)
FN:176,(anonymous_17)
FN:183,(anonymous_18)
FN:188,(anonymous_19)
FN:199,(anonymous_20)
FN:246,(anonymous_21)
FN:254,(anonymous_22)
FN:350,(anonymous_23)
FN:383,(anonymous_24)
FN:414,(anonymous_25)
FN:423,(anonymous_26)
FN:436,(anonymous_27)
FN:465,(anonymous_28)
FN:496,(anonymous_29)
FN:503,(anonymous_30)
FN:508,(anonymous_31)
FNF:32
FNH:0
FNDA:0,(anonymous_0)
FNDA:0,(anonymous_1)
FNDA:0,(anonymous_2)
FNDA:0,(anonymous_3)
FNDA:0,(anonymous_4)
FNDA:0,(anonymous_5)
FNDA:0,(anonymous_6)
FNDA:0,(anonymous_7)
FNDA:0,(anonymous_8)
FNDA:0,(anonymous_9)
FNDA:0,(anonymous_10)
FNDA:0,(anonymous_11)
FNDA:0,(anonymous_12)
FNDA:0,(anonymous_13)
FNDA:0,(anonymous_14)
FNDA:0,(anonymous_15)
FNDA:0,(anonymous_16)
FNDA:0,(anonymous_17)
FNDA:0,(anonymous_18)
FNDA:0,(anonymous_19)
FNDA:0,(anonymous_20)
FNDA:0,(anonymous_21)
FNDA:0,(anonymous_22)
FNDA:0,(anonymous_23)
FNDA:0,(anonymous_24)
FNDA:0,(anonymous_25)
FNDA:0,(anonymous_26)
FNDA:0,(anonymous_27)
FNDA:0,(anonymous_28)
FNDA:0,(anonymous_29)
FNDA:0,(anonymous_30)
FNDA:0,(anonymous_31)
DA:6,0
DA:7,0
DA:8,0
DA:9,0
DA:10,0
DA:11,0
DA:12,0
DA:15,0
DA:18,0
DA:23,0
DA:24,0
DA:37,0
DA:38,0
DA:39,0
DA:40,0
DA:42,0
DA:44,0
DA:45,0
DA:46,0
DA:48,0
DA:50,0
DA:54,0
DA:55,0
DA:56,0
DA:59,0
DA:60,0
DA:62,0
DA:67,0
DA:68,0
DA:69,0
DA:72,0
DA:75,0
DA:78,0
DA:81,0
DA:85,0
DA:86,0
DA:89,0
DA:90,0
DA:95,0
DA:96,0
DA:99,0
DA:100,0
DA:103,0
DA:104,0
DA:109,0
DA:110,0
DA:113,0
DA:114,0
DA:119,0
DA:120,0
DA:121,0
DA:124,0
DA:125,0
DA:130,0
DA:131,0
DA:136,0
DA:137,0
DA:140,0
DA:141,0
DA:145,0
DA:151,0
DA:152,0
DA:154,0
DA:155,0
DA:157,0
DA:163,0
DA:164,0
DA:165,0
DA:168,0
DA:176,0
DA:177,0
DA:181,0
DA:183,0
DA:187,0
DA:188,0
DA:191,0
DA:192,0
DA:199,0
DA:200,0
DA:201,0
DA:204,0
DA:205,0
DA:206,0
DA:210,0
DA:216,0
DA:217,0
DA:218,0
DA:222,0
DA:225,0
DA:231,0
DA:236,0
DA:238,0
DA:239,0
DA:246,0
DA:247,0
DA:248,0
DA:254,0
DA:255,0
DA:256,0
DA:257,0
DA:260,0
DA:261,0
DA:262,0
DA:265,0
DA:266,0
DA:267,0
DA:271,0
DA:277,0
DA:278,0
DA:279,0
DA:283,0
DA:286,0
DA:296,0
DA:299,0
DA:301,0
DA:315,0
DA:318,0
DA:324,0
DA:325,0
DA:327,0
DA:328,0
DA:337,0
DA:342,0
DA:343,0
DA:350,0
DA:351,0
DA:352,0
DA:353,0
DA:355,0
DA:368,0
DA:369,0
DA:376,0
DA:383,0
DA:384,0
DA:385,0
DA:387,0
DA:399,0
DA:400,0
DA:407,0
DA:414,0
DA:415,0
DA:422,0
DA:423,0
DA:424,0
DA:436,0
DA:437,0
DA:438,0
DA:441,0
DA:442,0
DA:443,0
DA:446,0
DA:447,0
DA:448,0
DA:451,0
DA:454,0
DA:459,0
DA:465,0
DA:466,0
DA:468,0
DA:476,0
DA:478,0
DA:482,0
DA:489,0
DA:496,0
DA:497,0
DA:503,0
DA:508,0
DA:510,0
LF:168
LH:0
BRDA:26,0,0,0
BRDA:26,0,1,0
BRDA:39,1,0,0
BRDA:39,1,1,0
BRDA:40,2,0,0
BRDA:40,2,1,0
BRDA:42,3,0,0
BRDA:42,3,1,0
BRDA:45,4,0,0
BRDA:45,4,1,0
BRDA:46,5,0,0
BRDA:46,5,1,0
BRDA:55,6,0,0
BRDA:55,6,1,0
BRDA:55,7,0,0
BRDA:55,7,1,0
BRDA:121,8,0,0
BRDA:121,8,1,0
BRDA:154,9,0,0
BRDA:154,9,1,0
BRDA:204,10,0,0
BRDA:204,10,1,0
BRDA:216,11,0,0
BRDA:216,11,1,0
BRDA:256,12,0,0
BRDA:260,13,0,0
BRDA:260,13,1,0
BRDA:260,14,0,0
BRDA:260,14,1,0
BRDA:265,15,0,0
BRDA:265,15,1,0
BRDA:277,16,0,0
BRDA:277,16,1,0
BRDA:283,17,0,0
BRDA:283,17,1,0
BRDA:325,18,0,0
BRDA:325,18,1,0
BRDA:331,19,0,0
BRDA:331,19,1,0
BRDA:368,20,0,0
BRDA:368,20,1,0
BRDA:399,21,0,0
BRDA:399,21,1,0
BRDA:422,22,0,0
BRDA:422,22,1,0
BRDA:442,23,0,0
BRDA:442,23,1,0
BRDA:446,24,0,0
BRDA:446,24,1,0
BRDA:478,25,0,0
BRDA:478,25,1,0
BRDA:485,26,0,0
BRDA:485,26,1,0
BRF:53
BRH:0
end_of_record
TN:
SF:services/cdnService.js
FN:52,(anonymous_0)
FN:53,(anonymous_1)
FN:54,(anonymous_2)
FN:55,(anonymous_3)
FN:56,(anonymous_4)
FN:63,(anonymous_5)
FN:110,(anonymous_6)
FN:133,(anonymous_7)
FN:177,(anonymous_8)
FN:206,(anonymous_9)
FN:225,(anonymous_10)
FN:242,(anonymous_11)
FN:243,(anonymous_12)
FN:252,(anonymous_13)
FN:257,(anonymous_14)
FNF:15
FNH:0
FNDA:0,(anonymous_0)
FNDA:0,(anonymous_1)
FNDA:0,(anonymous_2)
FNDA:0,(anonymous_3)
FNDA:0,(anonymous_4)
FNDA:0,(anonymous_5)
FNDA:0,(anonymous_6)
FNDA:0,(anonymous_7)
FNDA:0,(anonymous_8)
FNDA:0,(anonymous_9)
FNDA:0,(anonymous_10)
FNDA:0,(anonymous_11)
FNDA:0,(anonymous_12)
FNDA:0,(anonymous_13)
FNDA:0,(anonymous_14)
DA:7,0
DA:31,0
DA:51,0
DA:52,0
DA:53,0
DA:54,0
DA:55,0
DA:57,0
DA:63,0
DA:64,0
DA:67,0
DA:68,0
DA:69,0
DA:70,0
DA:71,0
DA:75,0
DA:76,0
DA:80,0
DA:83,0
DA:84,0
DA:87,0
DA:94,0
DA:95,0
DA:96,0
DA:97,0
DA:98,0
DA:99,0
DA:101,0
DA:104,0
DA:110,0
DA:111,0
DA:133,0
DA:134,0
DA:137,0
DA:138,0
DA:139,0
DA:140,0
DA:141,0
DA:142,0
DA:143,0
DA:145,0
DA:149,0
DA:151,0
DA:152,0
DA:154,0
DA:158,0
DA:159,0
DA:162,0
DA:164,0
DA:168,0
DA:169,0
DA:171,0
DA:177,0
DA:178,0
DA:179,0
DA:181,0
DA:182,0
DA:185,0
DA:186,0
DA:187,0
DA:189,0
DA:196,0
DA:198,0
DA:199,0
DA:206,0
DA:207,0
DA:208,0
DA:209,0
DA:212,0
DA:213,0
DA:215,0
DA:219,0
DA:225,0
DA:230,0
DA:231,0
DA:232,0
DA:234,0
DA:235,0
DA:242,0
DA:243,0
DA:252,0
DA:253,0
DA:254,0
DA:257,0
DA:258,0
DA:259,0
DA:265,0
DA:272,0
LF:88
LH:0
BRDA:11,0,0,0
BRDA:11,0,1,0
BRDA:25,1,0,0
BRDA:25,1,1,0
BRDA:63,2,0,0
BRDA:64,3,0,0
BRDA:64,4,0,0
BRDA:64,5,0,0
BRDA:68,6,0,0
BRDA:68,6,1,0
BRDA:70,7,0,0
BRDA:70,7,1,0
BRDA:75,8,0,0
BRDA:75,8,1,0
BRDA:83,9,0,0
BRDA:83,9,1,0
BRDA:94,10,0,0
BRDA:94,10,1,0
BRDA:137,11,0,0
BRDA:137,11,1,0
BRDA:138,12,0,0
BRDA:138,12,1,0
BRDA:138,13,0,0
BRDA:138,13,1,0
BRDA:140,14,0,0
BRDA:140,14,1,0
BRDA:140,15,0,0
BRDA:140,15,1,0
BRDA:142,16,0,0
BRDA:142,16,1,0
BRDA:142,17,0,0
BRDA:142,17,1,0
BRDA:149,18,0,0
BRDA:149,18,1,0
BRDA:151,19,0,0
BRDA:151,19,1,0
BRDA:158,20,0,0
BRDA:158,20,1,0
BRDA:162,21,0,0
BRDA:162,21,1,0
BRDA:177,22,0,0
BRDA:181,23,0,0
BRDA:181,23,1,0
BRDA:207,24,0,0
BRDA:207,24,1,0
BRDA:225,25,0,0
BRDA:225,25,1,0
BRDA:253,26,0,0
BRDA:253,26,1,0
BRDA:253,27,0,0
BRDA:253,27,1,0
BRDA:258,28,0,0
BRDA:258,28,1,0
BRDA:267,29,0,0
BRDA:267,29,1,0
BRF:55
BRH:0
end_of_record
TN:
SF:services/imageProcessingService.js
FN:42,(anonymous_0)
FN:52,(anonymous_1)
FN:75,(anonymous_2)
FN:82,(anonymous_3)
FN:99,(anonymous_4)
FN:123,(anonymous_5)
FN:135,(anonymous_6)
FN:197,(anonymous_7)
FN:235,(anonymous_8)
FN:240,(anonymous_9)
FN:241,(anonymous_10)
FN:254,(anonymous_11)
FN:269,(anonymous_12)
FN:276,(anonymous_13)
FN:294,(anonymous_14)
FN:304,(anonymous_15)
FN:314,(anonymous_16)
FNF:17
FNH:0
FNDA:0,(anonymous_0)
FNDA:0,(anonymous_1)
FNDA:0,(anonymous_2)
FNDA:0,(anonymous_3)
FNDA:0,(anonymous_4)
FNDA:0,(anonymous_5)
FNDA:0,(anonymous_6)
FNDA:0,(anonymous_7)
FNDA:0,(anonymous_8)
FNDA:0,(anonymous_9)
FNDA:0,(anonymous_10)
FNDA:0,(anonymous_11)
FNDA:0,(anonymous_12)
FNDA:0,(anonymous_13)
FNDA:0,(anonymous_14)
FNDA:0,(anonymous_15)
FNDA:0,(anonymous_16)
DA:6,0
DA:7,0
DA:8,0
DA:9,0
DA:10,0
DA:13,0
DA:21,0
DA:22,0
DA:25,0
DA:34,0
DA:37,0
DA:42,0
DA:43,0
DA:44,0
DA:45,0
DA:46,0
DA:52,0
DA:53,0
DA:55,0
DA:63,0
DA:64,0
DA:66,0
DA:69,0
DA:75,0
DA:76,0
DA:79,0
DA:81,0
DA:83,0
DA:84,0
DA:86,0
DA:93,0
DA:99,0
DA:100,0
DA:111,0
DA:114,0
DA:115,0
DA:117,0
DA:123,0
DA:124,0
DA:129,0
DA:135,0
DA:136,0
DA:138,0
DA:139,0
DA:143,0
DA:146,0
DA:147,0
DA:148,0
DA:152,0
DA:155,0
DA:158,0
DA:160,0
DA:161,0
DA:162,0
DA:164,0
DA:169,0
DA:175,0
DA:186,0
DA:187,0
DA:197,0
DA:198,0
DA:199,0
DA:200,0
DA:203,0
DA:206,0
DA:211,0
DA:216,0
DA:224,0
DA:225,0
DA:235,0
DA:236,0
DA:237,0
DA:239,0
DA:240,0
DA:241,0
DA:244,0
DA:254,0
DA:255,0
DA:257,0
DA:258,0
DA:259,0
DA:260,0
DA:262,0
DA:263,0
DA:269,0
DA:270,0
DA:271,0
DA:274,0
DA:275,0
DA:276,0
DA:278,0
DA:280,0
DA:281,0
DA:288,0
DA:294,0
DA:295,0
DA:296,0
DA:298,0
DA:304,0
DA:307,0
DA:314,0
DA:315,0
DA:316,0
DA:318,0
DA:320,0
DA:324,0
LF:106
LH:0
BRDA:14,0,0,0
BRDA:14,0,1,0
BRDA:21,1,0,0
BRDA:21,1,1,0
BRDA:22,2,0,0
BRDA:22,2,1,0
BRDA:45,3,0,0
BRDA:45,3,1,0
BRDA:52,4,0,0
BRDA:52,5,0,0
BRDA:53,6,0,0
BRDA:53,6,1,0
BRDA:63,7,0,0
BRDA:63,7,1,0
BRDA:99,8,0,0
BRDA:114,9,0,0
BRDA:114,9,1,0
BRDA:138,10,0,0
BRDA:138,10,1,0
BRDA:147,11,0,0
BRDA:147,11,1,0
BRDA:199,12,0,0
BRDA:199,12,1,0
BRDA:246,13,0,0
BRDA:246,13,1,0
BRDA:247,14,0,0
BRDA:247,14,1,0
BRDA:254,15,0,0
BRDA:254,16,0,0
BRDA:257,17,0,0
BRDA:257,17,1,0
BRDA:258,18,0,0
BRDA:258,18,1,0
BRDA:259,19,0,0
BRDA:259,19,1,0
BRDA:262,20,0,0
BRDA:262,20,1,0
BRDA:263,21,0,0
BRDA:263,21,1,0
BRDA:269,22,0,0
BRDA:270,23,0,0
BRDA:280,24,0,0
BRDA:280,24,1,0
BRDA:294,25,0,0
BRF:44
BRH:0
end_of_record
TN:
SF:utils/asyncMigrationGuide.js
FN:28,(anonymous_0)
FN:29,(anonymous_1)
FN:30,(anonymous_2)
FN:73,(anonymous_3)
FN:109,(anonymous_4)
FN:109,(anonymous_5)
FN:124,(anonymous_6)
FN:135,(anonymous_7)
FN:141,(anonymous_8)
FN:147,(anonymous_9)
FN:168,(anonymous_10)
FN:208,(anonymous_11)
FN:213,(anonymous_12)
FN:218,(anonymous_13)
FN:219,(anonymous_14)
FN:221,(anonymous_15)
FN:222,(anonymous_16)
FN:245,(anonymous_17)
FN:305,(anonymous_18)
FN:316,(anonymous_19)
FN:334,(anonymous_20)
FN:366,(anonymous_21)
FNF:22
FNH:0
FNDA:0,(anonymous_0)
FNDA:0,(anonymous_1)
FNDA:0,(anonymous_2)
FNDA:0,(anonymous_3)
FNDA:0,(anonymous_4)
FNDA:0,(anonymous_5)
FNDA:0,(anonymous_6)
FNDA:0,(anonymous_7)
FNDA:0,(anonymous_8)
FNDA:0,(anonymous_9)
FNDA:0,(anonymous_10)
FNDA:0,(anonymous_11)
FNDA:0,(anonymous_12)
FNDA:0,(anonymous_13)
FNDA:0,(anonymous_14)
FNDA:0,(anonymous_15)
FNDA:0,(anonymous_16)
FNDA:0,(anonymous_17)
FNDA:0,(anonymous_18)
FNDA:0,(anonymous_19)
FNDA:0,(anonymous_20)
FNDA:0,(anonymous_21)
DA:28,0
DA:29,0
DA:30,0
DA:31,0
DA:32,0
DA:40,0
DA:73,0
DA:74,0
DA:75,0
DA:77,0
DA:78,0
DA:84,0
DA:86,0
DA:91,0
DA:92,0
DA:109,0
DA:110,0
DA:125,0
DA:126,0
DA:127,0
DA:128,0
DA:130,0
DA:136,0
DA:142,0
DA:148,0
DA:168,0
DA:169,0
DA:170,0
DA:173,0
DA:180,0
DA:181,0
DA:187,0
DA:197,0
DA:198,0
DA:208,0
DA:209,0
DA:210,0
DA:212,0
DA:213,0
DA:216,0
DA:218,0
DA:219,0
DA:221,0
DA:222,0
DA:225,0
DA:230,0
DA:231,0
DA:245,0
DA:246,0
DA:248,0
DA:249,0
DA:251,0
DA:254,0
DA:265,0
DA:274,0
DA:280,0
DA:282,0
DA:287,0
DA:288,0
DA:289,0
DA:294,0
DA:305,0
DA:308,0
DA:309,0
DA:310,0
DA:312,0
DA:314,0
DA:315,0
DA:316,0
DA:321,0
DA:334,0
DA:335,0
DA:336,0
DA:337,0
DA:338,0
DA:340,0
DA:341,0
DA:342,0
DA:343,0
DA:345,0
DA:346,0
DA:350,0
DA:355,0
DA:356,0
DA:366,0
DA:367,0
DA:369,0
DA:370,0
DA:371,0
DA:372,0
DA:375,0
DA:402,0
LF:92
LH:0
BRDA:31,0,0,0
BRDA:31,0,1,0
BRDA:77,1,0,0
BRDA:77,1,1,0
BRDA:95,2,0,0
BRDA:95,2,1,0
BRDA:127,3,0,0
BRDA:127,3,1,0
BRDA:135,4,0,0
BRDA:141,5,0,0
BRDA:147,6,0,0
BRDA:180,7,0,0
BRDA:180,7,1,0
BRDA:305,8,0,0
BRDA:305,9,0,0
BRDA:314,10,0,0
BRDA:314,10,1,0
BRF:17
BRH:0
end_of_record
TN:
SF:utils/encryption.js
FN:14,(anonymous_0)
FN:28,(anonymous_1)
FN:54,(anonymous_2)
FN:94,(anonymous_3)
FN:112,(anonymous_4)
FN:122,(anonymous_5)
FN:148,(anonymous_6)
FN:187,(anonymous_7)
FNF:8
FNH:0
FNDA:0,(anonymous_0)
FNDA:0,(anonymous_1)
FNDA:0,(anonymous_2)
FNDA:0,(anonymous_3)
FNDA:0,(anonymous_4)
FNDA:0,(anonymous_5)
FNDA:0,(anonymous_6)
FNDA:0,(anonymous_7)
DA:6,0
DA:8,0
DA:9,0
DA:10,0
DA:11,0
DA:14,0
DA:15,0
DA:16,0
DA:17,0
DA:20,0
DA:28,0
DA:29,0
DA:31,0
DA:32,0
DA:33,0
DA:34,0
DA:36,0
DA:37,0
DA:39,0
DA:42,0
DA:44,0
DA:45,0
DA:54,0
DA:55,0
DA:58,0
DA:59,0
DA:62,0
DA:63,0
DA:64,0
DA:66,0
DA:68,0
DA:71,0
DA:72,0
DA:73,0
DA:75,0
DA:76,0
DA:78,0
DA:79,0
DA:81,0
DA:83,0
DA:85,0
DA:94,0
DA:95,0
DA:98,0
DA:99,0
DA:104,0
DA:105,0
DA:112,0
DA:113,0
DA:122,0
DA:123,0
DA:125,0
DA:126,0
DA:127,0
DA:128,0
DA:130,0
DA:131,0
DA:133,0
DA:135,0
DA:137,0
DA:138,0
DA:148,0
DA:149,0
DA:151,0
DA:152,0
DA:155,0
DA:156,0
DA:157,0
DA:159,0
DA:160,0
DA:163,0
DA:164,0
DA:165,0
DA:167,0
DA:168,0
DA:170,0
DA:171,0
DA:173,0
DA:175,0
DA:176,0
DA:187,0
DA:188,0
DA:190,0
DA:193,0
DA:196,0
LF:85
LH:0
BRDA:15,0,0,0
BRDA:15,0,1,0
BRDA:16,1,0,0
BRDA:16,1,1,0
BRDA:29,2,0,0
BRDA:29,2,1,0
BRDA:55,3,0,0
BRDA:55,3,1,0
BRDA:58,4,0,0
BRDA:58,4,1,0
BRDA:66,5,0,0
BRDA:66,5,1,0
BRDA:95,6,0,0
BRDA:95,6,1,0
BRDA:98,7,0,0
BRDA:98,7,1,0
BRDA:123,8,0,0
BRDA:123,8,1,0
BRDA:123,9,0,0
BRDA:123,9,1,0
BRDA:149,10,0,0
BRDA:149,10,1,0
BRDA:149,11,0,0
BRDA:149,11,1,0
BRDA:151,12,0,0
BRDA:151,12,1,0
BRDA:159,13,0,0
BRDA:159,13,1,0
BRDA:188,14,0,0
BRDA:188,14,1,0
BRF:30
BRH:0
end_of_record
TN:
SF:utils/fieldEncryption.js
FN:27,(anonymous_0)
FN:35,(anonymous_1)
FN:52,(anonymous_2)
FN:75,(anonymous_3)
FN:78,(anonymous_4)
FN:81,(anonymous_5)
FN:86,(anonymous_6)
FN:92,(anonymous_7)
FN:99,(anonymous_8)
FN:105,(anonymous_9)
FN:117,(anonymous_10)
FN:134,(anonymous_11)
FN:160,(anonymous_12)
FN:178,(anonymous_13)
FNF:14
FNH:0
FNDA:0,(anonymous_0)
FNDA:0,(anonymous_1)
FNDA:0,(anonymous_2)
FNDA:0,(anonymous_3)
FNDA:0,(anonymous_4)
FNDA:0,(anonymous_5)
FNDA:0,(anonymous_6)
FNDA:0,(anonymous_7)
FNDA:0,(anonymous_8)
FNDA:0,(anonymous_9)
FNDA:0,(anonymous_10)
FNDA:0,(anonymous_11)
FNDA:0,(anonymous_12)
FNDA:0,(anonymous_13)
DA:6,0
DA:12,0
DA:27,0
DA:28,0
DA:30,0
DA:31,0
DA:35,0
DA:36,0
DA:37,0
DA:38,0
DA:39,0
DA:40,0
DA:42,0
DA:45,0
DA:47,0
DA:52,0
DA:53,0
DA:54,0
DA:56,0
DA:58,0
DA:59,0
DA:63,0
DA:64,0
DA:68,0
DA:70,0
DA:75,0
DA:76,0
DA:78,0
DA:81,0
DA:82,0
DA:83,0
DA:86,0
DA:87,0
DA:88,0
DA:92,0
DA:93,0
DA:94,0
DA:95,0
DA:99,0
DA:100,0
DA:101,0
DA:105,0
DA:107,0
DA:108,0
DA:117,0
DA:118,0
DA:120,0
DA:121,0
DA:134,0
DA:135,0
DA:138,0
DA:140,0
DA:141,0
DA:142,0
DA:143,0
DA:146,0
DA:151,0
DA:160,0
DA:161,0
DA:163,0
DA:164,0
DA:165,0
DA:169,0
DA:178,0
DA:179,0
DA:181,0
DA:182,0
DA:183,0
DA:184,0
DA:186,0
DA:191,0
DA:194,0
LF:72
LH:0
BRDA:27,0,0,0
BRDA:28,1,0,0
BRDA:28,1,1,0
BRDA:30,2,0,0
BRDA:30,2,1,0
BRDA:39,3,0,0
BRDA:39,3,1,0
BRDA:39,4,0,0
BRDA:39,4,1,0
BRDA:39,4,2,0
BRDA:58,5,0,0
BRDA:58,5,1,0
BRDA:58,6,0,0
BRDA:58,6,1,0
BRDA:63,7,0,0
BRDA:63,7,1,0
BRDA:63,8,0,0
BRDA:63,8,1,0
BRDA:63,8,2,0
BRDA:76,9,0,0
BRDA:76,9,1,0
BRDA:82,10,0,0
BRDA:82,10,1,0
BRDA:87,11,0,0
BRDA:87,11,1,0
BRDA:94,12,0,0
BRDA:94,12,1,0
BRDA:118,13,0,0
BRDA:118,13,1,0
BRDA:122,14,0,0
BRDA:122,14,1,0
BRDA:122,14,2,0
BRDA:135,15,0,0
BRDA:135,15,1,0
BRDA:138,16,0,0
BRDA:138,16,1,0
BRDA:141,17,0,0
BRDA:141,17,1,0
BRDA:141,18,0,0
BRDA:141,18,1,0
BRDA:164,19,0,0
BRDA:164,19,1,0
BRDA:164,20,0,0
BRDA:164,20,1,0
BRDA:182,21,0,0
BRDA:182,21,1,0
BRDA:182,22,0,0
BRDA:182,22,1,0
BRF:48
BRH:0
end_of_record
TN:
SF:utils/geoUtils.js
FN:18,(anonymous_0)
FN:30,(anonymous_1)
FN:48,(anonymous_2)
FN:69,(anonymous_3)
FN:80,(anonymous_4)
FN:92,(anonymous_5)
FNF:6
FNH:0
FNDA:0,(anonymous_0)
FNDA:0,(anonymous_1)
FNDA:0,(anonymous_2)
FNDA:0,(anonymous_3)
FNDA:0,(anonymous_4)
FNDA:0,(anonymous_5)
DA:11,0
DA:18,0
DA:19,0
DA:30,0
DA:31,0
DA:32,0
DA:35,0
DA:38,0
DA:39,0
DA:48,0
DA:49,0
DA:52,0
DA:53,0
DA:54,0
DA:55,0
DA:57,0
DA:58,0
DA:61,0
DA:69,0
DA:70,0
DA:71,0
DA:72,0
DA:80,0
DA:81,0
DA:82,0
DA:83,0
DA:92,0
DA:93,0
DA:94,0
DA:97,0
LF:30
LH:0
BRDA:49,0,0,0
BRDA:49,0,1,0
BRDA:49,1,0,0
BRDA:49,1,1,0
BRDA:52,2,0,0
BRDA:52,2,1,0
BRDA:53,3,0,0
BRDA:53,3,1,0
BRDA:54,4,0,0
BRDA:54,4,1,0
BRDA:55,5,0,0
BRDA:55,5,1,0
BRDA:57,6,0,0
BRDA:57,6,1,0
BRDA:57,7,0,0
BRDA:57,7,1,0
BRDA:57,7,2,0
BRDA:57,7,3,0
BRDA:70,8,0,0
BRDA:70,8,1,0
BRDA:71,9,0,0
BRDA:71,9,1,0
BRDA:81,10,0,0
BRDA:81,10,1,0
BRDA:82,11,0,0
BRDA:82,11,1,0
BRDA:93,12,0,0
BRDA:93,12,1,0
BRDA:93,13,0,0
BRDA:93,13,1,0
BRF:30
BRH:0
end_of_record
TN:
SF:utils/pagination.js
FN:33,(anonymous_0)
FN:35,(anonymous_1)
FN:36,(anonymous_2)
FN:51,(anonymous_3)
FN:57,(anonymous_4)
FN:75,(anonymous_5)
FN:115,(anonymous_6)
FN:143,(anonymous_7)
FN:159,(anonymous_8)
FN:201,(anonymous_9)
FN:257,(anonymous_10)
FN:277,(anonymous_11)
FN:278,(anonymous_12)
FN:287,(anonymous_13)
FN:295,(anonymous_14)
FN:314,(anonymous_15)
FN:339,(anonymous_16)
FN:354,(anonymous_17)
FNF:18
FNH:0
FNDA:0,(anonymous_0)
FNDA:0,(anonymous_1)
FNDA:0,(anonymous_2)
FNDA:0,(anonymous_3)
FNDA:0,(anonymous_4)
FNDA:0,(anonymous_5)
FNDA:0,(anonymous_6)
FNDA:0,(anonymous_7)
FNDA:0,(anonymous_8)
FNDA:0,(anonymous_9)
FNDA:0,(anonymous_10)
FNDA:0,(anonymous_11)
FNDA:0,(anonymous_12)
FNDA:0,(anonymous_13)
FNDA:0,(anonymous_14)
FNDA:0,(anonymous_15)
FNDA:0,(anonymous_16)
FNDA:0,(anonymous_17)
DA:17,0
DA:33,0
DA:34,0
DA:35,0
DA:36,0
DA:37,0
DA:38,0
DA:41,0
DA:51,0
DA:52,0
DA:53,0
DA:54,0
DA:57,0
DA:58,0
DA:59,0
DA:63,0
DA:65,0
DA:75,0
DA:76,0
DA:78,0
DA:79,0
DA:81,0
DA:82,0
DA:84,0
DA:85,0
DA:89,0
DA:90,0
DA:91,0
DA:92,0
DA:93,0
DA:95,0
DA:96,0
DA:99,0
DA:115,0
DA:122,0
DA:124,0
DA:125,0
DA:127,0
DA:143,0
DA:144,0
DA:145,0
DA:146,0
DA:159,0
DA:160,0
DA:161,0
DA:162,0
DA:163,0
DA:165,0
DA:201,0
DA:210,0
DA:212,0
DA:213,0
DA:216,0
DA:217,0
DA:218,0
DA:222,0
DA:227,0
DA:228,0
DA:229,0
DA:231,0
DA:232,0
DA:234,0
DA:235,0
DA:239,0
DA:241,0
DA:257,0
DA:258,0
DA:259,0
DA:262,0
DA:263,0
DA:264,0
DA:267,0
DA:269,0
DA:271,0
DA:277,0
DA:278,0
DA:279,0
DA:280,0
DA:287,0
DA:288,0
DA:289,0
DA:295,0
DA:296,0
DA:298,0
DA:314,0
DA:324,0
DA:326,0
DA:327,0
DA:337,0
DA:338,0
DA:339,0
DA:341,0
DA:354,0
DA:355,0
DA:357,0
DA:363,0
DA:365,0
DA:368,0
LF:98
LH:0
BRDA:33,0,0,0
BRDA:37,1,0,0
BRDA:37,1,1,0
BRDA:38,2,0,0
BRDA:38,2,1,0
BRDA:58,3,0,0
BRDA:58,3,1,0
BRDA:58,4,0,0
BRDA:58,4,1,0
BRDA:75,5,0,0
BRDA:76,6,0,0
BRDA:76,6,1,0
BRDA:79,7,0,0
BRDA:79,7,1,0
BRDA:81,8,0,0
BRDA:81,8,1,0
BRDA:84,9,0,0
BRDA:84,9,1,0
BRDA:99,10,0,0
BRDA:99,10,1,0
BRDA:115,11,0,0
BRDA:117,12,0,0
BRDA:117,13,0,0
BRDA:117,13,1,0
BRDA:118,14,0,0
BRDA:118,15,0,0
BRDA:118,15,1,0
BRDA:119,16,0,0
BRDA:120,17,0,0
BRDA:120,18,0,0
BRDA:120,18,1,0
BRDA:121,19,0,0
BRDA:121,20,0,0
BRDA:121,20,1,0
BRDA:124,21,0,0
BRDA:124,21,1,0
BRDA:125,22,0,0
BRDA:125,22,1,0
BRDA:133,23,0,0
BRDA:133,23,1,0
BRDA:174,24,0,0
BRDA:174,24,1,0
BRDA:175,25,0,0
BRDA:175,25,1,0
BRDA:201,26,0,0
BRDA:204,27,0,0
BRDA:205,28,0,0
BRDA:206,29,0,0
BRDA:207,30,0,0
BRDA:208,31,0,0
BRDA:209,32,0,0
BRDA:216,33,0,0
BRDA:216,33,1,0
BRDA:227,34,0,0
BRDA:227,34,1,0
BRDA:228,35,0,0
BRDA:228,35,1,0
BRDA:229,36,0,0
BRDA:229,36,1,0
BRDA:234,37,0,0
BRDA:234,37,1,0
BRDA:239,38,0,0
BRDA:239,38,1,0
BRDA:239,39,0,0
BRDA:239,39,1,0
BRDA:257,40,0,0
BRDA:258,41,0,0
BRDA:258,42,0,0
BRDA:264,43,0,0
BRDA:264,43,1,0
BRDA:277,44,0,0
BRDA:295,45,0,0
BRDA:296,46,0,0
BRDA:296,47,0,0
BRDA:296,48,0,0
BRDA:296,49,0,0
BRDA:304,50,0,0
BRDA:304,50,1,0
BRDA:305,51,0,0
BRDA:305,51,1,0
BRDA:314,52,0,0
BRDA:317,53,0,0
BRDA:318,54,0,0
BRDA:319,55,0,0
BRDA:320,56,0,0
BRDA:321,57,0,0
BRDA:322,58,0,0
BRDA:323,59,0,0
BRDA:339,60,0,0
BRDA:339,60,1,0
BRDA:345,61,0,0
BRDA:345,61,1,0
BRDA:354,62,0,0
BRDA:355,63,0,0
BRDA:355,64,0,0
BRDA:355,65,0,0
BRDA:355,66,0,0
BRDA:355,67,0,0
BRDA:363,68,0,0
BRDA:363,68,1,0
BRF:100
BRH:0
end_of_record
TN:
SF:utils/validateEnv.js
FN:75,validateEnvironment
FN:140,(anonymous_1)
FN:148,(anonymous_2)
FN:154,(anonymous_3)
FN:163,(anonymous_4)
FN:189,generateSecrets
FN:202,printExampleEnv
FN:229,validateOrExit
FNF:8
FNH:0
FNDA:0,validateEnvironment
FNDA:0,(anonymous_1)
FNDA:0,(anonymous_2)
FNDA:0,(anonymous_3)
FNDA:0,(anonymous_4)
FNDA:0,generateSecrets
FNDA:0,printExampleEnv
FNDA:0,validateOrExit
DA:15,0
DA:39,0
DA:60,0
DA:76,0
DA:77,0
DA:78,0
DA:80,0
DA:83,0
DA:84,0
DA:86,0
DA:87,0
DA:92,0
DA:93,0
DA:98,0
DA:102,0
DA:108,0
DA:113,0
DA:114,0
DA:115,0
DA:117,0
DA:118,0
DA:119,0
DA:125,0
DA:134,0
DA:135,0
DA:140,0
DA:141,0
DA:142,0
DA:146,0
DA:147,0
DA:148,0
DA:149,0
DA:152,0
DA:153,0
DA:154,0
DA:155,0
DA:156,0
DA:158,0
DA:161,0
DA:162,0
DA:163,0
DA:164,0
DA:165,0
DA:167,0
DA:169,0
DA:176,0
DA:178,0
DA:190,0
DA:192,0
DA:203,0
DA:205,0
DA:206,0
DA:207,0
DA:208,0
DA:209,0
DA:210,0
DA:211,0
DA:212,0
DA:213,0
DA:214,0
DA:215,0
DA:216,0
DA:217,0
DA:218,0
DA:219,0
DA:220,0
DA:221,0
DA:222,0
DA:230,0
DA:232,0
DA:233,0
DA:235,0
DA:236,0
DA:237,0
DA:239,0
DA:240,0
DA:243,0
DA:247,0
DA:250,0
LF:79
LH:0
BRDA:86,0,0,0
BRDA:86,0,1,0
BRDA:92,1,0,0
BRDA:92,1,1,0
BRDA:92,2,0,0
BRDA:92,2,1,0
BRDA:98,3,0,0
BRDA:98,3,1,0
BRDA:99,4,0,0
BRDA:99,4,1,0
BRDA:99,4,2,0
BRDA:115,5,0,0
BRDA:115,5,1,0
BRDA:117,6,0,0
BRDA:117,6,1,0
BRDA:117,7,0,0
BRDA:117,7,1,0
BRDA:118,8,0,0
BRDA:118,8,1,0
BRDA:128,9,0,0
BRDA:128,9,1,0
BRDA:134,10,0,0
BRDA:134,10,1,0
BRDA:141,11,0,0
BRDA:141,11,1,0
BRDA:146,12,0,0
BRDA:146,12,1,0
BRDA:152,13,0,0
BRDA:152,13,1,0
BRDA:161,14,0,0
BRDA:161,14,1,0
BRDA:232,15,0,0
BRDA:232,15,1,0
BRDA:235,16,0,0
BRDA:235,16,1,0
BRF:35
BRH:0
end_of_record
