TN:
SF:controllers/authController.js
FN:24,(anonymous_0)
FN:51,(anonymous_1)
FN:87,(anonymous_2)
FN:188,(anonymous_3)
FN:263,(anonymous_4)
FN:312,(anonymous_5)
FN:363,(anonymous_6)
FN:419,(anonymous_7)
FN:472,(anonymous_8)
FN:524,(anonymous_9)
FN:665,(anonymous_10)
FN:774,(anonymous_11)
FNF:12
FNH:4
FNDA:0,(anonymous_0)
FNDA:0,(anonymous_1)
FNDA:4,(anonymous_2)
FNDA:4,(anonymous_3)
FNDA:2,(anonymous_4)
FNDA:0,(anonymous_5)
FNDA:0,(anonymous_6)
FNDA:0,(anonymous_7)
FNDA:3,(anonymous_8)
FNDA:0,(anonymous_9)
FNDA:0,(anonymous_10)
FNDA:0,(anonymous_11)
DA:7,1
DA:8,1
DA:9,1
DA:10,1
DA:16,1
DA:25,0
DA:27,0
DA:28,0
DA:29,0
DA:30,0
DA:33,0
DA:52,0
DA:54,0
DA:55,0
DA:56,0
DA:59,0
DA:60,0
DA:66,0
DA:68,0
DA:69,0
DA:87,1
DA:88,4
DA:89,4
DA:92,4
DA:93,1
DA:100,3
DA:101,1
DA:108,2
DA:109,0
DA:110,0
DA:118,0
DA:123,0
DA:137,0
DA:140,0
DA:141,0
DA:145,0
DA:146,0
DA:149,0
DA:150,0
DA:157,0
DA:158,0
DA:160,0
DA:176,2
DA:177,2
DA:188,1
DA:189,4
DA:190,4
DA:193,4
DA:194,1
DA:201,3
DA:202,0
DA:203,0
DA:210,0
DA:211,0
DA:218,0
DA:219,0
DA:220,0
DA:227,0
DA:228,0
DA:231,0
DA:232,0
DA:234,0
DA:251,3
DA:252,3
DA:263,1
DA:264,2
DA:265,2
DA:267,2
DA:268,1
DA:275,1
DA:277,1
DA:282,0
DA:283,0
DA:290,0
DA:291,0
DA:292,0
DA:293,0
DA:295,0
DA:300,0
DA:301,0
DA:312,1
DA:313,0
DA:314,0
DA:316,0
DA:317,0
DA:323,0
DA:324,0
DA:326,0
DA:333,0
DA:334,0
DA:335,0
DA:336,0
DA:339,0
DA:340,0
DA:346,0
DA:351,0
DA:352,0
DA:363,1
DA:364,0
DA:365,0
DA:367,0
DA:368,0
DA:374,0
DA:375,0
DA:382,0
DA:384,0
DA:389,0
DA:390,0
DA:397,0
DA:398,0
DA:399,0
DA:400,0
DA:402,0
DA:407,0
DA:408,0
DA:419,1
DA:420,0
DA:421,0
DA:422,0
DA:424,0
DA:425,0
DA:426,0
DA:433,0
DA:434,0
DA:435,0
DA:441,0
DA:442,0
DA:443,0
DA:451,0
DA:455,0
DA:460,0
DA:461,0
DA:472,1
DA:473,3
DA:474,3
DA:476,3
DA:477,1
DA:484,2
DA:485,1
DA:486,1
DA:492,1
DA:493,1
DA:495,1
DA:496,0
DA:497,0
DA:503,0
DA:505,0
DA:512,1
DA:513,1
DA:524,1
DA:525,0
DA:526,0
DA:529,0
DA:531,0
DA:534,0
DA:535,0
DA:536,0
DA:538,0
DA:539,0
DA:542,0
DA:545,0
DA:546,0
DA:552,0
DA:553,0
DA:559,0
DA:560,0
DA:569,0
DA:570,0
DA:572,0
DA:582,0
DA:583,0
DA:584,0
DA:585,0
DA:587,0
DA:588,0
DA:594,0
DA:596,0
DA:598,0
DA:618,0
DA:619,0
DA:621,0
DA:622,0
DA:623,0
DA:624,0
DA:626,0
DA:629,0
DA:630,0
DA:632,0
DA:633,0
DA:635,0
DA:653,0
DA:654,0
DA:665,1
DA:666,0
DA:667,0
DA:670,0
DA:673,0
DA:674,0
DA:675,0
DA:676,0
DA:677,0
DA:680,0
DA:682,0
DA:683,0
DA:690,0
DA:698,0
DA:699,0
DA:705,0
DA:707,0
DA:709,0
DA:729,0
DA:730,0
DA:731,0
DA:732,0
DA:733,0
DA:734,0
DA:736,0
DA:739,0
DA:740,0
DA:742,0
DA:743,0
DA:745,0
DA:762,0
DA:763,0
DA:774,1
DA:775,0
DA:776,0
DA:778,0
DA:779,0
DA:786,0
DA:787,0
DA:788,0
DA:789,0
DA:790,0
DA:791,0
DA:794,0
DA:796,0
DA:797,0
DA:805,0
DA:810,0
DA:811,0
DA:812,0
DA:814,0
DA:816,0
DA:818,0
DA:829,0
DA:832,0
DA:833,0
DA:835,0
DA:836,0
DA:838,0
DA:856,0
DA:857,0
LF:253
LH:49
BRDA:25,0,0,0
BRDA:25,0,1,0
BRDA:27,1,0,0
BRDA:27,1,1,0
BRDA:27,2,0,0
BRDA:27,2,1,0
BRDA:34,3,0,0
BRDA:34,3,1,0
BRDA:54,4,0,0
BRDA:54,4,1,0
BRDA:92,5,0,1
BRDA:92,5,1,3
BRDA:92,6,0,4
BRDA:92,6,1,3
BRDA:92,6,2,3
BRDA:100,7,0,1
BRDA:100,7,1,2
BRDA:109,8,0,0
BRDA:109,8,1,0
BRDA:118,9,0,0
BRDA:118,9,1,0
BRDA:130,10,0,0
BRDA:130,10,1,0
BRDA:131,11,0,0
BRDA:131,11,1,0
BRDA:193,12,0,1
BRDA:193,12,1,3
BRDA:193,13,0,4
BRDA:193,13,1,3
BRDA:202,14,0,0
BRDA:202,14,1,0
BRDA:210,15,0,0
BRDA:210,15,1,0
BRDA:219,16,0,0
BRDA:219,16,1,0
BRDA:267,17,0,1
BRDA:267,17,1,1
BRDA:282,18,0,0
BRDA:282,18,1,0
BRDA:316,19,0,0
BRDA:316,19,1,0
BRDA:324,20,0,0
BRDA:324,20,1,0
BRDA:367,21,0,0
BRDA:367,21,1,0
BRDA:367,22,0,0
BRDA:367,22,1,0
BRDA:374,23,0,0
BRDA:374,23,1,0
BRDA:389,24,0,0
BRDA:389,24,1,0
BRDA:425,25,0,0
BRDA:425,25,1,0
BRDA:433,26,0,0
BRDA:433,26,1,0
BRDA:434,27,0,0
BRDA:434,27,1,0
BRDA:442,28,0,0
BRDA:442,28,1,0
BRDA:476,29,0,1
BRDA:476,29,1,2
BRDA:484,30,0,1
BRDA:484,30,1,1
BRDA:496,31,0,0
BRDA:496,31,1,0
BRDA:534,32,0,0
BRDA:534,32,1,0
BRDA:538,33,0,0
BRDA:538,33,1,0
BRDA:545,34,0,0
BRDA:545,34,1,0
BRDA:552,35,0,0
BRDA:552,35,1,0
BRDA:559,36,0,0
BRDA:559,36,1,0
BRDA:569,37,0,0
BRDA:569,37,1,0
BRDA:582,38,0,0
BRDA:582,38,1,0
BRDA:583,39,0,0
BRDA:583,39,1,0
BRDA:584,40,0,0
BRDA:584,40,1,0
BRDA:585,41,0,0
BRDA:585,41,1,0
BRDA:587,42,0,0
BRDA:587,42,1,0
BRDA:587,43,0,0
BRDA:587,43,1,0
BRDA:596,44,0,0
BRDA:596,44,1,0
BRDA:601,45,0,0
BRDA:601,45,1,0
BRDA:603,46,0,0
BRDA:603,46,1,0
BRDA:608,47,0,0
BRDA:608,47,1,0
BRDA:619,48,0,0
BRDA:619,48,1,0
BRDA:622,49,0,0
BRDA:622,49,1,0
BRDA:623,50,0,0
BRDA:623,50,1,0
BRDA:673,51,0,0
BRDA:673,51,1,0
BRDA:673,52,0,0
BRDA:673,52,1,0
BRDA:676,53,0,0
BRDA:676,53,1,0
BRDA:682,54,0,0
BRDA:682,54,1,0
BRDA:698,55,0,0
BRDA:698,55,1,0
BRDA:698,56,0,0
BRDA:698,56,1,0
BRDA:707,57,0,0
BRDA:707,57,1,0
BRDA:712,58,0,0
BRDA:712,58,1,0
BRDA:719,59,0,0
BRDA:719,59,1,0
BRDA:730,60,0,0
BRDA:730,60,1,0
BRDA:732,61,0,0
BRDA:732,61,1,0
BRDA:733,62,0,0
BRDA:733,62,1,0
BRDA:778,63,0,0
BRDA:778,63,1,0
BRDA:787,64,0,0
BRDA:787,64,1,0
BRDA:790,65,0,0
BRDA:790,65,1,0
BRDA:796,66,0,0
BRDA:796,66,1,0
BRDA:810,67,0,0
BRDA:810,67,1,0
BRDA:811,68,0,0
BRDA:811,68,1,0
BRDA:812,69,0,0
BRDA:812,69,1,0
BRDA:816,70,0,0
BRDA:816,70,1,0
BRDA:820,71,0,0
BRDA:820,71,1,0
BRDA:821,72,0,0
BRDA:821,72,1,0
BRDA:852,73,0,0
BRDA:852,73,1,0
BRF:149
BRH:17
end_of_record
TN:
SF:models/User.js
FN:176,(anonymous_0)
FN:573,(anonymous_1)
FN:586,(anonymous_2)
FN:591,(anonymous_3)
FN:607,(anonymous_4)
FN:641,(anonymous_5)
FN:645,(anonymous_6)
FN:655,(anonymous_7)
FN:665,(anonymous_8)
FNF:9
FNH:0
FNDA:0,(anonymous_0)
FNDA:0,(anonymous_1)
FNDA:0,(anonymous_2)
FNDA:0,(anonymous_3)
FNDA:0,(anonymous_4)
FNDA:0,(anonymous_5)
FNDA:0,(anonymous_6)
FNDA:0,(anonymous_7)
FNDA:0,(anonymous_8)
DA:1,2
DA:2,2
DA:4,2
DA:177,0
DA:573,2
DA:574,0
DA:576,0
DA:577,0
DA:578,0
DA:579,0
DA:581,0
DA:586,2
DA:587,0
DA:591,2
DA:592,0
DA:595,0
DA:596,0
DA:601,0
DA:607,2
DA:608,0
DA:611,0
DA:612,0
DA:617,0
DA:623,2
DA:626,2
DA:636,2
DA:638,2
DA:641,2
DA:642,0
DA:643,0
DA:645,0
DA:646,0
DA:647,0
DA:651,0
DA:655,2
DA:656,0
DA:660,0
DA:661,0
DA:665,2
DA:666,0
DA:680,0
DA:681,0
DA:684,0
DA:685,0
DA:686,0
DA:687,0
DA:690,0
DA:691,0
DA:694,0
DA:697,2
LF:50
LH:15
BRDA:178,0,0,0
BRDA:178,0,1,0
BRDA:178,0,2,0
BRDA:178,0,3,0
BRDA:178,0,4,0
BRDA:574,1,0,0
BRDA:574,1,1,0
BRDA:595,2,0,0
BRDA:595,2,1,0
BRDA:611,3,0,0
BRDA:611,3,1,0
BRDA:646,4,0,0
BRDA:646,4,1,0
BRDA:646,5,0,0
BRDA:646,5,1,0
BRDA:646,6,0,0
BRDA:646,6,1,0
BRDA:665,7,0,0
BRDA:680,8,0,0
BRDA:680,8,1,0
BRDA:680,9,0,0
BRDA:680,9,1,0
BRDA:684,10,0,0
BRDA:684,10,1,0
BRDA:684,11,0,0
BRDA:684,11,1,0
BRDA:686,12,0,0
BRDA:686,12,1,0
BRDA:687,13,0,0
BRDA:687,13,1,0
BRDA:690,14,0,0
BRDA:690,14,1,0
BRDA:690,15,0,0
BRDA:690,15,1,0
BRF:34
BRH:0
end_of_record
TN:
SF:utils/oauthVerifier.js
FN:22,(anonymous_0)
FN:95,(anonymous_1)
FN:171,(anonymous_2)
FN:207,(anonymous_3)
FN:253,createJwkToPem
FN:254,(anonymous_5)
FN:282,(anonymous_6)
FNF:7
FNH:0
FNDA:0,(anonymous_0)
FNDA:0,(anonymous_1)
FNDA:0,(anonymous_2)
FNDA:0,(anonymous_3)
FNDA:0,createJwkToPem
FNDA:0,(anonymous_5)
FNDA:0,(anonymous_6)
DA:8,1
DA:9,1
DA:10,1
DA:13,1
DA:22,1
DA:23,0
DA:24,0
DA:28,0
DA:32,0
DA:36,0
DA:37,0
DA:38,0
DA:40,0
DA:41,0
DA:45,0
DA:46,0
DA:47,0
DA:51,0
DA:52,0
DA:53,0
DA:56,0
DA:67,0
DA:68,0
DA:70,0
DA:71,0
DA:73,0
DA:74,0
DA:76,0
DA:77,0
DA:79,0
DA:80,0
DA:83,0
DA:84,0
DA:95,1
DA:96,0
DA:97,0
DA:100,0
DA:101,0
DA:105,0
DA:106,0
DA:107,0
DA:114,0
DA:116,0
DA:117,0
DA:118,0
DA:121,0
DA:122,0
DA:123,0
DA:125,0
DA:126,0
DA:130,0
DA:131,0
DA:135,0
DA:136,0
DA:140,0
DA:141,0
DA:144,0
DA:151,0
DA:152,0
DA:153,0
DA:154,0
DA:155,0
DA:157,0
DA:159,0
DA:171,1
DA:172,0
DA:173,0
DA:177,0
DA:178,0
DA:179,0
DA:186,0
DA:187,0
DA:190,0
DA:191,0
DA:192,0
DA:195,0
DA:196,0
DA:198,0
DA:199,0
DA:203,0
DA:204,0
DA:207,0
DA:208,0
DA:209,0
DA:213,0
DA:216,0
DA:222,0
DA:225,0
DA:226,0
DA:229,0
DA:238,0
DA:239,0
DA:240,0
DA:242,0
DA:243,0
DA:245,0
DA:254,0
DA:257,0
DA:260,0
DA:261,0
DA:264,0
DA:273,0
DA:282,1
DA:283,0
DA:302,0
DA:305,1
LF:106
LH:9
BRDA:22,0,0,0
BRDA:23,1,0,0
BRDA:23,1,1,0
BRDA:28,2,0,0
BRDA:28,2,1,0
BRDA:32,3,0,0
BRDA:32,3,1,0
BRDA:40,4,0,0
BRDA:40,4,1,0
BRDA:46,5,0,0
BRDA:46,5,1,0
BRDA:46,6,0,0
BRDA:46,6,1,0
BRDA:52,7,0,0
BRDA:52,7,1,0
BRDA:59,8,0,0
BRDA:59,8,1,0
BRDA:59,8,2,0
BRDA:59,8,3,0
BRDA:61,9,0,0
BRDA:61,9,1,0
BRDA:67,10,0,0
BRDA:67,10,1,0
BRDA:68,11,0,0
BRDA:68,11,1,0
BRDA:70,12,0,0
BRDA:70,12,1,0
BRDA:73,13,0,0
BRDA:73,13,1,0
BRDA:76,14,0,0
BRDA:76,14,1,0
BRDA:79,15,0,0
BRDA:79,15,1,0
BRDA:96,16,0,0
BRDA:96,16,1,0
BRDA:96,17,0,0
BRDA:96,17,1,0
BRDA:105,18,0,0
BRDA:105,18,1,0
BRDA:105,19,0,0
BRDA:105,19,1,0
BRDA:125,20,0,0
BRDA:125,20,1,0
BRDA:130,21,0,0
BRDA:130,21,1,0
BRDA:135,22,0,0
BRDA:135,22,1,0
BRDA:140,23,0,0
BRDA:140,23,1,0
BRDA:140,24,0,0
BRDA:140,24,1,0
BRDA:147,25,0,0
BRDA:147,25,1,0
BRDA:152,26,0,0
BRDA:152,26,1,0
BRDA:154,27,0,0
BRDA:154,27,1,0
BRDA:172,28,0,0
BRDA:172,28,1,0
BRDA:172,29,0,0
BRDA:172,29,1,0
BRDA:177,30,0,0
BRDA:177,30,1,0
BRDA:191,31,0,0
BRDA:191,31,1,0
BRDA:198,32,0,0
BRDA:198,32,1,0
BRDA:208,33,0,0
BRDA:208,33,1,0
BRDA:222,34,0,0
BRDA:222,34,1,0
BRDA:225,35,0,0
BRDA:225,35,1,0
BRDA:225,36,0,0
BRDA:225,36,1,0
BRDA:232,37,0,0
BRDA:232,37,1,0
BRDA:238,38,0,0
BRDA:238,38,1,0
BRDA:239,39,0,0
BRDA:239,39,1,0
BRDA:242,40,0,0
BRDA:242,40,1,0
BRDA:287,41,0,0
BRDA:287,41,1,0
BRDA:292,42,0,0
BRDA:292,42,1,0
BRDA:298,43,0,0
BRDA:298,43,1,0
BRDA:302,44,0,0
BRDA:302,44,1,0
BRF:91
BRH:0
end_of_record
