TN:
SF:src/components/ActivityIndicator.js
FN:6,(anonymous_0)
FN:12,(anonymous_1)
FN:26,(anonymous_2)
FN:30,(anonymous_3)
FN:33,(anonymous_4)
FN:46,(anonymous_5)
FN:54,(anonymous_6)
FNF:7
FNH:0
FNDA:0,(anonymous_0)
FNDA:0,(anonymous_1)
FNDA:0,(anonymous_2)
FNDA:0,(anonymous_3)
FNDA:0,(anonymous_4)
FNDA:0,(anonymous_5)
FNDA:0,(anonymous_6)
DA:6,0
DA:7,0
DA:8,0
DA:9,0
DA:10,0
DA:12,0
DA:13,0
DA:14,0
DA:15,0
DA:16,0
DA:18,0
DA:19,0
DA:21,0
DA:22,0
DA:26,0
DA:27,0
DA:29,0
DA:30,0
DA:33,0
DA:34,0
DA:35,0
DA:38,0
DA:39,0
DA:42,0
DA:43,0
DA:46,0
DA:47,0
DA:48,0
DA:49,0
DA:50,0
DA:51,0
DA:54,0
DA:55,0
DA:56,0
DA:57,0
DA:58,0
DA:59,0
DA:60,0
DA:61,0
DA:62,0
DA:63,0
DA:64,0
DA:67,0
DA:70,0
DA:81,0
LF:45
LH:0
BRDA:6,0,0,0
BRDA:38,1,0,0
BRDA:38,1,1,0
BRDA:42,2,0,0
BRDA:42,2,1,0
BRDA:47,3,0,0
BRDA:47,3,1,0
BRDA:48,4,0,0
BRDA:48,4,1,0
BRDA:49,5,0,0
BRDA:49,5,1,0
BRDA:50,6,0,0
BRDA:50,6,1,0
BRDA:55,7,0,0
BRDA:55,7,1,0
BRDA:57,8,0,0
BRDA:57,8,1,0
BRDA:58,9,0,0
BRDA:58,9,1,0
BRDA:59,10,0,0
BRDA:59,10,1,0
BRDA:61,11,0,0
BRDA:61,11,1,0
BRDA:63,12,0,0
BRDA:63,12,1,0
BRDA:73,13,0,0
BRDA:73,13,1,0
BRDA:74,14,0,0
BRDA:74,14,1,0
BRF:29
BRH:0
end_of_record
TN:
SF:src/components/AppErrorBoundary.js
FN:36,(anonymous_0)
FN:77,(anonymous_1)
FN:105,(anonymous_2)
FN:146,(anonymous_3)
FN:160,(anonymous_4)
FN:168,(anonymous_5)
FN:208,(anonymous_6)
FN:226,(anonymous_7)
FN:246,(anonymous_8)
FN:277,(anonymous_9)
FN:289,(anonymous_10)
FN:357,(anonymous_11)
FN:361,(anonymous_12)
FNF:13
FNH:0
FNDA:0,(anonymous_0)
FNDA:0,(anonymous_1)
FNDA:0,(anonymous_2)
FNDA:0,(anonymous_3)
FNDA:0,(anonymous_4)
FNDA:0,(anonymous_5)
FNDA:0,(anonymous_6)
FNDA:0,(anonymous_7)
FNDA:0,(anonymous_8)
FNDA:0,(anonymous_9)
FNDA:0,(anonymous_10)
FNDA:0,(anonymous_11)
FNDA:0,(anonymous_12)
DA:24,0
DA:36,0
DA:37,0
DA:38,0
DA:40,0
DA:46,0
DA:49,0
DA:55,0
DA:58,0
DA:59,0
DA:62,0
DA:68,0
DA:71,0
DA:77,0
DA:78,0
DA:80,0
DA:85,0
DA:90,0
DA:95,0
DA:105,0
DA:106,0
DA:108,0
DA:115,0
DA:121,0
DA:127,0
DA:134,0
DA:147,0
DA:148,0
DA:156,0
DA:157,0
DA:161,0
DA:162,0
DA:169,0
DA:172,0
DA:179,0
DA:186,0
DA:200,0
DA:201,0
DA:208,0
DA:209,0
DA:210,0
DA:212,0
DA:214,0
DA:217,0
DA:220,0
DA:226,0
DA:229,0
DA:230,0
DA:233,0
DA:242,0
DA:243,0
DA:246,0
DA:247,0
DA:249,0
DA:254,0
DA:256,0
DA:257,0
DA:259,0
DA:260,0
DA:261,0
DA:263,0
DA:264,0
DA:266,0
DA:267,0
DA:269,0
DA:270,0
DA:271,0
DA:273,0
DA:277,0
DA:278,0
DA:280,0
DA:286,0
DA:290,0
DA:291,0
DA:293,0
DA:295,0
DA:296,0
DA:304,0
DA:305,0
DA:306,0
DA:308,0
DA:358,0
DA:361,0
DA:422,0
DA:426,0
DA:600,0
LF:86
LH:0
BRDA:37,0,0,0
BRDA:37,0,1,0
BRDA:38,1,0,0
BRDA:38,1,1,0
BRDA:40,2,0,0
BRDA:40,2,1,0
BRDA:41,3,0,0
BRDA:41,3,1,0
BRDA:41,3,2,0
BRDA:41,3,3,0
BRDA:49,4,0,0
BRDA:49,4,1,0
BRDA:50,5,0,0
BRDA:50,5,1,0
BRDA:50,5,2,0
BRDA:50,5,3,0
BRDA:58,6,0,0
BRDA:58,6,1,0
BRDA:58,7,0,0
BRDA:58,7,1,0
BRDA:62,8,0,0
BRDA:62,8,1,0
BRDA:63,9,0,0
BRDA:63,9,1,0
BRDA:63,9,2,0
BRDA:63,9,3,0
BRDA:78,10,0,0
BRDA:78,10,1,0
BRDA:78,10,2,0
BRDA:78,10,3,0
BRDA:106,11,0,0
BRDA:106,11,1,0
BRDA:106,11,2,0
BRDA:106,11,3,0
BRDA:106,11,4,0
BRDA:200,12,0,0
BRDA:200,12,1,0
BRDA:209,13,0,0
BRDA:212,14,0,0
BRDA:212,14,1,0
BRDA:229,15,0,0
BRDA:229,15,1,0
BRDA:254,16,0,0
BRDA:254,16,1,0
BRDA:254,16,2,0
BRDA:254,16,3,0
BRDA:254,16,4,0
BRDA:254,16,5,0
BRDA:259,17,0,0
BRDA:259,17,1,0
BRDA:263,18,0,0
BRDA:263,18,1,0
BRDA:266,19,0,0
BRDA:266,19,1,0
BRDA:269,20,0,0
BRDA:269,20,1,0
BRDA:291,21,0,0
BRDA:293,22,0,0
BRDA:293,22,1,0
BRDA:295,23,0,0
BRDA:295,23,1,0
BRDA:333,24,0,0
BRDA:333,24,1,0
BRDA:333,24,2,0
BRDA:342,25,0,0
BRDA:342,25,1,0
BRDA:342,25,2,0
BRDA:346,26,0,0
BRDA:346,26,1,0
BRDA:356,27,0,0
BRDA:356,27,1,0
BRDA:360,28,0,0
BRDA:360,28,1,0
BRDA:365,29,0,0
BRDA:365,29,1,0
BRDA:371,30,0,0
BRDA:371,30,1,0
BRDA:374,31,0,0
BRDA:374,31,1,0
BRDA:377,32,0,0
BRDA:377,32,1,0
BRDA:395,33,0,0
BRDA:395,33,1,0
BRDA:464,34,0,0
BRDA:464,34,1,0
BRDA:480,35,0,0
BRDA:480,35,1,0
BRDA:494,36,0,0
BRDA:494,36,1,0
BRDA:499,37,0,0
BRDA:499,37,1,0
BRDA:509,38,0,0
BRDA:509,38,1,0
BRDA:552,39,0,0
BRDA:552,39,1,0
BRDA:571,40,0,0
BRDA:571,40,1,0
BRDA:586,41,0,0
BRDA:586,41,1,0
BRDA:592,42,0,0
BRDA:592,42,1,0
BRF:101
BRH:0
end_of_record
TN:
SF:src/components/BetaFeedbackWidget.js
FN:33,(anonymous_0)
FN:51,(anonymous_1)
FN:69,(anonymous_2)
FN:87,(anonymous_3)
FN:104,(anonymous_4)
FN:132,(anonymous_5)
FN:144,(anonymous_6)
FN:202,(anonymous_7)
FN:212,(anonymous_8)
FN:222,(anonymous_9)
FN:226,(anonymous_10)
FN:265,(anonymous_11)
FN:309,(anonymous_12)
FNF:13
FNH:0
FNDA:0,(anonymous_0)
FNDA:0,(anonymous_1)
FNDA:0,(anonymous_2)
FNDA:0,(anonymous_3)
FNDA:0,(anonymous_4)
FNDA:0,(anonymous_5)
FNDA:0,(anonymous_6)
FNDA:0,(anonymous_7)
FNDA:0,(anonymous_8)
FNDA:0,(anonymous_9)
FNDA:0,(anonymous_10)
FNDA:0,(anonymous_11)
FNDA:0,(anonymous_12)
DA:18,0
DA:25,0
DA:33,0
DA:41,0
DA:42,0
DA:43,0
DA:44,0
DA:45,0
DA:46,0
DA:47,0
DA:49,0
DA:51,0
DA:52,0
DA:53,0
DA:60,0
DA:69,0
DA:70,0
DA:71,0
DA:72,0
DA:73,0
DA:76,0
DA:82,0
DA:83,0
DA:87,0
DA:88,0
DA:89,0
DA:90,0
DA:91,0
DA:94,0
DA:99,0
DA:100,0
DA:104,0
DA:105,0
DA:106,0
DA:107,0
DA:110,0
DA:112,0
DA:113,0
DA:129,0
DA:131,0
DA:132,0
DA:133,0
DA:134,0
DA:135,0
DA:138,0
DA:140,0
DA:144,0
DA:145,0
DA:146,0
DA:147,0
DA:148,0
DA:149,0
DA:152,0
DA:154,0
DA:203,0
DA:212,0
DA:223,0
DA:226,0
DA:265,0
DA:309,0
DA:310,0
DA:317,0
LF:62
LH:0
BRDA:52,0,0,0
BRDA:52,0,1,0
BRDA:71,1,0,0
BRDA:71,1,1,0
BRDA:82,2,0,0
BRDA:82,2,1,0
BRDA:82,3,0,0
BRDA:82,3,1,0
BRDA:89,4,0,0
BRDA:89,4,1,0
BRDA:99,5,0,0
BRDA:99,5,1,0
BRDA:99,6,0,0
BRDA:99,6,1,0
BRDA:105,7,0,0
BRDA:105,7,1,0
BRDA:152,8,0,0
BRDA:152,8,1,0
BRDA:163,9,0,0
BRDA:163,9,1,0
BRDA:183,10,0,0
BRDA:183,10,1,0
BRDA:207,11,0,0
BRDA:207,11,1,0
BRDA:225,12,0,0
BRDA:225,12,1,0
BRDA:260,13,0,0
BRDA:260,13,1,0
BRDA:287,14,0,0
BRDA:287,14,1,0
BRDA:292,15,0,0
BRDA:292,15,1,0
BRF:32
BRH:0
end_of_record
TN:
SF:src/components/ErrorBoundary.js
FN:11,(anonymous_0)
FN:16,(anonymous_1)
FN:21,(anonymous_2)
FN:39,(anonymous_3)
FN:43,(anonymous_4)
FN:48,(anonymous_5)
FNF:6
FNH:0
FNDA:0,(anonymous_0)
FNDA:0,(anonymous_1)
FNDA:0,(anonymous_2)
FNDA:0,(anonymous_3)
FNDA:0,(anonymous_4)
FNDA:0,(anonymous_5)
DA:12,0
DA:13,0
DA:18,0
DA:23,0
DA:28,0
DA:34,0
DA:39,0
DA:40,0
DA:43,0
DA:45,0
DA:49,0
DA:50,0
DA:101,0
DA:105,0
DA:215,0
LF:15
LH:0
BRDA:49,0,0,0
BRDA:49,0,1,0
BRDA:62,1,0,0
BRDA:62,1,1,0
BRDA:62,1,2,0
BRDA:66,2,0,0
BRDA:66,2,1,0
BRF:7
BRH:0
end_of_record
TN:
SF:src/components/LazyScreen.js
FN:21,(anonymous_0)
FN:24,(anonymous_1)
FN:62,createLazyScreen
FN:74,(anonymous_3)
FN:80,(anonymous_4)
FN:85,(anonymous_5)
FN:87,(anonymous_6)
FN:105,(anonymous_7)
FN:109,(anonymous_8)
FN:118,(anonymous_9)
FN:128,(anonymous_10)
FN:150,(anonymous_11)
FN:152,(anonymous_12)
FN:167,(anonymous_13)
FN:170,(anonymous_14)
FN:172,(anonymous_15)
FN:173,(anonymous_16)
FN:192,usePreloadScreens
FN:193,(anonymous_18)
FN:195,(anonymous_19)
FN:196,(anonymous_20)
FN:203,(anonymous_21)
FNF:22
FNH:0
FNDA:0,(anonymous_0)
FNDA:0,(anonymous_1)
FNDA:0,createLazyScreen
FNDA:0,(anonymous_3)
FNDA:0,(anonymous_4)
FNDA:0,(anonymous_5)
FNDA:0,(anonymous_6)
FNDA:0,(anonymous_7)
FNDA:0,(anonymous_8)
FNDA:0,(anonymous_9)
FNDA:0,(anonymous_10)
FNDA:0,(anonymous_11)
FNDA:0,(anonymous_12)
FNDA:0,(anonymous_13)
FNDA:0,(anonymous_14)
FNDA:0,(anonymous_15)
FNDA:0,(anonymous_16)
FNDA:0,usePreloadScreens
FNDA:0,(anonymous_18)
FNDA:0,(anonymous_19)
FNDA:0,(anonymous_20)
FNDA:0,(anonymous_21)
DA:21,0
DA:22,0
DA:24,0
DA:25,0
DA:41,0
DA:51,0
DA:52,0
DA:67,0
DA:69,0
DA:70,0
DA:73,0
DA:74,0
DA:75,0
DA:76,0
DA:80,0
DA:81,0
DA:82,0
DA:83,0
DA:85,0
DA:86,0
DA:87,0
DA:88,0
DA:89,0
DA:92,0
DA:93,0
DA:94,0
DA:96,0
DA:99,0
DA:100,0
DA:103,0
DA:104,0
DA:105,0
DA:108,0
DA:109,0
DA:111,0
DA:112,0
DA:114,0
DA:118,0
DA:119,0
DA:122,0
DA:123,0
DA:129,0
DA:130,0
DA:131,0
DA:140,0
DA:141,0
DA:144,0
DA:147,0
DA:150,0
DA:151,0
DA:152,0
DA:153,0
DA:154,0
DA:157,0
DA:160,0
DA:167,0
DA:168,0
DA:170,0
DA:172,0
DA:173,0
DA:176,0
DA:177,0
DA:180,0
DA:183,0
DA:193,0
DA:195,0
DA:196,0
DA:197,0
DA:198,0
DA:203,0
DA:207,0
LF:71
LH:0
BRDA:21,0,0,0
BRDA:62,1,0,0
BRDA:64,2,0,0
BRDA:65,3,0,0
BRDA:66,4,0,0
BRDA:73,5,0,0
BRDA:73,5,1,0
BRDA:75,6,0,0
BRDA:75,6,1,0
BRDA:86,7,0,0
BRDA:86,7,1,0
BRDA:99,8,0,0
BRDA:99,8,1,0
BRDA:104,9,0,0
BRDA:104,9,1,0
BRDA:108,10,0,0
BRDA:108,10,1,0
BRDA:122,11,0,0
BRDA:122,11,1,0
BRDA:140,12,0,0
BRDA:140,12,1,0
BRDA:140,13,0,0
BRDA:140,13,1,0
BRDA:147,14,0,0
BRDA:147,14,1,0
BRDA:151,15,0,0
BRDA:151,15,1,0
BRDA:151,16,0,0
BRDA:151,16,1,0
BRDA:153,17,0,0
BRDA:153,17,1,0
BRDA:176,18,0,0
BRDA:176,18,1,0
BRDA:177,19,0,0
BRDA:177,19,1,0
BRDA:197,20,0,0
BRDA:197,20,1,0
BRDA:197,21,0,0
BRDA:197,21,1,0
BRDA:212,22,0,0
BRDA:212,22,1,0
BRDA:220,23,0,0
BRDA:220,23,1,0
BRDA:227,24,0,0
BRDA:227,24,1,0
BRDA:232,25,0,0
BRDA:232,25,1,0
BRDA:238,26,0,0
BRDA:238,26,1,0
BRF:49
BRH:0
end_of_record
TN:
SF:src/components/NetworkStatusBanner.js
FN:15,(anonymous_0)
FN:22,(anonymous_1)
FN:38,(anonymous_2)
FN:53,(anonymous_3)
FN:66,(anonymous_4)
FN:74,(anonymous_5)
FN:81,(anonymous_6)
FN:88,(anonymous_7)
FNF:8
FNH:0
FNDA:0,(anonymous_0)
FNDA:0,(anonymous_1)
FNDA:0,(anonymous_2)
FNDA:0,(anonymous_3)
FNDA:0,(anonymous_4)
FNDA:0,(anonymous_5)
FNDA:0,(anonymous_6)
FNDA:0,(anonymous_7)
DA:15,0
DA:16,0
DA:17,0
DA:18,0
DA:19,0
DA:20,0
DA:22,0
DA:23,0
DA:38,0
DA:39,0
DA:53,0
DA:55,0
DA:56,0
DA:59,0
DA:61,0
DA:62,0
DA:63,0
DA:65,0
DA:66,0
DA:67,0
DA:68,0
DA:71,0
DA:74,0
DA:75,0
DA:76,0
DA:81,0
DA:82,0
DA:83,0
DA:85,0
DA:88,0
DA:89,0
DA:92,0
DA:93,0
DA:94,0
DA:98,0
DA:130,0
LF:36
LH:0
BRDA:15,0,0,0
BRDA:15,1,0,0
BRDA:55,2,0,0
BRDA:55,2,1,0
BRDA:59,3,0,0
BRDA:59,3,1,0
BRDA:63,4,0,0
BRDA:63,4,1,0
BRDA:63,5,0,0
BRDA:63,5,1,0
BRDA:75,6,0,0
BRDA:75,6,1,0
BRDA:82,7,0,0
BRDA:82,7,1,0
BRDA:92,8,0,0
BRDA:92,8,1,0
BRDA:93,9,0,0
BRDA:93,9,1,0
BRDA:94,10,0,0
BRDA:94,10,1,0
BRDA:109,11,0,0
BRDA:109,11,1,0
BRDA:109,12,0,0
BRDA:109,12,1,0
BRDA:117,13,0,0
BRDA:117,13,1,0
BRDA:117,13,2,0
BRDA:133,14,0,0
BRDA:133,14,1,0
BRF:29
BRH:0
end_of_record
TN:
SF:src/components/OptimizedImage.js
FN:21,(anonymous_0)
FN:41,(anonymous_1)
FN:48,(anonymous_2)
FN:65,(anonymous_3)
FN:79,(anonymous_4)
FN:83,(anonymous_5)
FN:99,(anonymous_6)
FN:102,(anonymous_7)
FN:115,(anonymous_8)
FN:122,(anonymous_9)
FN:141,(anonymous_10)
FN:160,(anonymous_11)
FN:185,(anonymous_12)
FN:243,(anonymous_13)
FN:244,(anonymous_14)
FN:245,(anonymous_15)
FN:248,(anonymous_16)
FN:249,(anonymous_17)
FN:253,(anonymous_18)
FN:254,(anonymous_19)
FN:265,(anonymous_20)
FN:272,(anonymous_21)
FNF:22
FNH:0
FNDA:0,(anonymous_0)
FNDA:0,(anonymous_1)
FNDA:0,(anonymous_2)
FNDA:0,(anonymous_3)
FNDA:0,(anonymous_4)
FNDA:0,(anonymous_5)
FNDA:0,(anonymous_6)
FNDA:0,(anonymous_7)
FNDA:0,(anonymous_8)
FNDA:0,(anonymous_9)
FNDA:0,(anonymous_10)
FNDA:0,(anonymous_11)
FNDA:0,(anonymous_12)
FNDA:0,(anonymous_13)
FNDA:0,(anonymous_14)
FNDA:0,(anonymous_15)
FNDA:0,(anonymous_16)
FNDA:0,(anonymous_17)
FNDA:0,(anonymous_18)
FNDA:0,(anonymous_19)
FNDA:0,(anonymous_20)
FNDA:0,(anonymous_21)
DA:6,0
DA:7,0
DA:8,0
DA:21,0
DA:34,0
DA:35,0
DA:36,0
DA:37,0
DA:38,0
DA:41,0
DA:42,0
DA:43,0
DA:44,0
DA:48,0
DA:49,0
DA:52,0
DA:53,0
DA:57,0
DA:58,0
DA:61,0
DA:65,0
DA:66,0
DA:69,0
DA:72,0
DA:73,0
DA:74,0
DA:79,0
DA:80,0
DA:81,0
DA:83,0
DA:84,0
DA:85,0
DA:86,0
DA:89,0
DA:90,0
DA:92,0
DA:93,0
DA:97,0
DA:98,0
DA:100,0
DA:107,0
DA:108,0
DA:113,0
DA:115,0
DA:116,0
DA:121,0
DA:123,0
DA:125,0
DA:128,0
DA:134,0
DA:140,0
DA:142,0
DA:144,0
DA:145,0
DA:148,0
DA:154,0
DA:160,0
DA:161,0
DA:162,0
DA:163,0
DA:165,0
DA:175,0
DA:185,0
DA:186,0
DA:187,0
DA:188,0
DA:190,0
DA:193,0
DA:203,0
DA:204,0
DA:215,0
DA:243,0
DA:244,0
DA:245,0
DA:246,0
DA:247,0
DA:248,0
DA:249,0
DA:250,0
DA:252,0
DA:253,0
DA:254,0
DA:259,0
DA:265,0
DA:266,0
DA:272,0
DA:277,0
DA:319,0
LF:88
LH:0
BRDA:25,0,0,0
BRDA:26,1,0,0
BRDA:27,2,0,0
BRDA:28,3,0,0
BRDA:42,4,0,0
BRDA:42,4,1,0
BRDA:43,5,0,0
BRDA:43,5,1,0
BRDA:49,6,0,0
BRDA:49,6,1,0
BRDA:52,7,0,0
BRDA:52,7,1,0
BRDA:57,8,0,0
BRDA:57,8,1,0
BRDA:66,9,0,0
BRDA:66,9,1,0
BRDA:72,10,0,0
BRDA:72,10,1,0
BRDA:84,11,0,0
BRDA:84,11,1,0
BRDA:92,12,0,0
BRDA:92,12,1,0
BRDA:93,13,0,0
BRDA:93,13,1,0
BRDA:97,14,0,0
BRDA:97,14,1,0
BRDA:107,15,0,0
BRDA:107,15,1,0
BRDA:123,16,0,0
BRDA:123,16,1,0
BRDA:142,17,0,0
BRDA:142,17,1,0
BRDA:161,18,0,0
BRDA:161,18,1,0
BRDA:162,19,0,0
BRDA:162,19,1,0
BRDA:177,20,0,0
BRDA:177,20,1,0
BRDA:177,20,2,0
BRDA:186,21,0,0
BRDA:186,21,1,0
BRDA:187,22,0,0
BRDA:187,22,1,0
BRDA:203,23,0,0
BRDA:203,23,1,0
BRDA:218,24,0,0
BRDA:218,24,1,0
BRDA:221,25,0,0
BRDA:221,25,1,0
BRDA:221,25,2,0
BRDA:224,26,0,0
BRDA:224,26,1,0
BRDA:224,26,2,0
BRDA:246,27,0,0
BRDA:246,27,1,0
BRF:55
BRH:0
end_of_record
TN:
SF:src/components/OptimizedList.js
FN:35,(anonymous_0)
FN:61,(anonymous_1)
FN:70,(anonymous_2)
FN:81,(anonymous_3)
FN:90,(anonymous_4)
FN:104,(anonymous_5)
FN:111,(anonymous_6)
FN:125,(anonymous_7)
FN:138,(anonymous_8)
FN:157,(anonymous_9)
FN:179,(anonymous_10)
FN:238,(anonymous_11)
FN:239,(anonymous_12)
FN:249,(anonymous_13)
FN:258,(anonymous_14)
FN:277,(anonymous_15)
FN:287,(anonymous_16)
FN:298,(anonymous_17)
FN:315,(anonymous_18)
FN:316,(anonymous_19)
FN:320,(anonymous_20)
FN:321,(anonymous_21)
FN:321,(anonymous_22)
FN:325,(anonymous_23)
FN:326,(anonymous_24)
FN:327,(anonymous_25)
FN:350,(anonymous_26)
FN:352,(anonymous_27)
FN:357,(anonymous_28)
FN:372,(anonymous_29)
FN:395,(anonymous_30)
FN:408,(anonymous_31)
FNF:32
FNH:0
FNDA:0,(anonymous_0)
FNDA:0,(anonymous_1)
FNDA:0,(anonymous_2)
FNDA:0,(anonymous_3)
FNDA:0,(anonymous_4)
FNDA:0,(anonymous_5)
FNDA:0,(anonymous_6)
FNDA:0,(anonymous_7)
FNDA:0,(anonymous_8)
FNDA:0,(anonymous_9)
FNDA:0,(anonymous_10)
FNDA:0,(anonymous_11)
FNDA:0,(anonymous_12)
FNDA:0,(anonymous_13)
FNDA:0,(anonymous_14)
FNDA:0,(anonymous_15)
FNDA:0,(anonymous_16)
FNDA:0,(anonymous_17)
FNDA:0,(anonymous_18)
FNDA:0,(anonymous_19)
FNDA:0,(anonymous_20)
FNDA:0,(anonymous_21)
FNDA:0,(anonymous_22)
FNDA:0,(anonymous_23)
FNDA:0,(anonymous_24)
FNDA:0,(anonymous_25)
FNDA:0,(anonymous_26)
FNDA:0,(anonymous_27)
FNDA:0,(anonymous_28)
FNDA:0,(anonymous_29)
FNDA:0,(anonymous_30)
FNDA:0,(anonymous_31)
DA:18,0
DA:21,0
DA:34,0
DA:56,0
DA:57,0
DA:60,0
DA:61,0
DA:69,0
DA:71,0
DA:72,0
DA:74,0
DA:80,0
DA:81,0
DA:90,0
DA:91,0
DA:92,0
DA:95,0
DA:96,0
DA:97,0
DA:99,0
DA:104,0
DA:105,0
DA:106,0
DA:111,0
DA:112,0
DA:113,0
DA:116,0
DA:125,0
DA:126,0
DA:127,0
DA:130,0
DA:138,0
DA:139,0
DA:140,0
DA:148,0
DA:157,0
DA:158,0
DA:159,0
DA:167,0
DA:168,0
DA:171,0
DA:179,0
DA:180,0
DA:181,0
DA:184,0
DA:194,0
DA:237,0
DA:238,0
DA:241,0
DA:244,0
DA:249,0
DA:250,0
DA:251,0
DA:252,0
DA:253,0
DA:254,0
DA:255,0
DA:258,0
DA:259,0
DA:261,0
DA:262,0
DA:264,0
DA:265,0
DA:266,0
DA:267,0
DA:268,0
DA:270,0
DA:272,0
DA:277,0
DA:278,0
DA:280,0
DA:282,0
DA:283,0
DA:284,0
DA:285,0
DA:287,0
DA:288,0
DA:289,0
DA:291,0
DA:293,0
DA:298,0
DA:299,0
DA:300,0
DA:302,0
DA:303,0
DA:304,0
DA:305,0
DA:306,0
DA:308,0
DA:310,0
DA:315,0
DA:316,0
DA:320,0
DA:321,0
DA:325,0
DA:326,0
DA:327,0
DA:331,0
DA:349,0
DA:351,0
DA:352,0
DA:356,0
DA:358,0
DA:372,0
DA:379,0
DA:390,0
DA:395,0
DA:396,0
DA:398,0
DA:408,0
DA:414,0
DA:419,0
DA:484,0
LF:113
LH:0
BRDA:41,0,0,0
BRDA:42,1,0,0
BRDA:43,2,0,0
BRDA:48,3,0,0
BRDA:49,4,0,0
BRDA:50,5,0,0
BRDA:51,6,0,0
BRDA:71,7,0,0
BRDA:71,7,1,0
BRDA:74,8,0,0
BRDA:74,8,1,0
BRDA:74,8,2,0
BRDA:91,9,0,0
BRDA:91,9,1,0
BRDA:91,10,0,0
BRDA:91,10,1,0
BRDA:91,10,2,0
BRDA:105,11,0,0
BRDA:105,11,1,0
BRDA:112,12,0,0
BRDA:112,12,1,0
BRDA:112,13,0,0
BRDA:112,13,1,0
BRDA:126,14,0,0
BRDA:126,14,1,0
BRDA:126,15,0,0
BRDA:126,15,1,0
BRDA:139,16,0,0
BRDA:139,16,1,0
BRDA:158,17,0,0
BRDA:158,17,1,0
BRDA:167,18,0,0
BRDA:167,18,1,0
BRDA:180,19,0,0
BRDA:180,19,1,0
BRDA:200,20,0,0
BRDA:200,20,1,0
BRDA:225,21,0,0
BRDA:225,21,1,0
BRDA:249,22,0,0
BRDA:249,23,0,0
BRDA:259,24,0,0
BRDA:259,24,1,0
BRDA:266,25,0,0
BRDA:266,25,1,0
BRDA:266,25,2,0
BRDA:267,26,0,0
BRDA:267,26,1,0
BRDA:278,27,0,0
BRDA:278,27,1,0
BRDA:278,28,0,0
BRDA:278,28,1,0
BRDA:278,28,2,0
BRDA:285,29,0,0
BRDA:285,29,1,0
BRDA:285,29,2,0
BRDA:288,30,0,0
BRDA:288,30,1,0
BRDA:304,31,0,0
BRDA:304,31,1,0
BRDA:304,31,2,0
BRDA:305,32,0,0
BRDA:305,32,1,0
BRDA:321,33,0,0
BRDA:321,33,1,0
BRDA:327,34,0,0
BRDA:327,34,1,0
BRDA:327,35,0,0
BRDA:327,35,1,0
BRDA:350,36,0,0
BRDA:350,37,0,0
BRDA:370,38,0,0
BRDA:370,38,1,0
BRDA:400,39,0,0
BRDA:400,39,1,0
BRDA:407,40,0,0
BRDA:407,40,1,0
BRF:77
BRH:0
end_of_record
TN:
SF:src/components/AI/AIFeatureComponents.js
FN:18,(anonymous_0)
FN:23,(anonymous_1)
FN:25,(anonymous_2)
FN:26,(anonymous_3)
FN:61,(anonymous_4)
FN:91,(anonymous_5)
FN:98,(anonymous_6)
FN:121,(anonymous_7)
FN:124,(anonymous_8)
FN:126,(anonymous_9)
FN:138,(anonymous_10)
FN:150,(anonymous_11)
FN:160,(anonymous_12)
FN:169,(anonymous_13)
FN:183,(anonymous_14)
FN:186,(anonymous_15)
FN:188,(anonymous_16)
FN:200,(anonymous_17)
FN:212,(anonymous_18)
FN:232,(anonymous_19)
FN:255,(anonymous_20)
FN:263,(anonymous_21)
FN:265,(anonymous_22)
FN:278,(anonymous_23)
FN:292,(anonymous_24)
FN:296,(anonymous_25)
FN:307,(anonymous_26)
FN:310,(anonymous_27)
FNF:28
FNH:0
FNDA:0,(anonymous_0)
FNDA:0,(anonymous_1)
FNDA:0,(anonymous_2)
FNDA:0,(anonymous_3)
FNDA:0,(anonymous_4)
FNDA:0,(anonymous_5)
FNDA:0,(anonymous_6)
FNDA:0,(anonymous_7)
FNDA:0,(anonymous_8)
FNDA:0,(anonymous_9)
FNDA:0,(anonymous_10)
FNDA:0,(anonymous_11)
FNDA:0,(anonymous_12)
FNDA:0,(anonymous_13)
FNDA:0,(anonymous_14)
FNDA:0,(anonymous_15)
FNDA:0,(anonymous_16)
FNDA:0,(anonymous_17)
FNDA:0,(anonymous_18)
FNDA:0,(anonymous_19)
FNDA:0,(anonymous_20)
FNDA:0,(anonymous_21)
FNDA:0,(anonymous_22)
FNDA:0,(anonymous_23)
FNDA:0,(anonymous_24)
FNDA:0,(anonymous_25)
FNDA:0,(anonymous_26)
FNDA:0,(anonymous_27)
DA:18,0
DA:19,0
DA:20,0
DA:21,0
DA:23,0
DA:25,0
DA:26,0
DA:27,0
DA:28,0
DA:29,0
DA:30,0
DA:32,0
DA:34,0
DA:37,0
DA:40,0
DA:41,0
DA:48,0
DA:49,0
DA:56,0
DA:62,0
DA:92,0
DA:98,0
DA:121,0
DA:122,0
DA:123,0
DA:124,0
DA:126,0
DA:127,0
DA:128,0
DA:129,0
DA:130,0
DA:132,0
DA:134,0
DA:138,0
DA:139,0
DA:142,0
DA:143,0
DA:146,0
DA:151,0
DA:160,0
DA:170,0
DA:183,0
DA:184,0
DA:185,0
DA:186,0
DA:188,0
DA:189,0
DA:190,0
DA:191,0
DA:192,0
DA:194,0
DA:196,0
DA:200,0
DA:201,0
DA:204,0
DA:205,0
DA:208,0
DA:209,0
DA:212,0
DA:213,0
DA:214,0
DA:215,0
DA:218,0
DA:233,0
DA:255,0
DA:261,0
DA:262,0
DA:263,0
DA:265,0
DA:266,0
DA:267,0
DA:268,0
DA:269,0
DA:271,0
DA:273,0
DA:278,0
DA:279,0
DA:283,0
DA:284,0
DA:287,0
DA:293,0
DA:296,0
DA:307,0
DA:308,0
DA:310,0
DA:315,0
LF:86
LH:0
BRDA:40,0,0,0
BRDA:40,0,1,0
BRDA:48,1,0,0
BRDA:48,1,1,0
BRDA:70,2,0,0
BRDA:70,2,1,0
BRDA:72,3,0,0
BRDA:72,3,1,0
BRDA:82,4,0,0
BRDA:82,4,1,0
BRDA:142,5,0,0
BRDA:142,5,1,0
BRDA:168,6,0,0
BRDA:168,6,1,0
BRDA:204,7,0,0
BRDA:204,7,1,0
BRDA:208,8,0,0
BRDA:208,8,1,0
BRDA:213,9,0,0
BRDA:213,9,1,0
BRDA:214,10,0,0
BRDA:214,10,1,0
BRDA:283,11,0,0
BRDA:283,11,1,0
BRF:24
BRH:0
end_of_record
TN:
SF:src/components/Card/SkeletonCard.js
FN:8,(anonymous_0)
FN:12,(anonymous_1)
FN:13,(anonymous_2)
FN:38,(anonymous_3)
FNF:4
FNH:0
FNDA:0,(anonymous_0)
FNDA:0,(anonymous_1)
FNDA:0,(anonymous_2)
FNDA:0,(anonymous_3)
DA:5,0
DA:6,0
DA:8,0
DA:9,0
DA:10,0
DA:12,0
DA:13,0
DA:14,0
DA:30,0
DA:33,0
DA:38,0
DA:39,0
DA:54,0
DA:93,0
LF:14
LH:0
BRDA:38,0,0,0
BRF:1
BRH:0
end_of_record
TN:
SF:src/components/Card/SwipeCard.js
FN:29,(anonymous_0)
FN:30,(anonymous_1)
FN:31,(anonymous_2)
FN:32,(anonymous_3)
FN:33,(anonymous_4)
FN:34,(anonymous_5)
FN:35,(anonymous_6)
FN:43,(anonymous_7)
FN:51,(anonymous_8)
FN:55,(anonymous_9)
FN:64,(anonymous_10)
FN:110,(anonymous_11)
FN:122,(anonymous_12)
FN:127,(anonymous_13)
FN:143,(anonymous_14)
FNF:15
FNH:0
FNDA:0,(anonymous_0)
FNDA:0,(anonymous_1)
FNDA:0,(anonymous_2)
FNDA:0,(anonymous_3)
FNDA:0,(anonymous_4)
FNDA:0,(anonymous_5)
FNDA:0,(anonymous_6)
FNDA:0,(anonymous_7)
FNDA:0,(anonymous_8)
FNDA:0,(anonymous_9)
FNDA:0,(anonymous_10)
FNDA:0,(anonymous_11)
FNDA:0,(anonymous_12)
FNDA:0,(anonymous_13)
FNDA:0,(anonymous_14)
DA:10,0
DA:13,0
DA:26,0
DA:29,0
DA:30,0
DA:31,0
DA:32,0
DA:33,0
DA:34,0
DA:35,0
DA:38,0
DA:39,0
DA:40,0
DA:43,0
DA:44,0
DA:45,0
DA:46,0
DA:47,0
DA:48,0
DA:50,0
DA:52,0
DA:53,0
DA:56,0
DA:57,0
DA:59,0
DA:61,0
DA:62,0
DA:65,0
DA:66,0
DA:68,0
DA:70,0
DA:75,0
DA:79,0
DA:83,0
DA:84,0
DA:86,0
DA:91,0
DA:95,0
DA:99,0
DA:102,0
DA:103,0
DA:104,0
DA:105,0
DA:110,0
DA:111,0
DA:122,0
DA:123,0
DA:124,0
DA:127,0
DA:129,0
DA:130,0
DA:133,0
DA:143,0
DA:214,0
LF:54
LH:0
BRDA:10,0,0,0
BRDA:10,0,1,0
BRDA:13,1,0,0
BRDA:13,1,1,0
BRDA:26,2,0,0
BRDA:26,2,1,0
BRDA:68,3,0,0
BRDA:68,3,1,0
BRDA:84,4,0,0
BRDA:84,4,1,0
BRDA:123,5,0,0
BRDA:123,5,1,0
BRDA:129,6,0,0
BRDA:129,6,1,0
BRDA:137,7,0,0
BRDA:137,7,1,0
BRDA:143,8,0,0
BRDA:143,8,1,0
BRDA:162,9,0,0
BRDA:162,9,1,0
BRDA:163,10,0,0
BRDA:163,10,1,0
BRDA:164,11,0,0
BRDA:164,11,1,0
BRDA:182,12,0,0
BRDA:182,12,1,0
BRDA:187,13,0,0
BRDA:187,13,1,0
BRDA:192,14,0,0
BRDA:192,14,1,0
BRF:30
BRH:0
end_of_record
TN:
SF:src/components/Chat/AnimatedTypingIndicator.js
FN:19,(anonymous_0)
FN:33,(anonymous_1)
FN:40,(anonymous_2)
FN:43,(anonymous_3)
FN:54,(anonymous_4)
FN:82,(anonymous_5)
FN:90,(anonymous_6)
FN:91,(anonymous_7)
FN:119,(anonymous_8)
FN:120,(anonymous_9)
FN:142,(anonymous_10)
FN:175,(anonymous_11)
FN:176,(anonymous_12)
FN:197,(anonymous_13)
FN:198,(anonymous_14)
FN:242,(anonymous_15)
FN:243,(anonymous_16)
FN:267,(anonymous_17)
FN:269,(anonymous_18)
FN:294,(anonymous_19)
FN:310,(anonymous_20)
FN:312,(anonymous_21)
FN:324,(anonymous_22)
FN:327,(anonymous_23)
FN:348,(anonymous_24)
FN:392,(anonymous_25)
FN:395,(anonymous_26)
FNF:27
FNH:0
FNDA:0,(anonymous_0)
FNDA:0,(anonymous_1)
FNDA:0,(anonymous_2)
FNDA:0,(anonymous_3)
FNDA:0,(anonymous_4)
FNDA:0,(anonymous_5)
FNDA:0,(anonymous_6)
FNDA:0,(anonymous_7)
FNDA:0,(anonymous_8)
FNDA:0,(anonymous_9)
FNDA:0,(anonymous_10)
FNDA:0,(anonymous_11)
FNDA:0,(anonymous_12)
FNDA:0,(anonymous_13)
FNDA:0,(anonymous_14)
FNDA:0,(anonymous_15)
FNDA:0,(anonymous_16)
FNDA:0,(anonymous_17)
FNDA:0,(anonymous_18)
FNDA:0,(anonymous_19)
FNDA:0,(anonymous_20)
FNDA:0,(anonymous_21)
FNDA:0,(anonymous_22)
FNDA:0,(anonymous_23)
FNDA:0,(anonymous_24)
FNDA:0,(anonymous_25)
FNDA:0,(anonymous_26)
DA:11,0
DA:19,0
DA:28,0
DA:29,0
DA:30,0
DA:33,0
DA:36,0
DA:37,0
DA:40,0
DA:43,0
DA:50,0
DA:52,0
DA:54,0
DA:56,0
DA:64,0
DA:66,0
DA:67,0
DA:69,0
DA:70,0
DA:72,0
DA:73,0
DA:75,0
DA:76,0
DA:78,0
DA:79,0
DA:82,0
DA:84,0
DA:85,0
DA:86,0
DA:90,0
DA:91,0
DA:92,0
DA:112,0
DA:119,0
DA:120,0
DA:121,0
DA:142,0
DA:143,0
DA:175,0
DA:176,0
DA:177,0
DA:197,0
DA:198,0
DA:199,0
DA:242,0
DA:243,0
DA:258,0
DA:267,0
DA:268,0
DA:270,0
DA:294,0
DA:295,0
DA:310,0
DA:311,0
DA:313,0
DA:324,0
DA:325,0
DA:328,0
DA:348,0
DA:349,0
DA:351,0
DA:353,0
DA:355,0
DA:357,0
DA:359,0
DA:361,0
DA:365,0
DA:370,0
DA:392,0
DA:393,0
DA:395,0
DA:396,0
DA:403,0
DA:405,0
DA:418,0
LF:75
LH:0
BRDA:20,0,0,0
BRDA:22,1,0,0
BRDA:23,2,0,0
BRDA:24,3,0,0
BRDA:25,4,0,0
BRDA:52,5,0,0
BRDA:52,5,1,0
BRDA:64,6,0,0
BRDA:64,6,1,0
BRDA:64,6,2,0
BRDA:64,6,3,0
BRDA:64,6,4,0
BRDA:349,7,0,0
BRDA:349,7,1,0
BRDA:349,7,2,0
BRDA:349,7,3,0
BRDA:349,7,4,0
BRDA:349,7,5,0
BRDA:373,8,0,0
BRDA:373,8,1,0
BRDA:380,9,0,0
BRDA:380,9,1,0
BRDA:380,9,2,0
BRDA:397,10,0,0
BRDA:397,10,1,0
BRDA:403,11,0,0
BRDA:403,11,1,0
BRF:27
BRH:0
end_of_record
TN:
SF:src/components/Chat/ChatThemes.js
FN:117,(anonymous_0)
FN:129,(anonymous_1)
FN:133,(anonymous_2)
FN:144,(anonymous_3)
FN:155,(anonymous_4)
FN:172,(anonymous_5)
FN:180,(anonymous_6)
FN:235,(anonymous_7)
FN:242,(anonymous_8)
FN:256,(anonymous_9)
FN:268,(anonymous_10)
FN:282,(anonymous_11)
FN:360,(anonymous_12)
FN:380,(anonymous_13)
FN:414,(anonymous_14)
FN:418,(anonymous_15)
FN:422,(anonymous_16)
FNF:17
FNH:0
FNDA:0,(anonymous_0)
FNDA:0,(anonymous_1)
FNDA:0,(anonymous_2)
FNDA:0,(anonymous_3)
FNDA:0,(anonymous_4)
FNDA:0,(anonymous_5)
FNDA:0,(anonymous_6)
FNDA:0,(anonymous_7)
FNDA:0,(anonymous_8)
FNDA:0,(anonymous_9)
FNDA:0,(anonymous_10)
FNDA:0,(anonymous_11)
FNDA:0,(anonymous_12)
FNDA:0,(anonymous_13)
FNDA:0,(anonymous_14)
FNDA:0,(anonymous_15)
FNDA:0,(anonymous_16)
DA:16,0
DA:18,0
DA:109,0
DA:117,0
DA:125,0
DA:126,0
DA:127,0
DA:129,0
DA:130,0
DA:133,0
DA:134,0
DA:135,0
DA:136,0
DA:137,0
DA:138,0
DA:140,0
DA:144,0
DA:145,0
DA:147,0
DA:149,0
DA:152,0
DA:155,0
DA:156,0
DA:157,0
DA:158,0
DA:160,0
DA:166,0
DA:168,0
DA:172,0
DA:173,0
DA:174,0
DA:175,0
DA:177,0
DA:180,0
DA:235,0
DA:236,0
DA:238,0
DA:242,0
DA:256,0
DA:257,0
DA:259,0
DA:269,0
DA:282,0
DA:337,0
DA:360,0
DA:380,0
DA:414,0
DA:415,0
DA:416,0
DA:418,0
DA:419,0
DA:422,0
DA:423,0
DA:424,0
DA:425,0
DA:427,0
DA:428,0
DA:430,0
DA:431,0
DA:434,0
DA:438,0
DA:441,0
LF:62
LH:0
BRDA:121,0,0,0
BRDA:122,1,0,0
BRDA:137,2,0,0
BRDA:137,2,1,0
BRDA:138,3,0,0
BRDA:138,3,1,0
BRDA:147,4,0,0
BRDA:147,4,1,0
BRDA:147,5,0,0
BRDA:147,5,1,0
BRDA:175,6,0,0
BRDA:175,6,1,0
BRDA:179,7,0,0
BRDA:179,7,1,0
BRDA:211,8,0,0
BRDA:211,8,1,0
BRDA:226,9,0,0
BRDA:226,9,1,0
BRDA:241,10,0,0
BRDA:241,10,1,0
BRDA:244,11,0,0
BRDA:244,11,1,0
BRDA:247,12,0,0
BRDA:247,12,1,0
BRDA:249,13,0,0
BRDA:249,13,1,0
BRDA:266,14,0,0
BRDA:266,14,1,0
BRDA:363,15,0,0
BRDA:363,15,1,0
BRDA:368,16,0,0
BRDA:368,16,1,0
BRDA:372,17,0,0
BRDA:372,17,1,0
BRDA:414,18,0,0
BRDA:427,19,0,0
BRDA:427,19,1,0
BRDA:427,20,0,0
BRDA:427,20,1,0
BRDA:430,21,0,0
BRDA:430,21,1,0
BRF:41
BRH:0
end_of_record
TN:
SF:src/components/Chat/GifPickerModal.js
FN:22,(anonymous_0)
FN:29,(anonymous_1)
FN:41,(anonymous_2)
FN:47,(anonymous_3)
FN:64,(anonymous_4)
FN:67,(anonymous_5)
FN:107,(anonymous_6)
FN:126,(anonymous_7)
FNF:8
FNH:0
FNDA:0,(anonymous_0)
FNDA:0,(anonymous_1)
FNDA:0,(anonymous_2)
FNDA:0,(anonymous_3)
FNDA:0,(anonymous_4)
FNDA:0,(anonymous_5)
FNDA:0,(anonymous_6)
FNDA:0,(anonymous_7)
DA:18,0
DA:19,0
DA:20,0
DA:22,0
DA:23,0
DA:24,0
DA:25,0
DA:26,0
DA:27,0
DA:29,0
DA:30,0
DA:31,0
DA:32,0
DA:33,0
DA:35,0
DA:37,0
DA:41,0
DA:42,0
DA:43,0
DA:47,0
DA:48,0
DA:49,0
DA:50,0
DA:53,0
DA:54,0
DA:55,0
DA:56,0
DA:58,0
DA:60,0
DA:64,0
DA:65,0
DA:68,0
DA:69,0
DA:76,0
DA:108,0
DA:109,0
DA:126,0
DA:137,0
LF:38
LH:0
BRDA:33,0,0,0
BRDA:33,0,1,0
BRDA:42,1,0,0
BRDA:42,1,1,0
BRDA:42,2,0,0
BRDA:42,2,1,0
BRDA:48,3,0,0
BRDA:48,3,1,0
BRDA:56,4,0,0
BRDA:56,4,1,0
BRDA:105,5,0,0
BRDA:105,5,1,0
BRDA:118,6,0,0
BRDA:118,6,1,0
BRDA:118,7,0,0
BRDA:118,7,1,0
BRF:16
BRH:0
end_of_record
TN:
SF:src/components/Chat/MessageReactions.js
FN:24,(anonymous_0)
FN:37,(anonymous_1)
FN:38,(anonymous_2)
FN:45,(anonymous_3)
FN:56,(anonymous_4)
FN:69,(anonymous_5)
FN:73,(anonymous_6)
FN:74,(anonymous_7)
FN:106,(anonymous_8)
FN:114,(anonymous_9)
FN:121,(anonymous_10)
FN:127,(anonymous_11)
FN:129,(anonymous_12)
FN:135,(anonymous_13)
FN:143,(anonymous_14)
FN:144,(anonymous_15)
FN:151,(anonymous_16)
FN:162,(anonymous_17)
FN:178,(anonymous_18)
FN:180,(anonymous_19)
FN:191,(anonymous_20)
FN:200,(anonymous_21)
FN:221,(anonymous_22)
FN:223,(anonymous_23)
FN:264,(anonymous_24)
FN:267,(anonymous_25)
FNF:26
FNH:0
FNDA:0,(anonymous_0)
FNDA:0,(anonymous_1)
FNDA:0,(anonymous_2)
FNDA:0,(anonymous_3)
FNDA:0,(anonymous_4)
FNDA:0,(anonymous_5)
FNDA:0,(anonymous_6)
FNDA:0,(anonymous_7)
FNDA:0,(anonymous_8)
FNDA:0,(anonymous_9)
FNDA:0,(anonymous_10)
FNDA:0,(anonymous_11)
FNDA:0,(anonymous_12)
FNDA:0,(anonymous_13)
FNDA:0,(anonymous_14)
FNDA:0,(anonymous_15)
FNDA:0,(anonymous_16)
FNDA:0,(anonymous_17)
FNDA:0,(anonymous_18)
FNDA:0,(anonymous_19)
FNDA:0,(anonymous_20)
FNDA:0,(anonymous_21)
FNDA:0,(anonymous_22)
FNDA:0,(anonymous_23)
FNDA:0,(anonymous_24)
FNDA:0,(anonymous_25)
DA:13,0
DA:24,0
DA:32,0
DA:33,0
DA:36,0
DA:37,0
DA:38,0
DA:45,0
DA:46,0
DA:48,0
DA:56,0
DA:57,0
DA:68,0
DA:69,0
DA:73,0
DA:74,0
DA:75,0
DA:77,0
DA:107,0
DA:108,0
DA:109,0
DA:114,0
DA:115,0
DA:116,0
DA:117,0
DA:118,0
DA:121,0
DA:122,0
DA:123,0
DA:127,0
DA:128,0
DA:129,0
DA:130,0
DA:132,0
DA:135,0
DA:136,0
DA:137,0
DA:139,0
DA:141,0
DA:144,0
DA:145,0
DA:147,0
DA:151,0
DA:162,0
DA:163,0
DA:168,0
DA:173,0
DA:178,0
DA:180,0
DA:192,0
DA:197,0
DA:200,0
DA:221,0
DA:222,0
DA:224,0
DA:244,0
DA:264,0
DA:265,0
DA:267,0
DA:268,0
DA:281,0
DA:284,0
DA:293,0
LF:63
LH:0
BRDA:26,0,0,0
BRDA:29,1,0,0
BRDA:30,2,0,0
BRDA:46,3,0,0
BRDA:46,3,1,0
BRDA:122,4,0,0
BRDA:122,4,1,0
BRDA:130,5,0,0
BRDA:130,5,1,0
BRDA:139,6,0,0
BRDA:139,6,1,0
BRDA:142,7,0,0
BRDA:142,7,1,0
BRDA:145,8,0,0
BRDA:145,8,1,0
BRDA:154,9,0,0
BRDA:154,9,1,0
BRDA:238,10,0,0
BRDA:238,10,1,0
BRDA:264,11,0,0
BRDA:264,12,0,0
BRDA:264,12,1,0
BRF:22
BRH:0
end_of_record
TN:
SF:src/components/Chat/MessageScheduler.js
FN:17,(anonymous_0)
FN:31,(anonymous_1)
FN:42,(anonymous_2)
FN:52,(anonymous_3)
FN:66,(anonymous_4)
FN:83,(anonymous_5)
FN:101,(anonymous_6)
FN:115,(anonymous_7)
FN:181,(anonymous_8)
FN:185,(anonymous_9)
FN:199,(anonymous_10)
FN:203,(anonymous_11)
FN:217,(anonymous_12)
FN:225,(anonymous_13)
FN:308,(anonymous_14)
FN:325,(anonymous_15)
FN:335,(anonymous_16)
FN:338,(anonymous_17)
FN:341,(anonymous_18)
FNF:19
FNH:0
FNDA:0,(anonymous_0)
FNDA:0,(anonymous_1)
FNDA:0,(anonymous_2)
FNDA:0,(anonymous_3)
FNDA:0,(anonymous_4)
FNDA:0,(anonymous_5)
FNDA:0,(anonymous_6)
FNDA:0,(anonymous_7)
FNDA:0,(anonymous_8)
FNDA:0,(anonymous_9)
FNDA:0,(anonymous_10)
FNDA:0,(anonymous_11)
FNDA:0,(anonymous_12)
FNDA:0,(anonymous_13)
FNDA:0,(anonymous_14)
FNDA:0,(anonymous_15)
FNDA:0,(anonymous_16)
FNDA:0,(anonymous_17)
FNDA:0,(anonymous_18)
DA:17,0
DA:24,0
DA:25,0
DA:26,0
DA:27,0
DA:28,0
DA:29,0
DA:31,0
DA:32,0
DA:33,0
DA:34,0
DA:35,0
DA:36,0
DA:37,0
DA:38,0
DA:42,0
DA:43,0
DA:44,0
DA:45,0
DA:46,0
DA:47,0
DA:48,0
DA:52,0
DA:53,0
DA:54,0
DA:55,0
DA:58,0
DA:59,0
DA:60,0
DA:63,0
DA:66,0
DA:67,0
DA:69,0
DA:77,0
DA:78,0
DA:79,0
DA:80,0
DA:83,0
DA:84,0
DA:85,0
DA:86,0
DA:88,0
DA:89,0
DA:90,0
DA:91,0
DA:93,0
DA:101,0
DA:102,0
DA:108,0
DA:115,0
DA:116,0
DA:118,0
DA:119,0
DA:120,0
DA:121,0
DA:122,0
DA:124,0
DA:125,0
DA:126,0
DA:127,0
DA:128,0
DA:129,0
DA:132,0
DA:135,0
DA:142,0
DA:182,0
DA:185,0
DA:200,0
DA:203,0
DA:217,0
DA:225,0
DA:308,0
DA:314,0
DA:315,0
DA:323,0
DA:326,0
DA:335,0
DA:338,0
DA:341,0
DA:355,0
LF:80
LH:0
BRDA:21,0,0,0
BRDA:22,1,0,0
BRDA:33,2,0,0
BRDA:33,2,1,0
BRDA:44,3,0,0
BRDA:44,3,1,0
BRDA:53,4,0,0
BRDA:53,4,1,0
BRDA:58,5,0,0
BRDA:58,5,1,0
BRDA:67,6,0,0
BRDA:67,6,1,0
BRDA:88,7,0,0
BRDA:88,7,1,0
BRDA:90,8,0,0
BRDA:90,8,1,0
BRDA:118,9,0,0
BRDA:118,9,1,0
BRDA:120,10,0,0
BRDA:120,10,1,0
BRDA:121,11,0,0
BRDA:121,11,1,0
BRDA:125,12,0,0
BRDA:125,12,1,0
BRDA:127,13,0,0
BRDA:127,13,1,0
BRDA:282,14,0,0
BRDA:282,14,1,0
BRDA:286,15,0,0
BRDA:286,15,1,0
BRDA:293,16,0,0
BRDA:293,16,1,0
BRDA:297,17,0,0
BRDA:297,17,1,0
BRDA:309,18,0,0
BRDA:314,19,0,0
BRDA:314,19,1,0
BRDA:326,20,0,0
BRDA:326,20,1,0
BRF:39
BRH:0
end_of_record
TN:
SF:src/components/Chat/StickerPickerModal.js
FN:22,(anonymous_0)
FN:28,(anonymous_1)
FN:40,(anonymous_2)
FN:46,(anonymous_3)
FN:55,(anonymous_4)
FN:57,(anonymous_5)
FN:60,(anonymous_6)
FN:94,(anonymous_7)
FN:98,(anonymous_8)
FN:122,(anonymous_9)
FNF:10
FNH:0
FNDA:0,(anonymous_0)
FNDA:0,(anonymous_1)
FNDA:0,(anonymous_2)
FNDA:0,(anonymous_3)
FNDA:0,(anonymous_4)
FNDA:0,(anonymous_5)
FNDA:0,(anonymous_6)
FNDA:0,(anonymous_7)
FNDA:0,(anonymous_8)
FNDA:0,(anonymous_9)
DA:18,0
DA:19,0
DA:20,0
DA:22,0
DA:23,0
DA:24,0
DA:25,0
DA:26,0
DA:28,0
DA:29,0
DA:30,0
DA:31,0
DA:32,0
DA:34,0
DA:36,0
DA:40,0
DA:41,0
DA:42,0
DA:46,0
DA:47,0
DA:48,0
DA:49,0
DA:50,0
DA:55,0
DA:57,0
DA:58,0
DA:61,0
DA:66,0
DA:73,0
DA:95,0
DA:98,0
DA:122,0
DA:137,0
LF:33
LH:0
BRDA:32,0,0,0
BRDA:32,0,1,0
BRDA:41,1,0,0
BRDA:41,1,1,0
BRDA:47,2,0,0
BRDA:47,2,1,0
BRDA:47,3,0,0
BRDA:47,3,1,0
BRDA:49,4,0,0
BRDA:49,4,1,0
BRDA:92,5,0,0
BRDA:92,5,1,0
BRDA:97,6,0,0
BRDA:97,6,1,0
BRDA:103,7,0,0
BRDA:103,7,1,0
BRDA:114,8,0,0
BRDA:114,8,1,0
BRDA:118,9,0,0
BRDA:118,9,1,0
BRDA:118,10,0,0
BRDA:118,10,1,0
BRF:22
BRH:0
end_of_record
TN:
SF:src/components/Common/ErrorNotification.js
FN:9,(anonymous_0)
FN:20,(anonymous_1)
FN:38,(anonymous_2)
FN:41,(anonymous_3)
FN:50,(anonymous_4)
FN:62,(anonymous_5)
FN:96,(anonymous_6)
FN:133,(anonymous_7)
FN:140,(anonymous_8)
FN:144,(anonymous_9)
FN:148,(anonymous_10)
FN:152,(anonymous_11)
FN:156,(anonymous_12)
FN:157,(anonymous_13)
FN:160,(anonymous_14)
FNF:15
FNH:0
FNDA:0,(anonymous_0)
FNDA:0,(anonymous_1)
FNDA:0,(anonymous_2)
FNDA:0,(anonymous_3)
FNDA:0,(anonymous_4)
FNDA:0,(anonymous_5)
FNDA:0,(anonymous_6)
FNDA:0,(anonymous_7)
FNDA:0,(anonymous_8)
FNDA:0,(anonymous_9)
FNDA:0,(anonymous_10)
FNDA:0,(anonymous_11)
FNDA:0,(anonymous_12)
FNDA:0,(anonymous_13)
FNDA:0,(anonymous_14)
DA:9,0
DA:17,0
DA:18,0
DA:20,0
DA:21,0
DA:23,0
DA:37,0
DA:38,0
DA:39,0
DA:41,0
DA:45,0
DA:46,0
DA:50,0
DA:51,0
DA:63,0
DA:67,0
DA:69,0
DA:71,0
DA:96,0
DA:97,0
DA:99,0
DA:106,0
DA:113,0
DA:121,0
DA:133,0
DA:134,0
DA:140,0
DA:141,0
DA:144,0
DA:145,0
DA:148,0
DA:149,0
DA:152,0
DA:153,0
DA:156,0
DA:157,0
DA:160,0
DA:161,0
DA:170,0
DA:181,0
LF:40
LH:0
BRDA:11,0,0,0
BRDA:14,1,0,0
BRDA:15,2,0,0
BRDA:17,3,0,0
BRDA:17,3,1,0
BRDA:21,4,0,0
BRDA:21,4,1,0
BRDA:37,5,0,0
BRDA:37,5,1,0
BRDA:45,6,0,0
BRDA:45,6,1,0
BRDA:53,7,0,0
BRDA:53,7,1,0
BRDA:67,8,0,0
BRDA:67,8,1,0
BRDA:67,9,0,0
BRDA:67,9,1,0
BRDA:75,10,0,0
BRDA:75,10,1,0
BRDA:97,11,0,0
BRDA:97,11,1,0
BRDA:97,11,2,0
BRDA:97,11,3,0
BRDA:97,11,4,0
BRF:24
BRH:0
end_of_record
TN:
SF:src/components/Common/MicroAnimations.js
FN:6,(anonymous_0)
FN:12,(anonymous_1)
FN:40,(anonymous_2)
FN:52,(anonymous_3)
FN:103,(anonymous_4)
FN:108,(anonymous_5)
FN:130,(anonymous_6)
FN:142,(anonymous_7)
FNF:8
FNH:0
FNDA:0,(anonymous_0)
FNDA:0,(anonymous_1)
FNDA:0,(anonymous_2)
FNDA:0,(anonymous_3)
FNDA:0,(anonymous_4)
FNDA:0,(anonymous_5)
FNDA:0,(anonymous_6)
FNDA:0,(anonymous_7)
DA:6,0
DA:7,0
DA:8,0
DA:9,0
DA:10,0
DA:12,0
DA:13,0
DA:15,0
DA:16,0
DA:17,0
DA:20,0
DA:40,0
DA:41,0
DA:53,0
DA:59,0
DA:64,0
DA:66,0
DA:103,0
DA:104,0
DA:105,0
DA:106,0
DA:108,0
DA:109,0
DA:111,0
DA:112,0
DA:115,0
DA:130,0
DA:131,0
DA:143,0
DA:149,0
DA:151,0
DA:194,0
LF:32
LH:0
BRDA:13,0,0,0
BRDA:13,0,1,0
BRDA:64,1,0,0
BRDA:64,1,1,0
BRDA:109,2,0,0
BRDA:109,2,1,0
BRDA:149,3,0,0
BRDA:149,3,1,0
BRDA:187,4,0,0
BRDA:187,4,1,0
BRF:10
BRH:0
end_of_record
TN:
SF:src/components/Common/ProgressiveImage.js
FN:5,(anonymous_0)
FN:11,(anonymous_1)
FN:16,(anonymous_2)
FN:21,(anonymous_3)
FNF:4
FNH:0
FNDA:0,(anonymous_0)
FNDA:0,(anonymous_1)
FNDA:0,(anonymous_2)
FNDA:0,(anonymous_3)
DA:5,0
DA:6,0
DA:7,0
DA:8,0
DA:9,0
DA:11,0
DA:12,0
DA:13,0
DA:16,0
DA:17,0
DA:18,0
DA:21,0
DA:22,0
DA:23,0
DA:26,0
DA:71,0
LF:16
LH:0
BRDA:29,0,0,0
BRDA:29,0,1,0
BRDA:29,0,2,0
BRDA:36,1,0,0
BRDA:36,1,1,0
BRDA:44,2,0,0
BRDA:44,2,1,0
BRDA:44,2,2,0
BRDA:55,3,0,0
BRDA:55,3,1,0
BRDA:59,4,0,0
BRDA:59,4,1,0
BRF:12
BRH:0
end_of_record
TN:
SF:src/components/Gamification/AchievementBadgeAnimated.js
FN:175,(anonymous_0)
FN:192,(anonymous_1)
FN:211,(anonymous_2)
FN:283,(anonymous_3)
FN:285,(anonymous_4)
FN:319,(anonymous_5)
FN:327,(anonymous_6)
FN:352,(anonymous_7)
FN:354,(anonymous_8)
FN:375,(anonymous_9)
FN:380,(anonymous_10)
FN:385,(anonymous_11)
FN:540,(anonymous_12)
FN:549,(anonymous_13)
FN:561,(anonymous_14)
FNF:15
FNH:0
FNDA:0,(anonymous_0)
FNDA:0,(anonymous_1)
FNDA:0,(anonymous_2)
FNDA:0,(anonymous_3)
FNDA:0,(anonymous_4)
FNDA:0,(anonymous_5)
FNDA:0,(anonymous_6)
FNDA:0,(anonymous_7)
FNDA:0,(anonymous_8)
FNDA:0,(anonymous_9)
FNDA:0,(anonymous_10)
FNDA:0,(anonymous_11)
FNDA:0,(anonymous_12)
FNDA:0,(anonymous_13)
FNDA:0,(anonymous_14)
DA:14,0
DA:161,0
DA:168,0
DA:175,0
DA:184,0
DA:187,0
DA:188,0
DA:189,0
DA:190,0
DA:191,0
DA:192,0
DA:199,0
DA:200,0
DA:201,0
DA:203,0
DA:209,0
DA:211,0
DA:212,0
DA:214,0
DA:232,0
DA:233,0
DA:250,0
DA:251,0
DA:262,0
DA:279,0
DA:283,0
DA:285,0
DA:286,0
DA:288,0
DA:320,0
DA:321,0
DA:322,0
DA:327,0
DA:328,0
DA:329,0
DA:330,0
DA:332,0
DA:335,0
DA:340,0
DA:345,0
DA:350,0
DA:352,0
DA:353,0
DA:355,0
DA:375,0
DA:376,0
DA:380,0
DA:385,0
DA:419,0
DA:540,0
DA:546,0
DA:547,0
DA:549,0
DA:551,0
DA:562,0
DA:576,0
LF:56
LH:0
BRDA:177,0,0,0
BRDA:178,1,0,0
BRDA:179,2,0,0
BRDA:180,3,0,0
BRDA:182,4,0,0
BRDA:200,5,0,0
BRDA:200,5,1,0
BRDA:201,6,0,0
BRDA:201,6,1,0
BRDA:212,7,0,0
BRDA:212,7,1,0
BRDA:212,8,0,0
BRDA:212,8,1,0
BRDA:232,9,0,0
BRDA:232,9,1,0
BRDA:250,10,0,0
BRDA:250,10,1,0
BRDA:279,11,0,0
BRDA:279,11,1,0
BRDA:328,12,0,0
BRDA:328,12,1,0
BRDA:350,13,0,0
BRDA:350,13,1,0
BRDA:409,14,0,0
BRDA:409,14,1,0
BRDA:435,15,0,0
BRDA:435,15,1,0
BRDA:435,15,2,0
BRDA:458,16,0,0
BRDA:458,16,1,0
BRDA:459,17,0,0
BRDA:459,17,1,0
BRDA:463,18,0,0
BRDA:463,18,1,0
BRDA:480,19,0,0
BRDA:480,19,1,0
BRDA:509,20,0,0
BRDA:509,20,1,0
BRDA:516,21,0,0
BRDA:516,21,1,0
BRDA:523,22,0,0
BRDA:523,22,1,0
BRDA:541,23,0,0
BRDA:542,24,0,0
BRDA:544,25,0,0
BRDA:547,26,0,0
BRDA:547,26,1,0
BRF:47
BRH:0
end_of_record
TN:
SF:src/components/Gamification/BadgeShowcase.js
FN:4,(anonymous_0)
FN:8,(anonymous_1)
FN:10,(anonymous_2)
FN:11,(anonymous_3)
FN:17,(anonymous_4)
FN:36,(anonymous_5)
FN:47,(anonymous_6)
FNF:7
FNH:0
FNDA:0,(anonymous_0)
FNDA:0,(anonymous_1)
FNDA:0,(anonymous_2)
FNDA:0,(anonymous_3)
FNDA:0,(anonymous_4)
FNDA:0,(anonymous_5)
FNDA:0,(anonymous_6)
DA:4,0
DA:5,0
DA:6,0
DA:8,0
DA:9,0
DA:10,0
DA:11,0
DA:12,0
DA:13,0
DA:17,0
DA:18,0
DA:28,0
DA:37,0
DA:48,0
DA:61,0
LF:15
LH:0
BRDA:4,0,0,0
BRDA:9,1,0,0
BRDA:9,1,1,0
BRDA:9,2,0,0
BRDA:9,2,1,0
BRDA:17,3,0,0
BRDA:18,4,0,0
BRDA:18,4,1,0
BRDA:20,5,0,0
BRDA:20,5,1,0
BRDA:21,6,0,0
BRDA:21,6,1,0
BRDA:22,7,0,0
BRDA:22,7,1,0
BRDA:22,7,2,0
BRDA:32,8,0,0
BRDA:32,8,1,0
BRDA:43,9,0,0
BRDA:43,9,1,0
BRDA:54,10,0,0
BRDA:54,10,1,0
BRF:21
BRH:0
end_of_record
TN:
SF:src/components/Gamification/DailyChallenges.js
FN:90,(anonymous_0)
FN:103,(anonymous_1)
FN:107,(anonymous_2)
FN:113,(anonymous_3)
FN:115,(anonymous_4)
FN:139,(anonymous_5)
FN:145,(anonymous_6)
FN:146,(anonymous_7)
FN:151,(anonymous_8)
FN:153,(anonymous_9)
FN:158,(anonymous_10)
FN:186,(anonymous_11)
FN:209,(anonymous_12)
FN:210,(anonymous_13)
FN:213,(anonymous_14)
FN:238,(anonymous_15)
FN:336,(anonymous_16)
FN:341,(anonymous_17)
FN:351,(anonymous_18)
FN:394,(anonymous_19)
FN:433,(anonymous_20)
FNF:21
FNH:0
FNDA:0,(anonymous_0)
FNDA:0,(anonymous_1)
FNDA:0,(anonymous_2)
FNDA:0,(anonymous_3)
FNDA:0,(anonymous_4)
FNDA:0,(anonymous_5)
FNDA:0,(anonymous_6)
FNDA:0,(anonymous_7)
FNDA:0,(anonymous_8)
FNDA:0,(anonymous_9)
FNDA:0,(anonymous_10)
FNDA:0,(anonymous_11)
FNDA:0,(anonymous_12)
FNDA:0,(anonymous_13)
FNDA:0,(anonymous_14)
FNDA:0,(anonymous_15)
FNDA:0,(anonymous_16)
FNDA:0,(anonymous_17)
FNDA:0,(anonymous_18)
FNDA:0,(anonymous_19)
FNDA:0,(anonymous_20)
DA:15,0
DA:84,0
DA:90,0
DA:97,0
DA:98,0
DA:99,0
DA:102,0
DA:103,0
DA:105,0
DA:106,0
DA:107,0
DA:113,0
DA:115,0
DA:116,0
DA:117,0
DA:119,0
DA:129,0
DA:139,0
DA:140,0
DA:141,0
DA:142,0
DA:145,0
DA:146,0
DA:147,0
DA:148,0
DA:151,0
DA:153,0
DA:154,0
DA:155,0
DA:158,0
DA:159,0
DA:160,0
DA:162,0
DA:187,0
DA:188,0
DA:193,0
DA:206,0
DA:209,0
DA:210,0
DA:213,0
DA:214,0
DA:215,0
DA:216,0
DA:217,0
DA:218,0
DA:220,0
DA:225,0
DA:230,0
DA:239,0
DA:240,0
DA:242,0
DA:336,0
DA:337,0
DA:341,0
DA:352,0
DA:394,0
DA:408,0
DA:434,0
DA:468,0
LF:59
LH:0
BRDA:91,0,0,0
BRDA:92,1,0,0
BRDA:95,2,0,0
BRDA:116,3,0,0
BRDA:116,3,1,0
BRDA:147,4,0,0
BRDA:147,4,1,0
BRDA:151,5,0,0
BRDA:151,5,1,0
BRDA:214,6,0,0
BRDA:214,6,1,0
BRDA:235,7,0,0
BRDA:235,7,1,0
BRDA:235,7,2,0
BRDA:236,8,0,0
BRDA:236,8,1,0
BRDA:239,9,0,0
BRDA:239,9,1,0
BRDA:239,10,0,0
BRDA:239,10,1,0
BRDA:248,11,0,0
BRDA:248,11,1,0
BRDA:248,11,2,0
BRDA:295,12,0,0
BRDA:295,12,1,0
BRDA:317,13,0,0
BRDA:317,13,1,0
BRDA:317,13,2,0
BRDA:325,14,0,0
BRDA:325,14,1,0
BRF:30
BRH:0
end_of_record
TN:
SF:src/components/Gamification/DailyRewardNotification.js
FN:6,(anonymous_0)
FN:10,(anonymous_1)
FN:22,(anonymous_2)
FN:28,(anonymous_3)
FN:31,(anonymous_4)
FN:44,(anonymous_5)
FN:53,(anonymous_6)
FN:64,(anonymous_7)
FN:65,(anonymous_8)
FNF:9
FNH:0
FNDA:0,(anonymous_0)
FNDA:0,(anonymous_1)
FNDA:0,(anonymous_2)
FNDA:0,(anonymous_3)
FNDA:0,(anonymous_4)
FNDA:0,(anonymous_5)
FNDA:0,(anonymous_6)
FNDA:0,(anonymous_7)
FNDA:0,(anonymous_8)
DA:6,0
DA:7,0
DA:8,0
DA:10,0
DA:11,0
DA:12,0
DA:13,0
DA:14,0
DA:16,0
DA:18,0
DA:22,0
DA:23,0
DA:24,0
DA:28,0
DA:29,0
DA:30,0
DA:31,0
DA:32,0
DA:33,0
DA:36,0
DA:40,0
DA:41,0
DA:44,0
DA:45,0
DA:53,0
DA:59,0
DA:64,0
DA:65,0
DA:75,0
LF:29
LH:0
BRDA:14,0,0,0
BRDA:14,0,1,0
BRDA:23,1,0,0
BRDA:23,1,1,0
BRDA:32,2,0,0
BRDA:32,2,1,0
BRDA:40,3,0,0
BRDA:40,3,1,0
BRDA:68,4,0,0
BRDA:68,4,1,0
BRF:10
BRH:0
end_of_record
TN:
SF:src/components/Gamification/LevelProgressionCard.js
FN:41,(anonymous_0)
FN:59,(anonymous_1)
FN:61,(anonymous_2)
FN:115,(anonymous_3)
FN:119,(anonymous_4)
FN:145,(anonymous_5)
FN:163,(anonymous_6)
FN:166,(anonymous_7)
FN:175,(anonymous_8)
FN:203,(anonymous_9)
FN:230,(anonymous_10)
FN:233,(anonymous_11)
FN:265,(anonymous_12)
FN:286,(anonymous_13)
FN:290,(anonymous_14)
FN:381,(anonymous_15)
FN:382,(anonymous_16)
FNF:17
FNH:0
FNDA:0,(anonymous_0)
FNDA:0,(anonymous_1)
FNDA:0,(anonymous_2)
FNDA:0,(anonymous_3)
FNDA:0,(anonymous_4)
FNDA:0,(anonymous_5)
FNDA:0,(anonymous_6)
FNDA:0,(anonymous_7)
FNDA:0,(anonymous_8)
FNDA:0,(anonymous_9)
FNDA:0,(anonymous_10)
FNDA:0,(anonymous_11)
FNDA:0,(anonymous_12)
FNDA:0,(anonymous_13)
FNDA:0,(anonymous_14)
FNDA:0,(anonymous_15)
FNDA:0,(anonymous_16)
DA:14,0
DA:16,0
DA:29,0
DA:41,0
DA:48,0
DA:49,0
DA:50,0
DA:51,0
DA:52,0
DA:55,0
DA:56,0
DA:57,0
DA:58,0
DA:59,0
DA:61,0
DA:62,0
DA:63,0
DA:64,0
DA:65,0
DA:66,0
DA:70,0
DA:71,0
DA:73,0
DA:74,0
DA:75,0
DA:78,0
DA:79,0
DA:80,0
DA:83,0
DA:84,0
DA:85,0
DA:86,0
DA:89,0
DA:97,0
DA:98,0
DA:115,0
DA:116,0
DA:119,0
DA:120,0
DA:123,0
DA:137,0
DA:145,0
DA:146,0
DA:163,0
DA:166,0
DA:167,0
DA:168,0
DA:170,0
DA:172,0
DA:173,0
DA:175,0
DA:176,0
DA:181,0
DA:203,0
DA:204,0
DA:230,0
DA:231,0
DA:233,0
DA:234,0
DA:235,0
DA:239,0
DA:243,0
DA:248,0
DA:265,0
DA:266,0
DA:268,0
DA:286,0
DA:287,0
DA:291,0
DA:300,0
DA:301,0
DA:331,0
DA:381,0
DA:382,0
DA:384,0
DA:385,0
DA:386,0
DA:387,0
DA:388,0
DA:389,0
DA:390,0
DA:392,0
DA:395,0
LF:83
LH:0
BRDA:42,0,0,0
BRDA:45,1,0,0
BRDA:46,2,0,0
BRDA:64,3,0,0
BRDA:64,3,1,0
BRDA:71,4,0,0
BRDA:71,4,1,0
BRDA:78,5,0,0
BRDA:78,5,1,0
BRDA:97,6,0,0
BRDA:97,6,1,0
BRDA:167,7,0,0
BRDA:167,7,1,0
BRDA:167,8,0,0
BRDA:167,8,1,0
BRDA:170,9,0,0
BRDA:170,9,1,0
BRDA:196,10,0,0
BRDA:196,10,1,0
BRDA:203,11,0,0
BRDA:207,12,0,0
BRDA:207,12,1,0
BRDA:208,13,0,0
BRDA:208,13,1,0
BRDA:210,14,0,0
BRDA:210,14,1,0
BRDA:217,15,0,0
BRDA:217,15,1,0
BRDA:220,16,0,0
BRDA:220,16,1,0
BRDA:223,17,0,0
BRDA:223,17,1,0
BRDA:231,18,0,0
BRDA:231,18,1,0
BRDA:266,19,0,0
BRDA:266,19,1,0
BRDA:300,20,0,0
BRDA:300,20,1,0
BRDA:350,21,0,0
BRDA:350,21,1,0
BRDA:357,22,0,0
BRDA:357,22,1,0
BRDA:360,23,0,0
BRDA:360,23,1,0
BRDA:360,23,2,0
BRDA:384,24,0,0
BRDA:384,24,1,0
BRF:47
BRH:0
end_of_record
TN:
SF:src/components/Gamification/StreakCard.js
FN:3,(anonymous_0)
FN:4,(anonymous_1)
FNF:2
FNH:0
FNDA:0,(anonymous_0)
FNDA:0,(anonymous_1)
DA:3,0
DA:4,0
DA:5,0
DA:6,0
DA:7,0
DA:8,0
DA:9,0
DA:10,0
DA:11,0
DA:12,0
DA:15,0
DA:43,0
LF:12
LH:0
BRDA:5,0,0,0
BRDA:5,0,1,0
BRDA:16,1,0,0
BRDA:16,1,1,0
BRDA:19,2,0,0
BRDA:19,2,1,0
BRDA:36,3,0,0
BRDA:36,3,1,0
BRF:8
BRH:0
end_of_record
TN:
SF:src/components/Layout/ResponsiveContainer.js
FN:20,(anonymous_0)
FN:33,(anonymous_1)
FN:45,(anonymous_2)
FN:87,(anonymous_3)
FN:125,(anonymous_4)
FN:135,(anonymous_5)
FN:147,(anonymous_6)
FN:159,(anonymous_7)
FNF:8
FNH:0
FNDA:0,(anonymous_0)
FNDA:0,(anonymous_1)
FNDA:0,(anonymous_2)
FNDA:0,(anonymous_3)
FNDA:0,(anonymous_4)
FNDA:0,(anonymous_5)
FNDA:0,(anonymous_6)
FNDA:0,(anonymous_7)
DA:20,0
DA:30,0
DA:33,0
DA:34,0
DA:35,0
DA:37,0
DA:38,0
DA:41,0
DA:45,0
DA:46,0
DA:47,0
DA:50,0
DA:57,0
DA:64,0
DA:65,0
DA:76,0
DA:87,0
DA:96,0
DA:99,0
DA:102,0
DA:103,0
DA:111,0
DA:112,0
DA:114,0
DA:125,0
DA:132,0
DA:135,0
DA:136,0
DA:137,0
DA:138,0
DA:139,0
DA:142,0
DA:143,0
DA:145,0
DA:148,0
DA:159,0
DA:160,0
DA:162,0
DA:164,0
DA:173,0
LF:40
LH:0
BRDA:23,0,0,0
BRDA:24,1,0,0
BRDA:25,2,0,0
BRDA:26,3,0,0
BRDA:27,4,0,0
BRDA:34,5,0,0
BRDA:34,5,1,0
BRDA:37,6,0,0
BRDA:37,6,1,0
BRDA:38,7,0,0
BRDA:38,7,1,0
BRDA:46,8,0,0
BRDA:46,8,1,0
BRDA:52,9,0,0
BRDA:52,9,1,0
BRDA:53,10,0,0
BRDA:53,10,1,0
BRDA:53,10,2,0
BRDA:59,11,0,0
BRDA:59,11,1,0
BRDA:61,12,0,0
BRDA:61,12,1,0
BRDA:61,12,2,0
BRDA:64,13,0,0
BRDA:64,13,1,0
BRDA:65,14,0,0
BRDA:65,14,1,0
BRDA:70,15,0,0
BRDA:70,15,1,0
BRDA:90,16,0,0
BRDA:91,17,0,0
BRDA:92,18,0,0
BRDA:99,19,0,0
BRDA:99,19,1,0
BRDA:99,19,2,0
BRDA:102,20,0,0
BRDA:102,20,1,0
BRDA:105,21,0,0
BRDA:105,21,1,0
BRDA:127,22,0,0
BRDA:128,23,0,0
BRDA:136,24,0,0
BRDA:136,24,1,0
BRDA:136,25,0,0
BRDA:136,25,1,0
BRDA:136,25,2,0
BRDA:137,26,0,0
BRDA:137,26,1,0
BRDA:137,27,0,0
BRDA:137,27,1,0
BRDA:137,27,2,0
BRDA:138,28,0,0
BRDA:138,28,1,0
BRDA:138,29,0,0
BRDA:138,29,1,0
BRDA:139,30,0,0
BRDA:139,30,1,0
BRDA:159,31,0,0
BRDA:162,32,0,0
BRDA:162,32,1,0
BRF:60
BRH:0
end_of_record
TN:
SF:src/components/Layout/index.js
FNF:0
FNH:0
LF:0
LH:0
BRF:0
BRH:0
end_of_record
TN:
SF:src/components/Profile/InteractivePhotoGallery.js
FN:18,(anonymous_0)
FN:35,(anonymous_1)
FN:37,(anonymous_2)
FN:39,(anonymous_3)
FN:56,(anonymous_4)
FN:64,(anonymous_5)
FN:83,(anonymous_6)
FN:93,(anonymous_7)
FN:101,(anonymous_8)
FN:126,(anonymous_9)
FN:135,(anonymous_10)
FN:137,(anonymous_11)
FN:149,(anonymous_12)
FN:165,(anonymous_13)
FN:181,(anonymous_14)
FN:186,(anonymous_15)
FN:194,(anonymous_16)
FN:202,(anonymous_17)
FN:207,(anonymous_18)
FN:212,(anonymous_19)
FN:223,(anonymous_20)
FN:228,(anonymous_21)
FN:242,(anonymous_22)
FN:248,(anonymous_23)
FN:319,(anonymous_24)
FNF:25
FNH:0
FNDA:0,(anonymous_0)
FNDA:0,(anonymous_1)
FNDA:0,(anonymous_2)
FNDA:0,(anonymous_3)
FNDA:0,(anonymous_4)
FNDA:0,(anonymous_5)
FNDA:0,(anonymous_6)
FNDA:0,(anonymous_7)
FNDA:0,(anonymous_8)
FNDA:0,(anonymous_9)
FNDA:0,(anonymous_10)
FNDA:0,(anonymous_11)
FNDA:0,(anonymous_12)
FNDA:0,(anonymous_13)
FNDA:0,(anonymous_14)
FNDA:0,(anonymous_15)
FNDA:0,(anonymous_16)
FNDA:0,(anonymous_17)
FNDA:0,(anonymous_18)
FNDA:0,(anonymous_19)
FNDA:0,(anonymous_20)
FNDA:0,(anonymous_21)
FNDA:0,(anonymous_22)
FNDA:0,(anonymous_23)
FNDA:0,(anonymous_24)
DA:16,0
DA:18,0
DA:27,0
DA:28,0
DA:29,0
DA:30,0
DA:33,0
DA:34,0
DA:35,0
DA:37,0
DA:39,0
DA:40,0
DA:49,0
DA:56,0
DA:57,0
DA:58,0
DA:59,0
DA:60,0
DA:64,0
DA:65,0
DA:78,0
DA:79,0
DA:80,0
DA:83,0
DA:84,0
DA:85,0
DA:89,0
DA:93,0
DA:94,0
DA:101,0
DA:126,0
DA:135,0
DA:136,0
DA:138,0
DA:143,0
DA:148,0
DA:149,0
DA:165,0
DA:166,0
DA:181,0
DA:182,0
DA:186,0
DA:194,0
DA:202,0
DA:203,0
DA:207,0
DA:212,0
DA:223,0
DA:229,0
DA:242,0
DA:248,0
DA:249,0
DA:251,0
DA:273,0
DA:274,0
DA:306,0
DA:319,0
DA:344,0
LF:58
LH:0
BRDA:19,0,0,0
BRDA:23,1,0,0
BRDA:24,2,0,0
BRDA:25,3,0,0
BRDA:41,4,0,0
BRDA:41,4,1,0
BRDA:50,5,0,0
BRDA:50,5,1,0
BRDA:59,6,0,0
BRDA:59,6,1,0
BRDA:59,7,0,0
BRDA:59,7,1,0
BRDA:59,7,2,0
BRDA:84,8,0,0
BRDA:84,8,1,0
BRDA:84,9,0,0
BRDA:84,9,1,0
BRDA:84,9,2,0
BRDA:97,10,0,0
BRDA:97,10,1,0
BRDA:104,11,0,0
BRDA:104,11,1,0
BRDA:112,12,0,0
BRDA:112,12,1,0
BRDA:123,13,0,0
BRDA:123,13,1,0
BRDA:138,14,0,0
BRDA:138,14,1,0
BRDA:143,15,0,0
BRDA:143,15,1,0
BRDA:183,16,0,0
BRDA:183,16,1,0
BRDA:191,17,0,0
BRDA:191,17,1,0
BRDA:231,18,0,0
BRDA:231,18,1,0
BRDA:249,19,0,0
BRDA:249,19,1,0
BRDA:249,20,0,0
BRDA:249,20,1,0
BRDA:273,21,0,0
BRDA:273,21,1,0
BRDA:287,22,0,0
BRDA:287,22,1,0
BRDA:332,23,0,0
BRDA:332,23,1,0
BRF:46
BRH:0
end_of_record
TN:
SF:src/components/Profile/ProfileCompletionProgress.js
FN:23,(anonymous_0)
FN:36,(anonymous_1)
FN:38,(anonymous_2)
FN:42,(anonymous_3)
FN:70,(anonymous_4)
FN:100,(anonymous_5)
FN:104,(anonymous_6)
FN:125,(anonymous_7)
FN:134,(anonymous_8)
FN:210,(anonymous_9)
FN:226,(anonymous_10)
FN:273,(anonymous_11)
FN:280,(anonymous_12)
FN:311,(anonymous_13)
FN:314,(anonymous_14)
FN:375,(anonymous_15)
FNF:16
FNH:0
FNDA:0,(anonymous_0)
FNDA:0,(anonymous_1)
FNDA:0,(anonymous_2)
FNDA:0,(anonymous_3)
FNDA:0,(anonymous_4)
FNDA:0,(anonymous_5)
FNDA:0,(anonymous_6)
FNDA:0,(anonymous_7)
FNDA:0,(anonymous_8)
FNDA:0,(anonymous_9)
FNDA:0,(anonymous_10)
FNDA:0,(anonymous_11)
FNDA:0,(anonymous_12)
FNDA:0,(anonymous_13)
FNDA:0,(anonymous_14)
FNDA:0,(anonymous_15)
DA:13,0
DA:23,0
DA:29,0
DA:30,0
DA:33,0
DA:34,0
DA:35,0
DA:36,0
DA:38,0
DA:39,0
DA:40,0
DA:42,0
DA:43,0
DA:44,0
DA:45,0
DA:46,0
DA:50,0
DA:51,0
DA:54,0
DA:70,0
DA:71,0
DA:72,0
DA:82,0
DA:83,0
DA:100,0
DA:101,0
DA:104,0
DA:105,0
DA:107,0
DA:109,0
DA:111,0
DA:113,0
DA:115,0
DA:117,0
DA:119,0
DA:121,0
DA:125,0
DA:126,0
DA:127,0
DA:128,0
DA:131,0
DA:134,0
DA:135,0
DA:136,0
DA:137,0
DA:138,0
DA:140,0
DA:145,0
DA:210,0
DA:211,0
DA:213,0
DA:218,0
DA:223,0
DA:226,0
DA:273,0
DA:274,0
DA:275,0
DA:277,0
DA:280,0
DA:311,0
DA:312,0
DA:314,0
DA:342,0
DA:343,0
DA:346,0
DA:376,0
DA:403,0
LF:67
LH:0
BRDA:24,0,0,0
BRDA:26,1,0,0
BRDA:27,2,0,0
BRDA:44,3,0,0
BRDA:44,3,1,0
BRDA:73,4,0,0
BRDA:73,4,1,0
BRDA:82,5,0,0
BRDA:82,5,1,0
BRDA:105,6,0,0
BRDA:105,6,1,0
BRDA:105,6,2,0
BRDA:105,6,3,0
BRDA:105,6,4,0
BRDA:105,6,5,0
BRDA:105,6,6,0
BRDA:105,6,7,0
BRDA:107,7,0,0
BRDA:107,7,1,0
BRDA:109,8,0,0
BRDA:109,8,1,0
BRDA:111,9,0,0
BRDA:111,9,1,0
BRDA:111,9,2,0
BRDA:113,10,0,0
BRDA:113,10,1,0
BRDA:115,11,0,0
BRDA:115,11,1,0
BRDA:119,12,0,0
BRDA:119,12,1,0
BRDA:127,13,0,0
BRDA:127,13,1,0
BRDA:135,14,0,0
BRDA:135,14,1,0
BRDA:136,15,0,0
BRDA:136,15,1,0
BRDA:176,16,0,0
BRDA:176,16,1,0
BRDA:197,17,0,0
BRDA:197,17,1,0
BRDA:202,18,0,0
BRDA:202,18,1,0
BRDA:220,19,0,0
BRDA:220,19,1,0
BRDA:239,20,0,0
BRDA:239,20,1,0
BRDA:257,21,0,0
BRDA:257,21,1,0
BRDA:265,22,0,0
BRDA:265,22,1,0
BRDA:275,23,0,0
BRDA:275,23,1,0
BRDA:275,24,0,0
BRDA:275,24,1,0
BRDA:323,25,0,0
BRDA:323,25,1,0
BRDA:327,26,0,0
BRDA:327,26,1,0
BRDA:342,27,0,0
BRDA:342,27,1,0
BRDA:350,28,0,0
BRDA:350,28,1,0
BRDA:361,29,0,0
BRDA:361,29,1,0
BRDA:372,30,0,0
BRDA:372,30,1,0
BRDA:382,31,0,0
BRDA:382,31,1,0
BRF:68
BRH:0
end_of_record
TN:
SF:src/components/Profile/ProfileVideoIntroduction.js
FN:22,(anonymous_0)
FN:43,(anonymous_1)
FN:51,(anonymous_2)
FN:68,(anonymous_3)
FN:83,(anonymous_4)
FN:95,(anonymous_5)
FN:100,(anonymous_6)
FN:148,(anonymous_7)
FN:190,(anonymous_8)
FN:199,(anonymous_9)
FN:205,(anonymous_10)
FN:211,(anonymous_11)
FN:287,(anonymous_12)
FN:290,(anonymous_13)
FN:328,(anonymous_14)
FN:333,(anonymous_15)
FN:339,(anonymous_16)
FN:405,(anonymous_17)
FNF:18
FNH:0
FNDA:0,(anonymous_0)
FNDA:0,(anonymous_1)
FNDA:0,(anonymous_2)
FNDA:0,(anonymous_3)
FNDA:0,(anonymous_4)
FNDA:0,(anonymous_5)
FNDA:0,(anonymous_6)
FNDA:0,(anonymous_7)
FNDA:0,(anonymous_8)
FNDA:0,(anonymous_9)
FNDA:0,(anonymous_10)
FNDA:0,(anonymous_11)
FNDA:0,(anonymous_12)
FNDA:0,(anonymous_13)
FNDA:0,(anonymous_14)
FNDA:0,(anonymous_15)
FNDA:0,(anonymous_16)
FNDA:0,(anonymous_17)
DA:18,0
DA:19,0
DA:20,0
DA:22,0
DA:30,0
DA:31,0
DA:32,0
DA:33,0
DA:34,0
DA:35,0
DA:36,0
DA:39,0
DA:40,0
DA:41,0
DA:43,0
DA:44,0
DA:45,0
DA:47,0
DA:51,0
DA:52,0
DA:68,0
DA:69,0
DA:83,0
DA:84,0
DA:86,0
DA:88,0
DA:89,0
DA:91,0
DA:95,0
DA:96,0
DA:97,0
DA:100,0
DA:101,0
DA:102,0
DA:103,0
DA:104,0
DA:105,0
DA:108,0
DA:116,0
DA:117,0
DA:118,0
DA:120,0
DA:121,0
DA:125,0
DA:128,0
DA:129,0
DA:133,0
DA:136,0
DA:137,0
DA:138,0
DA:139,0
DA:142,0
DA:143,0
DA:144,0
DA:148,0
DA:149,0
DA:150,0
DA:151,0
DA:153,0
DA:154,0
DA:155,0
DA:158,0
DA:166,0
DA:167,0
DA:168,0
DA:170,0
DA:171,0
DA:175,0
DA:178,0
DA:179,0
DA:180,0
DA:181,0
DA:184,0
DA:185,0
DA:186,0
DA:190,0
DA:191,0
DA:199,0
DA:205,0
DA:206,0
DA:207,0
DA:208,0
DA:211,0
DA:212,0
DA:214,0
DA:215,0
DA:216,0
DA:218,0
DA:287,0
DA:288,0
DA:290,0
DA:328,0
DA:329,0
DA:333,0
DA:339,0
DA:397,0
DA:405,0
DA:417,0
LF:98
LH:0
BRDA:26,0,0,0
BRDA:27,1,0,0
BRDA:28,2,0,0
BRDA:44,3,0,0
BRDA:44,3,1,0
BRDA:84,4,0,0
BRDA:84,4,1,0
BRDA:88,5,0,0
BRDA:88,5,1,0
BRDA:103,6,0,0
BRDA:103,6,1,0
BRDA:116,7,0,0
BRDA:116,7,1,0
BRDA:116,8,0,0
BRDA:116,8,1,0
BRDA:120,9,0,0
BRDA:120,9,1,0
BRDA:128,10,0,0
BRDA:128,10,1,0
BRDA:153,11,0,0
BRDA:153,11,1,0
BRDA:153,12,0,0
BRDA:153,12,1,0
BRDA:166,13,0,0
BRDA:166,13,1,0
BRDA:166,14,0,0
BRDA:166,14,1,0
BRDA:170,15,0,0
BRDA:170,15,1,0
BRDA:212,16,0,0
BRDA:212,16,1,0
BRDA:214,17,0,0
BRDA:214,17,1,0
BRDA:215,18,0,0
BRDA:215,18,1,0
BRDA:236,19,0,0
BRDA:236,19,1,0
BRDA:269,20,0,0
BRDA:269,20,1,0
BRDA:275,21,0,0
BRDA:275,21,1,0
BRDA:387,22,0,0
BRDA:387,22,1,0
BRDA:404,23,0,0
BRDA:404,23,1,0
BRDA:404,23,2,0
BRDA:411,24,0,0
BRDA:411,24,1,0
BRF:48
BRH:0
end_of_record
TN:
SF:src/components/Profile/VerificationBadge.js
FN:65,(anonymous_0)
FN:94,(anonymous_1)
FN:147,(anonymous_2)
FN:150,(anonymous_3)
FN:260,(anonymous_4)
FN:271,(anonymous_5)
FN:284,(anonymous_6)
FN:298,(anonymous_7)
FN:305,(anonymous_8)
FN:319,(anonymous_9)
FN:323,(anonymous_10)
FN:337,(anonymous_11)
FN:341,(anonymous_12)
FNF:13
FNH:0
FNDA:0,(anonymous_0)
FNDA:0,(anonymous_1)
FNDA:0,(anonymous_2)
FNDA:0,(anonymous_3)
FNDA:0,(anonymous_4)
FNDA:0,(anonymous_5)
FNDA:0,(anonymous_6)
FNDA:0,(anonymous_7)
FNDA:0,(anonymous_8)
FNDA:0,(anonymous_9)
FNDA:0,(anonymous_10)
FNDA:0,(anonymous_11)
FNDA:0,(anonymous_12)
DA:13,0
DA:65,0
DA:75,0
DA:78,0
DA:79,0
DA:80,0
DA:81,0
DA:83,0
DA:85,0
DA:92,0
DA:94,0
DA:95,0
DA:97,0
DA:113,0
DA:131,0
DA:132,0
DA:142,0
DA:143,0
DA:147,0
DA:148,0
DA:149,0
DA:150,0
DA:152,0
DA:155,0
DA:160,0
DA:165,0
DA:167,0
DA:260,0
DA:266,0
DA:267,0
DA:269,0
DA:272,0
DA:284,0
DA:298,0
DA:303,0
DA:304,0
DA:305,0
DA:307,0
DA:320,0
DA:323,0
DA:338,0
DA:341,0
DA:386,0
LF:43
LH:0
BRDA:66,0,0,0
BRDA:67,1,0,0
BRDA:68,2,0,0
BRDA:69,3,0,0
BRDA:70,4,0,0
BRDA:72,5,0,0
BRDA:83,6,0,0
BRDA:83,6,1,0
BRDA:92,7,0,0
BRDA:92,7,1,0
BRDA:95,8,0,0
BRDA:95,8,1,0
BRDA:95,9,0,0
BRDA:95,9,1,0
BRDA:131,10,0,0
BRDA:131,10,1,0
BRDA:131,11,0,0
BRDA:131,11,1,0
BRDA:148,12,0,0
BRDA:148,12,1,0
BRDA:165,13,0,0
BRDA:165,13,1,0
BRDA:172,14,0,0
BRDA:172,14,1,0
BRDA:183,15,0,0
BRDA:183,15,1,0
BRDA:206,16,0,0
BRDA:206,16,1,0
BRDA:206,16,2,0
BRDA:235,17,0,0
BRDA:235,17,1,0
BRDA:250,18,0,0
BRDA:250,18,1,0
BRDA:261,19,0,0
BRDA:262,20,0,0
BRDA:263,21,0,0
BRDA:276,22,0,0
BRDA:276,22,1,0
BRDA:288,23,0,0
BRDA:288,23,1,0
BRDA:299,24,0,0
BRDA:305,25,0,0
BRDA:305,25,1,0
BRDA:315,26,0,0
BRDA:315,26,1,0
BRDA:333,27,0,0
BRDA:333,27,1,0
BRF:47
BRH:0
end_of_record
TN:
SF:src/components/Safety/SafetyAdvancedComponents.js
FN:23,(anonymous_0)
FN:36,(anonymous_1)
FN:40,(anonymous_2)
FN:52,(anonymous_3)
FN:93,(anonymous_4)
FN:107,(anonymous_5)
FN:134,(anonymous_6)
FN:145,(anonymous_7)
FN:155,(anonymous_8)
FN:172,(anonymous_9)
FN:182,(anonymous_10)
FN:195,(anonymous_11)
FN:200,(anonymous_12)
FN:203,(anonymous_13)
FN:204,(anonymous_14)
FN:214,(anonymous_15)
FN:217,(anonymous_16)
FN:228,(anonymous_17)
FN:243,(anonymous_18)
FN:248,(anonymous_19)
FN:291,(anonymous_20)
FN:296,(anonymous_21)
FN:301,(anonymous_22)
FN:313,(anonymous_23)
FN:325,(anonymous_24)
FN:355,(anonymous_25)
FN:388,(anonymous_26)
FN:394,(anonymous_27)
FN:412,(anonymous_28)
FN:417,(anonymous_29)
FN:421,(anonymous_30)
FN:433,(anonymous_31)
FN:437,(anonymous_32)
FN:516,(anonymous_33)
FN:520,(anonymous_34)
FN:524,(anonymous_35)
FN:536,(anonymous_36)
FN:574,(anonymous_37)
FNF:38
FNH:0
FNDA:0,(anonymous_0)
FNDA:0,(anonymous_1)
FNDA:0,(anonymous_2)
FNDA:0,(anonymous_3)
FNDA:0,(anonymous_4)
FNDA:0,(anonymous_5)
FNDA:0,(anonymous_6)
FNDA:0,(anonymous_7)
FNDA:0,(anonymous_8)
FNDA:0,(anonymous_9)
FNDA:0,(anonymous_10)
FNDA:0,(anonymous_11)
FNDA:0,(anonymous_12)
FNDA:0,(anonymous_13)
FNDA:0,(anonymous_14)
FNDA:0,(anonymous_15)
FNDA:0,(anonymous_16)
FNDA:0,(anonymous_17)
FNDA:0,(anonymous_18)
FNDA:0,(anonymous_19)
FNDA:0,(anonymous_20)
FNDA:0,(anonymous_21)
FNDA:0,(anonymous_22)
FNDA:0,(anonymous_23)
FNDA:0,(anonymous_24)
FNDA:0,(anonymous_25)
FNDA:0,(anonymous_26)
FNDA:0,(anonymous_27)
FNDA:0,(anonymous_28)
FNDA:0,(anonymous_29)
FNDA:0,(anonymous_30)
FNDA:0,(anonymous_31)
FNDA:0,(anonymous_32)
FNDA:0,(anonymous_33)
FNDA:0,(anonymous_34)
FNDA:0,(anonymous_35)
FNDA:0,(anonymous_36)
FNDA:0,(anonymous_37)
DA:23,0
DA:24,0
DA:25,0
DA:26,0
DA:27,0
DA:36,0
DA:37,0
DA:40,0
DA:41,0
DA:42,0
DA:43,0
DA:44,0
DA:46,0
DA:48,0
DA:52,0
DA:53,0
DA:54,0
DA:55,0
DA:56,0
DA:59,0
DA:69,0
DA:70,0
DA:71,0
DA:79,0
DA:80,0
DA:81,0
DA:84,0
DA:88,0
DA:93,0
DA:108,0
DA:134,0
DA:145,0
DA:155,0
DA:172,0
DA:182,0
DA:195,0
DA:196,0
DA:197,0
DA:198,0
DA:200,0
DA:202,0
DA:203,0
DA:204,0
DA:205,0
DA:206,0
DA:207,0
DA:209,0
DA:214,0
DA:217,0
DA:218,0
DA:219,0
DA:220,0
DA:221,0
DA:222,0
DA:224,0
DA:228,0
DA:229,0
DA:231,0
DA:232,0
DA:233,0
DA:237,0
DA:239,0
DA:243,0
DA:244,0
DA:245,0
DA:248,0
DA:249,0
DA:250,0
DA:251,0
DA:254,0
DA:291,0
DA:292,0
DA:293,0
DA:294,0
DA:296,0
DA:297,0
DA:298,0
DA:301,0
DA:302,0
DA:303,0
DA:304,0
DA:305,0
DA:306,0
DA:309,0
DA:313,0
DA:314,0
DA:315,0
DA:316,0
DA:317,0
DA:318,0
DA:321,0
DA:325,0
DA:326,0
DA:328,0
DA:329,0
DA:332,0
DA:342,0
DA:343,0
DA:344,0
DA:348,0
DA:351,0
DA:355,0
DA:356,0
DA:357,0
DA:358,0
DA:359,0
DA:361,0
DA:365,0
DA:389,0
DA:394,0
DA:412,0
DA:413,0
DA:414,0
DA:415,0
DA:417,0
DA:418,0
DA:421,0
DA:422,0
DA:423,0
DA:424,0
DA:425,0
DA:427,0
DA:429,0
DA:433,0
DA:434,0
DA:437,0
DA:438,0
DA:439,0
DA:440,0
DA:447,0
DA:448,0
DA:452,0
DA:453,0
DA:454,0
DA:457,0
DA:459,0
DA:463,0
DA:516,0
DA:517,0
DA:518,0
DA:520,0
DA:521,0
DA:524,0
DA:525,0
DA:526,0
DA:527,0
DA:528,0
DA:530,0
DA:532,0
DA:536,0
DA:537,0
DA:538,0
DA:539,0
DA:540,0
DA:543,0
DA:548,0
DA:549,0
DA:553,0
DA:556,0
DA:560,0
DA:575,0
DA:621,0
LF:162
LH:0
BRDA:54,0,0,0
BRDA:54,0,1,0
BRDA:54,1,0,0
BRDA:54,1,1,0
BRDA:54,1,2,0
BRDA:69,2,0,0
BRDA:69,2,1,0
BRDA:97,3,0,0
BRDA:97,3,1,0
BRDA:101,4,0,0
BRDA:101,4,1,0
BRDA:202,5,0,0
BRDA:202,5,1,0
BRDA:202,6,0,0
BRDA:202,6,1,0
BRDA:205,7,0,0
BRDA:205,7,1,0
BRDA:259,8,0,0
BRDA:259,8,1,0
BRDA:271,9,0,0
BRDA:271,9,1,0
BRDA:278,10,0,0
BRDA:278,10,1,0
BRDA:304,11,0,0
BRDA:304,11,1,0
BRDA:317,12,0,0
BRDA:317,12,1,0
BRDA:328,13,0,0
BRDA:328,13,1,0
BRDA:335,14,0,0
BRDA:335,14,1,0
BRDA:336,15,0,0
BRDA:336,15,1,0
BRDA:342,16,0,0
BRDA:342,16,1,0
BRDA:371,17,0,0
BRDA:371,17,1,0
BRDA:378,18,0,0
BRDA:378,18,1,0
BRDA:385,19,0,0
BRDA:385,19,1,0
BRDA:392,20,0,0
BRDA:392,20,1,0
BRDA:447,21,0,0
BRDA:447,21,1,0
BRDA:468,22,0,0
BRDA:468,22,1,0
BRDA:475,23,0,0
BRDA:475,23,1,0
BRDA:493,24,0,0
BRDA:493,24,1,0
BRDA:538,25,0,0
BRDA:538,25,1,0
BRDA:548,26,0,0
BRDA:548,26,1,0
BRDA:565,27,0,0
BRDA:565,27,1,0
BRDA:571,28,0,0
BRDA:571,28,1,0
BRDA:574,29,0,0
BRDA:574,29,1,0
BRDA:577,30,0,0
BRDA:577,30,1,0
BRDA:581,31,0,0
BRDA:581,31,1,0
BRDA:600,32,0,0
BRDA:600,32,1,0
BRF:67
BRH:0
end_of_record
TN:
SF:src/components/Slider/RangeSlider.js
FN:4,(anonymous_0)
FN:23,(anonymous_1)
FN:29,(anonymous_2)
FN:92,(anonymous_3)
FN:93,(anonymous_4)
FN:94,(anonymous_5)
FN:110,(anonymous_6)
FN:111,(anonymous_7)
FN:112,(anonymous_8)
FNF:9
FNH:0
FNDA:0,(anonymous_0)
FNDA:0,(anonymous_1)
FNDA:0,(anonymous_2)
FNDA:0,(anonymous_3)
FNDA:0,(anonymous_4)
FNDA:0,(anonymous_5)
FNDA:0,(anonymous_6)
FNDA:0,(anonymous_7)
FNDA:0,(anonymous_8)
DA:4,0
DA:15,0
DA:16,0
DA:17,0
DA:20,0
DA:21,0
DA:23,0
DA:24,0
DA:25,0
DA:29,0
DA:30,0
DA:31,0
DA:35,0
DA:92,0
DA:93,0
DA:95,0
DA:96,0
DA:97,0
DA:98,0
DA:110,0
DA:111,0
DA:113,0
DA:114,0
DA:115,0
DA:116,0
DA:135,0
LF:26
LH:0
BRDA:5,0,0,0
BRDA:6,1,0,0
BRDA:7,2,0,0
BRDA:13,3,0,0
BRDA:24,4,0,0
BRDA:24,4,1,0
BRDA:30,5,0,0
BRDA:30,5,1,0
BRDA:37,6,0,0
BRDA:37,6,1,0
BRF:10
BRH:0
end_of_record
TN:
SF:src/components/Slider/SingleSlider.js
FN:4,(anonymous_0)
FN:20,(anonymous_1)
FN:75,(anonymous_2)
FN:76,(anonymous_3)
FN:77,(anonymous_4)
FNF:5
FNH:0
FNDA:0,(anonymous_0)
FNDA:0,(anonymous_1)
FNDA:0,(anonymous_2)
FNDA:0,(anonymous_3)
FNDA:0,(anonymous_4)
DA:4,0
DA:14,0
DA:15,0
DA:18,0
DA:20,0
DA:21,0
DA:22,0
DA:26,0
DA:75,0
DA:76,0
DA:78,0
DA:79,0
DA:80,0
DA:81,0
DA:100,0
LF:15
LH:0
BRDA:5,0,0,0
BRDA:6,1,0,0
BRDA:7,2,0,0
BRDA:11,3,0,0
BRDA:12,4,0,0
BRDA:21,5,0,0
BRDA:21,5,1,0
BRDA:21,6,0,0
BRDA:21,6,1,0
BRDA:28,7,0,0
BRDA:28,7,1,0
BRF:11
BRH:0
end_of_record
TN:
SF:src/components/VisualEnhancements/index.js
FNF:0
FNH:0
LF:0
LH:0
BRF:0
BRH:0
end_of_record
TN:
SF:src/config/api.js
FN:21,(anonymous_0)
FN:56,(anonymous_1)
FNF:2
FNH:0
FNDA:0,(anonymous_0)
FNDA:0,(anonymous_1)
DA:6,0
DA:9,0
DA:12,0
DA:21,0
DA:24,0
DA:26,0
DA:27,0
DA:28,0
DA:33,0
DA:34,0
DA:35,0
DA:39,0
DA:40,0
DA:41,0
DA:46,0
DA:47,0
DA:50,0
DA:56,0
DA:57,0
DA:58,0
DA:61,0
DA:62,0
DA:63,0
DA:66,0
DA:67,0
LF:25
LH:0
BRDA:24,0,0,0
BRDA:24,0,1,0
BRDA:24,1,0,0
BRDA:24,1,1,0
BRDA:27,2,0,0
BRDA:27,2,1,0
BRDA:28,3,0,0
BRDA:28,3,1,0
BRDA:34,4,0,0
BRDA:34,4,1,0
BRDA:34,5,0,0
BRDA:34,5,1,0
BRDA:39,6,0,0
BRDA:39,6,1,0
BRDA:40,7,0,0
BRDA:40,7,1,0
BRDA:40,8,0,0
BRDA:40,8,1,0
BRDA:41,9,0,0
BRDA:41,9,1,0
BRDA:46,10,0,0
BRDA:46,10,1,0
BRDA:50,11,0,0
BRDA:50,11,1,0
BRDA:50,12,0,0
BRDA:50,12,1,0
BRDA:66,13,0,0
BRDA:66,13,1,0
BRDA:70,14,0,0
BRDA:70,14,1,0
BRF:30
BRH:0
end_of_record
TN:
SF:src/config/environments.js
FN:9,(anonymous_0)
FN:23,(anonymous_1)
FN:27,(anonymous_2)
FN:31,(anonymous_3)
FN:35,(anonymous_4)
FN:92,(anonymous_5)
FN:128,(anonymous_6)
FN:146,(anonymous_7)
FN:156,(anonymous_8)
FN:166,(anonymous_9)
FNF:10
FNH:0
FNDA:0,(anonymous_0)
FNDA:0,(anonymous_1)
FNDA:0,(anonymous_2)
FNDA:0,(anonymous_3)
FNDA:0,(anonymous_4)
FNDA:0,(anonymous_5)
FNDA:0,(anonymous_6)
FNDA:0,(anonymous_7)
FNDA:0,(anonymous_8)
FNDA:0,(anonymous_9)
DA:2,0
DA:11,0
DA:12,0
DA:15,0
DA:16,0
DA:20,0
DA:24,0
DA:28,0
DA:32,0
DA:36,0
DA:38,0
DA:89,0
DA:93,0
DA:95,0
DA:125,0
DA:129,0
DA:130,0
DA:131,0
DA:134,0
DA:135,0
DA:147,0
DA:156,0
DA:158,0
DA:159,0
DA:160,0
DA:163,0
DA:167,0
LF:27
LH:0
BRDA:11,0,0,0
BRDA:11,0,1,0
BRDA:15,1,0,0
BRDA:15,1,1,0
BRDA:158,2,0,0
BRDA:158,2,1,0
BRDA:168,3,0,0
BRDA:168,3,1,0
BRDA:169,4,0,0
BRDA:169,4,1,0
BRF:10
BRH:0
end_of_record
TN:
SF:src/config/firebase.js
FNF:0
FNH:0
DA:11,0
DA:22,0
DA:23,0
DA:24,0
DA:26,0
DA:27,0
DA:32,0
DA:33,0
DA:38,0
DA:42,0
DA:46,0
DA:47,0
DA:49,0
DA:50,0
LF:14
LH:0
BRDA:23,0,0,0
BRDA:23,0,1,0
BRDA:27,1,0,0
BRDA:27,1,1,0
BRF:4
BRH:0
end_of_record
TN:
SF:src/constants/colors.js
FNF:0
FNH:0
DA:7,0
LF:1
LH:0
BRF:0
BRH:0
end_of_record
TN:
SF:src/context/AppContext.js
FN:49,(anonymous_0)
FN:137,(anonymous_1)
FN:146,(anonymous_2)
FN:151,(anonymous_3)
FN:154,(anonymous_4)
FN:161,(anonymous_5)
FN:167,(anonymous_6)
FN:200,(anonymous_7)
FN:204,(anonymous_8)
FN:208,(anonymous_9)
FN:213,(anonymous_10)
FN:225,(anonymous_11)
FN:234,(anonymous_12)
FN:244,(anonymous_13)
FN:258,(anonymous_14)
FN:264,(anonymous_15)
FN:287,(anonymous_16)
FN:288,(anonymous_17)
FN:289,(anonymous_18)
FNF:19
FNH:0
FNDA:0,(anonymous_0)
FNDA:0,(anonymous_1)
FNDA:0,(anonymous_2)
FNDA:0,(anonymous_3)
FNDA:0,(anonymous_4)
FNDA:0,(anonymous_5)
FNDA:0,(anonymous_6)
FNDA:0,(anonymous_7)
FNDA:0,(anonymous_8)
FNDA:0,(anonymous_9)
FNDA:0,(anonymous_10)
FNDA:0,(anonymous_11)
FNDA:0,(anonymous_12)
FNDA:0,(anonymous_13)
FNDA:0,(anonymous_14)
FNDA:0,(anonymous_15)
FNDA:0,(anonymous_16)
FNDA:0,(anonymous_17)
FNDA:0,(anonymous_18)
DA:7,0
DA:34,0
DA:49,0
DA:50,0
DA:52,0
DA:59,0
DA:65,0
DA:71,0
DA:78,0
DA:84,0
DA:93,0
DA:99,0
DA:105,0
DA:111,0
DA:117,0
DA:123,0
DA:128,0
DA:134,0
DA:137,0
DA:138,0
DA:139,0
DA:140,0
DA:142,0
DA:146,0
DA:147,0
DA:148,0
DA:151,0
DA:152,0
DA:154,0
DA:155,0
DA:156,0
DA:161,0
DA:162,0
DA:164,0
DA:167,0
DA:168,0
DA:172,0
DA:178,0
DA:183,0
DA:194,0
DA:195,0
DA:200,0
DA:201,0
DA:204,0
DA:205,0
DA:208,0
DA:209,0
DA:212,0
DA:214,0
DA:215,0
DA:216,0
DA:217,0
DA:219,0
DA:225,0
DA:226,0
DA:227,0
DA:228,0
DA:230,0
DA:234,0
DA:235,0
DA:236,0
DA:237,0
DA:239,0
DA:243,0
DA:245,0
DA:246,0
DA:247,0
DA:251,0
DA:253,0
DA:258,0
DA:259,0
DA:260,0
DA:261,0
DA:264,0
DA:265,0
DA:266,0
DA:267,0
DA:271,0
DA:287,0
DA:288,0
DA:289,0
DA:292,0
LF:82
LH:0
BRDA:50,0,0,0
BRDA:50,0,1,0
BRDA:50,0,2,0
BRDA:50,0,3,0
BRDA:50,0,4,0
BRDA:50,0,5,0
BRDA:50,0,6,0
BRDA:50,0,7,0
BRDA:50,0,8,0
BRDA:50,0,9,0
BRDA:50,0,10,0
BRDA:50,0,11,0
BRDA:139,1,0,0
BRDA:139,1,1,0
BRDA:155,2,0,0
BRDA:155,2,1,0
BRDA:186,3,0,0
BRDA:186,3,1,0
BRDA:187,4,0,0
BRDA:187,4,1,0
BRDA:188,5,0,0
BRDA:188,5,1,0
BRDA:189,6,0,0
BRDA:189,6,1,0
BRDA:245,7,0,0
BRDA:245,7,1,0
BRF:26
BRH:0
end_of_record
TN:
SF:src/context/AuthContext.js
FN:20,(anonymous_0)
FN:24,(anonymous_1)
FN:47,(anonymous_2)
FN:48,(anonymous_3)
FN:76,(anonymous_4)
FN:80,(anonymous_5)
FN:93,(anonymous_6)
FN:162,(anonymous_7)
FN:225,(anonymous_8)
FN:248,(anonymous_9)
FN:267,(anonymous_10)
FN:272,(anonymous_11)
FN:326,(anonymous_12)
FN:360,(anonymous_13)
FN:376,(anonymous_14)
FN:393,(anonymous_15)
FN:410,(anonymous_16)
FN:426,(anonymous_17)
FN:442,(anonymous_18)
FN:461,(anonymous_19)
FNF:20
FNH:0
FNDA:0,(anonymous_0)
FNDA:0,(anonymous_1)
FNDA:0,(anonymous_2)
FNDA:0,(anonymous_3)
FNDA:0,(anonymous_4)
FNDA:0,(anonymous_5)
FNDA:0,(anonymous_6)
FNDA:0,(anonymous_7)
FNDA:0,(anonymous_8)
FNDA:0,(anonymous_9)
FNDA:0,(anonymous_10)
FNDA:0,(anonymous_11)
FNDA:0,(anonymous_12)
FNDA:0,(anonymous_13)
FNDA:0,(anonymous_14)
FNDA:0,(anonymous_15)
FNDA:0,(anonymous_16)
FNDA:0,(anonymous_17)
FNDA:0,(anonymous_18)
FNDA:0,(anonymous_19)
DA:16,0
DA:18,0
DA:20,0
DA:21,0
DA:24,0
DA:25,0
DA:26,0
DA:27,0
DA:28,0
DA:30,0
DA:31,0
DA:32,0
DA:36,0
DA:47,0
DA:48,0
DA:49,0
DA:50,0
DA:51,0
DA:52,0
DA:54,0
DA:55,0
DA:56,0
DA:57,0
DA:60,0
DA:61,0
DA:62,0
DA:66,0
DA:68,0
DA:72,0
DA:76,0
DA:77,0
DA:78,0
DA:79,0
DA:80,0
DA:81,0
DA:85,0
DA:86,0
DA:87,0
DA:88,0
DA:93,0
DA:94,0
DA:96,0
DA:97,0
DA:112,0
DA:113,0
DA:114,0
DA:117,0
DA:120,0
DA:121,0
DA:122,0
DA:123,0
DA:124,0
DA:126,0
DA:128,0
DA:129,0
DA:132,0
DA:133,0
DA:134,0
DA:138,0
DA:139,0
DA:142,0
DA:144,0
DA:145,0
DA:148,0
DA:150,0
DA:151,0
DA:153,0
DA:155,0
DA:156,0
DA:158,0
DA:162,0
DA:163,0
DA:165,0
DA:166,0
DA:175,0
DA:176,0
DA:177,0
DA:180,0
DA:183,0
DA:184,0
DA:185,0
DA:186,0
DA:187,0
DA:189,0
DA:191,0
DA:192,0
DA:195,0
DA:196,0
DA:197,0
DA:201,0
DA:202,0
DA:205,0
DA:207,0
DA:208,0
DA:211,0
DA:213,0
DA:214,0
DA:216,0
DA:218,0
DA:219,0
DA:221,0
DA:225,0
DA:226,0
DA:227,0
DA:228,0
DA:229,0
DA:232,0
DA:234,0
DA:235,0
DA:236,0
DA:238,0
DA:248,0
DA:249,0
DA:250,0
DA:251,0
DA:252,0
DA:253,0
DA:254,0
DA:256,0
DA:258,0
DA:259,0
DA:267,0
DA:268,0
DA:269,0
DA:272,0
DA:273,0
DA:275,0
DA:277,0
DA:278,0
DA:283,0
DA:299,0
DA:301,0
DA:303,0
DA:304,0
DA:306,0
DA:307,0
DA:309,0
DA:310,0
DA:312,0
DA:315,0
DA:317,0
DA:319,0
DA:321,0
DA:322,0
DA:326,0
DA:328,0
DA:333,0
DA:334,0
DA:335,0
DA:338,0
DA:339,0
DA:340,0
DA:343,0
DA:344,0
DA:345,0
DA:346,0
DA:350,0
DA:351,0
DA:352,0
DA:353,0
DA:355,0
DA:360,0
DA:361,0
DA:369,0
DA:370,0
DA:371,0
DA:373,0
DA:376,0
DA:377,0
DA:386,0
DA:387,0
DA:388,0
DA:390,0
DA:393,0
DA:394,0
DA:403,0
DA:404,0
DA:405,0
DA:407,0
DA:410,0
DA:411,0
DA:419,0
DA:420,0
DA:421,0
DA:423,0
DA:426,0
DA:427,0
DA:435,0
DA:436,0
DA:437,0
DA:439,0
DA:442,0
DA:443,0
DA:452,0
DA:453,0
DA:454,0
DA:457,0
DA:458,0
DA:461,0
DA:465,0
DA:472,0
DA:476,0
DA:477,0
DA:484,0
DA:487,0
DA:506,0
DA:509,0
LF:207
LH:0
BRDA:54,0,0,0
BRDA:54,0,1,0
BRDA:54,1,0,0
BRDA:54,1,1,0
BRDA:61,2,0,0
BRDA:61,2,1,0
BRDA:77,3,0,0
BRDA:77,3,1,0
BRDA:79,4,0,0
BRDA:79,4,1,0
BRDA:85,5,0,0
BRDA:85,5,1,0
BRDA:87,6,0,0
BRDA:87,6,1,0
BRDA:112,7,0,0
BRDA:112,7,1,0
BRDA:123,8,0,0
BRDA:123,8,1,0
BRDA:132,9,0,0
BRDA:132,9,1,0
BRDA:134,10,0,0
BRDA:134,10,1,0
BRDA:138,11,0,0
BRDA:138,11,1,0
BRDA:138,12,0,0
BRDA:138,12,1,0
BRDA:144,13,0,0
BRDA:144,13,1,0
BRDA:144,14,0,0
BRDA:144,14,1,0
BRDA:150,15,0,0
BRDA:150,15,1,0
BRDA:155,16,0,0
BRDA:155,16,1,0
BRDA:155,17,0,0
BRDA:155,17,1,0
BRDA:155,17,2,0
BRDA:158,18,0,0
BRDA:158,18,1,0
BRDA:175,19,0,0
BRDA:175,19,1,0
BRDA:186,20,0,0
BRDA:186,20,1,0
BRDA:195,21,0,0
BRDA:195,21,1,0
BRDA:197,22,0,0
BRDA:197,22,1,0
BRDA:201,23,0,0
BRDA:201,23,1,0
BRDA:201,24,0,0
BRDA:201,24,1,0
BRDA:207,25,0,0
BRDA:207,25,1,0
BRDA:207,26,0,0
BRDA:207,26,1,0
BRDA:213,27,0,0
BRDA:213,27,1,0
BRDA:218,28,0,0
BRDA:218,28,1,0
BRDA:218,29,0,0
BRDA:218,29,1,0
BRDA:218,29,2,0
BRDA:221,30,0,0
BRDA:221,30,1,0
BRDA:251,31,0,0
BRDA:251,31,1,0
BRDA:277,32,0,0
BRDA:277,32,1,0
BRDA:277,33,0,0
BRDA:277,33,1,0
BRDA:277,33,2,0
BRDA:301,34,0,0
BRDA:301,34,1,0
BRDA:303,35,0,0
BRDA:303,35,1,0
BRDA:306,36,0,0
BRDA:306,36,1,0
BRDA:309,37,0,0
BRDA:309,37,1,0
BRDA:312,38,0,0
BRDA:312,38,1,0
BRDA:330,39,0,0
BRDA:330,39,1,0
BRDA:339,40,0,0
BRDA:339,40,1,0
BRDA:345,41,0,0
BRDA:345,41,1,0
BRDA:350,42,0,0
BRDA:350,42,1,0
BRDA:370,43,0,0
BRDA:370,43,1,0
BRDA:387,44,0,0
BRDA:387,44,1,0
BRDA:404,45,0,0
BRDA:404,45,1,0
BRDA:420,46,0,0
BRDA:420,46,1,0
BRDA:436,47,0,0
BRDA:436,47,1,0
BRDA:453,48,0,0
BRDA:453,48,1,0
BRDA:465,49,0,0
BRDA:465,49,1,0
BRDA:467,50,0,0
BRDA:467,50,1,0
BRDA:472,51,0,0
BRDA:472,51,1,0
BRDA:472,51,2,0
BRDA:476,52,0,0
BRDA:476,52,1,0
BRDA:478,53,0,0
BRDA:478,53,1,0
BRF:112
BRH:0
end_of_record
TN:
SF:src/context/ChatContext.js
FN:12,(anonymous_0)
FN:20,(anonymous_1)
FN:45,(anonymous_2)
FN:49,(anonymous_3)
FN:53,(anonymous_4)
FN:58,(anonymous_5)
FN:60,(anonymous_6)
FN:67,(anonymous_7)
FN:75,(anonymous_8)
FN:76,(anonymous_9)
FN:101,(anonymous_10)
FN:111,(anonymous_11)
FN:126,(anonymous_12)
FN:138,(anonymous_13)
FN:144,(anonymous_14)
FN:150,(anonymous_15)
FN:155,(anonymous_16)
FN:162,(anonymous_17)
FN:167,(anonymous_18)
FN:169,(anonymous_19)
FN:178,(anonymous_20)
FN:179,(anonymous_21)
FN:198,(anonymous_22)
FN:202,(anonymous_23)
FN:206,(anonymous_24)
FN:207,(anonymous_25)
FN:214,(anonymous_26)
FN:221,(anonymous_27)
FN:227,(anonymous_28)
FN:234,(anonymous_29)
FN:243,(anonymous_30)
FN:249,(anonymous_31)
FN:260,(anonymous_32)
FN:278,(anonymous_33)
FN:288,(anonymous_34)
FN:310,(anonymous_35)
FN:324,(anonymous_36)
FN:348,(anonymous_37)
FN:356,(anonymous_38)
FN:363,(anonymous_39)
FN:364,(anonymous_40)
FN:369,(anonymous_41)
FN:370,(anonymous_42)
FN:380,(anonymous_43)
FN:388,(anonymous_44)
FN:401,(anonymous_45)
FN:422,(anonymous_46)
FN:440,(anonymous_47)
FN:447,(anonymous_48)
FN:454,(anonymous_49)
FNF:50
FNH:0
FNDA:0,(anonymous_0)
FNDA:0,(anonymous_1)
FNDA:0,(anonymous_2)
FNDA:0,(anonymous_3)
FNDA:0,(anonymous_4)
FNDA:0,(anonymous_5)
FNDA:0,(anonymous_6)
FNDA:0,(anonymous_7)
FNDA:0,(anonymous_8)
FNDA:0,(anonymous_9)
FNDA:0,(anonymous_10)
FNDA:0,(anonymous_11)
FNDA:0,(anonymous_12)
FNDA:0,(anonymous_13)
FNDA:0,(anonymous_14)
FNDA:0,(anonymous_15)
FNDA:0,(anonymous_16)
FNDA:0,(anonymous_17)
FNDA:0,(anonymous_18)
FNDA:0,(anonymous_19)
FNDA:0,(anonymous_20)
FNDA:0,(anonymous_21)
FNDA:0,(anonymous_22)
FNDA:0,(anonymous_23)
FNDA:0,(anonymous_24)
FNDA:0,(anonymous_25)
FNDA:0,(anonymous_26)
FNDA:0,(anonymous_27)
FNDA:0,(anonymous_28)
FNDA:0,(anonymous_29)
FNDA:0,(anonymous_30)
FNDA:0,(anonymous_31)
FNDA:0,(anonymous_32)
FNDA:0,(anonymous_33)
FNDA:0,(anonymous_34)
FNDA:0,(anonymous_35)
FNDA:0,(anonymous_36)
FNDA:0,(anonymous_37)
FNDA:0,(anonymous_38)
FNDA:0,(anonymous_39)
FNDA:0,(anonymous_40)
FNDA:0,(anonymous_41)
FNDA:0,(anonymous_42)
FNDA:0,(anonymous_43)
FNDA:0,(anonymous_44)
FNDA:0,(anonymous_45)
FNDA:0,(anonymous_46)
FNDA:0,(anonymous_47)
FNDA:0,(anonymous_48)
FNDA:0,(anonymous_49)
DA:10,0
DA:12,0
DA:13,0
DA:14,0
DA:15,0
DA:17,0
DA:20,0
DA:21,0
DA:22,0
DA:23,0
DA:24,0
DA:25,0
DA:26,0
DA:27,0
DA:28,0
DA:29,0
DA:30,0
DA:31,0
DA:34,0
DA:35,0
DA:36,0
DA:39,0
DA:40,0
DA:41,0
DA:42,0
DA:45,0
DA:46,0
DA:49,0
DA:50,0
DA:53,0
DA:54,0
DA:58,0
DA:59,0
DA:60,0
DA:61,0
DA:62,0
DA:67,0
DA:68,0
DA:69,0
DA:70,0
DA:75,0
DA:76,0
DA:77,0
DA:79,0
DA:80,0
DA:82,0
DA:101,0
DA:102,0
DA:103,0
DA:104,0
DA:105,0
DA:106,0
DA:109,0
DA:110,0
DA:111,0
DA:112,0
DA:114,0
DA:118,0
DA:119,0
DA:123,0
DA:126,0
DA:127,0
DA:128,0
DA:129,0
DA:132,0
DA:133,0
DA:138,0
DA:139,0
DA:140,0
DA:141,0
DA:144,0
DA:145,0
DA:146,0
DA:147,0
DA:150,0
DA:151,0
DA:152,0
DA:155,0
DA:156,0
DA:157,0
DA:158,0
DA:162,0
DA:163,0
DA:166,0
DA:167,0
DA:169,0
DA:170,0
DA:171,0
DA:173,0
DA:178,0
DA:179,0
DA:180,0
DA:181,0
DA:193,0
DA:198,0
DA:202,0
DA:203,0
DA:206,0
DA:207,0
DA:208,0
DA:214,0
DA:215,0
DA:216,0
DA:221,0
DA:222,0
DA:223,0
DA:227,0
DA:228,0
DA:229,0
DA:232,0
DA:234,0
DA:235,0
DA:236,0
DA:240,0
DA:243,0
DA:244,0
DA:249,0
DA:250,0
DA:252,0
DA:253,0
DA:255,0
DA:256,0
DA:259,0
DA:260,0
DA:263,0
DA:266,0
DA:268,0
DA:277,0
DA:279,0
DA:281,0
DA:282,0
DA:284,0
DA:285,0
DA:286,0
DA:288,0
DA:291,0
DA:294,0
DA:296,0
DA:297,0
DA:309,0
DA:311,0
DA:312,0
DA:313,0
DA:316,0
DA:323,0
DA:325,0
DA:327,0
DA:333,0
DA:334,0
DA:337,0
DA:338,0
DA:341,0
DA:348,0
DA:355,0
DA:357,0
DA:359,0
DA:360,0
DA:363,0
DA:364,0
DA:365,0
DA:369,0
DA:370,0
DA:373,0
DA:380,0
DA:381,0
DA:382,0
DA:387,0
DA:389,0
DA:390,0
DA:400,0
DA:402,0
DA:403,0
DA:421,0
DA:423,0
DA:424,0
DA:440,0
DA:441,0
DA:442,0
DA:447,0
DA:448,0
DA:449,0
DA:450,0
DA:454,0
DA:455,0
DA:456,0
DA:457,0
DA:461,0
DA:488,0
LF:188
LH:0
BRDA:14,0,0,0
BRDA:14,0,1,0
BRDA:61,1,0,0
BRDA:61,1,1,0
BRDA:61,2,0,0
BRDA:61,2,1,0
BRDA:68,3,0,0
BRDA:68,3,1,0
BRDA:77,4,0,0
BRDA:77,4,1,0
BRDA:109,5,0,0
BRDA:109,5,1,0
BRDA:118,6,0,0
BRDA:118,6,1,0
BRDA:132,7,0,0
BRDA:132,7,1,0
BRDA:166,8,0,0
BRDA:166,8,1,0
BRDA:170,9,0,0
BRDA:170,9,1,0
BRDA:180,10,0,0
BRDA:180,10,1,0
BRDA:190,11,0,0
BRDA:190,11,1,0
BRDA:208,12,0,0
BRDA:208,12,1,0
BRDA:215,13,0,0
BRDA:215,13,1,0
BRDA:223,14,0,0
BRDA:223,14,1,0
BRDA:250,15,0,0
BRDA:250,15,1,0
BRDA:255,16,0,0
BRDA:255,16,1,0
BRDA:260,17,0,0
BRDA:260,17,1,0
BRDA:270,18,0,0
BRDA:270,18,1,0
BRDA:278,19,0,0
BRDA:279,20,0,0
BRDA:279,20,1,0
BRDA:279,21,0,0
BRDA:279,21,1,0
BRDA:284,22,0,0
BRDA:284,22,1,0
BRDA:285,23,0,0
BRDA:285,23,1,0
BRDA:296,24,0,0
BRDA:296,24,1,0
BRDA:299,25,0,0
BRDA:299,25,1,0
BRDA:311,26,0,0
BRDA:311,26,1,0
BRDA:311,27,0,0
BRDA:311,27,1,0
BRDA:311,27,2,0
BRDA:324,28,0,0
BRDA:325,29,0,0
BRDA:325,29,1,0
BRDA:333,30,0,0
BRDA:333,30,1,0
BRDA:333,31,0,0
BRDA:333,31,1,0
BRDA:357,32,0,0
BRDA:357,32,1,0
BRDA:357,33,0,0
BRDA:357,33,1,0
BRDA:365,34,0,0
BRDA:365,34,1,0
BRDA:370,35,0,0
BRDA:370,35,1,0
BRDA:381,36,0,0
BRDA:381,36,1,0
BRDA:381,37,0,0
BRDA:381,37,1,0
BRDA:381,37,2,0
BRDA:389,38,0,0
BRDA:389,38,1,0
BRDA:389,39,0,0
BRDA:389,39,1,0
BRDA:389,39,2,0
BRDA:401,40,0,0
BRDA:402,41,0,0
BRDA:402,41,1,0
BRDA:402,42,0,0
BRDA:402,42,1,0
BRDA:402,42,2,0
BRDA:405,43,0,0
BRDA:405,43,1,0
BRDA:412,44,0,0
BRDA:412,44,1,0
BRDA:422,45,0,0
BRDA:423,46,0,0
BRDA:423,46,1,0
BRDA:423,47,0,0
BRDA:423,47,1,0
BRDA:423,47,2,0
BRDA:426,48,0,0
BRDA:426,48,1,0
BRDA:441,49,0,0
BRDA:441,49,1,0
BRDA:441,50,0,0
BRDA:441,50,1,0
BRDA:441,50,2,0
BRDA:455,51,0,0
BRDA:455,51,1,0
BRDA:455,52,0,0
BRDA:455,52,1,0
BRF:108
BRH:0
end_of_record
TN:
SF:src/context/ThemeContext.js
FN:130,(anonymous_0)
FN:140,(anonymous_1)
FN:146,(anonymous_2)
FN:147,(anonymous_3)
FN:171,(anonymous_4)
FN:185,(anonymous_5)
FNF:6
FNH:0
FNDA:0,(anonymous_0)
FNDA:0,(anonymous_1)
FNDA:0,(anonymous_2)
FNDA:0,(anonymous_3)
FNDA:0,(anonymous_4)
FNDA:0,(anonymous_5)
DA:6,0
DA:67,0
DA:128,0
DA:130,0
DA:131,0
DA:132,0
DA:133,0
DA:135,0
DA:138,0
DA:140,0
DA:141,0
DA:142,0
DA:143,0
DA:146,0
DA:147,0
DA:148,0
DA:149,0
DA:150,0
DA:151,0
DA:152,0
DA:155,0
DA:156,0
DA:157,0
DA:160,0
DA:162,0
DA:163,0
DA:164,0
DA:168,0
DA:171,0
DA:172,0
DA:173,0
DA:175,0
DA:176,0
DA:178,0
DA:179,0
DA:181,0
DA:185,0
DA:186,0
DA:188,0
DA:189,0
DA:191,0
DA:192,0
DA:194,0
DA:198,0
DA:206,0
LF:45
LH:0
BRDA:132,0,0,0
BRDA:132,0,1,0
BRDA:150,1,0,0
BRDA:150,1,1,0
BRDA:152,2,0,0
BRDA:152,2,1,0
BRDA:155,3,0,0
BRDA:155,3,1,0
BRDA:157,4,0,0
BRDA:157,4,1,0
BRDA:162,5,0,0
BRDA:162,5,1,0
BRDA:164,6,0,0
BRDA:164,6,1,0
BRDA:172,7,0,0
BRDA:172,7,1,0
BRDA:173,8,0,0
BRDA:173,8,1,0
BRDA:186,9,0,0
BRDA:186,9,1,0
BRF:20
BRH:0
end_of_record
TN:
SF:src/hooks/index.js
FNF:0
FNH:0
LF:0
LH:0
BRF:0
BRH:0
end_of_record
TN:
SF:src/hooks/useBehaviorAnalytics.js
FN:13,useSwipeAnalytics
FN:14,(anonymous_1)
FN:18,(anonymous_2)
FN:22,(anonymous_3)
FN:42,useTimeTracking
FN:43,(anonymous_5)
FN:48,(anonymous_6)
FN:53,(anonymous_7)
FN:60,(anonymous_8)
FN:79,useFunnelTracking
FN:80,(anonymous_10)
FN:84,(anonymous_11)
FN:108,useABTest
FN:116,(anonymous_13)
FN:120,(anonymous_14)
FN:137,useAnalyticsSummary
FN:138,(anonymous_16)
FN:142,(anonymous_17)
FN:162,useBehaviorAnalytics
FN:186,(anonymous_19)
FN:211,(anonymous_20)
FN:212,(anonymous_21)
FNF:22
FNH:0
FNDA:0,useSwipeAnalytics
FNDA:0,(anonymous_1)
FNDA:0,(anonymous_2)
FNDA:0,(anonymous_3)
FNDA:0,useTimeTracking
FNDA:0,(anonymous_5)
FNDA:0,(anonymous_6)
FNDA:0,(anonymous_7)
FNDA:0,(anonymous_8)
FNDA:0,useFunnelTracking
FNDA:0,(anonymous_10)
FNDA:0,(anonymous_11)
FNDA:0,useABTest
FNDA:0,(anonymous_13)
FNDA:0,(anonymous_14)
FNDA:0,useAnalyticsSummary
FNDA:0,(anonymous_16)
FNDA:0,(anonymous_17)
FNDA:0,useBehaviorAnalytics
FNDA:0,(anonymous_19)
FNDA:0,(anonymous_20)
FNDA:0,(anonymous_21)
DA:14,0
DA:15,0
DA:18,0
DA:19,0
DA:22,0
DA:23,0
DA:26,0
DA:43,0
DA:44,0
DA:45,0
DA:48,0
DA:49,0
DA:53,0
DA:54,0
DA:60,0
DA:61,0
DA:64,0
DA:80,0
DA:81,0
DA:84,0
DA:85,0
DA:88,0
DA:109,0
DA:112,0
DA:113,0
DA:116,0
DA:117,0
DA:120,0
DA:121,0
DA:124,0
DA:138,0
DA:139,0
DA:142,0
DA:143,0
DA:146,0
DA:163,0
DA:164,0
DA:166,0
DA:171,0
DA:172,0
DA:174,0
DA:175,0
DA:177,0
DA:183,0
DA:184,0
DA:185,0
DA:186,0
DA:187,0
DA:189,0
DA:193,0
DA:211,0
DA:212,0
LF:52
LH:0
BRDA:18,0,0,0
BRDA:44,1,0,0
BRDA:44,1,1,0
BRDA:53,2,0,0
BRDA:112,3,0,0
BRDA:112,3,1,0
BRDA:116,4,0,0
BRDA:116,5,0,0
BRDA:162,6,0,0
BRDA:166,7,0,0
BRDA:166,7,1,0
BRDA:171,8,0,0
BRDA:171,8,1,0
BRDA:175,9,0,0
BRDA:175,9,1,0
BRDA:186,10,0,0
BRDA:186,11,0,0
BRDA:204,12,0,0
BRDA:204,12,1,0
BRDA:205,13,0,0
BRDA:205,13,1,0
BRF:21
BRH:0
end_of_record
TN:
SF:src/hooks/useBetaTesting.js
FN:15,(anonymous_0)
FN:25,(anonymous_1)
FN:26,(anonymous_2)
FN:51,(anonymous_3)
FN:83,(anonymous_4)
FN:99,(anonymous_5)
FN:107,(anonymous_6)
FN:131,(anonymous_7)
FN:143,(anonymous_8)
FN:164,(anonymous_9)
FN:179,(anonymous_10)
FN:197,(anonymous_11)
FN:205,(anonymous_12)
FN:215,(anonymous_13)
FN:226,(anonymous_14)
FNF:15
FNH:0
FNDA:0,(anonymous_0)
FNDA:0,(anonymous_1)
FNDA:0,(anonymous_2)
FNDA:0,(anonymous_3)
FNDA:0,(anonymous_4)
FNDA:0,(anonymous_5)
FNDA:0,(anonymous_6)
FNDA:0,(anonymous_7)
FNDA:0,(anonymous_8)
FNDA:0,(anonymous_9)
FNDA:0,(anonymous_10)
FNDA:0,(anonymous_11)
FNDA:0,(anonymous_12)
FNDA:0,(anonymous_13)
FNDA:0,(anonymous_14)
DA:12,0
DA:13,0
DA:15,0
DA:16,0
DA:17,0
DA:18,0
DA:19,0
DA:20,0
DA:21,0
DA:22,0
DA:25,0
DA:26,0
DA:27,0
DA:28,0
DA:29,0
DA:30,0
DA:31,0
DA:35,0
DA:36,0
DA:38,0
DA:40,0
DA:44,0
DA:45,0
DA:50,0
DA:52,0
DA:53,0
DA:58,0
DA:66,0
DA:69,0
DA:70,0
DA:71,0
DA:73,0
DA:75,0
DA:76,0
DA:83,0
DA:84,0
DA:85,0
DA:86,0
DA:89,0
DA:90,0
DA:92,0
DA:93,0
DA:98,0
DA:100,0
DA:106,0
DA:108,0
DA:109,0
DA:115,0
DA:116,0
DA:117,0
DA:118,0
DA:120,0
DA:122,0
DA:123,0
DA:130,0
DA:132,0
DA:133,0
DA:135,0
DA:136,0
DA:143,0
DA:144,0
DA:145,0
DA:146,0
DA:148,0
DA:154,0
DA:163,0
DA:165,0
DA:167,0
DA:168,0
DA:170,0
DA:171,0
DA:179,0
DA:183,0
DA:184,0
DA:185,0
DA:186,0
DA:188,0
DA:190,0
DA:197,0
DA:198,0
DA:205,0
DA:206,0
DA:215,0
DA:216,0
DA:217,0
DA:218,0
DA:220,0
DA:221,0
DA:226,0
DA:227,0
DA:228,0
DA:230,0
DA:234,0
LF:93
LH:0
BRDA:15,0,0,0
BRDA:29,1,0,0
BRDA:29,1,1,0
BRDA:44,2,0,0
BRDA:44,2,1,0
BRDA:51,3,0,0
BRDA:100,4,0,0
BRDA:100,4,1,0
BRDA:115,5,0,0
BRDA:115,5,1,0
BRDA:143,6,0,0
BRDA:165,7,0,0
BRDA:165,7,1,0
BRDA:177,8,0,0
BRDA:177,8,1,0
BRDA:205,9,0,0
BRDA:205,10,0,0
BRDA:218,11,0,0
BRDA:218,11,1,0
BRF:19
BRH:0
end_of_record
TN:
SF:src/hooks/useInAppPurchase.js
FN:35,(anonymous_0)
FN:44,(anonymous_1)
FN:49,(anonymous_2)
FN:100,(anonymous_3)
FN:114,(anonymous_4)
FN:171,(anonymous_5)
FN:182,(anonymous_6)
FN:188,(anonymous_7)
FN:197,(anonymous_8)
FN:221,(anonymous_9)
FN:240,(anonymous_10)
FN:252,(anonymous_11)
FN:274,(anonymous_12)
FN:301,(anonymous_13)
FN:303,(anonymous_14)
FN:304,(anonymous_15)
FN:311,(anonymous_16)
FNF:17
FNH:0
FNDA:0,(anonymous_0)
FNDA:0,(anonymous_1)
FNDA:0,(anonymous_2)
FNDA:0,(anonymous_3)
FNDA:0,(anonymous_4)
FNDA:0,(anonymous_5)
FNDA:0,(anonymous_6)
FNDA:0,(anonymous_7)
FNDA:0,(anonymous_8)
FNDA:0,(anonymous_9)
FNDA:0,(anonymous_10)
FNDA:0,(anonymous_11)
FNDA:0,(anonymous_12)
FNDA:0,(anonymous_13)
FNDA:0,(anonymous_14)
FNDA:0,(anonymous_15)
FNDA:0,(anonymous_16)
DA:18,0
DA:24,0
DA:35,0
DA:36,0
DA:37,0
DA:38,0
DA:39,0
DA:40,0
DA:41,0
DA:44,0
DA:45,0
DA:46,0
DA:47,0
DA:49,0
DA:50,0
DA:52,0
DA:53,0
DA:54,0
DA:58,0
DA:66,0
DA:69,0
DA:72,0
DA:73,0
DA:77,0
DA:82,0
DA:83,0
DA:86,0
DA:87,0
DA:89,0
DA:91,0
DA:92,0
DA:93,0
DA:97,0
DA:100,0
DA:101,0
DA:102,0
DA:104,0
DA:105,0
DA:107,0
DA:108,0
DA:114,0
DA:115,0
DA:116,0
DA:117,0
DA:120,0
DA:122,0
DA:124,0
DA:130,0
DA:132,0
DA:133,0
DA:135,0
DA:137,0
DA:139,0
DA:141,0
DA:142,0
DA:149,0
DA:151,0
DA:152,0
DA:157,0
DA:159,0
DA:163,0
DA:164,0
DA:166,0
DA:171,0
DA:172,0
DA:173,0
DA:176,0
DA:177,0
DA:182,0
DA:183,0
DA:187,0
DA:189,0
DA:190,0
DA:191,0
DA:193,0
DA:195,0
DA:197,0
DA:198,0
DA:200,0
DA:205,0
DA:208,0
DA:209,0
DA:210,0
DA:212,0
DA:213,0
DA:221,0
DA:222,0
DA:223,0
DA:224,0
DA:226,0
DA:227,0
DA:229,0
DA:230,0
DA:231,0
DA:233,0
DA:234,0
DA:240,0
DA:241,0
DA:242,0
DA:243,0
DA:244,0
DA:246,0
DA:247,0
DA:248,0
DA:250,0
DA:252,0
DA:253,0
DA:256,0
DA:261,0
DA:262,0
DA:264,0
DA:267,0
DA:269,0
DA:270,0
DA:271,0
DA:273,0
DA:274,0
DA:279,0
DA:281,0
DA:282,0
DA:284,0
DA:287,0
DA:291,0
DA:292,0
DA:293,0
DA:295,0
DA:300,0
DA:302,0
DA:303,0
DA:304,0
DA:311,0
DA:312,0
DA:314,0
DA:315,0
DA:316,0
DA:318,0
DA:319,0
DA:320,0
DA:321,0
DA:322,0
DA:325,0
DA:328,0
DA:331,0
LF:143
LH:0
BRDA:52,0,0,0
BRDA:52,0,1,0
BRDA:72,1,0,0
BRDA:72,1,1,0
BRDA:101,2,0,0
BRDA:101,2,1,0
BRDA:104,3,0,0
BRDA:104,3,1,0
BRDA:107,4,0,0
BRDA:107,4,1,0
BRDA:122,5,0,0
BRDA:122,5,1,0
BRDA:130,6,0,0
BRDA:130,6,1,0
BRDA:137,7,0,0
BRDA:137,7,1,0
BRDA:139,8,0,0
BRDA:139,8,1,0
BRDA:149,9,0,0
BRDA:149,9,1,0
BRDA:159,10,0,0
BRDA:159,10,1,0
[...]
FNDA:0,(anonymous_6)
FNDA:0,(anonymous_7)
FNDA:0,(anonymous_8)
FNDA:0,(anonymous_9)
FNDA:0,(anonymous_10)
FNDA:0,(anonymous_11)
FNDA:0,(anonymous_12)
FNDA:0,(anonymous_13)
FNDA:0,(anonymous_14)
FNDA:0,(anonymous_15)
FNDA:0,(anonymous_16)
FNDA:0,(anonymous_17)
DA:7,0
DA:8,0
DA:10,0
DA:25,0
DA:33,0
DA:41,0
DA:42,0
DA:44,0
DA:45,0
DA:46,0
DA:47,0
DA:49,0
DA:51,0
DA:52,0
DA:61,0
DA:62,0
DA:64,0
DA:65,0
DA:66,0
DA:67,0
DA:69,0
DA:71,0
DA:72,0
DA:80,0
DA:81,0
DA:90,0
DA:92,0
DA:93,0
DA:97,0
DA:99,0
DA:100,0
DA:102,0
DA:103,0
DA:104,0
DA:107,0
DA:109,0
DA:117,0
DA:118,0
DA:119,0
DA:120,0
DA:123,0
DA:124,0
DA:126,0
DA:128,0
DA:129,0
DA:130,0
DA:133,0
DA:134,0
DA:136,0
DA:139,0
DA:141,0
DA:143,0
DA:144,0
DA:145,0
DA:147,0
DA:160,0
DA:163,0
DA:165,0
DA:174,0
DA:175,0
DA:178,0
DA:179,0
DA:182,0
DA:184,0
DA:186,0
DA:187,0
DA:190,0
DA:192,0
DA:194,0
DA:195,0
DA:200,0
DA:201,0
DA:202,0
DA:203,0
DA:206,0
DA:207,0
DA:208,0
DA:209,0
DA:210,0
DA:213,0
DA:218,0
DA:219,0
DA:220,0
DA:222,0
DA:225,0
DA:228,0
DA:229,0
DA:231,0
DA:232,0
DA:237,0
DA:241,0
DA:245,0
DA:249,0
DA:253,0
LF:94
LH:0
BRDA:41,0,0,0
BRDA:41,0,1,0
BRDA:46,1,0,0
BRDA:46,1,1,0
BRDA:61,2,0,0
BRDA:61,2,1,0
BRDA:66,3,0,0
BRDA:66,3,1,0
BRDA:90,4,0,0
BRDA:90,4,1,0
BRDA:102,5,0,0
BRDA:102,5,1,0
BRDA:117,6,0,0
BRDA:117,6,1,0
BRDA:119,7,0,0
BRDA:119,7,1,0
BRDA:126,8,0,0
BRDA:126,8,1,0
BRDA:159,9,0,0
BRDA:159,10,0,0
BRDA:159,11,0,0
BRDA:169,12,0,0
BRDA:169,12,1,0
BRDA:174,13,0,0
BRDA:174,13,1,0
BRDA:174,14,0,0
BRDA:174,14,1,0
BRDA:174,14,2,0
BRDA:174,14,3,0
BRDA:182,15,0,0
BRDA:182,15,1,0
BRDA:186,16,0,0
BRDA:186,16,1,0
BRDA:186,17,0,0
BRDA:186,17,1,0
BRDA:192,18,0,0
BRDA:192,18,1,0
BRDA:203,19,0,0
BRDA:203,19,1,0
BRDA:206,20,0,0
BRDA:206,20,1,0
BRDA:208,21,0,0
BRDA:208,21,1,0
BRDA:218,22,0,0
BRDA:218,22,1,0
BRDA:218,23,0,0
BRDA:218,23,1,0
BRDA:219,24,0,0
BRDA:219,24,1,0
BRDA:225,25,0,0
BRDA:225,25,1,0
BRDA:228,26,0,0
BRDA:228,26,1,0
BRDA:228,27,0,0
BRDA:228,27,1,0
BRDA:232,28,0,0
BRDA:232,28,1,0
BRF:57
BRH:0
end_of_record
TN:
SF:src/utils/apiHelpers.js
FN:19,handleApiResponse
FN:92,createAuthHeaders
FN:111,authenticatedFetch
FNF:3
FNH:0
FNDA:0,handleApiResponse
FNDA:0,createAuthHeaders
FNDA:0,authenticatedFetch
DA:20,0
DA:23,0
DA:24,0
DA:25,0
DA:27,0
DA:28,0
DA:29,0
DA:32,0
DA:36,0
DA:39,0
DA:40,0
DA:43,0
DA:48,0
DA:49,0
DA:51,0
DA:52,0
DA:60,0
DA:61,0
DA:62,0
DA:63,0
DA:67,0
DA:68,0
DA:69,0
DA:70,0
DA:74,0
DA:77,0
DA:78,0
DA:83,0
DA:93,0
DA:112,0
DA:113,0
DA:114,0
LF:32
LH:0
BRDA:19,0,0,0
BRDA:20,1,0,0
BRDA:20,2,0,0
BRDA:23,3,0,0
BRDA:23,3,1,0
BRDA:32,4,0,0
BRDA:32,4,1,0
BRDA:39,5,0,0
BRDA:39,5,1,0
BRDA:53,6,0,0
BRDA:53,6,1,0
BRDA:61,7,0,0
BRDA:61,7,1,0
BRDA:63,8,0,0
BRDA:63,8,1,0
BRDA:67,9,0,0
BRDA:67,9,1,0
BRDA:68,10,0,0
BRDA:68,10,1,0
BRDA:70,11,0,0
BRDA:70,11,1,0
BRDA:74,12,0,0
BRDA:74,12,1,0
BRDA:77,13,0,0
BRDA:77,13,1,0
BRDA:77,14,0,0
BRDA:77,14,1,0
BRDA:77,14,2,0
BRDA:79,15,0,0
BRDA:79,15,1,0
BRDA:92,16,0,0
BRDA:111,17,0,0
BRDA:111,18,0,0
BRDA:112,19,0,0
BRDA:112,19,1,0
BRF:35
BRH:0
end_of_record
TN:
SF:src/utils/distanceCalculator.js
FN:14,(anonymous_0)
FN:37,(anonymous_1)
FN:49,(anonymous_2)
FN:61,(anonymous_3)
FNF:4
FNH:0
FNDA:0,(anonymous_0)
FNDA:0,(anonymous_1)
FNDA:0,(anonymous_2)
FNDA:0,(anonymous_3)
DA:14,0
DA:15,0
DA:16,0
DA:17,0
DA:20,0
DA:26,0
DA:27,0
DA:29,0
DA:37,0
DA:38,0
DA:39,0
DA:41,0
DA:49,0
DA:50,0
DA:51,0
DA:52,0
DA:61,0
DA:62,0
DA:64,0
DA:71,0
LF:20
LH:0
BRDA:38,0,0,0
BRDA:38,0,1,0
BRDA:50,1,0,0
BRDA:50,1,1,0
BRDA:51,2,0,0
BRDA:51,2,1,0
BRDA:62,3,0,0
BRDA:62,3,1,0
BRDA:62,4,0,0
BRDA:62,4,1,0
BRF:10
BRH:0
end_of_record
TN:
SF:src/utils/errorMessages.js
FN:9,(anonymous_0)
FN:30,(anonymous_1)
FN:88,(anonymous_2)
FNF:3
FNH:0
FNDA:0,(anonymous_0)
FNDA:0,(anonymous_1)
FNDA:0,(anonymous_2)
DA:9,0
DA:10,0
DA:24,0
DA:30,0
DA:31,0
DA:32,0
DA:35,0
DA:38,0
DA:50,0
DA:51,0
DA:52,0
DA:53,0
DA:58,0
DA:59,0
DA:60,0
DA:61,0
DA:66,0
DA:68,0
DA:75,0
DA:76,0
DA:79,0
DA:82,0
DA:88,0
DA:89,0
DA:90,0
DA:93,0
DA:94,0
DA:97,0
DA:98,0
DA:101,0
DA:102,0
DA:105,0
DA:106,0
DA:109,0
LF:34
LH:0
BRDA:9,0,0,0
BRDA:24,1,0,0
BRDA:24,1,1,0
BRDA:30,2,0,0
BRDA:31,3,0,0
BRDA:31,3,1,0
BRDA:35,4,0,0
BRDA:35,4,1,0
BRDA:35,5,0,0
BRDA:35,5,1,0
BRDA:52,6,0,0
BRDA:52,6,1,0
BRDA:58,7,0,0
BRDA:58,7,1,0
BRDA:60,8,0,0
BRDA:60,8,1,0
BRDA:66,9,0,0
BRDA:66,9,1,0
BRDA:75,10,0,0
BRDA:75,10,1,0
BRDA:79,11,0,0
BRDA:79,11,1,0
BRDA:89,12,0,0
BRDA:89,12,1,0
BRDA:93,13,0,0
BRDA:93,13,1,0
BRDA:97,14,0,0
BRDA:97,14,1,0
BRDA:101,15,0,0
BRDA:101,15,1,0
BRDA:102,16,0,0
BRDA:102,16,1,0
BRDA:102,17,0,0
BRDA:102,17,1,0
BRDA:105,18,0,0
BRDA:105,18,1,0
BRF:36
BRH:0
end_of_record
TN:
SF:src/utils/errorNotification.js
FN:18,(anonymous_0)
FN:48,(anonymous_1)
FN:68,(anonymous_2)
FN:91,(anonymous_3)
FN:128,(anonymous_4)
FN:159,(anonymous_5)
FN:160,(anonymous_6)
FNF:7
FNH:0
FNDA:0,(anonymous_0)
FNDA:0,(anonymous_1)
FNDA:0,(anonymous_2)
FNDA:0,(anonymous_3)
FNDA:0,(anonymous_4)
FNDA:0,(anonymous_5)
FNDA:0,(anonymous_6)
DA:18,0
DA:19,0
DA:21,0
DA:22,0
DA:25,0
DA:29,0
DA:48,0
DA:49,0
DA:68,0
DA:69,0
DA:91,0
DA:99,0
DA:128,0
DA:134,0
DA:136,0
DA:140,0
DA:141,0
DA:144,0
DA:145,0
DA:146,0
DA:147,0
DA:150,0
DA:159,0
DA:160,0
DA:161,0
DA:162,0
DA:164,0
DA:165,0
LF:28
LH:0
BRDA:18,0,0,0
BRDA:18,1,0,0
BRDA:19,2,0,0
BRDA:21,3,0,0
BRDA:21,3,1,0
BRDA:26,4,0,0
BRDA:26,4,1,0
BRDA:26,5,0,0
BRDA:26,5,1,0
BRDA:48,6,0,0
BRDA:68,7,0,0
BRDA:93,8,0,0
BRDA:96,9,0,0
BRDA:97,10,0,0
BRDA:128,11,0,0
BRDA:130,12,0,0
BRDA:131,13,0,0
BRDA:132,14,0,0
BRDA:137,15,0,0
BRDA:137,15,1,0
BRDA:137,16,0,0
BRDA:137,16,1,0
BRDA:140,17,0,0
BRDA:140,17,1,0
BRDA:141,18,0,0
BRDA:141,18,1,0
BRDA:144,19,0,0
BRDA:144,19,1,0
BRDA:146,20,0,0
BRDA:146,20,1,0
BRDA:159,21,0,0
BRF:31
BRH:0
end_of_record
TN:
SF:src/utils/formatters.js
FN:18,(anonymous_0)
FN:44,(anonymous_1)
FN:66,(anonymous_2)
FN:90,(anonymous_3)
FN:110,(anonymous_4)
FN:129,(anonymous_5)
FNF:6
FNH:0
FNDA:0,(anonymous_0)
FNDA:0,(anonymous_1)
FNDA:0,(anonymous_2)
FNDA:0,(anonymous_3)
FNDA:0,(anonymous_4)
FNDA:0,(anonymous_5)
DA:9,0
DA:10,0
DA:11,0
DA:18,0
DA:19,0
DA:21,0
DA:22,0
DA:24,0
DA:25,0
DA:26,0
DA:27,0
DA:28,0
DA:30,0
DA:31,0
DA:32,0
DA:33,0
DA:35,0
DA:44,0
DA:45,0
DA:47,0
DA:48,0
DA:50,0
DA:57,0
DA:66,0
DA:67,0
DA:69,0
DA:70,0
DA:72,0
DA:81,0
DA:90,0
DA:91,0
DA:93,0
DA:94,0
DA:96,0
DA:102,0
DA:110,0
DA:111,0
DA:113,0
DA:114,0
DA:116,0
DA:129,0
DA:130,0
DA:131,0
DA:132,0
DA:133,0
LF:45
LH:0
BRDA:19,0,0,0
BRDA:19,0,1,0
BRDA:22,1,0,0
BRDA:22,1,1,0
BRDA:30,2,0,0
BRDA:30,2,1,0
BRDA:31,3,0,0
BRDA:31,3,1,0
BRDA:32,4,0,0
BRDA:32,4,1,0
BRDA:33,5,0,0
BRDA:33,5,1,0
BRDA:44,6,0,0
BRDA:45,7,0,0
BRDA:45,7,1,0
BRDA:48,8,0,0
BRDA:48,8,1,0
BRDA:66,9,0,0
BRDA:67,10,0,0
BRDA:67,10,1,0
BRDA:70,11,0,0
BRDA:70,11,1,0
BRDA:90,12,0,0
BRDA:91,13,0,0
BRDA:91,13,1,0
BRDA:94,14,0,0
BRDA:94,14,1,0
BRDA:111,15,0,0
BRDA:111,15,1,0
BRDA:117,16,0,0
BRDA:117,16,1,0
BRDA:117,16,2,0
BRDA:129,17,0,0
BRF:33
BRH:0
end_of_record
TN:
SF:src/utils/index.js
FNF:0
FNH:0
LF:0
LH:0
BRF:0
BRH:0
end_of_record
TN:
SF:src/utils/jwt.js
FN:12,(anonymous_0)
FN:48,(anonymous_1)
FN:80,(anonymous_2)
FNF:3
FNH:0
FNDA:0,(anonymous_0)
FNDA:0,(anonymous_1)
FNDA:0,(anonymous_2)
DA:12,0
DA:13,0
DA:15,0
DA:16,0
DA:18,0
DA:22,0
DA:23,0
DA:24,0
DA:25,0
DA:26,0
DA:27,0
DA:28,0
DA:29,0
DA:30,0
DA:31,0
DA:32,0
DA:33,0
DA:34,0
DA:35,0
DA:36,0
DA:38,0
DA:48,0
DA:49,0
DA:50,0
DA:51,0
DA:54,0
DA:55,0
DA:56,0
DA:60,0
DA:62,0
DA:64,0
DA:67,0
DA:68,0
DA:70,0
DA:71,0
DA:80,0
DA:81,0
DA:82,0
DA:83,0
DA:86,0
LF:40
LH:0
BRDA:13,0,0,0
BRDA:13,0,1,0
BRDA:16,1,0,0
BRDA:16,1,1,0
BRDA:35,2,0,0
BRDA:35,2,1,0
BRDA:36,3,0,0
BRDA:36,3,1,0
BRDA:50,4,0,0
BRDA:50,4,1,0
BRDA:50,5,0,0
BRDA:50,5,1,0
BRDA:55,6,0,0
BRDA:55,6,1,0
BRDA:82,7,0,0
BRDA:82,7,1,0
BRDA:87,8,0,0
BRDA:87,8,1,0
BRDA:89,9,0,0
BRDA:89,9,1,0
BRDA:89,9,2,0
BRDA:89,9,3,0
BRDA:91,10,0,0
BRDA:91,10,1,0
BRF:24
BRH:0
end_of_record
TN:
SF:src/utils/lazyLoad.js
FN:19,createLazyComponent
FN:21,(anonymous_1)
FN:30,(anonymous_2)
FN:41,(anonymous_3)
FNF:4
FNH:0
FNDA:0,createLazyComponent
FNDA:0,(anonymous_1)
FNDA:0,(anonymous_2)
FNDA:0,(anonymous_3)
DA:22,0
DA:23,0
DA:31,0
DA:32,0
DA:33,0
DA:34,0
DA:36,0
DA:37,0
DA:42,0
DA:44,0
DA:45,0
DA:54,0
DA:55,0
DA:62,0
DA:63,0
DA:66,0
DA:70,0
DA:73,0
LF:18
LH:0
BRDA:19,0,0,0
BRDA:33,1,0,0
BRDA:33,1,1,0
BRDA:44,2,0,0
BRDA:44,2,1,0
BRDA:46,3,0,0
BRDA:46,3,1,0
BRDA:54,4,0,0
BRDA:54,4,1,0
BRDA:62,5,0,0
BRDA:62,5,1,0
BRF:11
BRH:0
end_of_record
TN:
SF:src/utils/logger.js
FN:16,(anonymous_0)
FN:21,(anonymous_1)
FN:35,(anonymous_2)
FN:39,(anonymous_3)
FN:45,(anonymous_4)
FN:51,(anonymous_5)
FN:57,(anonymous_6)
FN:68,(anonymous_7)
FN:73,(anonymous_8)
FNF:9
FNH:0
FNDA:0,(anonymous_0)
FNDA:0,(anonymous_1)
FNDA:0,(anonymous_2)
FNDA:0,(anonymous_3)
FNDA:0,(anonymous_4)
FNDA:0,(anonymous_5)
FNDA:0,(anonymous_6)
FNDA:0,(anonymous_7)
FNDA:0,(anonymous_8)
DA:7,0
DA:18,0
DA:23,0
DA:24,0
DA:28,0
DA:29,0
DA:32,0
DA:36,0
DA:40,0
DA:41,0
DA:46,0
DA:47,0
DA:52,0
DA:53,0
DA:58,0
DA:59,0
DA:60,0
DA:62,0
DA:69,0
DA:74,0
DA:79,0
LF:21
LH:0
BRDA:23,0,0,0
BRDA:23,0,1,0
BRDA:28,1,0,0
BRDA:28,1,1,0
BRDA:28,2,0,0
BRDA:28,2,1,0
BRDA:28,2,2,0
BRDA:40,3,0,0
BRDA:40,3,1,0
BRDA:46,4,0,0
BRDA:46,4,1,0
BRDA:52,5,0,0
BRDA:52,5,1,0
BRDA:57,6,0,0
BRDA:58,7,0,0
BRDA:58,7,1,0
BRDA:59,8,0,0
BRDA:59,8,1,0
BRF:18
BRH:0
end_of_record
TN:
SF:src/utils/performanceUtils.js
FN:14,(anonymous_0)
FN:17,(anonymous_1)
FN:30,(anonymous_2)
FN:43,(anonymous_3)
FN:46,(anonymous_4)
FN:47,(anonymous_5)
FN:49,(anonymous_6)
FN:55,(anonymous_7)
FN:64,(anonymous_8)
FN:67,(anonymous_9)
FN:68,(anonymous_10)
FN:70,(anonymous_11)
FN:76,(anonymous_12)
FN:87,(anonymous_13)
FN:100,(anonymous_14)
FN:124,(anonymous_15)
FN:127,(anonymous_16)
FN:128,(anonymous_17)
FN:132,(anonymous_18)
FN:141,(anonymous_19)
FN:145,(anonymous_20)
FN:150,(anonymous_21)
FN:157,(anonymous_22)
FN:158,(anonymous_23)
FN:171,(anonymous_24)
FN:175,(anonymous_25)
FN:181,(anonymous_26)
FN:186,(anonymous_27)
FN:198,(anonymous_28)
FN:233,(anonymous_29)
FN:235,(anonymous_30)
FN:244,(anonymous_31)
FN:256,(anonymous_32)
FN:257,(anonymous_33)
FN:266,(anonymous_34)
FN:274,(anonymous_35)
FN:275,(anonymous_36)
FN:281,(anonymous_37)
FN:288,(anonymous_38)
FN:316,(anonymous_39)
FN:319,(anonymous_40)
FN:323,(anonymous_41)
FN:324,(anonymous_42)
FN:325,(anonymous_43)
FN:340,(anonymous_44)
FN:350,(anonymous_45)
FN:353,(anonymous_46)
FN:355,(anonymous_47)
FN:366,(anonymous_48)
FN:371,(anonymous_49)
FN:385,(anonymous_50)
FN:388,(anonymous_51)
FN:407,(anonymous_52)
FN:418,(anonymous_53)
FN:435,(anonymous_54)
FN:439,(anonymous_55)
FN:445,(anonymous_56)
FN:457,(anonymous_57)
FN:464,(anonymous_58)
FN:472,(anonymous_59)
FN:482,(anonymous_60)
FN:521,(anonymous_61)
FN:548,(anonymous_62)
FN:551,(anonymous_63)
FN:555,(anonymous_64)
FN:556,(anonymous_65)
FN:566,(anonymous_66)
FN:566,(anonymous_67)
FN:577,(anonymous_68)
FN:584,(anonymous_69)
FN:603,(anonymous_70)
FNF:71
FNH:0
FNDA:0,(anonymous_0)
FNDA:0,(anonymous_1)
FNDA:0,(anonymous_2)
FNDA:0,(anonymous_3)
FNDA:0,(anonymous_4)
FNDA:0,(anonymous_5)
FNDA:0,(anonymous_6)
FNDA:0,(anonymous_7)
FNDA:0,(anonymous_8)
FNDA:0,(anonymous_9)
FNDA:0,(anonymous_10)
FNDA:0,(anonymous_11)
FNDA:0,(anonymous_12)
FNDA:0,(anonymous_13)
FNDA:0,(anonymous_14)
FNDA:0,(anonymous_15)
FNDA:0,(anonymous_16)
FNDA:0,(anonymous_17)
FNDA:0,(anonymous_18)
FNDA:0,(anonymous_19)
FNDA:0,(anonymous_20)
FNDA:0,(anonymous_21)
FNDA:0,(anonymous_22)
FNDA:0,(anonymous_23)
FNDA:0,(anonymous_24)
FNDA:0,(anonymous_25)
FNDA:0,(anonymous_26)
FNDA:0,(anonymous_27)
FNDA:0,(anonymous_28)
FNDA:0,(anonymous_29)
FNDA:0,(anonymous_30)
FNDA:0,(anonymous_31)
FNDA:0,(anonymous_32)
FNDA:0,(anonymous_33)
FNDA:0,(anonymous_34)
FNDA:0,(anonymous_35)
FNDA:0,(anonymous_36)
FNDA:0,(anonymous_37)
FNDA:0,(anonymous_38)
FNDA:0,(anonymous_39)
FNDA:0,(anonymous_40)
FNDA:0,(anonymous_41)
FNDA:0,(anonymous_42)
FNDA:0,(anonymous_43)
FNDA:0,(anonymous_44)
FNDA:0,(anonymous_45)
FNDA:0,(anonymous_46)
FNDA:0,(anonymous_47)
FNDA:0,(anonymous_48)
FNDA:0,(anonymous_49)
FNDA:0,(anonymous_50)
FNDA:0,(anonymous_51)
FNDA:0,(anonymous_52)
FNDA:0,(anonymous_53)
FNDA:0,(anonymous_54)
FNDA:0,(anonymous_55)
FNDA:0,(anonymous_56)
FNDA:0,(anonymous_57)
FNDA:0,(anonymous_58)
FNDA:0,(anonymous_59)
FNDA:0,(anonymous_60)
FNDA:0,(anonymous_61)
FNDA:0,(anonymous_62)
FNDA:0,(anonymous_63)
FNDA:0,(anonymous_64)
FNDA:0,(anonymous_65)
FNDA:0,(anonymous_66)
FNDA:0,(anonymous_67)
FNDA:0,(anonymous_68)
FNDA:0,(anonymous_69)
FNDA:0,(anonymous_70)
DA:14,0
DA:15,0
DA:17,0
DA:18,0
DA:22,0
DA:24,0
DA:30,0
DA:31,0
DA:35,0
DA:43,0
DA:44,0
DA:46,0
DA:47,0
DA:48,0
DA:49,0
DA:51,0
DA:55,0
DA:58,0
DA:64,0
DA:65,0
DA:67,0
DA:68,0
DA:69,0
DA:70,0
DA:72,0
DA:76,0
DA:79,0
DA:87,0
DA:88,0
DA:90,0
DA:91,0
DA:94,0
DA:100,0
DA:101,0
DA:102,0
DA:103,0
DA:105,0
DA:106,0
DA:108,0
DA:110,0
DA:111,0
DA:112,0
DA:116,0
DA:124,0
DA:125,0
DA:127,0
DA:128,0
DA:129,0
DA:132,0
DA:135,0
DA:141,0
DA:142,0
DA:144,0
DA:146,0
DA:147,0
DA:150,0
DA:151,0
DA:157,0
DA:158,0
DA:159,0
DA:160,0
DA:165,0
DA:171,0
DA:172,0
DA:173,0
DA:175,0
DA:176,0
DA:177,0
DA:178,0
DA:179,0
DA:181,0
DA:182,0
DA:183,0
DA:186,0
DA:190,0
DA:198,0
DA:199,0
DA:202,0
DA:203,0
DA:211,0
DA:215,0
DA:216,0
DA:224,0
DA:227,0
DA:233,0
DA:234,0
DA:235,0
DA:244,0
DA:245,0
DA:248,0
DA:250,0
DA:256,0
DA:257,0
DA:267,0
DA:268,0
DA:269,0
DA:270,0
DA:271,0
DA:275,0
DA:276,0
DA:277,0
DA:282,0
DA:283,0
DA:286,0
DA:287,0
DA:288,0
DA:289,0
DA:292,0
DA:293,0
DA:295,0
DA:297,0
DA:298,0
DA:299,0
DA:301,0
DA:303,0
DA:304,0
DA:309,0
DA:316,0
DA:317,0
DA:319,0
DA:320,0
DA:323,0
DA:324,0
DA:325,0
DA:326,0
DA:327,0
DA:330,0
DA:334,0
DA:340,0
DA:341,0
DA:342,0
DA:350,0
DA:351,0
DA:353,0
DA:354,0
DA:355,0
DA:356,0
DA:360,0
DA:366,0
DA:367,0
DA:368,0
DA:370,0
DA:372,0
DA:373,0
DA:379,0
DA:385,0
DA:386,0
DA:388,0
DA:389,0
DA:391,0
DA:395,0
DA:399,0
DA:407,0
DA:413,0
DA:414,0
DA:415,0
DA:417,0
DA:419,0
DA:421,0
DA:422,0
DA:423,0
DA:426,0
DA:427,0
DA:428,0
DA:432,0
DA:433,0
DA:434,0
DA:436,0
DA:437,0
DA:439,0
DA:445,0
DA:446,0
DA:447,0
DA:448,0
DA:451,0
DA:457,0
DA:458,0
DA:459,0
DA:460,0
DA:461,0
DA:462,0
DA:464,0
DA:465,0
DA:467,0
DA:468,0
DA:470,0
DA:471,0
DA:472,0
DA:473,0
DA:474,0
DA:476,0
DA:478,0
DA:482,0
DA:483,0
DA:484,0
DA:485,0
DA:486,0
DA:487,0
DA:489,0
DA:490,0
DA:491,0
DA:492,0
DA:493,0
DA:495,0
DA:497,0
DA:501,0
DA:506,0
DA:511,0
DA:521,0
DA:522,0
DA:524,0
DA:525,0
DA:533,0
DA:534,0
DA:537,0
DA:538,0
DA:539,0
DA:542,0
DA:548,0
DA:549,0
DA:551,0
DA:553,0
DA:554,0
DA:556,0
DA:557,0
DA:558,0
DA:559,0
DA:560,0
DA:566,0
DA:574,0
DA:578,0
DA:585,0
DA:586,0
DA:588,0
DA:589,0
DA:593,0
DA:597,0
DA:600,0
DA:604,0
DA:605,0
DA:606,0
DA:607,0
DA:608,0
DA:610,0
DA:611,0
LF:245
LH:0
BRDA:14,0,0,0
BRDA:18,1,0,0
BRDA:18,1,1,0
BRDA:43,2,0,0
BRDA:48,3,0,0
BRDA:48,3,1,0
BRDA:64,4,0,0
BRDA:64,5,0,0
BRDA:69,6,0,0
BRDA:69,6,1,0
BRDA:79,7,0,0
BRDA:79,7,1,0
BRDA:90,8,0,0
BRDA:90,8,1,0
BRDA:90,9,0,0
BRDA:90,9,1,0
BRDA:101,10,0,0
BRDA:101,10,1,0
BRDA:102,11,0,0
BRDA:102,11,1,0
BRDA:103,12,0,0
BRDA:103,12,1,0
BRDA:103,13,0,0
BRDA:103,13,1,0
BRDA:103,13,2,0
BRDA:108,14,0,0
BRDA:108,14,1,0
BRDA:111,15,0,0
BRDA:111,15,1,0
BRDA:111,16,0,0
BRDA:111,16,1,0
BRDA:146,17,0,0
BRDA:146,17,1,0
BRDA:159,18,0,0
BRDA:159,18,1,0
BRDA:177,19,0,0
BRDA:177,19,1,0
BRDA:198,20,0,0
BRDA:199,21,0,0
BRDA:199,21,1,0
BRDA:202,22,0,0
BRDA:202,22,1,0
BRDA:215,23,0,0
BRDA:215,23,1,0
BRDA:215,24,0,0
BRDA:215,24,1,0
BRDA:233,25,0,0
BRDA:266,26,0,0
BRDA:266,27,0,0
BRDA:282,28,0,0
BRDA:282,28,1,0
BRDA:282,29,0,0
BRDA:282,29,1,0
BRDA:287,30,0,0
BRDA:287,30,1,0
BRDA:326,31,0,0
BRDA:326,31,1,0
BRDA:341,32,0,0
BRDA:341,32,1,0
BRDA:372,33,0,0
BRDA:372,33,1,0
BRDA:391,34,0,0
BRDA:391,34,1,0
BRDA:391,35,0,0
BRDA:391,35,1,0
BRDA:409,36,0,0
BRDA:410,37,0,0
BRDA:419,38,0,0
BRDA:419,38,1,0
BRDA:419,39,0,0
BRDA:419,39,1,0
BRDA:426,40,0,0
BRDA:426,40,1,0
BRDA:426,41,0,0
BRDA:426,41,1,0
BRDA:432,42,0,0
BRDA:432,42,1,0
BRDA:457,43,0,0
BRDA:465,44,0,0
BRDA:465,44,1,0
BRDA:465,45,0,0
BRDA:465,45,1,0
BRDA:506,46,0,0
BRDA:506,46,1,0
BRDA:521,47,0,0
BRDA:521,48,0,0
BRDA:522,49,0,0
BRDA:522,49,1,0
BRDA:522,50,0,0
BRDA:522,50,1,0
BRDA:524,51,0,0
BRDA:524,51,1,0
BRDA:533,52,0,0
BRDA:533,52,1,0
BRDA:537,53,0,0
BRDA:537,53,1,0
BRDA:548,54,0,0
BRDA:553,55,0,0
BRDA:553,55,1,0
BRDA:580,56,0,0
BRDA:580,56,1,0
BRDA:586,57,0,0
BRDA:586,57,1,0
BRDA:593,58,0,0
BRDA:593,58,1,0
BRDA:593,59,0,0
BRDA:593,59,1,0
BRDA:593,59,2,0
BRF:108
BRH:0
end_of_record
TN:
SF:src/utils/userIdUtils.js
FN:15,(anonymous_0)
FN:27,(anonymous_1)
FN:39,(anonymous_2)
FN:50,(anonymous_3)
FN:72,(anonymous_4)
FN:93,(anonymous_5)
FN:95,(anonymous_6)
FN:108,(anonymous_7)
FNF:8
FNH:0
FNDA:0,(anonymous_0)
FNDA:0,(anonymous_1)
FNDA:0,(anonymous_2)
FNDA:0,(anonymous_3)
FNDA:0,(anonymous_4)
FNDA:0,(anonymous_5)
FNDA:0,(anonymous_6)
FNDA:0,(anonymous_7)
DA:15,0
DA:16,0
DA:17,0
DA:27,0
DA:28,0
DA:29,0
DA:39,0
DA:40,0
DA:41,0
DA:50,0
DA:51,0
DA:53,0
DA:55,0
DA:72,0
DA:73,0
DA:76,0
DA:79,0
DA:80,0
DA:84,0
DA:93,0
DA:94,0
DA:95,0
DA:96,0
DA:97,0
DA:108,0
DA:109,0
DA:110,0
DA:111,0
DA:112,0
LF:29
LH:0
BRDA:16,0,0,0
BRDA:16,0,1,0
BRDA:17,1,0,0
BRDA:17,1,1,0
BRDA:17,1,2,0
BRDA:17,1,3,0
BRDA:28,2,0,0
BRDA:28,2,1,0
BRDA:28,3,0,0
BRDA:28,3,1,0
BRDA:51,4,0,0
BRDA:51,4,1,0
BRDA:59,5,0,0
BRDA:59,5,1,0
BRDA:61,6,0,0
BRDA:61,6,1,0
BRDA:73,7,0,0
BRDA:73,7,1,0
BRDA:76,8,0,0
BRDA:76,8,1,0
BRDA:79,9,0,0
BRDA:79,9,1,0
BRDA:79,10,0,0
BRDA:79,10,1,0
BRDA:108,11,0,0
BRDA:109,12,0,0
BRDA:109,12,1,0
BRDA:110,13,0,0
BRDA:110,13,1,0
BRDA:111,14,0,0
BRDA:111,14,1,0
BRF:31
BRH:0
end_of_record
TN:
SF:src/utils/validators.js
FN:17,(anonymous_0)
FN:29,(anonymous_1)
FN:43,(anonymous_2)
FN:57,(anonymous_3)
FN:71,(anonymous_4)
FN:83,(anonymous_5)
FN:93,(anonymous_6)
FN:104,(anonymous_7)
FN:113,(anonymous_8)
FN:129,(anonymous_9)
FN:139,(anonymous_10)
FN:150,(anonymous_11)
FN:159,(anonymous_12)
FN:169,(anonymous_13)
FN:183,(anonymous_14)
FNF:15
FNH:0
FNDA:0,(anonymous_0)
FNDA:0,(anonymous_1)
FNDA:0,(anonymous_2)
FNDA:0,(anonymous_3)
FNDA:0,(anonymous_4)
FNDA:0,(anonymous_5)
FNDA:0,(anonymous_6)
FNDA:0,(anonymous_7)
FNDA:0,(anonymous_8)
FNDA:0,(anonymous_9)
FNDA:0,(anonymous_10)
FNDA:0,(anonymous_11)
FNDA:0,(anonymous_12)
FNDA:0,(anonymous_13)
FNDA:0,(anonymous_14)
DA:10,0
DA:17,0
DA:18,0
DA:19,0
DA:29,0
DA:30,0
DA:31,0
DA:32,0
DA:43,0
DA:44,0
DA:45,0
DA:46,0
DA:57,0
DA:58,0
DA:59,0
DA:60,0
DA:61,0
DA:71,0
DA:72,0
DA:73,0
DA:74,0
DA:75,0
DA:83,0
DA:84,0
DA:85,0
DA:93,0
DA:94,0
DA:95,0
DA:104,0
DA:105,0
DA:113,0
DA:114,0
DA:116,0
DA:129,0
DA:130,0
DA:131,0
DA:139,0
DA:140,0
DA:141,0
DA:142,0
DA:150,0
DA:151,0
DA:159,0
DA:160,0
DA:161,0
DA:169,0
DA:170,0
DA:171,0
DA:172,0
DA:183,0
DA:184,0
DA:186,0
DA:187,0
DA:190,0
DA:191,0
DA:194,0
DA:195,0
DA:198,0
LF:58
LH:0
BRDA:18,0,0,0
BRDA:18,0,1,0
BRDA:18,1,0,0
BRDA:18,1,1,0
BRDA:29,2,0,0
BRDA:30,3,0,0
BRDA:31,4,0,0
BRDA:31,4,1,0
BRDA:31,5,0,0
BRDA:31,5,1,0
BRDA:43,6,0,0
BRDA:44,7,0,0
BRDA:44,8,0,0
BRDA:45,9,0,0
BRDA:45,9,1,0
BRDA:45,10,0,0
BRDA:45,10,1,0
BRDA:46,11,0,0
BRDA:46,11,1,0
BRDA:57,12,0,0
BRDA:58,13,0,0
BRDA:58,14,0,0
BRDA:59,15,0,0
BRDA:59,15,1,0
BRDA:59,16,0,0
BRDA:59,16,1,0
BRDA:61,17,0,0
BRDA:61,17,1,0
BRDA:71,18,0,0
BRDA:72,19,0,0
BRDA:73,20,0,0
BRDA:73,20,1,0
BRDA:73,21,0,0
BRDA:73,21,1,0
BRDA:74,22,0,0
BRDA:74,22,1,0
BRDA:84,23,0,0
BRDA:84,23,1,0
BRDA:84,24,0,0
BRDA:84,24,1,0
BRDA:85,25,0,0
BRDA:85,25,1,0
BRDA:94,26,0,0
BRDA:94,26,1,0
BRDA:94,27,0,0
BRDA:94,27,1,0
BRDA:95,28,0,0
BRDA:95,28,1,0
BRDA:105,29,0,0
BRDA:105,29,1,0
BRDA:114,30,0,0
BRDA:114,30,1,0
BRDA:114,31,0,0
BRDA:114,31,1,0
BRDA:117,32,0,0
BRDA:117,32,1,0
BRDA:130,33,0,0
BRDA:130,33,1,0
BRDA:130,34,0,0
BRDA:130,34,1,0
BRDA:131,35,0,0
BRDA:131,35,1,0
BRDA:140,36,0,0
BRDA:140,36,1,0
BRDA:140,37,0,0
BRDA:140,37,1,0
BRDA:141,38,0,0
BRDA:141,38,1,0
BRDA:151,39,0,0
BRDA:151,39,1,0
BRDA:160,40,0,0
BRDA:160,40,1,0
BRDA:170,41,0,0
BRDA:170,41,1,0
BRDA:170,42,0,0
BRDA:170,42,1,0
BRDA:171,43,0,0
BRDA:171,43,1,0
BRDA:183,44,0,0
BRDA:184,45,0,0
BRDA:184,46,0,0
BRDA:186,47,0,0
BRDA:186,47,1,0
BRDA:186,48,0,0
BRDA:186,48,1,0
BRDA:190,49,0,0
BRDA:190,49,1,0
BRDA:190,50,0,0
BRDA:190,50,1,0
BRDA:191,51,0,0
BRDA:191,51,1,0
BRDA:194,52,0,0
BRDA:194,52,1,0
BRDA:194,53,0,0
BRDA:194,53,1,0
BRF:95
BRH:0
end_of_record
